ARM GAS  C:\Users\84759\AppData\Local\Temp\ccz0FKya.s 			page 1


   1              		.cpu cortex-m3
   2              		.arch armv7-m
   3              		.fpu softvfp
   4              		.eabi_attribute 20, 1
   5              		.eabi_attribute 21, 1
   6              		.eabi_attribute 23, 3
   7              		.eabi_attribute 24, 1
   8              		.eabi_attribute 25, 1
   9              		.eabi_attribute 26, 1
  10              		.eabi_attribute 30, 1
  11              		.eabi_attribute 34, 1
  12              		.eabi_attribute 18, 4
  13              		.file	"fsmc.c"
  14              		.text
  15              	.Ltext0:
  16              		.cfi_sections	.debug_frame
  17              		.section	.text.HAL_FSMC_MspInit,"ax",%progbits
  18              		.align	1
  19              		.syntax unified
  20              		.thumb
  21              		.thumb_func
  23              	HAL_FSMC_MspInit:
  24              	.LFB66:
  25              		.file 1 "Core/Src/fsmc.c"
   1:Core/Src/fsmc.c **** /* USER CODE BEGIN Header */
   2:Core/Src/fsmc.c **** /**
   3:Core/Src/fsmc.c ****   ******************************************************************************
   4:Core/Src/fsmc.c ****   * File Name          : FSMC.c
   5:Core/Src/fsmc.c ****   * Description        : This file provides code for the configuration
   6:Core/Src/fsmc.c ****   *                      of the FSMC peripheral.
   7:Core/Src/fsmc.c ****   ******************************************************************************
   8:Core/Src/fsmc.c ****   * @attention
   9:Core/Src/fsmc.c ****   *
  10:Core/Src/fsmc.c ****   * Copyright (c) 2026 STMicroelectronics.
  11:Core/Src/fsmc.c ****   * All rights reserved.
  12:Core/Src/fsmc.c ****   *
  13:Core/Src/fsmc.c ****   * This software is licensed under terms that can be found in the LICENSE file
  14:Core/Src/fsmc.c ****   * in the root directory of this software component.
  15:Core/Src/fsmc.c ****   * If no LICENSE file comes with this software, it is provided AS-IS.
  16:Core/Src/fsmc.c ****   *
  17:Core/Src/fsmc.c ****   ******************************************************************************
  18:Core/Src/fsmc.c ****   */
  19:Core/Src/fsmc.c **** /* USER CODE END Header */
  20:Core/Src/fsmc.c **** 
  21:Core/Src/fsmc.c **** /* Includes ------------------------------------------------------------------*/
  22:Core/Src/fsmc.c **** #include "fsmc.h"
  23:Core/Src/fsmc.c **** 
  24:Core/Src/fsmc.c **** /* USER CODE BEGIN 0 */
  25:Core/Src/fsmc.c **** 
  26:Core/Src/fsmc.c **** /* USER CODE END 0 */
  27:Core/Src/fsmc.c **** 
  28:Core/Src/fsmc.c **** SRAM_HandleTypeDef hsram1;
  29:Core/Src/fsmc.c **** 
  30:Core/Src/fsmc.c **** /* FSMC initialization function */
  31:Core/Src/fsmc.c **** void MX_FSMC_Init(void)
  32:Core/Src/fsmc.c **** {
  33:Core/Src/fsmc.c ****   /* USER CODE BEGIN FSMC_Init 0 */
ARM GAS  C:\Users\84759\AppData\Local\Temp\ccz0FKya.s 			page 2


  34:Core/Src/fsmc.c **** 
  35:Core/Src/fsmc.c ****   /* USER CODE END FSMC_Init 0 */
  36:Core/Src/fsmc.c **** 
  37:Core/Src/fsmc.c ****   FSMC_NORSRAM_TimingTypeDef Timing = {0};
  38:Core/Src/fsmc.c **** 
  39:Core/Src/fsmc.c ****   /* USER CODE BEGIN FSMC_Init 1 */
  40:Core/Src/fsmc.c **** 
  41:Core/Src/fsmc.c ****   /* USER CODE END FSMC_Init 1 */
  42:Core/Src/fsmc.c **** 
  43:Core/Src/fsmc.c ****   /** Perform the SRAM1 memory initialization sequence
  44:Core/Src/fsmc.c ****   */
  45:Core/Src/fsmc.c ****   hsram1.Instance = FSMC_NORSRAM_DEVICE;
  46:Core/Src/fsmc.c ****   hsram1.Extended = FSMC_NORSRAM_EXTENDED_DEVICE;
  47:Core/Src/fsmc.c ****   /* hsram1.Init */
  48:Core/Src/fsmc.c ****   hsram1.Init.NSBank = FSMC_NORSRAM_BANK4;
  49:Core/Src/fsmc.c ****   hsram1.Init.DataAddressMux = FSMC_DATA_ADDRESS_MUX_DISABLE;
  50:Core/Src/fsmc.c ****   hsram1.Init.MemoryType = FSMC_MEMORY_TYPE_SRAM;
  51:Core/Src/fsmc.c ****   hsram1.Init.MemoryDataWidth = FSMC_NORSRAM_MEM_BUS_WIDTH_16;
  52:Core/Src/fsmc.c ****   hsram1.Init.BurstAccessMode = FSMC_BURST_ACCESS_MODE_DISABLE;
  53:Core/Src/fsmc.c ****   hsram1.Init.WaitSignalPolarity = FSMC_WAIT_SIGNAL_POLARITY_LOW;
  54:Core/Src/fsmc.c ****   hsram1.Init.WrapMode = FSMC_WRAP_MODE_DISABLE;
  55:Core/Src/fsmc.c ****   hsram1.Init.WaitSignalActive = FSMC_WAIT_TIMING_BEFORE_WS;
  56:Core/Src/fsmc.c ****   hsram1.Init.WriteOperation = FSMC_WRITE_OPERATION_ENABLE;
  57:Core/Src/fsmc.c ****   hsram1.Init.WaitSignal = FSMC_WAIT_SIGNAL_DISABLE;
  58:Core/Src/fsmc.c ****   hsram1.Init.ExtendedMode = FSMC_EXTENDED_MODE_DISABLE;
  59:Core/Src/fsmc.c ****   hsram1.Init.AsynchronousWait = FSMC_ASYNCHRONOUS_WAIT_DISABLE;
  60:Core/Src/fsmc.c ****   hsram1.Init.WriteBurst = FSMC_WRITE_BURST_DISABLE;
  61:Core/Src/fsmc.c ****   /* Timing */
  62:Core/Src/fsmc.c ****   Timing.AddressSetupTime = 1;
  63:Core/Src/fsmc.c ****   Timing.AddressHoldTime = 15;
  64:Core/Src/fsmc.c ****   Timing.DataSetupTime = 10;
  65:Core/Src/fsmc.c ****   Timing.BusTurnAroundDuration = 0;
  66:Core/Src/fsmc.c ****   Timing.CLKDivision = 16;
  67:Core/Src/fsmc.c ****   Timing.DataLatency = 17;
  68:Core/Src/fsmc.c ****   Timing.AccessMode = FSMC_ACCESS_MODE_A;
  69:Core/Src/fsmc.c ****   /* ExtTiming */
  70:Core/Src/fsmc.c **** 
  71:Core/Src/fsmc.c ****   if (HAL_SRAM_Init(&hsram1, &Timing, NULL) != HAL_OK)
  72:Core/Src/fsmc.c ****   {
  73:Core/Src/fsmc.c ****     Error_Handler( );
  74:Core/Src/fsmc.c ****   }
  75:Core/Src/fsmc.c **** 
  76:Core/Src/fsmc.c ****   /** Disconnect NADV
  77:Core/Src/fsmc.c ****   */
  78:Core/Src/fsmc.c **** 
  79:Core/Src/fsmc.c ****   __HAL_AFIO_FSMCNADV_DISCONNECTED();
  80:Core/Src/fsmc.c **** 
  81:Core/Src/fsmc.c ****   /* USER CODE BEGIN FSMC_Init 2 */
  82:Core/Src/fsmc.c **** 
  83:Core/Src/fsmc.c ****   /* USER CODE END FSMC_Init 2 */
  84:Core/Src/fsmc.c **** }
  85:Core/Src/fsmc.c **** 
  86:Core/Src/fsmc.c **** static uint32_t FSMC_Initialized = 0;
  87:Core/Src/fsmc.c **** 
  88:Core/Src/fsmc.c **** static void HAL_FSMC_MspInit(void){
  26              		.loc 1 88 35 view -0
  27              		.cfi_startproc
ARM GAS  C:\Users\84759\AppData\Local\Temp\ccz0FKya.s 			page 3


  28              		@ args = 0, pretend = 0, frame = 24
  29              		@ frame_needed = 0, uses_anonymous_args = 0
  30 0000 30B5     		push	{r4, r5, lr}
  31              	.LCFI0:
  32              		.cfi_def_cfa_offset 12
  33              		.cfi_offset 4, -12
  34              		.cfi_offset 5, -8
  35              		.cfi_offset 14, -4
  36 0002 87B0     		sub	sp, sp, #28
  37              	.LCFI1:
  38              		.cfi_def_cfa_offset 40
  89:Core/Src/fsmc.c ****   /* USER CODE BEGIN FSMC_MspInit 0 */
  90:Core/Src/fsmc.c **** 
  91:Core/Src/fsmc.c ****   /* USER CODE END FSMC_MspInit 0 */
  92:Core/Src/fsmc.c ****   GPIO_InitTypeDef GPIO_InitStruct = {0};
  39              		.loc 1 92 3 view .LVU1
  40              		.loc 1 92 20 is_stmt 0 view .LVU2
  41 0004 0023     		movs	r3, #0
  42 0006 0293     		str	r3, [sp, #8]
  43 0008 0393     		str	r3, [sp, #12]
  44 000a 0493     		str	r3, [sp, #16]
  45 000c 0593     		str	r3, [sp, #20]
  93:Core/Src/fsmc.c ****   if (FSMC_Initialized) {
  46              		.loc 1 93 3 is_stmt 1 view .LVU3
  47              		.loc 1 93 7 is_stmt 0 view .LVU4
  48 000e 184B     		ldr	r3, .L6
  49 0010 1B68     		ldr	r3, [r3]
  50              		.loc 1 93 6 view .LVU5
  51 0012 0BB1     		cbz	r3, .L5
  52              	.L1:
  94:Core/Src/fsmc.c ****     return;
  95:Core/Src/fsmc.c ****   }
  96:Core/Src/fsmc.c ****   FSMC_Initialized = 1;
  97:Core/Src/fsmc.c **** 
  98:Core/Src/fsmc.c ****   /* Peripheral clock enable */
  99:Core/Src/fsmc.c ****   __HAL_RCC_FSMC_CLK_ENABLE();
 100:Core/Src/fsmc.c **** 
 101:Core/Src/fsmc.c ****   /** FSMC GPIO Configuration
 102:Core/Src/fsmc.c ****   PE2   ------> FSMC_A23
 103:Core/Src/fsmc.c ****   PE7   ------> FSMC_D4
 104:Core/Src/fsmc.c ****   PE8   ------> FSMC_D5
 105:Core/Src/fsmc.c ****   PE9   ------> FSMC_D6
 106:Core/Src/fsmc.c ****   PE10   ------> FSMC_D7
 107:Core/Src/fsmc.c ****   PE11   ------> FSMC_D8
 108:Core/Src/fsmc.c ****   PE12   ------> FSMC_D9
 109:Core/Src/fsmc.c ****   PE13   ------> FSMC_D10
 110:Core/Src/fsmc.c ****   PE14   ------> FSMC_D11
 111:Core/Src/fsmc.c ****   PE15   ------> FSMC_D12
 112:Core/Src/fsmc.c ****   PD8   ------> FSMC_D13
 113:Core/Src/fsmc.c ****   PD9   ------> FSMC_D14
 114:Core/Src/fsmc.c ****   PD10   ------> FSMC_D15
 115:Core/Src/fsmc.c ****   PD14   ------> FSMC_D0
 116:Core/Src/fsmc.c ****   PD15   ------> FSMC_D1
 117:Core/Src/fsmc.c ****   PD0   ------> FSMC_D2
 118:Core/Src/fsmc.c ****   PD1   ------> FSMC_D3
 119:Core/Src/fsmc.c ****   PD4   ------> FSMC_NOE
 120:Core/Src/fsmc.c ****   PD5   ------> FSMC_NWE
ARM GAS  C:\Users\84759\AppData\Local\Temp\ccz0FKya.s 			page 4


 121:Core/Src/fsmc.c ****   PG12   ------> FSMC_NE4
 122:Core/Src/fsmc.c ****   */
 123:Core/Src/fsmc.c ****   /* GPIO_InitStruct */
 124:Core/Src/fsmc.c ****   GPIO_InitStruct.Pin = GPIO_PIN_2|GPIO_PIN_7|GPIO_PIN_8|GPIO_PIN_9
 125:Core/Src/fsmc.c ****                           |GPIO_PIN_10|GPIO_PIN_11|GPIO_PIN_12|GPIO_PIN_13
 126:Core/Src/fsmc.c ****                           |GPIO_PIN_14|GPIO_PIN_15;
 127:Core/Src/fsmc.c ****   GPIO_InitStruct.Mode = GPIO_MODE_AF_PP;
 128:Core/Src/fsmc.c ****   GPIO_InitStruct.Speed = GPIO_SPEED_FREQ_HIGH;
 129:Core/Src/fsmc.c **** 
 130:Core/Src/fsmc.c ****   HAL_GPIO_Init(GPIOE, &GPIO_InitStruct);
 131:Core/Src/fsmc.c **** 
 132:Core/Src/fsmc.c ****   /* GPIO_InitStruct */
 133:Core/Src/fsmc.c ****   GPIO_InitStruct.Pin = GPIO_PIN_8|GPIO_PIN_9|GPIO_PIN_10|GPIO_PIN_14
 134:Core/Src/fsmc.c ****                           |GPIO_PIN_15|GPIO_PIN_0|GPIO_PIN_1|GPIO_PIN_4
 135:Core/Src/fsmc.c ****                           |GPIO_PIN_5;
 136:Core/Src/fsmc.c ****   GPIO_InitStruct.Mode = GPIO_MODE_AF_PP;
 137:Core/Src/fsmc.c ****   GPIO_InitStruct.Speed = GPIO_SPEED_FREQ_HIGH;
 138:Core/Src/fsmc.c **** 
 139:Core/Src/fsmc.c ****   HAL_GPIO_Init(GPIOD, &GPIO_InitStruct);
 140:Core/Src/fsmc.c **** 
 141:Core/Src/fsmc.c ****   /* GPIO_InitStruct */
 142:Core/Src/fsmc.c ****   GPIO_InitStruct.Pin = GPIO_PIN_12;
 143:Core/Src/fsmc.c ****   GPIO_InitStruct.Mode = GPIO_MODE_AF_PP;
 144:Core/Src/fsmc.c ****   GPIO_InitStruct.Speed = GPIO_SPEED_FREQ_HIGH;
 145:Core/Src/fsmc.c **** 
 146:Core/Src/fsmc.c ****   HAL_GPIO_Init(GPIOG, &GPIO_InitStruct);
 147:Core/Src/fsmc.c **** 
 148:Core/Src/fsmc.c ****   /* USER CODE BEGIN FSMC_MspInit 1 */
 149:Core/Src/fsmc.c **** 
 150:Core/Src/fsmc.c ****   /* USER CODE END FSMC_MspInit 1 */
 151:Core/Src/fsmc.c **** }
  53              		.loc 1 151 1 view .LVU6
  54 0014 07B0     		add	sp, sp, #28
  55              	.LCFI2:
  56              		.cfi_remember_state
  57              		.cfi_def_cfa_offset 12
  58              		@ sp needed
  59 0016 30BD     		pop	{r4, r5, pc}
  60              	.L5:
  61              	.LCFI3:
  62              		.cfi_restore_state
  96:Core/Src/fsmc.c **** 
  63              		.loc 1 96 3 is_stmt 1 view .LVU7
  96:Core/Src/fsmc.c **** 
  64              		.loc 1 96 20 is_stmt 0 view .LVU8
  65 0018 154B     		ldr	r3, .L6
  66 001a 0122     		movs	r2, #1
  67 001c 1A60     		str	r2, [r3]
  99:Core/Src/fsmc.c **** 
  68              		.loc 1 99 3 is_stmt 1 view .LVU9
  69              	.LBB2:
  99:Core/Src/fsmc.c **** 
  70              		.loc 1 99 3 view .LVU10
  99:Core/Src/fsmc.c **** 
  71              		.loc 1 99 3 view .LVU11
  72 001e 154B     		ldr	r3, .L6+4
  73 0020 5A69     		ldr	r2, [r3, #20]
ARM GAS  C:\Users\84759\AppData\Local\Temp\ccz0FKya.s 			page 5


  74 0022 42F48072 		orr	r2, r2, #256
  75 0026 5A61     		str	r2, [r3, #20]
  99:Core/Src/fsmc.c **** 
  76              		.loc 1 99 3 view .LVU12
  77 0028 5B69     		ldr	r3, [r3, #20]
  78 002a 03F48073 		and	r3, r3, #256
  79 002e 0193     		str	r3, [sp, #4]
  99:Core/Src/fsmc.c **** 
  80              		.loc 1 99 3 view .LVU13
  81 0030 019B     		ldr	r3, [sp, #4]
  82              	.LBE2:
  99:Core/Src/fsmc.c **** 
  83              		.loc 1 99 3 view .LVU14
 124:Core/Src/fsmc.c ****                           |GPIO_PIN_10|GPIO_PIN_11|GPIO_PIN_12|GPIO_PIN_13
  84              		.loc 1 124 3 view .LVU15
 124:Core/Src/fsmc.c ****                           |GPIO_PIN_10|GPIO_PIN_11|GPIO_PIN_12|GPIO_PIN_13
  85              		.loc 1 124 23 is_stmt 0 view .LVU16
  86 0032 4FF68473 		movw	r3, #65412
  87 0036 0293     		str	r3, [sp, #8]
 127:Core/Src/fsmc.c ****   GPIO_InitStruct.Speed = GPIO_SPEED_FREQ_HIGH;
  88              		.loc 1 127 3 is_stmt 1 view .LVU17
 127:Core/Src/fsmc.c ****   GPIO_InitStruct.Speed = GPIO_SPEED_FREQ_HIGH;
  89              		.loc 1 127 24 is_stmt 0 view .LVU18
  90 0038 0225     		movs	r5, #2
  91 003a 0395     		str	r5, [sp, #12]
 128:Core/Src/fsmc.c **** 
  92              		.loc 1 128 3 is_stmt 1 view .LVU19
 128:Core/Src/fsmc.c **** 
  93              		.loc 1 128 25 is_stmt 0 view .LVU20
  94 003c 0324     		movs	r4, #3
  95 003e 0594     		str	r4, [sp, #20]
 130:Core/Src/fsmc.c **** 
  96              		.loc 1 130 3 is_stmt 1 view .LVU21
  97 0040 02A9     		add	r1, sp, #8
  98 0042 0D48     		ldr	r0, .L6+8
  99 0044 FFF7FEFF 		bl	HAL_GPIO_Init
 100              	.LVL0:
 133:Core/Src/fsmc.c ****                           |GPIO_PIN_15|GPIO_PIN_0|GPIO_PIN_1|GPIO_PIN_4
 101              		.loc 1 133 3 view .LVU22
 133:Core/Src/fsmc.c ****                           |GPIO_PIN_15|GPIO_PIN_0|GPIO_PIN_1|GPIO_PIN_4
 102              		.loc 1 133 23 is_stmt 0 view .LVU23
 103 0048 4CF23373 		movw	r3, #50995
 104 004c 0293     		str	r3, [sp, #8]
 136:Core/Src/fsmc.c ****   GPIO_InitStruct.Speed = GPIO_SPEED_FREQ_HIGH;
 105              		.loc 1 136 3 is_stmt 1 view .LVU24
 136:Core/Src/fsmc.c ****   GPIO_InitStruct.Speed = GPIO_SPEED_FREQ_HIGH;
 106              		.loc 1 136 24 is_stmt 0 view .LVU25
 107 004e 0395     		str	r5, [sp, #12]
 137:Core/Src/fsmc.c **** 
 108              		.loc 1 137 3 is_stmt 1 view .LVU26
 137:Core/Src/fsmc.c **** 
 109              		.loc 1 137 25 is_stmt 0 view .LVU27
 110 0050 0594     		str	r4, [sp, #20]
 139:Core/Src/fsmc.c **** 
 111              		.loc 1 139 3 is_stmt 1 view .LVU28
 112 0052 02A9     		add	r1, sp, #8
 113 0054 0948     		ldr	r0, .L6+12
ARM GAS  C:\Users\84759\AppData\Local\Temp\ccz0FKya.s 			page 6


 114 0056 FFF7FEFF 		bl	HAL_GPIO_Init
 115              	.LVL1:
 142:Core/Src/fsmc.c ****   GPIO_InitStruct.Mode = GPIO_MODE_AF_PP;
 116              		.loc 1 142 3 view .LVU29
 142:Core/Src/fsmc.c ****   GPIO_InitStruct.Mode = GPIO_MODE_AF_PP;
 117              		.loc 1 142 23 is_stmt 0 view .LVU30
 118 005a 4FF48053 		mov	r3, #4096
 119 005e 0293     		str	r3, [sp, #8]
 143:Core/Src/fsmc.c ****   GPIO_InitStruct.Speed = GPIO_SPEED_FREQ_HIGH;
 120              		.loc 1 143 3 is_stmt 1 view .LVU31
 143:Core/Src/fsmc.c ****   GPIO_InitStruct.Speed = GPIO_SPEED_FREQ_HIGH;
 121              		.loc 1 143 24 is_stmt 0 view .LVU32
 122 0060 0395     		str	r5, [sp, #12]
 144:Core/Src/fsmc.c **** 
 123              		.loc 1 144 3 is_stmt 1 view .LVU33
 144:Core/Src/fsmc.c **** 
 124              		.loc 1 144 25 is_stmt 0 view .LVU34
 125 0062 0594     		str	r4, [sp, #20]
 146:Core/Src/fsmc.c **** 
 126              		.loc 1 146 3 is_stmt 1 view .LVU35
 127 0064 02A9     		add	r1, sp, #8
 128 0066 0648     		ldr	r0, .L6+16
 129 0068 FFF7FEFF 		bl	HAL_GPIO_Init
 130              	.LVL2:
 131 006c D2E7     		b	.L1
 132              	.L7:
 133 006e 00BF     		.align	2
 134              	.L6:
 135 0070 00000000 		.word	.LANCHOR0
 136 0074 00100240 		.word	1073876992
 137 0078 00180140 		.word	1073813504
 138 007c 00140140 		.word	1073812480
 139 0080 00200140 		.word	1073815552
 140              		.cfi_endproc
 141              	.LFE66:
 143              		.section	.text.HAL_FSMC_MspDeInit,"ax",%progbits
 144              		.align	1
 145              		.syntax unified
 146              		.thumb
 147              		.thumb_func
 149              	HAL_FSMC_MspDeInit:
 150              	.LFB68:
 152:Core/Src/fsmc.c **** 
 153:Core/Src/fsmc.c **** void HAL_SRAM_MspInit(SRAM_HandleTypeDef* sramHandle){
 154:Core/Src/fsmc.c ****   /* USER CODE BEGIN SRAM_MspInit 0 */
 155:Core/Src/fsmc.c **** 
 156:Core/Src/fsmc.c ****   /* USER CODE END SRAM_MspInit 0 */
 157:Core/Src/fsmc.c ****   HAL_FSMC_MspInit();
 158:Core/Src/fsmc.c ****   /* USER CODE BEGIN SRAM_MspInit 1 */
 159:Core/Src/fsmc.c **** 
 160:Core/Src/fsmc.c ****   /* USER CODE END SRAM_MspInit 1 */
 161:Core/Src/fsmc.c **** }
 162:Core/Src/fsmc.c **** 
 163:Core/Src/fsmc.c **** static uint32_t FSMC_DeInitialized = 0;
 164:Core/Src/fsmc.c **** 
 165:Core/Src/fsmc.c **** static void HAL_FSMC_MspDeInit(void){
 151              		.loc 1 165 37 view -0
ARM GAS  C:\Users\84759\AppData\Local\Temp\ccz0FKya.s 			page 7


 152              		.cfi_startproc
 153              		@ args = 0, pretend = 0, frame = 0
 154              		@ frame_needed = 0, uses_anonymous_args = 0
 155 0000 08B5     		push	{r3, lr}
 156              	.LCFI4:
 157              		.cfi_def_cfa_offset 8
 158              		.cfi_offset 3, -8
 159              		.cfi_offset 14, -4
 166:Core/Src/fsmc.c ****   /* USER CODE BEGIN FSMC_MspDeInit 0 */
 167:Core/Src/fsmc.c **** 
 168:Core/Src/fsmc.c ****   /* USER CODE END FSMC_MspDeInit 0 */
 169:Core/Src/fsmc.c ****   if (FSMC_DeInitialized) {
 160              		.loc 1 169 3 view .LVU37
 161              		.loc 1 169 7 is_stmt 0 view .LVU38
 162 0002 0E4B     		ldr	r3, .L12
 163 0004 1B68     		ldr	r3, [r3]
 164              		.loc 1 169 6 view .LVU39
 165 0006 03B1     		cbz	r3, .L11
 166              	.L8:
 170:Core/Src/fsmc.c ****     return;
 171:Core/Src/fsmc.c ****   }
 172:Core/Src/fsmc.c ****   FSMC_DeInitialized = 1;
 173:Core/Src/fsmc.c ****   /* Peripheral clock enable */
 174:Core/Src/fsmc.c ****   __HAL_RCC_FSMC_CLK_DISABLE();
 175:Core/Src/fsmc.c **** 
 176:Core/Src/fsmc.c ****   /** FSMC GPIO Configuration
 177:Core/Src/fsmc.c ****   PE2   ------> FSMC_A23
 178:Core/Src/fsmc.c ****   PE7   ------> FSMC_D4
 179:Core/Src/fsmc.c ****   PE8   ------> FSMC_D5
 180:Core/Src/fsmc.c ****   PE9   ------> FSMC_D6
 181:Core/Src/fsmc.c ****   PE10   ------> FSMC_D7
 182:Core/Src/fsmc.c ****   PE11   ------> FSMC_D8
 183:Core/Src/fsmc.c ****   PE12   ------> FSMC_D9
 184:Core/Src/fsmc.c ****   PE13   ------> FSMC_D10
 185:Core/Src/fsmc.c ****   PE14   ------> FSMC_D11
 186:Core/Src/fsmc.c ****   PE15   ------> FSMC_D12
 187:Core/Src/fsmc.c ****   PD8   ------> FSMC_D13
 188:Core/Src/fsmc.c ****   PD9   ------> FSMC_D14
 189:Core/Src/fsmc.c ****   PD10   ------> FSMC_D15
 190:Core/Src/fsmc.c ****   PD14   ------> FSMC_D0
 191:Core/Src/fsmc.c ****   PD15   ------> FSMC_D1
 192:Core/Src/fsmc.c ****   PD0   ------> FSMC_D2
 193:Core/Src/fsmc.c ****   PD1   ------> FSMC_D3
 194:Core/Src/fsmc.c ****   PD4   ------> FSMC_NOE
 195:Core/Src/fsmc.c ****   PD5   ------> FSMC_NWE
 196:Core/Src/fsmc.c ****   PG12   ------> FSMC_NE4
 197:Core/Src/fsmc.c ****   */
 198:Core/Src/fsmc.c **** 
 199:Core/Src/fsmc.c ****   HAL_GPIO_DeInit(GPIOE, GPIO_PIN_2|GPIO_PIN_7|GPIO_PIN_8|GPIO_PIN_9
 200:Core/Src/fsmc.c ****                           |GPIO_PIN_10|GPIO_PIN_11|GPIO_PIN_12|GPIO_PIN_13
 201:Core/Src/fsmc.c ****                           |GPIO_PIN_14|GPIO_PIN_15);
 202:Core/Src/fsmc.c **** 
 203:Core/Src/fsmc.c ****   HAL_GPIO_DeInit(GPIOD, GPIO_PIN_8|GPIO_PIN_9|GPIO_PIN_10|GPIO_PIN_14
 204:Core/Src/fsmc.c ****                           |GPIO_PIN_15|GPIO_PIN_0|GPIO_PIN_1|GPIO_PIN_4
 205:Core/Src/fsmc.c ****                           |GPIO_PIN_5);
 206:Core/Src/fsmc.c **** 
 207:Core/Src/fsmc.c ****   HAL_GPIO_DeInit(GPIOG, GPIO_PIN_12);
ARM GAS  C:\Users\84759\AppData\Local\Temp\ccz0FKya.s 			page 8


 208:Core/Src/fsmc.c **** 
 209:Core/Src/fsmc.c ****   /* USER CODE BEGIN FSMC_MspDeInit 1 */
 210:Core/Src/fsmc.c **** 
 211:Core/Src/fsmc.c ****   /* USER CODE END FSMC_MspDeInit 1 */
 212:Core/Src/fsmc.c **** }
 167              		.loc 1 212 1 view .LVU40
 168 0008 08BD     		pop	{r3, pc}
 169              	.L11:
 172:Core/Src/fsmc.c ****   /* Peripheral clock enable */
 170              		.loc 1 172 3 is_stmt 1 view .LVU41
 172:Core/Src/fsmc.c ****   /* Peripheral clock enable */
 171              		.loc 1 172 22 is_stmt 0 view .LVU42
 172 000a 0C4B     		ldr	r3, .L12
 173 000c 0122     		movs	r2, #1
 174 000e 1A60     		str	r2, [r3]
 174:Core/Src/fsmc.c **** 
 175              		.loc 1 174 3 is_stmt 1 view .LVU43
 176 0010 0B4A     		ldr	r2, .L12+4
 177 0012 5369     		ldr	r3, [r2, #20]
 178 0014 23F48073 		bic	r3, r3, #256
 179 0018 5361     		str	r3, [r2, #20]
 199:Core/Src/fsmc.c ****                           |GPIO_PIN_10|GPIO_PIN_11|GPIO_PIN_12|GPIO_PIN_13
 180              		.loc 1 199 3 view .LVU44
 181 001a 4FF68471 		movw	r1, #65412
 182 001e 0948     		ldr	r0, .L12+8
 183 0020 FFF7FEFF 		bl	HAL_GPIO_DeInit
 184              	.LVL3:
 203:Core/Src/fsmc.c ****                           |GPIO_PIN_15|GPIO_PIN_0|GPIO_PIN_1|GPIO_PIN_4
 185              		.loc 1 203 3 view .LVU45
 186 0024 4CF23371 		movw	r1, #50995
 187 0028 0748     		ldr	r0, .L12+12
 188 002a FFF7FEFF 		bl	HAL_GPIO_DeInit
 189              	.LVL4:
 207:Core/Src/fsmc.c **** 
 190              		.loc 1 207 3 view .LVU46
 191 002e 4FF48051 		mov	r1, #4096
 192 0032 0648     		ldr	r0, .L12+16
 193 0034 FFF7FEFF 		bl	HAL_GPIO_DeInit
 194              	.LVL5:
 195 0038 E6E7     		b	.L8
 196              	.L13:
 197 003a 00BF     		.align	2
 198              	.L12:
 199 003c 00000000 		.word	.LANCHOR1
 200 0040 00100240 		.word	1073876992
 201 0044 00180140 		.word	1073813504
 202 0048 00140140 		.word	1073812480
 203 004c 00200140 		.word	1073815552
 204              		.cfi_endproc
 205              	.LFE68:
 207              		.section	.text.MX_FSMC_Init,"ax",%progbits
 208              		.align	1
 209              		.global	MX_FSMC_Init
 210              		.syntax unified
 211              		.thumb
 212              		.thumb_func
 214              	MX_FSMC_Init:
ARM GAS  C:\Users\84759\AppData\Local\Temp\ccz0FKya.s 			page 9


 215              	.LFB65:
  32:Core/Src/fsmc.c ****   /* USER CODE BEGIN FSMC_Init 0 */
 216              		.loc 1 32 1 view -0
 217              		.cfi_startproc
 218              		@ args = 0, pretend = 0, frame = 32
 219              		@ frame_needed = 0, uses_anonymous_args = 0
 220 0000 00B5     		push	{lr}
 221              	.LCFI5:
 222              		.cfi_def_cfa_offset 4
 223              		.cfi_offset 14, -4
 224 0002 89B0     		sub	sp, sp, #36
 225              	.LCFI6:
 226              		.cfi_def_cfa_offset 40
  37:Core/Src/fsmc.c **** 
 227              		.loc 1 37 3 view .LVU48
  37:Core/Src/fsmc.c **** 
 228              		.loc 1 37 30 is_stmt 0 view .LVU49
 229 0004 0022     		movs	r2, #0
 230 0006 0192     		str	r2, [sp, #4]
 231 0008 0292     		str	r2, [sp, #8]
 232 000a 0392     		str	r2, [sp, #12]
 233 000c 0492     		str	r2, [sp, #16]
 234 000e 0592     		str	r2, [sp, #20]
 235 0010 0692     		str	r2, [sp, #24]
 236 0012 0792     		str	r2, [sp, #28]
  45:Core/Src/fsmc.c ****   hsram1.Extended = FSMC_NORSRAM_EXTENDED_DEVICE;
 237              		.loc 1 45 3 is_stmt 1 view .LVU50
  45:Core/Src/fsmc.c ****   hsram1.Extended = FSMC_NORSRAM_EXTENDED_DEVICE;
 238              		.loc 1 45 19 is_stmt 0 view .LVU51
 239 0014 1748     		ldr	r0, .L18
 240 0016 4FF02043 		mov	r3, #-1610612736
 241 001a 0360     		str	r3, [r0]
  46:Core/Src/fsmc.c ****   /* hsram1.Init */
 242              		.loc 1 46 3 is_stmt 1 view .LVU52
  46:Core/Src/fsmc.c ****   /* hsram1.Init */
 243              		.loc 1 46 19 is_stmt 0 view .LVU53
 244 001c 03F58273 		add	r3, r3, #260
 245 0020 4360     		str	r3, [r0, #4]
  48:Core/Src/fsmc.c ****   hsram1.Init.DataAddressMux = FSMC_DATA_ADDRESS_MUX_DISABLE;
 246              		.loc 1 48 3 is_stmt 1 view .LVU54
  48:Core/Src/fsmc.c ****   hsram1.Init.DataAddressMux = FSMC_DATA_ADDRESS_MUX_DISABLE;
 247              		.loc 1 48 22 is_stmt 0 view .LVU55
 248 0022 0623     		movs	r3, #6
 249 0024 8360     		str	r3, [r0, #8]
  49:Core/Src/fsmc.c ****   hsram1.Init.MemoryType = FSMC_MEMORY_TYPE_SRAM;
 250              		.loc 1 49 3 is_stmt 1 view .LVU56
  49:Core/Src/fsmc.c ****   hsram1.Init.MemoryType = FSMC_MEMORY_TYPE_SRAM;
 251              		.loc 1 49 30 is_stmt 0 view .LVU57
 252 0026 C260     		str	r2, [r0, #12]
  50:Core/Src/fsmc.c ****   hsram1.Init.MemoryDataWidth = FSMC_NORSRAM_MEM_BUS_WIDTH_16;
 253              		.loc 1 50 3 is_stmt 1 view .LVU58
  50:Core/Src/fsmc.c ****   hsram1.Init.MemoryDataWidth = FSMC_NORSRAM_MEM_BUS_WIDTH_16;
 254              		.loc 1 50 26 is_stmt 0 view .LVU59
 255 0028 0261     		str	r2, [r0, #16]
  51:Core/Src/fsmc.c ****   hsram1.Init.BurstAccessMode = FSMC_BURST_ACCESS_MODE_DISABLE;
 256              		.loc 1 51 3 is_stmt 1 view .LVU60
  51:Core/Src/fsmc.c ****   hsram1.Init.BurstAccessMode = FSMC_BURST_ACCESS_MODE_DISABLE;
ARM GAS  C:\Users\84759\AppData\Local\Temp\ccz0FKya.s 			page 10


 257              		.loc 1 51 31 is_stmt 0 view .LVU61
 258 002a 1023     		movs	r3, #16
 259 002c 4361     		str	r3, [r0, #20]
  52:Core/Src/fsmc.c ****   hsram1.Init.WaitSignalPolarity = FSMC_WAIT_SIGNAL_POLARITY_LOW;
 260              		.loc 1 52 3 is_stmt 1 view .LVU62
  52:Core/Src/fsmc.c ****   hsram1.Init.WaitSignalPolarity = FSMC_WAIT_SIGNAL_POLARITY_LOW;
 261              		.loc 1 52 31 is_stmt 0 view .LVU63
 262 002e 8261     		str	r2, [r0, #24]
  53:Core/Src/fsmc.c ****   hsram1.Init.WrapMode = FSMC_WRAP_MODE_DISABLE;
 263              		.loc 1 53 3 is_stmt 1 view .LVU64
  53:Core/Src/fsmc.c ****   hsram1.Init.WrapMode = FSMC_WRAP_MODE_DISABLE;
 264              		.loc 1 53 34 is_stmt 0 view .LVU65
 265 0030 C261     		str	r2, [r0, #28]
  54:Core/Src/fsmc.c ****   hsram1.Init.WaitSignalActive = FSMC_WAIT_TIMING_BEFORE_WS;
 266              		.loc 1 54 3 is_stmt 1 view .LVU66
  54:Core/Src/fsmc.c ****   hsram1.Init.WaitSignalActive = FSMC_WAIT_TIMING_BEFORE_WS;
 267              		.loc 1 54 24 is_stmt 0 view .LVU67
 268 0032 0262     		str	r2, [r0, #32]
  55:Core/Src/fsmc.c ****   hsram1.Init.WriteOperation = FSMC_WRITE_OPERATION_ENABLE;
 269              		.loc 1 55 3 is_stmt 1 view .LVU68
  55:Core/Src/fsmc.c ****   hsram1.Init.WriteOperation = FSMC_WRITE_OPERATION_ENABLE;
 270              		.loc 1 55 32 is_stmt 0 view .LVU69
 271 0034 4262     		str	r2, [r0, #36]
  56:Core/Src/fsmc.c ****   hsram1.Init.WaitSignal = FSMC_WAIT_SIGNAL_DISABLE;
 272              		.loc 1 56 3 is_stmt 1 view .LVU70
  56:Core/Src/fsmc.c ****   hsram1.Init.WaitSignal = FSMC_WAIT_SIGNAL_DISABLE;
 273              		.loc 1 56 30 is_stmt 0 view .LVU71
 274 0036 4FF48051 		mov	r1, #4096
 275 003a 8162     		str	r1, [r0, #40]
  57:Core/Src/fsmc.c ****   hsram1.Init.ExtendedMode = FSMC_EXTENDED_MODE_DISABLE;
 276              		.loc 1 57 3 is_stmt 1 view .LVU72
  57:Core/Src/fsmc.c ****   hsram1.Init.ExtendedMode = FSMC_EXTENDED_MODE_DISABLE;
 277              		.loc 1 57 26 is_stmt 0 view .LVU73
 278 003c C262     		str	r2, [r0, #44]
  58:Core/Src/fsmc.c ****   hsram1.Init.AsynchronousWait = FSMC_ASYNCHRONOUS_WAIT_DISABLE;
 279              		.loc 1 58 3 is_stmt 1 view .LVU74
  58:Core/Src/fsmc.c ****   hsram1.Init.AsynchronousWait = FSMC_ASYNCHRONOUS_WAIT_DISABLE;
 280              		.loc 1 58 28 is_stmt 0 view .LVU75
 281 003e 0263     		str	r2, [r0, #48]
  59:Core/Src/fsmc.c ****   hsram1.Init.WriteBurst = FSMC_WRITE_BURST_DISABLE;
 282              		.loc 1 59 3 is_stmt 1 view .LVU76
  59:Core/Src/fsmc.c ****   hsram1.Init.WriteBurst = FSMC_WRITE_BURST_DISABLE;
 283              		.loc 1 59 32 is_stmt 0 view .LVU77
 284 0040 4263     		str	r2, [r0, #52]
  60:Core/Src/fsmc.c ****   /* Timing */
 285              		.loc 1 60 3 is_stmt 1 view .LVU78
  60:Core/Src/fsmc.c ****   /* Timing */
 286              		.loc 1 60 26 is_stmt 0 view .LVU79
 287 0042 8263     		str	r2, [r0, #56]
  62:Core/Src/fsmc.c ****   Timing.AddressHoldTime = 15;
 288              		.loc 1 62 3 is_stmt 1 view .LVU80
  62:Core/Src/fsmc.c ****   Timing.AddressHoldTime = 15;
 289              		.loc 1 62 27 is_stmt 0 view .LVU81
 290 0044 0121     		movs	r1, #1
 291 0046 0191     		str	r1, [sp, #4]
  63:Core/Src/fsmc.c ****   Timing.DataSetupTime = 10;
 292              		.loc 1 63 3 is_stmt 1 view .LVU82
ARM GAS  C:\Users\84759\AppData\Local\Temp\ccz0FKya.s 			page 11


  63:Core/Src/fsmc.c ****   Timing.DataSetupTime = 10;
 293              		.loc 1 63 26 is_stmt 0 view .LVU83
 294 0048 0F21     		movs	r1, #15
 295 004a 0291     		str	r1, [sp, #8]
  64:Core/Src/fsmc.c ****   Timing.BusTurnAroundDuration = 0;
 296              		.loc 1 64 3 is_stmt 1 view .LVU84
  64:Core/Src/fsmc.c ****   Timing.BusTurnAroundDuration = 0;
 297              		.loc 1 64 24 is_stmt 0 view .LVU85
 298 004c 0A21     		movs	r1, #10
 299 004e 0391     		str	r1, [sp, #12]
  65:Core/Src/fsmc.c ****   Timing.CLKDivision = 16;
 300              		.loc 1 65 3 is_stmt 1 view .LVU86
  66:Core/Src/fsmc.c ****   Timing.DataLatency = 17;
 301              		.loc 1 66 3 view .LVU87
  66:Core/Src/fsmc.c ****   Timing.DataLatency = 17;
 302              		.loc 1 66 22 is_stmt 0 view .LVU88
 303 0050 0593     		str	r3, [sp, #20]
  67:Core/Src/fsmc.c ****   Timing.AccessMode = FSMC_ACCESS_MODE_A;
 304              		.loc 1 67 3 is_stmt 1 view .LVU89
  67:Core/Src/fsmc.c ****   Timing.AccessMode = FSMC_ACCESS_MODE_A;
 305              		.loc 1 67 22 is_stmt 0 view .LVU90
 306 0052 1123     		movs	r3, #17
 307 0054 0693     		str	r3, [sp, #24]
  68:Core/Src/fsmc.c ****   /* ExtTiming */
 308              		.loc 1 68 3 is_stmt 1 view .LVU91
  71:Core/Src/fsmc.c ****   {
 309              		.loc 1 71 3 view .LVU92
  71:Core/Src/fsmc.c ****   {
 310              		.loc 1 71 7 is_stmt 0 view .LVU93
 311 0056 01A9     		add	r1, sp, #4
 312 0058 FFF7FEFF 		bl	HAL_SRAM_Init
 313              	.LVL6:
  71:Core/Src/fsmc.c ****   {
 314              		.loc 1 71 6 view .LVU94
 315 005c 38B9     		cbnz	r0, .L17
 316              	.L15:
  79:Core/Src/fsmc.c **** 
 317              		.loc 1 79 3 is_stmt 1 view .LVU95
 318 005e 064A     		ldr	r2, .L18+4
 319 0060 D369     		ldr	r3, [r2, #28]
 320 0062 43F48063 		orr	r3, r3, #1024
 321 0066 D361     		str	r3, [r2, #28]
  84:Core/Src/fsmc.c **** 
 322              		.loc 1 84 1 is_stmt 0 view .LVU96
 323 0068 09B0     		add	sp, sp, #36
 324              	.LCFI7:
 325              		.cfi_remember_state
 326              		.cfi_def_cfa_offset 4
 327              		@ sp needed
 328 006a 5DF804FB 		ldr	pc, [sp], #4
 329              	.L17:
 330              	.LCFI8:
 331              		.cfi_restore_state
  73:Core/Src/fsmc.c ****   }
 332              		.loc 1 73 5 is_stmt 1 view .LVU97
 333 006e FFF7FEFF 		bl	Error_Handler
 334              	.LVL7:
ARM GAS  C:\Users\84759\AppData\Local\Temp\ccz0FKya.s 			page 12


 335 0072 F4E7     		b	.L15
 336              	.L19:
 337              		.align	2
 338              	.L18:
 339 0074 00000000 		.word	.LANCHOR2
 340 0078 00000140 		.word	1073807360
 341              		.cfi_endproc
 342              	.LFE65:
 344              		.section	.text.HAL_SRAM_MspInit,"ax",%progbits
 345              		.align	1
 346              		.global	HAL_SRAM_MspInit
 347              		.syntax unified
 348              		.thumb
 349              		.thumb_func
 351              	HAL_SRAM_MspInit:
 352              	.LVL8:
 353              	.LFB67:
 153:Core/Src/fsmc.c ****   /* USER CODE BEGIN SRAM_MspInit 0 */
 354              		.loc 1 153 54 view -0
 355              		.cfi_startproc
 356              		@ args = 0, pretend = 0, frame = 0
 357              		@ frame_needed = 0, uses_anonymous_args = 0
 153:Core/Src/fsmc.c ****   /* USER CODE BEGIN SRAM_MspInit 0 */
 358              		.loc 1 153 54 is_stmt 0 view .LVU99
 359 0000 08B5     		push	{r3, lr}
 360              	.LCFI9:
 361              		.cfi_def_cfa_offset 8
 362              		.cfi_offset 3, -8
 363              		.cfi_offset 14, -4
 157:Core/Src/fsmc.c ****   /* USER CODE BEGIN SRAM_MspInit 1 */
 364              		.loc 1 157 3 is_stmt 1 view .LVU100
 365 0002 FFF7FEFF 		bl	HAL_FSMC_MspInit
 366              	.LVL9:
 161:Core/Src/fsmc.c **** 
 367              		.loc 1 161 1 is_stmt 0 view .LVU101
 368 0006 08BD     		pop	{r3, pc}
 369              		.cfi_endproc
 370              	.LFE67:
 372              		.section	.text.HAL_SRAM_MspDeInit,"ax",%progbits
 373              		.align	1
 374              		.global	HAL_SRAM_MspDeInit
 375              		.syntax unified
 376              		.thumb
 377              		.thumb_func
 379              	HAL_SRAM_MspDeInit:
 380              	.LVL10:
 381              	.LFB69:
 213:Core/Src/fsmc.c **** 
 214:Core/Src/fsmc.c **** void HAL_SRAM_MspDeInit(SRAM_HandleTypeDef* sramHandle){
 382              		.loc 1 214 56 is_stmt 1 view -0
 383              		.cfi_startproc
 384              		@ args = 0, pretend = 0, frame = 0
 385              		@ frame_needed = 0, uses_anonymous_args = 0
 386              		.loc 1 214 56 is_stmt 0 view .LVU103
 387 0000 08B5     		push	{r3, lr}
 388              	.LCFI10:
 389              		.cfi_def_cfa_offset 8
ARM GAS  C:\Users\84759\AppData\Local\Temp\ccz0FKya.s 			page 13


 390              		.cfi_offset 3, -8
 391              		.cfi_offset 14, -4
 215:Core/Src/fsmc.c ****   /* USER CODE BEGIN SRAM_MspDeInit 0 */
 216:Core/Src/fsmc.c **** 
 217:Core/Src/fsmc.c ****   /* USER CODE END SRAM_MspDeInit 0 */
 218:Core/Src/fsmc.c ****   HAL_FSMC_MspDeInit();
 392              		.loc 1 218 3 is_stmt 1 view .LVU104
 393 0002 FFF7FEFF 		bl	HAL_FSMC_MspDeInit
 394              	.LVL11:
 219:Core/Src/fsmc.c ****   /* USER CODE BEGIN SRAM_MspDeInit 1 */
 220:Core/Src/fsmc.c **** 
 221:Core/Src/fsmc.c ****   /* USER CODE END SRAM_MspDeInit 1 */
 222:Core/Src/fsmc.c **** }
 395              		.loc 1 222 1 is_stmt 0 view .LVU105
 396 0006 08BD     		pop	{r3, pc}
 397              		.cfi_endproc
 398              	.LFE69:
 400              		.global	hsram1
 401              		.section	.bss.FSMC_DeInitialized,"aw",%nobits
 402              		.align	2
 403              		.set	.LANCHOR1,. + 0
 406              	FSMC_DeInitialized:
 407 0000 00000000 		.space	4
 408              		.section	.bss.FSMC_Initialized,"aw",%nobits
 409              		.align	2
 410              		.set	.LANCHOR0,. + 0
 413              	FSMC_Initialized:
 414 0000 00000000 		.space	4
 415              		.section	.bss.hsram1,"aw",%nobits
 416              		.align	2
 417              		.set	.LANCHOR2,. + 0
 420              	hsram1:
 421 0000 00000000 		.space	72
 421      00000000 
 421      00000000 
 421      00000000 
 421      00000000 
 422              		.text
 423              	.Letext0:
 424              		.file 2 "d:\\mingw\\gcc-arm-none-eabi-10.3-2021.10-win32\\gcc-arm-none-eabi-10.3-2021.10\\arm-none
 425              		.file 3 "d:\\mingw\\gcc-arm-none-eabi-10.3-2021.10-win32\\gcc-arm-none-eabi-10.3-2021.10\\arm-none
 426              		.file 4 "Drivers/CMSIS/Device/ST/STM32F1xx/Include/stm32f103xe.h"
 427              		.file 5 "Drivers/STM32F1xx_HAL_Driver/Inc/stm32f1xx_hal_def.h"
 428              		.file 6 "Drivers/STM32F1xx_HAL_Driver/Inc/stm32f1xx_hal_gpio.h"
 429              		.file 7 "Drivers/STM32F1xx_HAL_Driver/Inc/stm32f1xx_hal_dma.h"
 430              		.file 8 "Drivers/STM32F1xx_HAL_Driver/Inc/stm32f1xx_ll_fsmc.h"
 431              		.file 9 "Drivers/STM32F1xx_HAL_Driver/Inc/stm32f1xx_hal_sram.h"
 432              		.file 10 "Core/Inc/main.h"
 433              		.file 11 "Core/Inc/fsmc.h"
ARM GAS  C:\Users\84759\AppData\Local\Temp\ccz0FKya.s 			page 14


DEFINED SYMBOLS
                            *ABS*:00000000 fsmc.c
C:\Users\84759\AppData\Local\Temp\ccz0FKya.s:18     .text.HAL_FSMC_MspInit:00000000 $t
C:\Users\84759\AppData\Local\Temp\ccz0FKya.s:23     .text.HAL_FSMC_MspInit:00000000 HAL_FSMC_MspInit
C:\Users\84759\AppData\Local\Temp\ccz0FKya.s:135    .text.HAL_FSMC_MspInit:00000070 $d
C:\Users\84759\AppData\Local\Temp\ccz0FKya.s:144    .text.HAL_FSMC_MspDeInit:00000000 $t
C:\Users\84759\AppData\Local\Temp\ccz0FKya.s:149    .text.HAL_FSMC_MspDeInit:00000000 HAL_FSMC_MspDeInit
C:\Users\84759\AppData\Local\Temp\ccz0FKya.s:199    .text.HAL_FSMC_MspDeInit:0000003c $d
C:\Users\84759\AppData\Local\Temp\ccz0FKya.s:208    .text.MX_FSMC_Init:00000000 $t
C:\Users\84759\AppData\Local\Temp\ccz0FKya.s:214    .text.MX_FSMC_Init:00000000 MX_FSMC_Init
C:\Users\84759\AppData\Local\Temp\ccz0FKya.s:339    .text.MX_FSMC_Init:00000074 $d
C:\Users\84759\AppData\Local\Temp\ccz0FKya.s:345    .text.HAL_SRAM_MspInit:00000000 $t
C:\Users\84759\AppData\Local\Temp\ccz0FKya.s:351    .text.HAL_SRAM_MspInit:00000000 HAL_SRAM_MspInit
C:\Users\84759\AppData\Local\Temp\ccz0FKya.s:373    .text.HAL_SRAM_MspDeInit:00000000 $t
C:\Users\84759\AppData\Local\Temp\ccz0FKya.s:379    .text.HAL_SRAM_MspDeInit:00000000 HAL_SRAM_MspDeInit
C:\Users\84759\AppData\Local\Temp\ccz0FKya.s:420    .bss.hsram1:00000000 hsram1
C:\Users\84759\AppData\Local\Temp\ccz0FKya.s:402    .bss.FSMC_DeInitialized:00000000 $d
C:\Users\84759\AppData\Local\Temp\ccz0FKya.s:406    .bss.FSMC_DeInitialized:00000000 FSMC_DeInitialized
C:\Users\84759\AppData\Local\Temp\ccz0FKya.s:409    .bss.FSMC_Initialized:00000000 $d
C:\Users\84759\AppData\Local\Temp\ccz0FKya.s:413    .bss.FSMC_Initialized:00000000 FSMC_Initialized
C:\Users\84759\AppData\Local\Temp\ccz0FKya.s:416    .bss.hsram1:00000000 $d

UNDEFINED SYMBOLS
HAL_GPIO_Init
HAL_GPIO_DeInit
HAL_SRAM_Init
Error_Handler
