ARM GAS  C:\Users\84759\AppData\Local\Temp\ccf8BbQb.s 			page 1


   1              		.cpu cortex-m3
   2              		.arch armv7-m
   3              		.fpu softvfp
   4              		.eabi_attribute 20, 1
   5              		.eabi_attribute 21, 1
   6              		.eabi_attribute 23, 3
   7              		.eabi_attribute 24, 1
   8              		.eabi_attribute 25, 1
   9              		.eabi_attribute 26, 1
  10              		.eabi_attribute 30, 1
  11              		.eabi_attribute 34, 1
  12              		.eabi_attribute 18, 4
  13              		.file	"gpio.c"
  14              		.text
  15              	.Ltext0:
  16              		.cfi_sections	.debug_frame
  17              		.section	.text.MX_GPIO_Init,"ax",%progbits
  18              		.align	1
  19              		.global	MX_GPIO_Init
  20              		.syntax unified
  21              		.thumb
  22              		.thumb_func
  24              	MX_GPIO_Init:
  25              	.LFB65:
  26              		.file 1 "Core/Src/gpio.c"
   1:Core/Src/gpio.c **** /* USER CODE BEGIN Header */
   2:Core/Src/gpio.c **** /**
   3:Core/Src/gpio.c ****   ******************************************************************************
   4:Core/Src/gpio.c ****   * @file    gpio.c
   5:Core/Src/gpio.c ****   * @brief   This file provides code for the configuration
   6:Core/Src/gpio.c ****   *          of all used GPIO pins.
   7:Core/Src/gpio.c ****   ******************************************************************************
   8:Core/Src/gpio.c ****   * @attention
   9:Core/Src/gpio.c ****   *
  10:Core/Src/gpio.c ****   * Copyright (c) 2026 STMicroelectronics.
  11:Core/Src/gpio.c ****   * All rights reserved.
  12:Core/Src/gpio.c ****   *
  13:Core/Src/gpio.c ****   * This software is licensed under terms that can be found in the LICENSE file
  14:Core/Src/gpio.c ****   * in the root directory of this software component.
  15:Core/Src/gpio.c ****   * If no LICENSE file comes with this software, it is provided AS-IS.
  16:Core/Src/gpio.c ****   *
  17:Core/Src/gpio.c ****   ******************************************************************************
  18:Core/Src/gpio.c ****   */
  19:Core/Src/gpio.c **** /* USER CODE END Header */
  20:Core/Src/gpio.c **** 
  21:Core/Src/gpio.c **** /* Includes ------------------------------------------------------------------*/
  22:Core/Src/gpio.c **** #include "gpio.h"
  23:Core/Src/gpio.c **** 
  24:Core/Src/gpio.c **** /* USER CODE BEGIN 0 */
  25:Core/Src/gpio.c **** 
  26:Core/Src/gpio.c **** /* USER CODE END 0 */
  27:Core/Src/gpio.c **** 
  28:Core/Src/gpio.c **** /*----------------------------------------------------------------------------*/
  29:Core/Src/gpio.c **** /* Configure GPIO                                                             */
  30:Core/Src/gpio.c **** /*----------------------------------------------------------------------------*/
  31:Core/Src/gpio.c **** /* USER CODE BEGIN 1 */
  32:Core/Src/gpio.c **** 
ARM GAS  C:\Users\84759\AppData\Local\Temp\ccf8BbQb.s 			page 2


  33:Core/Src/gpio.c **** /* USER CODE END 1 */
  34:Core/Src/gpio.c **** 
  35:Core/Src/gpio.c **** /** Configure pins as
  36:Core/Src/gpio.c ****         * Analog
  37:Core/Src/gpio.c ****         * Input
  38:Core/Src/gpio.c ****         * Output
  39:Core/Src/gpio.c ****         * EVENT_OUT
  40:Core/Src/gpio.c ****         * EXTI
  41:Core/Src/gpio.c **** */
  42:Core/Src/gpio.c **** void MX_GPIO_Init(void)
  43:Core/Src/gpio.c **** {
  27              		.loc 1 43 1 view -0
  28              		.cfi_startproc
  29              		@ args = 0, pretend = 0, frame = 48
  30              		@ frame_needed = 0, uses_anonymous_args = 0
  31 0000 2DE9F041 		push	{r4, r5, r6, r7, r8, lr}
  32              	.LCFI0:
  33              		.cfi_def_cfa_offset 24
  34              		.cfi_offset 4, -24
  35              		.cfi_offset 5, -20
  36              		.cfi_offset 6, -16
  37              		.cfi_offset 7, -12
  38              		.cfi_offset 8, -8
  39              		.cfi_offset 14, -4
  40 0004 8CB0     		sub	sp, sp, #48
  41              	.LCFI1:
  42              		.cfi_def_cfa_offset 72
  44:Core/Src/gpio.c **** 
  45:Core/Src/gpio.c ****   GPIO_InitTypeDef GPIO_InitStruct = {0};
  43              		.loc 1 45 3 view .LVU1
  44              		.loc 1 45 20 is_stmt 0 view .LVU2
  45 0006 0023     		movs	r3, #0
  46 0008 0893     		str	r3, [sp, #32]
  47 000a 0993     		str	r3, [sp, #36]
  48 000c 0A93     		str	r3, [sp, #40]
  49 000e 0B93     		str	r3, [sp, #44]
  46:Core/Src/gpio.c **** 
  47:Core/Src/gpio.c ****   /* GPIO Ports Clock Enable */
  48:Core/Src/gpio.c ****   __HAL_RCC_GPIOE_CLK_ENABLE();
  50              		.loc 1 48 3 is_stmt 1 view .LVU3
  51              	.LBB2:
  52              		.loc 1 48 3 view .LVU4
  53              		.loc 1 48 3 view .LVU5
  54 0010 03F18043 		add	r3, r3, #1073741824
  55 0014 03F50433 		add	r3, r3, #135168
  56 0018 9A69     		ldr	r2, [r3, #24]
  57 001a 42F04002 		orr	r2, r2, #64
  58 001e 9A61     		str	r2, [r3, #24]
  59              		.loc 1 48 3 view .LVU6
  60 0020 9A69     		ldr	r2, [r3, #24]
  61 0022 02F04002 		and	r2, r2, #64
  62 0026 0192     		str	r2, [sp, #4]
  63              		.loc 1 48 3 view .LVU7
  64 0028 019A     		ldr	r2, [sp, #4]
  65              	.LBE2:
  66              		.loc 1 48 3 view .LVU8
  49:Core/Src/gpio.c ****   __HAL_RCC_GPIOC_CLK_ENABLE();
ARM GAS  C:\Users\84759\AppData\Local\Temp\ccf8BbQb.s 			page 3


  67              		.loc 1 49 3 view .LVU9
  68              	.LBB3:
  69              		.loc 1 49 3 view .LVU10
  70              		.loc 1 49 3 view .LVU11
  71 002a 9A69     		ldr	r2, [r3, #24]
  72 002c 42F01002 		orr	r2, r2, #16
  73 0030 9A61     		str	r2, [r3, #24]
  74              		.loc 1 49 3 view .LVU12
  75 0032 9A69     		ldr	r2, [r3, #24]
  76 0034 02F01002 		and	r2, r2, #16
  77 0038 0292     		str	r2, [sp, #8]
  78              		.loc 1 49 3 view .LVU13
  79 003a 029A     		ldr	r2, [sp, #8]
  80              	.LBE3:
  81              		.loc 1 49 3 view .LVU14
  50:Core/Src/gpio.c ****   __HAL_RCC_GPIOF_CLK_ENABLE();
  82              		.loc 1 50 3 view .LVU15
  83              	.LBB4:
  84              		.loc 1 50 3 view .LVU16
  85              		.loc 1 50 3 view .LVU17
  86 003c 9A69     		ldr	r2, [r3, #24]
  87 003e 42F08002 		orr	r2, r2, #128
  88 0042 9A61     		str	r2, [r3, #24]
  89              		.loc 1 50 3 view .LVU18
  90 0044 9A69     		ldr	r2, [r3, #24]
  91 0046 02F08002 		and	r2, r2, #128
  92 004a 0392     		str	r2, [sp, #12]
  93              		.loc 1 50 3 view .LVU19
  94 004c 039A     		ldr	r2, [sp, #12]
  95              	.LBE4:
  96              		.loc 1 50 3 view .LVU20
  51:Core/Src/gpio.c ****   __HAL_RCC_GPIOA_CLK_ENABLE();
  97              		.loc 1 51 3 view .LVU21
  98              	.LBB5:
  99              		.loc 1 51 3 view .LVU22
 100              		.loc 1 51 3 view .LVU23
 101 004e 9A69     		ldr	r2, [r3, #24]
 102 0050 42F00402 		orr	r2, r2, #4
 103 0054 9A61     		str	r2, [r3, #24]
 104              		.loc 1 51 3 view .LVU24
 105 0056 9A69     		ldr	r2, [r3, #24]
 106 0058 02F00402 		and	r2, r2, #4
 107 005c 0492     		str	r2, [sp, #16]
 108              		.loc 1 51 3 view .LVU25
 109 005e 049A     		ldr	r2, [sp, #16]
 110              	.LBE5:
 111              		.loc 1 51 3 view .LVU26
  52:Core/Src/gpio.c ****   __HAL_RCC_GPIOD_CLK_ENABLE();
 112              		.loc 1 52 3 view .LVU27
 113              	.LBB6:
 114              		.loc 1 52 3 view .LVU28
 115              		.loc 1 52 3 view .LVU29
 116 0060 9A69     		ldr	r2, [r3, #24]
 117 0062 42F02002 		orr	r2, r2, #32
 118 0066 9A61     		str	r2, [r3, #24]
 119              		.loc 1 52 3 view .LVU30
 120 0068 9A69     		ldr	r2, [r3, #24]
ARM GAS  C:\Users\84759\AppData\Local\Temp\ccf8BbQb.s 			page 4


 121 006a 02F02002 		and	r2, r2, #32
 122 006e 0592     		str	r2, [sp, #20]
 123              		.loc 1 52 3 view .LVU31
 124 0070 059A     		ldr	r2, [sp, #20]
 125              	.LBE6:
 126              		.loc 1 52 3 view .LVU32
  53:Core/Src/gpio.c ****   __HAL_RCC_GPIOG_CLK_ENABLE();
 127              		.loc 1 53 3 view .LVU33
 128              	.LBB7:
 129              		.loc 1 53 3 view .LVU34
 130              		.loc 1 53 3 view .LVU35
 131 0072 9A69     		ldr	r2, [r3, #24]
 132 0074 42F48072 		orr	r2, r2, #256
 133 0078 9A61     		str	r2, [r3, #24]
 134              		.loc 1 53 3 view .LVU36
 135 007a 9A69     		ldr	r2, [r3, #24]
 136 007c 02F48072 		and	r2, r2, #256
 137 0080 0692     		str	r2, [sp, #24]
 138              		.loc 1 53 3 view .LVU37
 139 0082 069A     		ldr	r2, [sp, #24]
 140              	.LBE7:
 141              		.loc 1 53 3 view .LVU38
  54:Core/Src/gpio.c ****   __HAL_RCC_GPIOB_CLK_ENABLE();
 142              		.loc 1 54 3 view .LVU39
 143              	.LBB8:
 144              		.loc 1 54 3 view .LVU40
 145              		.loc 1 54 3 view .LVU41
 146 0084 9A69     		ldr	r2, [r3, #24]
 147 0086 42F00802 		orr	r2, r2, #8
 148 008a 9A61     		str	r2, [r3, #24]
 149              		.loc 1 54 3 view .LVU42
 150 008c 9B69     		ldr	r3, [r3, #24]
 151 008e 03F00803 		and	r3, r3, #8
 152 0092 0793     		str	r3, [sp, #28]
 153              		.loc 1 54 3 view .LVU43
 154 0094 079B     		ldr	r3, [sp, #28]
 155              	.LBE8:
 156              		.loc 1 54 3 view .LVU44
  55:Core/Src/gpio.c **** 
  56:Core/Src/gpio.c ****   /*Configure GPIO pin Output Level */
  57:Core/Src/gpio.c ****   HAL_GPIO_WritePin(LCD_CTP_DOUT_GPIO_Port, LCD_CTP_DOUT_Pin, GPIO_PIN_SET);
 157              		.loc 1 57 3 view .LVU45
 158 0096 DFF86C80 		ldr	r8, .L3
 159 009a 0122     		movs	r2, #1
 160 009c 4021     		movs	r1, #64
 161 009e 4046     		mov	r0, r8
 162 00a0 FFF7FEFF 		bl	HAL_GPIO_WritePin
 163              	.LVL0:
  58:Core/Src/gpio.c **** 
  59:Core/Src/gpio.c ****   /*Configure GPIO pin Output Level */
  60:Core/Src/gpio.c ****   HAL_GPIO_WritePin(GPIOF, LCD_CTP_PENIRQ_Pin|LCD_CTP_CS_Pin|LCD_CTP_DIN_Pin, GPIO_PIN_SET);
 164              		.loc 1 60 3 view .LVU46
 165 00a4 184F     		ldr	r7, .L3+4
 166 00a6 0122     		movs	r2, #1
 167 00a8 4FF46061 		mov	r1, #3584
 168 00ac 3846     		mov	r0, r7
 169 00ae FFF7FEFF 		bl	HAL_GPIO_WritePin
ARM GAS  C:\Users\84759\AppData\Local\Temp\ccf8BbQb.s 			page 5


 170              	.LVL1:
  61:Core/Src/gpio.c **** 
  62:Core/Src/gpio.c ****   /*Configure GPIO pin Output Level */
  63:Core/Src/gpio.c ****   HAL_GPIO_WritePin(GPIOG, LCD_BL_Pin|LCD_CTP_CLK_Pin|LCD_RST_Pin, GPIO_PIN_SET);
 171              		.loc 1 63 3 view .LVU47
 172 00b2 164E     		ldr	r6, .L3+8
 173 00b4 0122     		movs	r2, #1
 174 00b6 4FF40C61 		mov	r1, #2240
 175 00ba 3046     		mov	r0, r6
 176 00bc FFF7FEFF 		bl	HAL_GPIO_WritePin
 177              	.LVL2:
  64:Core/Src/gpio.c **** 
  65:Core/Src/gpio.c ****   /*Configure GPIO pin : LCD_CTP_DOUT_Pin */
  66:Core/Src/gpio.c ****   GPIO_InitStruct.Pin = LCD_CTP_DOUT_Pin;
 178              		.loc 1 66 3 view .LVU48
 179              		.loc 1 66 23 is_stmt 0 view .LVU49
 180 00c0 4023     		movs	r3, #64
 181 00c2 0893     		str	r3, [sp, #32]
  67:Core/Src/gpio.c ****   GPIO_InitStruct.Mode = GPIO_MODE_OUTPUT_PP;
 182              		.loc 1 67 3 is_stmt 1 view .LVU50
 183              		.loc 1 67 24 is_stmt 0 view .LVU51
 184 00c4 0124     		movs	r4, #1
 185 00c6 0994     		str	r4, [sp, #36]
  68:Core/Src/gpio.c ****   GPIO_InitStruct.Pull = GPIO_PULLUP;
 186              		.loc 1 68 3 is_stmt 1 view .LVU52
 187              		.loc 1 68 24 is_stmt 0 view .LVU53
 188 00c8 0A94     		str	r4, [sp, #40]
  69:Core/Src/gpio.c ****   GPIO_InitStruct.Speed = GPIO_SPEED_FREQ_LOW;
 189              		.loc 1 69 3 is_stmt 1 view .LVU54
 190              		.loc 1 69 25 is_stmt 0 view .LVU55
 191 00ca 0225     		movs	r5, #2
 192 00cc 0B95     		str	r5, [sp, #44]
  70:Core/Src/gpio.c ****   HAL_GPIO_Init(LCD_CTP_DOUT_GPIO_Port, &GPIO_InitStruct);
 193              		.loc 1 70 3 is_stmt 1 view .LVU56
 194 00ce 08A9     		add	r1, sp, #32
 195 00d0 4046     		mov	r0, r8
 196 00d2 FFF7FEFF 		bl	HAL_GPIO_Init
 197              	.LVL3:
  71:Core/Src/gpio.c **** 
  72:Core/Src/gpio.c ****   /*Configure GPIO pins : LCD_CTP_PENIRQ_Pin LCD_CTP_CS_Pin LCD_CTP_DIN_Pin */
  73:Core/Src/gpio.c ****   GPIO_InitStruct.Pin = LCD_CTP_PENIRQ_Pin|LCD_CTP_CS_Pin|LCD_CTP_DIN_Pin;
 198              		.loc 1 73 3 view .LVU57
 199              		.loc 1 73 23 is_stmt 0 view .LVU58
 200 00d6 4FF46063 		mov	r3, #3584
 201 00da 0893     		str	r3, [sp, #32]
  74:Core/Src/gpio.c ****   GPIO_InitStruct.Mode = GPIO_MODE_OUTPUT_PP;
 202              		.loc 1 74 3 is_stmt 1 view .LVU59
 203              		.loc 1 74 24 is_stmt 0 view .LVU60
 204 00dc 0994     		str	r4, [sp, #36]
  75:Core/Src/gpio.c ****   GPIO_InitStruct.Pull = GPIO_PULLUP;
 205              		.loc 1 75 3 is_stmt 1 view .LVU61
 206              		.loc 1 75 24 is_stmt 0 view .LVU62
 207 00de 0A94     		str	r4, [sp, #40]
  76:Core/Src/gpio.c ****   GPIO_InitStruct.Speed = GPIO_SPEED_FREQ_LOW;
 208              		.loc 1 76 3 is_stmt 1 view .LVU63
 209              		.loc 1 76 25 is_stmt 0 view .LVU64
 210 00e0 0B95     		str	r5, [sp, #44]
ARM GAS  C:\Users\84759\AppData\Local\Temp\ccf8BbQb.s 			page 6


  77:Core/Src/gpio.c ****   HAL_GPIO_Init(GPIOF, &GPIO_InitStruct);
 211              		.loc 1 77 3 is_stmt 1 view .LVU65
 212 00e2 08A9     		add	r1, sp, #32
 213 00e4 3846     		mov	r0, r7
 214 00e6 FFF7FEFF 		bl	HAL_GPIO_Init
 215              	.LVL4:
  78:Core/Src/gpio.c **** 
  79:Core/Src/gpio.c ****   /*Configure GPIO pins : LCD_BL_Pin LCD_CTP_CLK_Pin LCD_RST_Pin */
  80:Core/Src/gpio.c ****   GPIO_InitStruct.Pin = LCD_BL_Pin|LCD_CTP_CLK_Pin|LCD_RST_Pin;
 216              		.loc 1 80 3 view .LVU66
 217              		.loc 1 80 23 is_stmt 0 view .LVU67
 218 00ea 4FF40C63 		mov	r3, #2240
 219 00ee 0893     		str	r3, [sp, #32]
  81:Core/Src/gpio.c ****   GPIO_InitStruct.Mode = GPIO_MODE_OUTPUT_PP;
 220              		.loc 1 81 3 is_stmt 1 view .LVU68
 221              		.loc 1 81 24 is_stmt 0 view .LVU69
 222 00f0 0994     		str	r4, [sp, #36]
  82:Core/Src/gpio.c ****   GPIO_InitStruct.Pull = GPIO_PULLUP;
 223              		.loc 1 82 3 is_stmt 1 view .LVU70
 224              		.loc 1 82 24 is_stmt 0 view .LVU71
 225 00f2 0A94     		str	r4, [sp, #40]
  83:Core/Src/gpio.c ****   GPIO_InitStruct.Speed = GPIO_SPEED_FREQ_LOW;
 226              		.loc 1 83 3 is_stmt 1 view .LVU72
 227              		.loc 1 83 25 is_stmt 0 view .LVU73
 228 00f4 0B95     		str	r5, [sp, #44]
  84:Core/Src/gpio.c ****   HAL_GPIO_Init(GPIOG, &GPIO_InitStruct);
 229              		.loc 1 84 3 is_stmt 1 view .LVU74
 230 00f6 08A9     		add	r1, sp, #32
 231 00f8 3046     		mov	r0, r6
 232 00fa FFF7FEFF 		bl	HAL_GPIO_Init
 233              	.LVL5:
  85:Core/Src/gpio.c **** 
  86:Core/Src/gpio.c **** }
 234              		.loc 1 86 1 is_stmt 0 view .LVU75
 235 00fe 0CB0     		add	sp, sp, #48
 236              	.LCFI2:
 237              		.cfi_def_cfa_offset 24
 238              		@ sp needed
 239 0100 BDE8F081 		pop	{r4, r5, r6, r7, r8, pc}
 240              	.L4:
 241              		.align	2
 242              	.L3:
 243 0104 00180140 		.word	1073813504
 244 0108 001C0140 		.word	1073814528
 245 010c 00200140 		.word	1073815552
 246              		.cfi_endproc
 247              	.LFE65:
 249              		.text
 250              	.Letext0:
 251              		.file 2 "d:\\mingw\\gcc-arm-none-eabi-10.3-2021.10-win32\\gcc-arm-none-eabi-10.3-2021.10\\arm-none
 252              		.file 3 "d:\\mingw\\gcc-arm-none-eabi-10.3-2021.10-win32\\gcc-arm-none-eabi-10.3-2021.10\\arm-none
 253              		.file 4 "Drivers/CMSIS/Device/ST/STM32F1xx/Include/stm32f103xe.h"
 254              		.file 5 "Drivers/STM32F1xx_HAL_Driver/Inc/stm32f1xx_hal_gpio.h"
ARM GAS  C:\Users\84759\AppData\Local\Temp\ccf8BbQb.s 			page 7


DEFINED SYMBOLS
                            *ABS*:00000000 gpio.c
C:\Users\84759\AppData\Local\Temp\ccf8BbQb.s:18     .text.MX_GPIO_Init:00000000 $t
C:\Users\84759\AppData\Local\Temp\ccf8BbQb.s:24     .text.MX_GPIO_Init:00000000 MX_GPIO_Init
C:\Users\84759\AppData\Local\Temp\ccf8BbQb.s:243    .text.MX_GPIO_Init:00000104 $d

UNDEFINED SYMBOLS
HAL_GPIO_WritePin
HAL_GPIO_Init
