ARM GAS  C:\Users\84759\AppData\Local\Temp\cc4mNoCe.s 			page 1


   1              		.cpu cortex-m3
   2              		.arch armv7-m
   3              		.fpu softvfp
   4              		.eabi_attribute 20, 1
   5              		.eabi_attribute 21, 1
   6              		.eabi_attribute 23, 3
   7              		.eabi_attribute 24, 1
   8              		.eabi_attribute 25, 1
   9              		.eabi_attribute 26, 1
  10              		.eabi_attribute 30, 1
  11              		.eabi_attribute 34, 1
  12              		.eabi_attribute 18, 4
  13              		.file	"main.c"
  14              		.text
  15              	.Ltext0:
  16              		.cfi_sections	.debug_frame
  17              		.section	.text.Delay,"ax",%progbits
  18              		.align	1
  19              		.syntax unified
  20              		.thumb
  21              		.thumb_func
  23              	Delay:
  24              	.LVL0:
  25              	.LFB70:
  26              		.file 1 "Core/Src/main.c"
   1:Core/Src/main.c **** /* USER CODE BEGIN Header */
   2:Core/Src/main.c **** /**
   3:Core/Src/main.c ****   ******************************************************************************
   4:Core/Src/main.c ****   * @file           : main.c
   5:Core/Src/main.c ****   * @brief          : Main program body
   6:Core/Src/main.c ****   ******************************************************************************
   7:Core/Src/main.c ****   * @attention
   8:Core/Src/main.c ****   *
   9:Core/Src/main.c ****   * Copyright (c) 2026 STMicroelectronics.
  10:Core/Src/main.c ****   * All rights reserved.
  11:Core/Src/main.c ****   *
  12:Core/Src/main.c ****   * This software is licensed under terms that can be found in the LICENSE file
  13:Core/Src/main.c ****   * in the root directory of this software component.
  14:Core/Src/main.c ****   * If no LICENSE file comes with this software, it is provided AS-IS.
  15:Core/Src/main.c ****   *
  16:Core/Src/main.c ****   ******************************************************************************
  17:Core/Src/main.c ****   */
  18:Core/Src/main.c **** /* USER CODE END Header */
  19:Core/Src/main.c **** /* Includes ------------------------------------------------------------------*/
  20:Core/Src/main.c **** #include "main.h"
  21:Core/Src/main.c **** #include "i2c.h"
  22:Core/Src/main.c **** #include "rtc.h"
  23:Core/Src/main.c **** #include "spi.h"
  24:Core/Src/main.c **** #include "usart.h"
  25:Core/Src/main.c **** #include "gpio.h"
  26:Core/Src/main.c **** #include "fsmc.h"
  27:Core/Src/main.c **** 
  28:Core/Src/main.c **** /* Private includes ----------------------------------------------------------*/
  29:Core/Src/main.c **** /* USER CODE BEGIN Includes */
  30:Core/Src/main.c **** #include "stdio.h"
  31:Core/Src/main.c **** #include "lcd.h"
  32:Core/Src/main.c **** #include "fonts.h"
ARM GAS  C:\Users\84759\AppData\Local\Temp\cc4mNoCe.s 			page 2


  33:Core/Src/main.c **** #include "lcd_xpt2046.h"
  34:Core/Src/main.c **** #include "palette.h"
  35:Core/Src/main.c **** #include "led.h" 
  36:Core/Src/main.c **** 
  37:Core/Src/main.c **** /* USER CODE END Includes */
  38:Core/Src/main.c **** 
  39:Core/Src/main.c **** /* Private typedef -----------------------------------------------------------*/
  40:Core/Src/main.c **** /* USER CODE BEGIN PTD */
  41:Core/Src/main.c **** 
  42:Core/Src/main.c **** static void LCD_Test(void);	
  43:Core/Src/main.c **** 
  44:Core/Src/main.c **** /* USER CODE END PTD */
  45:Core/Src/main.c **** 
  46:Core/Src/main.c **** /* Private define ------------------------------------------------------------*/
  47:Core/Src/main.c **** /* USER CODE BEGIN PD */
  48:Core/Src/main.c **** 
  49:Core/Src/main.c **** /* USER CODE END PD */
  50:Core/Src/main.c **** 
  51:Core/Src/main.c **** /* Private macro -------------------------------------------------------------*/
  52:Core/Src/main.c **** /* USER CODE BEGIN PM */
  53:Core/Src/main.c **** 
  54:Core/Src/main.c **** /* USER CODE END PM */
  55:Core/Src/main.c **** 
  56:Core/Src/main.c **** /* Private variables ---------------------------------------------------------*/
  57:Core/Src/main.c **** 
  58:Core/Src/main.c **** /* USER CODE BEGIN PV */
  59:Core/Src/main.c **** 
  60:Core/Src/main.c **** /* USER CODE END PV */
  61:Core/Src/main.c **** 
  62:Core/Src/main.c **** /* Private function prototypes -----------------------------------------------*/
  63:Core/Src/main.c **** void SystemClock_Config(void);
  64:Core/Src/main.c **** /* USER CODE BEGIN PFP */
  65:Core/Src/main.c **** 
  66:Core/Src/main.c **** /* USER CODE END PFP */
  67:Core/Src/main.c **** 
  68:Core/Src/main.c **** /* Private user code ---------------------------------------------------------*/
  69:Core/Src/main.c **** /* USER CODE BEGIN 0 */
  70:Core/Src/main.c **** 
  71:Core/Src/main.c **** /* USER CODE END 0 */
  72:Core/Src/main.c **** 
  73:Core/Src/main.c **** /**
  74:Core/Src/main.c ****   * @brief  The application entry point.
  75:Core/Src/main.c ****   * @retval int
  76:Core/Src/main.c ****   */
  77:Core/Src/main.c **** int main(void)
  78:Core/Src/main.c **** {
  79:Core/Src/main.c **** 
  80:Core/Src/main.c ****   /* USER CODE BEGIN 1 */
  81:Core/Src/main.c **** 
  82:Core/Src/main.c ****   /* USER CODE END 1 */
  83:Core/Src/main.c **** 
  84:Core/Src/main.c ****   /* MCU Configuration--------------------------------------------------------*/
  85:Core/Src/main.c **** 
  86:Core/Src/main.c ****   /* Reset of all peripherals, Initializes the Flash interface and the Systick. */
  87:Core/Src/main.c ****   HAL_Init();
  88:Core/Src/main.c **** 
  89:Core/Src/main.c ****   /* USER CODE BEGIN Init */
ARM GAS  C:\Users\84759\AppData\Local\Temp\cc4mNoCe.s 			page 3


  90:Core/Src/main.c **** 
  91:Core/Src/main.c ****   /* USER CODE END Init */
  92:Core/Src/main.c **** 
  93:Core/Src/main.c ****   /* Configure the system clock */
  94:Core/Src/main.c ****   SystemClock_Config();
  95:Core/Src/main.c **** 
  96:Core/Src/main.c ****   /* USER CODE BEGIN SysInit */
  97:Core/Src/main.c **** 
  98:Core/Src/main.c ****   /* USER CODE END SysInit */
  99:Core/Src/main.c **** 
 100:Core/Src/main.c ****   /* Initialize all configured peripherals */
 101:Core/Src/main.c ****   MX_GPIO_Init();
 102:Core/Src/main.c ****   MX_FSMC_Init();
 103:Core/Src/main.c ****   MX_I2C1_Init();
 104:Core/Src/main.c ****   MX_RTC_Init();
 105:Core/Src/main.c ****   //MX_SPI1_Init();
 106:Core/Src/main.c ****   MX_USART1_UART_Init();
 107:Core/Src/main.c ****   /* USER CODE BEGIN 2 */
 108:Core/Src/main.c ****   ILI9341_Init ();             //LCD łőĘĽ»Ż
 109:Core/Src/main.c ****   XPT2046_Init();
 110:Core/Src/main.c ****   ILI9341_GramScan( 6 );
 111:Core/Src/main.c ****   printf("\r\n ********** Ňşľ§ĆÁÓ˘ÎÄĎÔĘľłĚĐň*********** \r\n"); 
 112:Core/Src/main.c **** 
 113:Core/Src/main.c ****   //»ćÖĆ´ĄĂţ»­°ĺ˝çĂć
 114:Core/Src/main.c **** 	Palette_Init(LCD_SCAN_MODE);
 115:Core/Src/main.c ****   /* USER CODE END 2 */
 116:Core/Src/main.c **** 
 117:Core/Src/main.c ****   /* Infinite loop */
 118:Core/Src/main.c ****   /* USER CODE BEGIN WHILE */
 119:Core/Src/main.c ****   while (1)
 120:Core/Src/main.c ****   {
 121:Core/Src/main.c ****     /* USER CODE END WHILE */
 122:Core/Src/main.c ****     LCD_Test();
 123:Core/Src/main.c ****     //XPT2046_TouchEvenHandler();
 124:Core/Src/main.c ****     /* USER CODE BEGIN 3 */
 125:Core/Src/main.c ****   }
 126:Core/Src/main.c ****   /* USER CODE END 3 */
 127:Core/Src/main.c **** }
 128:Core/Src/main.c **** 
 129:Core/Src/main.c **** /**
 130:Core/Src/main.c ****   * @brief System Clock Configuration
 131:Core/Src/main.c ****   * @retval None
 132:Core/Src/main.c ****   */
 133:Core/Src/main.c **** void SystemClock_Config(void)
 134:Core/Src/main.c **** {
 135:Core/Src/main.c ****   RCC_OscInitTypeDef RCC_OscInitStruct = {0};
 136:Core/Src/main.c ****   RCC_ClkInitTypeDef RCC_ClkInitStruct = {0};
 137:Core/Src/main.c ****   RCC_PeriphCLKInitTypeDef PeriphClkInit = {0};
 138:Core/Src/main.c **** 
 139:Core/Src/main.c ****   /** Initializes the RCC Oscillators according to the specified parameters
 140:Core/Src/main.c ****   * in the RCC_OscInitTypeDef structure.
 141:Core/Src/main.c ****   */
 142:Core/Src/main.c ****   RCC_OscInitStruct.OscillatorType = RCC_OSCILLATORTYPE_LSI|RCC_OSCILLATORTYPE_HSE;
 143:Core/Src/main.c ****   RCC_OscInitStruct.HSEState = RCC_HSE_ON;
 144:Core/Src/main.c ****   RCC_OscInitStruct.HSEPredivValue = RCC_HSE_PREDIV_DIV1;
 145:Core/Src/main.c ****   RCC_OscInitStruct.HSIState = RCC_HSI_ON;
 146:Core/Src/main.c ****   RCC_OscInitStruct.LSIState = RCC_LSI_ON;
ARM GAS  C:\Users\84759\AppData\Local\Temp\cc4mNoCe.s 			page 4


 147:Core/Src/main.c ****   RCC_OscInitStruct.PLL.PLLState = RCC_PLL_ON;
 148:Core/Src/main.c ****   RCC_OscInitStruct.PLL.PLLSource = RCC_PLLSOURCE_HSE;
 149:Core/Src/main.c ****   RCC_OscInitStruct.PLL.PLLMUL = RCC_PLL_MUL9;
 150:Core/Src/main.c ****   if (HAL_RCC_OscConfig(&RCC_OscInitStruct) != HAL_OK)
 151:Core/Src/main.c ****   {
 152:Core/Src/main.c ****     Error_Handler();
 153:Core/Src/main.c ****   }
 154:Core/Src/main.c **** 
 155:Core/Src/main.c ****   /** Initializes the CPU, AHB and APB buses clocks
 156:Core/Src/main.c ****   */
 157:Core/Src/main.c ****   RCC_ClkInitStruct.ClockType = RCC_CLOCKTYPE_HCLK|RCC_CLOCKTYPE_SYSCLK
 158:Core/Src/main.c ****                               |RCC_CLOCKTYPE_PCLK1|RCC_CLOCKTYPE_PCLK2;
 159:Core/Src/main.c ****   RCC_ClkInitStruct.SYSCLKSource = RCC_SYSCLKSOURCE_PLLCLK;
 160:Core/Src/main.c ****   RCC_ClkInitStruct.AHBCLKDivider = RCC_SYSCLK_DIV1;
 161:Core/Src/main.c ****   RCC_ClkInitStruct.APB1CLKDivider = RCC_HCLK_DIV2;
 162:Core/Src/main.c ****   RCC_ClkInitStruct.APB2CLKDivider = RCC_HCLK_DIV1;
 163:Core/Src/main.c **** 
 164:Core/Src/main.c ****   if (HAL_RCC_ClockConfig(&RCC_ClkInitStruct, FLASH_LATENCY_2) != HAL_OK)
 165:Core/Src/main.c ****   {
 166:Core/Src/main.c ****     Error_Handler();
 167:Core/Src/main.c ****   }
 168:Core/Src/main.c ****   PeriphClkInit.PeriphClockSelection = RCC_PERIPHCLK_RTC;
 169:Core/Src/main.c ****   PeriphClkInit.RTCClockSelection = RCC_RTCCLKSOURCE_LSI;
 170:Core/Src/main.c ****   if (HAL_RCCEx_PeriphCLKConfig(&PeriphClkInit) != HAL_OK)
 171:Core/Src/main.c ****   {
 172:Core/Src/main.c ****     Error_Handler();
 173:Core/Src/main.c ****   }
 174:Core/Src/main.c **** }
 175:Core/Src/main.c **** 
 176:Core/Src/main.c **** /* USER CODE BEGIN 4 */
 177:Core/Src/main.c **** extern uint16_t lcdid;
 178:Core/Src/main.c **** 
 179:Core/Src/main.c **** static void Delay ( __IO uint32_t nCount )
 180:Core/Src/main.c **** {
  27              		.loc 1 180 1 view -0
  28              		.cfi_startproc
  29              		@ args = 0, pretend = 0, frame = 8
  30              		@ frame_needed = 0, uses_anonymous_args = 0
  31              		@ link register save eliminated.
  32              		.loc 1 180 1 is_stmt 0 view .LVU1
  33 0000 82B0     		sub	sp, sp, #8
  34              	.LCFI0:
  35              		.cfi_def_cfa_offset 8
  36 0002 0190     		str	r0, [sp, #4]
 181:Core/Src/main.c ****   for ( ; nCount != 0; nCount -- );
  37              		.loc 1 181 3 is_stmt 1 view .LVU2
  38 0004 02E0     		b	.L2
  39              	.L3:
  40              		.loc 1 181 35 discriminator 2 view .LVU3
  41              		.loc 1 181 24 discriminator 2 view .LVU4
  42              		.loc 1 181 31 is_stmt 0 discriminator 2 view .LVU5
  43 0006 019B     		ldr	r3, [sp, #4]
  44 0008 013B     		subs	r3, r3, #1
  45 000a 0193     		str	r3, [sp, #4]
  46              	.L2:
  47              		.loc 1 181 11 is_stmt 1 discriminator 1 view .LVU6
  48              		.loc 1 181 18 is_stmt 0 discriminator 1 view .LVU7
ARM GAS  C:\Users\84759\AppData\Local\Temp\cc4mNoCe.s 			page 5


  49 000c 019B     		ldr	r3, [sp, #4]
  50              		.loc 1 181 3 discriminator 1 view .LVU8
  51 000e 002B     		cmp	r3, #0
  52 0010 F9D1     		bne	.L3
 182:Core/Src/main.c **** 	
 183:Core/Src/main.c **** }
  53              		.loc 1 183 1 view .LVU9
  54 0012 02B0     		add	sp, sp, #8
  55              	.LCFI1:
  56              		.cfi_def_cfa_offset 0
  57              		@ sp needed
  58 0014 7047     		bx	lr
  59              		.cfi_endproc
  60              	.LFE70:
  62              		.section	.rodata.LCD_Test.str1.4,"aMS",%progbits,1
  63              		.align	2
  64              	.LC0:
  65 0000 42482033 		.ascii	"BH 3.2 inch LCD para:\000"
  65      2E322069 
  65      6E636820 
  65      4C434420 
  65      70617261 
  66 0016 0000     		.align	2
  67              	.LC1:
  68 0018 496D6167 		.ascii	"Image resolution:240x320 px\000"
  68      65207265 
  68      736F6C75 
  68      74696F6E 
  68      3A323430 
  69              		.align	2
  70              	.LC2:
  71 0034 494C4939 		.ascii	"ILI9341 LCD driver\000"
  71      33343120 
  71      4C434420 
  71      64726976 
  71      657200
  72 0047 00       		.align	2
  73              	.LC3:
  74 0048 53543737 		.ascii	"ST7789V LCD driver\000"
  74      38395620 
  74      4C434420 
  74      64726976 
  74      657200
  75 005b 00       		.align	2
  76              	.LC4:
  77 005c 58505432 		.ascii	"XPT2046 Touch Pad driver\000"
  77      30343620 
  77      546F7563 
  77      68205061 
  77      64206472 
  78 0075 000000   		.align	2
  79              	.LC5:
  80 0078 436F756E 		.ascii	"Count : %d \000"
  80      74203A20 
  80      25642000 
  81              		.align	2
  82              	.LC6:
ARM GAS  C:\Users\84759\AppData\Local\Temp\cc4mNoCe.s 			page 6


  83 0084 44726177 		.ascii	"Draw line:\000"
  83      206C696E 
  83      653A00
  84 008f 00       		.align	2
  85              	.LC7:
  86 0090 44726177 		.ascii	"Draw Rect:\000"
  86      20526563 
  86      743A00
  87 009b 00       		.align	2
  88              	.LC8:
  89 009c 44726177 		.ascii	"Draw Cir:\000"
  89      20436972 
  89      3A00
  90              		.section	.text.LCD_Test,"ax",%progbits
  91              		.align	1
  92              		.syntax unified
  93              		.thumb
  94              		.thumb_func
  96              	LCD_Test:
  97              	.LFB71:
 184:Core/Src/main.c **** 
 185:Core/Src/main.c **** void LCD_Test(void)
 186:Core/Src/main.c **** {
  98              		.loc 1 186 1 is_stmt 1 view -0
  99              		.cfi_startproc
 100              		@ args = 0, pretend = 0, frame = 104
 101              		@ frame_needed = 0, uses_anonymous_args = 0
 102 0000 F0B5     		push	{r4, r5, r6, r7, lr}
 103              	.LCFI2:
 104              		.cfi_def_cfa_offset 20
 105              		.cfi_offset 4, -20
 106              		.cfi_offset 5, -16
 107              		.cfi_offset 6, -12
 108              		.cfi_offset 7, -8
 109              		.cfi_offset 14, -4
 110 0002 9DB0     		sub	sp, sp, #116
 111              	.LCFI3:
 112              		.cfi_def_cfa_offset 136
 187:Core/Src/main.c **** 	/*ŃÝĘľĎÔĘľ±äÁż*/
 188:Core/Src/main.c **** 	static uint8_t testCNT = 0;	
 113              		.loc 1 188 2 view .LVU11
 189:Core/Src/main.c **** 	char dispBuff[100];
 114              		.loc 1 189 2 view .LVU12
 190:Core/Src/main.c **** 	
 191:Core/Src/main.c **** 	testCNT++;	
 115              		.loc 1 191 2 view .LVU13
 116              		.loc 1 191 9 is_stmt 0 view .LVU14
 117 0004 984A     		ldr	r2, .L11
 118 0006 1378     		ldrb	r3, [r2]	@ zero_extendqisi2
 119 0008 0133     		adds	r3, r3, #1
 120 000a 1370     		strb	r3, [r2]
 192:Core/Src/main.c **** 	
 193:Core/Src/main.c **** 	LCD_SetFont(&Font8x16);
 121              		.loc 1 193 2 is_stmt 1 view .LVU15
 122 000c 9748     		ldr	r0, .L11+4
 123 000e FFF7FEFF 		bl	LCD_SetFont
 124              	.LVL1:
ARM GAS  C:\Users\84759\AppData\Local\Temp\cc4mNoCe.s 			page 7


 194:Core/Src/main.c **** 	LCD_SetColors(RED,BLACK);
 125              		.loc 1 194 2 view .LVU16
 126 0012 0021     		movs	r1, #0
 127 0014 4FF47840 		mov	r0, #63488
 128 0018 FFF7FEFF 		bl	LCD_SetColors
 129              	.LVL2:
 195:Core/Src/main.c **** 
 196:Core/Src/main.c ****   ILI9341_Clear(0,0,LCD_X_LENGTH,LCD_Y_LENGTH);	/* ÇĺĆÁŁ¬ĎÔĘľČ«şÚ */
 130              		.loc 1 196 3 view .LVU17
 131 001c 944B     		ldr	r3, .L11+8
 132 001e 1B88     		ldrh	r3, [r3]
 133 0020 944A     		ldr	r2, .L11+12
 134 0022 1288     		ldrh	r2, [r2]
 135 0024 0021     		movs	r1, #0
 136 0026 0846     		mov	r0, r1
 137 0028 FFF7FEFF 		bl	ILI9341_Clear
 138              	.LVL3:
 197:Core/Src/main.c **** 	/********ĎÔĘľ×Ö·ű´®ĘľŔý*******/
 198:Core/Src/main.c ****   ILI9341_DispStringLine_EN(LINE(0),"BH 3.2 inch LCD para:");
 139              		.loc 1 198 3 view .LVU18
 140              		.loc 1 198 29 is_stmt 0 view .LVU19
 141 002c FFF7FEFF 		bl	LCD_GetFont
 142              	.LVL4:
 143              		.loc 1 198 3 view .LVU20
 144 0030 9149     		ldr	r1, .L11+16
 145 0032 0020     		movs	r0, #0
 146 0034 FFF7FEFF 		bl	ILI9341_DispStringLine_EN
 147              	.LVL5:
 199:Core/Src/main.c ****   ILI9341_DispStringLine_EN(LINE(1),"Image resolution:240x320 px");
 148              		.loc 1 199 3 is_stmt 1 view .LVU21
 149              		.loc 1 199 29 is_stmt 0 view .LVU22
 150 0038 FFF7FEFF 		bl	LCD_GetFont
 151              	.LVL6:
 152              		.loc 1 199 3 view .LVU23
 153 003c 8F49     		ldr	r1, .L11+20
 154 003e C088     		ldrh	r0, [r0, #6]
 155 0040 FFF7FEFF 		bl	ILI9341_DispStringLine_EN
 156              	.LVL7:
 200:Core/Src/main.c ****   if(lcdid == LCDID_ILI9341)
 157              		.loc 1 200 3 is_stmt 1 view .LVU24
 158              		.loc 1 200 12 is_stmt 0 view .LVU25
 159 0044 8E4B     		ldr	r3, .L11+24
 160 0046 1B88     		ldrh	r3, [r3]
 161              		.loc 1 200 5 view .LVU26
 162 0048 49F24132 		movw	r2, #37697
 163 004c 9342     		cmp	r3, r2
 164 004e 00F0F980 		beq	.L9
 201:Core/Src/main.c ****   {
 202:Core/Src/main.c ****     ILI9341_DispStringLine_EN(LINE(2),"ILI9341 LCD driver");
 203:Core/Src/main.c ****   }
 204:Core/Src/main.c ****   else if(lcdid == LCDID_ST7789V)
 165              		.loc 1 204 8 is_stmt 1 view .LVU27
 166              		.loc 1 204 10 is_stmt 0 view .LVU28
 167 0052 48F25252 		movw	r2, #34130
 168 0056 9342     		cmp	r3, r2
 169 0058 00F0FD80 		beq	.L10
 170              	.L7:
ARM GAS  C:\Users\84759\AppData\Local\Temp\cc4mNoCe.s 			page 8


 205:Core/Src/main.c ****   {
 206:Core/Src/main.c ****     ILI9341_DispStringLine_EN(LINE(2),"ST7789V LCD driver");
 207:Core/Src/main.c ****   }
 208:Core/Src/main.c ****   ILI9341_DispStringLine_EN(LINE(3),"XPT2046 Touch Pad driver");
 171              		.loc 1 208 3 is_stmt 1 view .LVU29
 172              		.loc 1 208 29 is_stmt 0 view .LVU30
 173 005c FFF7FEFF 		bl	LCD_GetFont
 174              	.LVL8:
 175 0060 C088     		ldrh	r0, [r0, #6]
 176              		.loc 1 208 3 view .LVU31
 177 0062 00EB4000 		add	r0, r0, r0, lsl #1
 178 0066 8749     		ldr	r1, .L11+28
 179 0068 80B2     		uxth	r0, r0
 180 006a FFF7FEFF 		bl	ILI9341_DispStringLine_EN
 181              	.LVL9:
 209:Core/Src/main.c ****   
 210:Core/Src/main.c **** 	/********ĎÔĘľ±äÁżĘľŔý*******/
 211:Core/Src/main.c **** 	LCD_SetFont(&Font16x24);
 182              		.loc 1 211 2 is_stmt 1 view .LVU32
 183 006e 8648     		ldr	r0, .L11+32
 184 0070 FFF7FEFF 		bl	LCD_SetFont
 185              	.LVL10:
 212:Core/Src/main.c **** 	LCD_SetTextColor(GREEN);
 186              		.loc 1 212 2 view .LVU33
 187 0074 4FF4FC60 		mov	r0, #2016
 188 0078 FFF7FEFF 		bl	LCD_SetTextColor
 189              	.LVL11:
 213:Core/Src/main.c **** 
 214:Core/Src/main.c **** 	/*ĘąÓĂc±ę×Ľżâ°Ń±äÁż×Ş»ŻłÉ×Ö·ű´®*/
 215:Core/Src/main.c **** 	sprintf(dispBuff,"Count : %d ",testCNT);
 190              		.loc 1 215 2 view .LVU34
 191 007c 7A4B     		ldr	r3, .L11
 192 007e 1A78     		ldrb	r2, [r3]	@ zero_extendqisi2
 193 0080 8249     		ldr	r1, .L11+36
 194 0082 03A8     		add	r0, sp, #12
 195 0084 FFF7FEFF 		bl	sprintf
 196              	.LVL12:
 216:Core/Src/main.c ****   LCD_ClearLine(LINE(4));	/* ÇĺłýµĄĐĐÎÄ×Ö */
 197              		.loc 1 216 3 view .LVU35
 198              		.loc 1 216 17 is_stmt 0 view .LVU36
 199 0088 FFF7FEFF 		bl	LCD_GetFont
 200              	.LVL13:
 201 008c C088     		ldrh	r0, [r0, #6]
 202              		.loc 1 216 3 view .LVU37
 203 008e 8000     		lsls	r0, r0, #2
 204 0090 80B2     		uxth	r0, r0
 205 0092 FFF7FEFF 		bl	LCD_ClearLine
 206              	.LVL14:
 217:Core/Src/main.c **** 	
 218:Core/Src/main.c **** 	/*Č»şóĎÔĘľ¸Ă×Ö·ű´®Ľ´żÉŁ¬ĆäËü±äÁżŇ˛ĘÇŐâŃů´¦Ŕí*/
 219:Core/Src/main.c **** 	ILI9341_DispStringLine_EN(LINE(4),dispBuff);
 207              		.loc 1 219 2 is_stmt 1 view .LVU38
 208              		.loc 1 219 28 is_stmt 0 view .LVU39
 209 0096 FFF7FEFF 		bl	LCD_GetFont
 210              	.LVL15:
 211 009a C088     		ldrh	r0, [r0, #6]
 212              		.loc 1 219 2 view .LVU40
ARM GAS  C:\Users\84759\AppData\Local\Temp\cc4mNoCe.s 			page 9


 213 009c 8000     		lsls	r0, r0, #2
 214 009e 80B2     		uxth	r0, r0
 215 00a0 03A9     		add	r1, sp, #12
 216 00a2 FFF7FEFF 		bl	ILI9341_DispStringLine_EN
 217              	.LVL16:
 220:Core/Src/main.c **** 
 221:Core/Src/main.c **** 	/*******ĎÔĘľÍĽĐÎĘľŔý******/
 222:Core/Src/main.c **** 	LCD_SetFont(&Font24x32);
 218              		.loc 1 222 2 is_stmt 1 view .LVU41
 219 00a6 7A48     		ldr	r0, .L11+40
 220 00a8 FFF7FEFF 		bl	LCD_SetFont
 221              	.LVL17:
 223:Core/Src/main.c ****   /* »­Ö±Ďß */
 224:Core/Src/main.c ****   
 225:Core/Src/main.c ****   LCD_ClearLine(LINE(4));/* ÇĺłýµĄĐĐÎÄ×Ö */
 222              		.loc 1 225 3 view .LVU42
 223              		.loc 1 225 17 is_stmt 0 view .LVU43
 224 00ac FFF7FEFF 		bl	LCD_GetFont
 225              	.LVL18:
 226 00b0 C088     		ldrh	r0, [r0, #6]
 227              		.loc 1 225 3 view .LVU44
 228 00b2 8000     		lsls	r0, r0, #2
 229 00b4 80B2     		uxth	r0, r0
 230 00b6 FFF7FEFF 		bl	LCD_ClearLine
 231              	.LVL19:
 226:Core/Src/main.c **** 	LCD_SetTextColor(BLUE);
 232              		.loc 1 226 2 is_stmt 1 view .LVU45
 233 00ba 1F20     		movs	r0, #31
 234 00bc FFF7FEFF 		bl	LCD_SetTextColor
 235              	.LVL20:
 227:Core/Src/main.c **** 
 228:Core/Src/main.c ****   ILI9341_DispStringLine_EN(LINE(4),"Draw line:");
 236              		.loc 1 228 3 view .LVU46
 237              		.loc 1 228 29 is_stmt 0 view .LVU47
 238 00c0 FFF7FEFF 		bl	LCD_GetFont
 239              	.LVL21:
 240 00c4 C088     		ldrh	r0, [r0, #6]
 241              		.loc 1 228 3 view .LVU48
 242 00c6 8000     		lsls	r0, r0, #2
 243 00c8 80B2     		uxth	r0, r0
 244 00ca 7249     		ldr	r1, .L11+44
 245 00cc FFF7FEFF 		bl	ILI9341_DispStringLine_EN
 246              	.LVL22:
 229:Core/Src/main.c ****   
 230:Core/Src/main.c **** 	LCD_SetTextColor(RED);
 247              		.loc 1 230 2 is_stmt 1 view .LVU49
 248 00d0 4FF47840 		mov	r0, #63488
 249 00d4 FFF7FEFF 		bl	LCD_SetTextColor
 250              	.LVL23:
 231:Core/Src/main.c ****   ILI9341_DrawLine(50,170,210,230);  
 251              		.loc 1 231 3 view .LVU50
 252 00d8 E623     		movs	r3, #230
 253 00da D222     		movs	r2, #210
 254 00dc AA21     		movs	r1, #170
 255 00de 3220     		movs	r0, #50
 256 00e0 FFF7FEFF 		bl	ILI9341_DrawLine
 257              	.LVL24:
ARM GAS  C:\Users\84759\AppData\Local\Temp\cc4mNoCe.s 			page 10


 232:Core/Src/main.c ****   ILI9341_DrawLine(50,200,210,240);
 258              		.loc 1 232 3 view .LVU51
 259 00e4 F023     		movs	r3, #240
 260 00e6 D222     		movs	r2, #210
 261 00e8 C821     		movs	r1, #200
 262 00ea 3220     		movs	r0, #50
 263 00ec FFF7FEFF 		bl	ILI9341_DrawLine
 264              	.LVL25:
 233:Core/Src/main.c ****   
 234:Core/Src/main.c **** 	LCD_SetTextColor(GREEN);
 265              		.loc 1 234 2 view .LVU52
 266 00f0 4FF4FC60 		mov	r0, #2016
 267 00f4 FFF7FEFF 		bl	LCD_SetTextColor
 268              	.LVL26:
 235:Core/Src/main.c ****   ILI9341_DrawLine(100,170,200,230);  
 269              		.loc 1 235 3 view .LVU53
 270 00f8 E623     		movs	r3, #230
 271 00fa C822     		movs	r2, #200
 272 00fc AA21     		movs	r1, #170
 273 00fe 6420     		movs	r0, #100
 274 0100 FFF7FEFF 		bl	ILI9341_DrawLine
 275              	.LVL27:
 236:Core/Src/main.c ****   ILI9341_DrawLine(200,200,220,240);
 276              		.loc 1 236 3 view .LVU54
 277 0104 F023     		movs	r3, #240
 278 0106 DC22     		movs	r2, #220
 279 0108 C821     		movs	r1, #200
 280 010a 0846     		mov	r0, r1
 281 010c FFF7FEFF 		bl	ILI9341_DrawLine
 282              	.LVL28:
 237:Core/Src/main.c **** 	
 238:Core/Src/main.c **** 	LCD_SetTextColor(BLUE);
 283              		.loc 1 238 2 view .LVU55
 284 0110 1F20     		movs	r0, #31
 285 0112 FFF7FEFF 		bl	LCD_SetTextColor
 286              	.LVL29:
 239:Core/Src/main.c ****   ILI9341_DrawLine(110,170,110,230);  
 287              		.loc 1 239 3 view .LVU56
 288 0116 E623     		movs	r3, #230
 289 0118 6E22     		movs	r2, #110
 290 011a AA21     		movs	r1, #170
 291 011c 1046     		mov	r0, r2
 292 011e FFF7FEFF 		bl	ILI9341_DrawLine
 293              	.LVL30:
 240:Core/Src/main.c ****   ILI9341_DrawLine(130,200,220,240);
 294              		.loc 1 240 3 view .LVU57
 295 0122 F023     		movs	r3, #240
 296 0124 DC22     		movs	r2, #220
 297 0126 C821     		movs	r1, #200
 298 0128 8220     		movs	r0, #130
 299 012a FFF7FEFF 		bl	ILI9341_DrawLine
 300              	.LVL31:
 241:Core/Src/main.c ****   
 242:Core/Src/main.c ****   Delay(0xFFFFFF);
 301              		.loc 1 242 3 view .LVU58
 302 012e 6FF07F40 		mvn	r0, #-16777216
 303 0132 FFF7FEFF 		bl	Delay
ARM GAS  C:\Users\84759\AppData\Local\Temp\cc4mNoCe.s 			page 11


 304              	.LVL32:
 243:Core/Src/main.c ****   
 244:Core/Src/main.c ****   ILI9341_Clear(0,16*8,LCD_X_LENGTH,LCD_Y_LENGTH-16*8);	/* ÇĺĆÁŁ¬ĎÔĘľČ«şÚ */
 305              		.loc 1 244 3 view .LVU59
 306 0136 4E4E     		ldr	r6, .L11+8
 307 0138 3388     		ldrh	r3, [r6]
 308 013a 803B     		subs	r3, r3, #128
 309 013c 4D4D     		ldr	r5, .L11+12
 310 013e 9BB2     		uxth	r3, r3
 311 0140 2A88     		ldrh	r2, [r5]
 312 0142 8021     		movs	r1, #128
 313 0144 0020     		movs	r0, #0
 314 0146 FFF7FEFF 		bl	ILI9341_Clear
 315              	.LVL33:
 245:Core/Src/main.c ****   
 246:Core/Src/main.c ****   
 247:Core/Src/main.c ****   /*»­ľŘĐÎ*/
 248:Core/Src/main.c **** 
 249:Core/Src/main.c ****   LCD_ClearLine(LINE(4));	/* ÇĺłýµĄĐĐÎÄ×Ö */
 316              		.loc 1 249 3 view .LVU60
 317              		.loc 1 249 17 is_stmt 0 view .LVU61
 318 014a FFF7FEFF 		bl	LCD_GetFont
 319              	.LVL34:
 320 014e C088     		ldrh	r0, [r0, #6]
 321              		.loc 1 249 3 view .LVU62
 322 0150 8000     		lsls	r0, r0, #2
 323 0152 80B2     		uxth	r0, r0
 324 0154 FFF7FEFF 		bl	LCD_ClearLine
 325              	.LVL35:
 250:Core/Src/main.c **** 	LCD_SetTextColor(BLUE);
 326              		.loc 1 250 2 is_stmt 1 view .LVU63
 327 0158 1F20     		movs	r0, #31
 328 015a FFF7FEFF 		bl	LCD_SetTextColor
 329              	.LVL36:
 251:Core/Src/main.c **** 
 252:Core/Src/main.c ****   ILI9341_DispStringLine_EN(LINE(4),"Draw Rect:");
 330              		.loc 1 252 3 view .LVU64
 331              		.loc 1 252 29 is_stmt 0 view .LVU65
 332 015e FFF7FEFF 		bl	LCD_GetFont
 333              	.LVL37:
 334 0162 C088     		ldrh	r0, [r0, #6]
 335              		.loc 1 252 3 view .LVU66
 336 0164 8000     		lsls	r0, r0, #2
 337 0166 80B2     		uxth	r0, r0
 338 0168 4B49     		ldr	r1, .L11+48
 339 016a FFF7FEFF 		bl	ILI9341_DispStringLine_EN
 340              	.LVL38:
 253:Core/Src/main.c **** 
 254:Core/Src/main.c **** 	LCD_SetTextColor(RED);
 341              		.loc 1 254 2 is_stmt 1 view .LVU67
 342 016e 4FF47840 		mov	r0, #63488
 343 0172 FFF7FEFF 		bl	LCD_SetTextColor
 344              	.LVL39:
 255:Core/Src/main.c ****   ILI9341_DrawRectangle(50,200,100,30,1);
 345              		.loc 1 255 3 view .LVU68
 346 0176 0127     		movs	r7, #1
 347 0178 0097     		str	r7, [sp]
ARM GAS  C:\Users\84759\AppData\Local\Temp\cc4mNoCe.s 			page 12


 348 017a 1E23     		movs	r3, #30
 349 017c 6422     		movs	r2, #100
 350 017e C821     		movs	r1, #200
 351 0180 3220     		movs	r0, #50
 352 0182 FFF7FEFF 		bl	ILI9341_DrawRectangle
 353              	.LVL40:
 256:Core/Src/main.c **** 	
 257:Core/Src/main.c **** 	LCD_SetTextColor(GREEN);
 354              		.loc 1 257 2 view .LVU69
 355 0186 4FF4FC60 		mov	r0, #2016
 356 018a FFF7FEFF 		bl	LCD_SetTextColor
 357              	.LVL41:
 258:Core/Src/main.c ****   ILI9341_DrawRectangle(160,200,20,40,0);
 358              		.loc 1 258 3 view .LVU70
 359 018e 0024     		movs	r4, #0
 360 0190 0094     		str	r4, [sp]
 361 0192 2823     		movs	r3, #40
 362 0194 1422     		movs	r2, #20
 363 0196 C821     		movs	r1, #200
 364 0198 A020     		movs	r0, #160
 365 019a FFF7FEFF 		bl	ILI9341_DrawRectangle
 366              	.LVL42:
 259:Core/Src/main.c **** 	
 260:Core/Src/main.c **** 	LCD_SetTextColor(BLUE);
 367              		.loc 1 260 2 view .LVU71
 368 019e 1F20     		movs	r0, #31
 369 01a0 FFF7FEFF 		bl	LCD_SetTextColor
 370              	.LVL43:
 261:Core/Src/main.c ****   ILI9341_DrawRectangle(170,200,50,20,1);
 371              		.loc 1 261 3 view .LVU72
 372 01a4 0097     		str	r7, [sp]
 373 01a6 1423     		movs	r3, #20
 374 01a8 3222     		movs	r2, #50
 375 01aa C821     		movs	r1, #200
 376 01ac AA20     		movs	r0, #170
 377 01ae FFF7FEFF 		bl	ILI9341_DrawRectangle
 378              	.LVL44:
 262:Core/Src/main.c ****   
 263:Core/Src/main.c ****   
 264:Core/Src/main.c ****   Delay(0xFFFFFF);
 379              		.loc 1 264 3 view .LVU73
 380 01b2 6FF07F40 		mvn	r0, #-16777216
 381 01b6 FFF7FEFF 		bl	Delay
 382              	.LVL45:
 265:Core/Src/main.c **** 	
 266:Core/Src/main.c **** 	ILI9341_Clear(0,16*8,LCD_X_LENGTH,LCD_Y_LENGTH-16*8);	/* ÇĺĆÁŁ¬ĎÔĘľČ«şÚ */
 383              		.loc 1 266 2 view .LVU74
 384 01ba 3388     		ldrh	r3, [r6]
 385 01bc 803B     		subs	r3, r3, #128
 386 01be 9BB2     		uxth	r3, r3
 387 01c0 2A88     		ldrh	r2, [r5]
 388 01c2 8021     		movs	r1, #128
 389 01c4 2046     		mov	r0, r4
 390 01c6 FFF7FEFF 		bl	ILI9341_Clear
 391              	.LVL46:
 267:Core/Src/main.c **** 
 268:Core/Src/main.c ****   /* »­Ô˛ */
ARM GAS  C:\Users\84759\AppData\Local\Temp\cc4mNoCe.s 			page 13


 269:Core/Src/main.c ****   LCD_ClearLine(LINE(4));	/* ÇĺłýµĄĐĐÎÄ×Ö */
 392              		.loc 1 269 3 view .LVU75
 393              		.loc 1 269 17 is_stmt 0 view .LVU76
 394 01ca FFF7FEFF 		bl	LCD_GetFont
 395              	.LVL47:
 396 01ce C088     		ldrh	r0, [r0, #6]
 397              		.loc 1 269 3 view .LVU77
 398 01d0 8000     		lsls	r0, r0, #2
 399 01d2 80B2     		uxth	r0, r0
 400 01d4 FFF7FEFF 		bl	LCD_ClearLine
 401              	.LVL48:
 270:Core/Src/main.c **** 	LCD_SetTextColor(BLUE);
 402              		.loc 1 270 2 is_stmt 1 view .LVU78
 403 01d8 1F20     		movs	r0, #31
 404 01da FFF7FEFF 		bl	LCD_SetTextColor
 405              	.LVL49:
 271:Core/Src/main.c **** 	
 272:Core/Src/main.c ****   ILI9341_DispStringLine_EN(LINE(4),"Draw Cir:");
 406              		.loc 1 272 3 view .LVU79
 407              		.loc 1 272 29 is_stmt 0 view .LVU80
 408 01de FFF7FEFF 		bl	LCD_GetFont
 409              	.LVL50:
 410 01e2 C088     		ldrh	r0, [r0, #6]
 411              		.loc 1 272 3 view .LVU81
 412 01e4 8000     		lsls	r0, r0, #2
 413 01e6 80B2     		uxth	r0, r0
 414 01e8 2C49     		ldr	r1, .L11+52
 415 01ea FFF7FEFF 		bl	ILI9341_DispStringLine_EN
 416              	.LVL51:
 273:Core/Src/main.c **** 
 274:Core/Src/main.c **** 	LCD_SetTextColor(RED);
 417              		.loc 1 274 2 is_stmt 1 view .LVU82
 418 01ee 4FF47840 		mov	r0, #63488
 419 01f2 FFF7FEFF 		bl	LCD_SetTextColor
 420              	.LVL52:
 275:Core/Src/main.c ****   ILI9341_DrawCircle(100,200,20,0);
 421              		.loc 1 275 3 view .LVU83
 422 01f6 2346     		mov	r3, r4
 423 01f8 1422     		movs	r2, #20
 424 01fa C821     		movs	r1, #200
 425 01fc 6420     		movs	r0, #100
 426 01fe FFF7FEFF 		bl	ILI9341_DrawCircle
 427              	.LVL53:
 276:Core/Src/main.c **** 	
 277:Core/Src/main.c **** 	LCD_SetTextColor(GREEN);
 428              		.loc 1 277 2 view .LVU84
 429 0202 4FF4FC60 		mov	r0, #2016
 430 0206 FFF7FEFF 		bl	LCD_SetTextColor
 431              	.LVL54:
 278:Core/Src/main.c ****   ILI9341_DrawCircle(100,200,10,1);
 432              		.loc 1 278 3 view .LVU85
 433 020a 3B46     		mov	r3, r7
 434 020c 0A22     		movs	r2, #10
 435 020e C821     		movs	r1, #200
 436 0210 6420     		movs	r0, #100
 437 0212 FFF7FEFF 		bl	ILI9341_DrawCircle
 438              	.LVL55:
ARM GAS  C:\Users\84759\AppData\Local\Temp\cc4mNoCe.s 			page 14


 279:Core/Src/main.c **** 	
 280:Core/Src/main.c **** 	LCD_SetTextColor(BLUE);
 439              		.loc 1 280 2 view .LVU86
 440 0216 1F20     		movs	r0, #31
 441 0218 FFF7FEFF 		bl	LCD_SetTextColor
 442              	.LVL56:
 281:Core/Src/main.c **** 	ILI9341_DrawCircle(140,200,20,0);
 443              		.loc 1 281 2 view .LVU87
 444 021c 2346     		mov	r3, r4
 445 021e 1422     		movs	r2, #20
 446 0220 C821     		movs	r1, #200
 447 0222 8C20     		movs	r0, #140
 448 0224 FFF7FEFF 		bl	ILI9341_DrawCircle
 449              	.LVL57:
 282:Core/Src/main.c **** 
 283:Core/Src/main.c ****   Delay(0xFFFFFF);
 450              		.loc 1 283 3 view .LVU88
 451 0228 6FF07F40 		mvn	r0, #-16777216
 452 022c FFF7FEFF 		bl	Delay
 453              	.LVL58:
 284:Core/Src/main.c ****   
 285:Core/Src/main.c ****   ILI9341_Clear(0,16*8,LCD_X_LENGTH,LCD_Y_LENGTH-16*8);	/* ÇĺĆÁŁ¬ĎÔĘľČ«şÚ */
 454              		.loc 1 285 3 view .LVU89
 455 0230 3388     		ldrh	r3, [r6]
 456 0232 803B     		subs	r3, r3, #128
 457 0234 9BB2     		uxth	r3, r3
 458 0236 2A88     		ldrh	r2, [r5]
 459 0238 8021     		movs	r1, #128
 460 023a 2046     		mov	r0, r4
 461 023c FFF7FEFF 		bl	ILI9341_Clear
 462              	.LVL59:
 286:Core/Src/main.c **** }
 463              		.loc 1 286 1 is_stmt 0 view .LVU90
 464 0240 1DB0     		add	sp, sp, #116
 465              	.LCFI4:
 466              		.cfi_remember_state
 467              		.cfi_def_cfa_offset 20
 468              		@ sp needed
 469 0242 F0BD     		pop	{r4, r5, r6, r7, pc}
 470              	.L9:
 471              	.LCFI5:
 472              		.cfi_restore_state
 202:Core/Src/main.c ****   }
 473              		.loc 1 202 5 is_stmt 1 view .LVU91
 202:Core/Src/main.c ****   }
 474              		.loc 1 202 31 is_stmt 0 view .LVU92
 475 0244 FFF7FEFF 		bl	LCD_GetFont
 476              	.LVL60:
 477 0248 C088     		ldrh	r0, [r0, #6]
 202:Core/Src/main.c ****   }
 478              		.loc 1 202 5 view .LVU93
 479 024a 4000     		lsls	r0, r0, #1
 480 024c 80B2     		uxth	r0, r0
 481 024e 1449     		ldr	r1, .L11+56
 482 0250 FFF7FEFF 		bl	ILI9341_DispStringLine_EN
 483              	.LVL61:
 484 0254 02E7     		b	.L7
ARM GAS  C:\Users\84759\AppData\Local\Temp\cc4mNoCe.s 			page 15


 485              	.L10:
 206:Core/Src/main.c ****   }
 486              		.loc 1 206 5 is_stmt 1 view .LVU94
 206:Core/Src/main.c ****   }
 487              		.loc 1 206 31 is_stmt 0 view .LVU95
 488 0256 FFF7FEFF 		bl	LCD_GetFont
 489              	.LVL62:
 490 025a C088     		ldrh	r0, [r0, #6]
 206:Core/Src/main.c ****   }
 491              		.loc 1 206 5 view .LVU96
 492 025c 4000     		lsls	r0, r0, #1
 493 025e 80B2     		uxth	r0, r0
 494 0260 1049     		ldr	r1, .L11+60
 495 0262 FFF7FEFF 		bl	ILI9341_DispStringLine_EN
 496              	.LVL63:
 497 0266 F9E6     		b	.L7
 498              	.L12:
 499              		.align	2
 500              	.L11:
 501 0268 00000000 		.word	.LANCHOR0
 502 026c 00000000 		.word	Font8x16
 503 0270 00000000 		.word	LCD_Y_LENGTH
 504 0274 00000000 		.word	LCD_X_LENGTH
 505 0278 00000000 		.word	.LC0
 506 027c 18000000 		.word	.LC1
 507 0280 00000000 		.word	lcdid
 508 0284 5C000000 		.word	.LC4
 509 0288 00000000 		.word	Font16x24
 510 028c 78000000 		.word	.LC5
 511 0290 00000000 		.word	Font24x32
 512 0294 84000000 		.word	.LC6
 513 0298 90000000 		.word	.LC7
 514 029c 9C000000 		.word	.LC8
 515 02a0 34000000 		.word	.LC2
 516 02a4 48000000 		.word	.LC3
 517              		.cfi_endproc
 518              	.LFE71:
 520              		.section	.text.Error_Handler,"ax",%progbits
 521              		.align	1
 522              		.global	Error_Handler
 523              		.syntax unified
 524              		.thumb
 525              		.thumb_func
 527              	Error_Handler:
 528              	.LFB72:
 287:Core/Src/main.c **** /* USER CODE END 4 */
 288:Core/Src/main.c **** 
 289:Core/Src/main.c **** /**
 290:Core/Src/main.c ****   * @brief  This function is executed in case of error occurrence.
 291:Core/Src/main.c ****   * @retval None
 292:Core/Src/main.c ****   */
 293:Core/Src/main.c **** void Error_Handler(void)
 294:Core/Src/main.c **** {
 529              		.loc 1 294 1 is_stmt 1 view -0
 530              		.cfi_startproc
 531              		@ Volatile: function does not return.
 532              		@ args = 0, pretend = 0, frame = 0
ARM GAS  C:\Users\84759\AppData\Local\Temp\cc4mNoCe.s 			page 16


 533              		@ frame_needed = 0, uses_anonymous_args = 0
 534              		@ link register save eliminated.
 295:Core/Src/main.c ****   /* USER CODE BEGIN Error_Handler_Debug */
 296:Core/Src/main.c ****   /* User can add his own implementation to report the HAL error return state */
 297:Core/Src/main.c ****   __disable_irq();
 535              		.loc 1 297 3 view .LVU98
 536              	.LBB4:
 537              	.LBI4:
 538              		.file 2 "Drivers/CMSIS/Include/cmsis_gcc.h"
   1:Drivers/CMSIS/Include/cmsis_gcc.h **** /**************************************************************************//**
   2:Drivers/CMSIS/Include/cmsis_gcc.h ****  * @file     cmsis_gcc.h
   3:Drivers/CMSIS/Include/cmsis_gcc.h ****  * @brief    CMSIS compiler GCC header file
   4:Drivers/CMSIS/Include/cmsis_gcc.h ****  * @version  V5.0.4
   5:Drivers/CMSIS/Include/cmsis_gcc.h ****  * @date     09. April 2018
   6:Drivers/CMSIS/Include/cmsis_gcc.h ****  ******************************************************************************/
   7:Drivers/CMSIS/Include/cmsis_gcc.h **** /*
   8:Drivers/CMSIS/Include/cmsis_gcc.h ****  * Copyright (c) 2009-2018 Arm Limited. All rights reserved.
   9:Drivers/CMSIS/Include/cmsis_gcc.h ****  *
  10:Drivers/CMSIS/Include/cmsis_gcc.h ****  * SPDX-License-Identifier: Apache-2.0
  11:Drivers/CMSIS/Include/cmsis_gcc.h ****  *
  12:Drivers/CMSIS/Include/cmsis_gcc.h ****  * Licensed under the Apache License, Version 2.0 (the License); you may
  13:Drivers/CMSIS/Include/cmsis_gcc.h ****  * not use this file except in compliance with the License.
  14:Drivers/CMSIS/Include/cmsis_gcc.h ****  * You may obtain a copy of the License at
  15:Drivers/CMSIS/Include/cmsis_gcc.h ****  *
  16:Drivers/CMSIS/Include/cmsis_gcc.h ****  * www.apache.org/licenses/LICENSE-2.0
  17:Drivers/CMSIS/Include/cmsis_gcc.h ****  *
  18:Drivers/CMSIS/Include/cmsis_gcc.h ****  * Unless required by applicable law or agreed to in writing, software
  19:Drivers/CMSIS/Include/cmsis_gcc.h ****  * distributed under the License is distributed on an AS IS BASIS, WITHOUT
  20:Drivers/CMSIS/Include/cmsis_gcc.h ****  * WARRANTIES OR CONDITIONS OF ANY KIND, either express or implied.
  21:Drivers/CMSIS/Include/cmsis_gcc.h ****  * See the License for the specific language governing permissions and
  22:Drivers/CMSIS/Include/cmsis_gcc.h ****  * limitations under the License.
  23:Drivers/CMSIS/Include/cmsis_gcc.h ****  */
  24:Drivers/CMSIS/Include/cmsis_gcc.h **** 
  25:Drivers/CMSIS/Include/cmsis_gcc.h **** #ifndef __CMSIS_GCC_H
  26:Drivers/CMSIS/Include/cmsis_gcc.h **** #define __CMSIS_GCC_H
  27:Drivers/CMSIS/Include/cmsis_gcc.h **** 
  28:Drivers/CMSIS/Include/cmsis_gcc.h **** /* ignore some GCC warnings */
  29:Drivers/CMSIS/Include/cmsis_gcc.h **** #pragma GCC diagnostic push
  30:Drivers/CMSIS/Include/cmsis_gcc.h **** #pragma GCC diagnostic ignored "-Wsign-conversion"
  31:Drivers/CMSIS/Include/cmsis_gcc.h **** #pragma GCC diagnostic ignored "-Wconversion"
  32:Drivers/CMSIS/Include/cmsis_gcc.h **** #pragma GCC diagnostic ignored "-Wunused-parameter"
  33:Drivers/CMSIS/Include/cmsis_gcc.h **** 
  34:Drivers/CMSIS/Include/cmsis_gcc.h **** /* Fallback for __has_builtin */
  35:Drivers/CMSIS/Include/cmsis_gcc.h **** #ifndef __has_builtin
  36:Drivers/CMSIS/Include/cmsis_gcc.h ****   #define __has_builtin(x) (0)
  37:Drivers/CMSIS/Include/cmsis_gcc.h **** #endif
  38:Drivers/CMSIS/Include/cmsis_gcc.h **** 
  39:Drivers/CMSIS/Include/cmsis_gcc.h **** /* CMSIS compiler specific defines */
  40:Drivers/CMSIS/Include/cmsis_gcc.h **** #ifndef   __ASM
  41:Drivers/CMSIS/Include/cmsis_gcc.h ****   #define __ASM                                  __asm
  42:Drivers/CMSIS/Include/cmsis_gcc.h **** #endif
  43:Drivers/CMSIS/Include/cmsis_gcc.h **** #ifndef   __INLINE
  44:Drivers/CMSIS/Include/cmsis_gcc.h ****   #define __INLINE                               inline
  45:Drivers/CMSIS/Include/cmsis_gcc.h **** #endif
  46:Drivers/CMSIS/Include/cmsis_gcc.h **** #ifndef   __STATIC_INLINE
  47:Drivers/CMSIS/Include/cmsis_gcc.h ****   #define __STATIC_INLINE                        static inline
  48:Drivers/CMSIS/Include/cmsis_gcc.h **** #endif
ARM GAS  C:\Users\84759\AppData\Local\Temp\cc4mNoCe.s 			page 17


  49:Drivers/CMSIS/Include/cmsis_gcc.h **** #ifndef   __STATIC_FORCEINLINE                 
  50:Drivers/CMSIS/Include/cmsis_gcc.h ****   #define __STATIC_FORCEINLINE                   __attribute__((always_inline)) static inline
  51:Drivers/CMSIS/Include/cmsis_gcc.h **** #endif                                           
  52:Drivers/CMSIS/Include/cmsis_gcc.h **** #ifndef   __NO_RETURN
  53:Drivers/CMSIS/Include/cmsis_gcc.h ****   #define __NO_RETURN                            __attribute__((__noreturn__))
  54:Drivers/CMSIS/Include/cmsis_gcc.h **** #endif
  55:Drivers/CMSIS/Include/cmsis_gcc.h **** #ifndef   __USED
  56:Drivers/CMSIS/Include/cmsis_gcc.h ****   #define __USED                                 __attribute__((used))
  57:Drivers/CMSIS/Include/cmsis_gcc.h **** #endif
  58:Drivers/CMSIS/Include/cmsis_gcc.h **** #ifndef   __WEAK
  59:Drivers/CMSIS/Include/cmsis_gcc.h ****   #define __WEAK                                 __attribute__((weak))
  60:Drivers/CMSIS/Include/cmsis_gcc.h **** #endif
  61:Drivers/CMSIS/Include/cmsis_gcc.h **** #ifndef   __PACKED
  62:Drivers/CMSIS/Include/cmsis_gcc.h ****   #define __PACKED                               __attribute__((packed, aligned(1)))
  63:Drivers/CMSIS/Include/cmsis_gcc.h **** #endif
  64:Drivers/CMSIS/Include/cmsis_gcc.h **** #ifndef   __PACKED_STRUCT
  65:Drivers/CMSIS/Include/cmsis_gcc.h ****   #define __PACKED_STRUCT                        struct __attribute__((packed, aligned(1)))
  66:Drivers/CMSIS/Include/cmsis_gcc.h **** #endif
  67:Drivers/CMSIS/Include/cmsis_gcc.h **** #ifndef   __PACKED_UNION
  68:Drivers/CMSIS/Include/cmsis_gcc.h ****   #define __PACKED_UNION                         union __attribute__((packed, aligned(1)))
  69:Drivers/CMSIS/Include/cmsis_gcc.h **** #endif
  70:Drivers/CMSIS/Include/cmsis_gcc.h **** #ifndef   __UNALIGNED_UINT32        /* deprecated */
  71:Drivers/CMSIS/Include/cmsis_gcc.h ****   #pragma GCC diagnostic push
  72:Drivers/CMSIS/Include/cmsis_gcc.h ****   #pragma GCC diagnostic ignored "-Wpacked"
  73:Drivers/CMSIS/Include/cmsis_gcc.h ****   #pragma GCC diagnostic ignored "-Wattributes"
  74:Drivers/CMSIS/Include/cmsis_gcc.h ****   struct __attribute__((packed)) T_UINT32 { uint32_t v; };
  75:Drivers/CMSIS/Include/cmsis_gcc.h ****   #pragma GCC diagnostic pop
  76:Drivers/CMSIS/Include/cmsis_gcc.h ****   #define __UNALIGNED_UINT32(x)                  (((struct T_UINT32 *)(x))->v)
  77:Drivers/CMSIS/Include/cmsis_gcc.h **** #endif
  78:Drivers/CMSIS/Include/cmsis_gcc.h **** #ifndef   __UNALIGNED_UINT16_WRITE
  79:Drivers/CMSIS/Include/cmsis_gcc.h ****   #pragma GCC diagnostic push
  80:Drivers/CMSIS/Include/cmsis_gcc.h ****   #pragma GCC diagnostic ignored "-Wpacked"
  81:Drivers/CMSIS/Include/cmsis_gcc.h ****   #pragma GCC diagnostic ignored "-Wattributes"
  82:Drivers/CMSIS/Include/cmsis_gcc.h ****   __PACKED_STRUCT T_UINT16_WRITE { uint16_t v; };
  83:Drivers/CMSIS/Include/cmsis_gcc.h ****   #pragma GCC diagnostic pop
  84:Drivers/CMSIS/Include/cmsis_gcc.h ****   #define __UNALIGNED_UINT16_WRITE(addr, val)    (void)((((struct T_UINT16_WRITE *)(void *)(addr))-
  85:Drivers/CMSIS/Include/cmsis_gcc.h **** #endif
  86:Drivers/CMSIS/Include/cmsis_gcc.h **** #ifndef   __UNALIGNED_UINT16_READ
  87:Drivers/CMSIS/Include/cmsis_gcc.h ****   #pragma GCC diagnostic push
  88:Drivers/CMSIS/Include/cmsis_gcc.h ****   #pragma GCC diagnostic ignored "-Wpacked"
  89:Drivers/CMSIS/Include/cmsis_gcc.h ****   #pragma GCC diagnostic ignored "-Wattributes"
  90:Drivers/CMSIS/Include/cmsis_gcc.h ****   __PACKED_STRUCT T_UINT16_READ { uint16_t v; };
  91:Drivers/CMSIS/Include/cmsis_gcc.h ****   #pragma GCC diagnostic pop
  92:Drivers/CMSIS/Include/cmsis_gcc.h ****   #define __UNALIGNED_UINT16_READ(addr)          (((const struct T_UINT16_READ *)(const void *)(add
  93:Drivers/CMSIS/Include/cmsis_gcc.h **** #endif
  94:Drivers/CMSIS/Include/cmsis_gcc.h **** #ifndef   __UNALIGNED_UINT32_WRITE
  95:Drivers/CMSIS/Include/cmsis_gcc.h ****   #pragma GCC diagnostic push
  96:Drivers/CMSIS/Include/cmsis_gcc.h ****   #pragma GCC diagnostic ignored "-Wpacked"
  97:Drivers/CMSIS/Include/cmsis_gcc.h ****   #pragma GCC diagnostic ignored "-Wattributes"
  98:Drivers/CMSIS/Include/cmsis_gcc.h ****   __PACKED_STRUCT T_UINT32_WRITE { uint32_t v; };
  99:Drivers/CMSIS/Include/cmsis_gcc.h ****   #pragma GCC diagnostic pop
 100:Drivers/CMSIS/Include/cmsis_gcc.h ****   #define __UNALIGNED_UINT32_WRITE(addr, val)    (void)((((struct T_UINT32_WRITE *)(void *)(addr))-
 101:Drivers/CMSIS/Include/cmsis_gcc.h **** #endif
 102:Drivers/CMSIS/Include/cmsis_gcc.h **** #ifndef   __UNALIGNED_UINT32_READ
 103:Drivers/CMSIS/Include/cmsis_gcc.h ****   #pragma GCC diagnostic push
 104:Drivers/CMSIS/Include/cmsis_gcc.h ****   #pragma GCC diagnostic ignored "-Wpacked"
 105:Drivers/CMSIS/Include/cmsis_gcc.h ****   #pragma GCC diagnostic ignored "-Wattributes"
ARM GAS  C:\Users\84759\AppData\Local\Temp\cc4mNoCe.s 			page 18


 106:Drivers/CMSIS/Include/cmsis_gcc.h ****   __PACKED_STRUCT T_UINT32_READ { uint32_t v; };
 107:Drivers/CMSIS/Include/cmsis_gcc.h ****   #pragma GCC diagnostic pop
 108:Drivers/CMSIS/Include/cmsis_gcc.h ****   #define __UNALIGNED_UINT32_READ(addr)          (((const struct T_UINT32_READ *)(const void *)(add
 109:Drivers/CMSIS/Include/cmsis_gcc.h **** #endif
 110:Drivers/CMSIS/Include/cmsis_gcc.h **** #ifndef   __ALIGNED
 111:Drivers/CMSIS/Include/cmsis_gcc.h ****   #define __ALIGNED(x)                           __attribute__((aligned(x)))
 112:Drivers/CMSIS/Include/cmsis_gcc.h **** #endif
 113:Drivers/CMSIS/Include/cmsis_gcc.h **** #ifndef   __RESTRICT
 114:Drivers/CMSIS/Include/cmsis_gcc.h ****   #define __RESTRICT                             __restrict
 115:Drivers/CMSIS/Include/cmsis_gcc.h **** #endif
 116:Drivers/CMSIS/Include/cmsis_gcc.h **** 
 117:Drivers/CMSIS/Include/cmsis_gcc.h **** 
 118:Drivers/CMSIS/Include/cmsis_gcc.h **** /* ###########################  Core Function Access  ########################### */
 119:Drivers/CMSIS/Include/cmsis_gcc.h **** /** \ingroup  CMSIS_Core_FunctionInterface
 120:Drivers/CMSIS/Include/cmsis_gcc.h ****     \defgroup CMSIS_Core_RegAccFunctions CMSIS Core Register Access Functions
 121:Drivers/CMSIS/Include/cmsis_gcc.h ****   @{
 122:Drivers/CMSIS/Include/cmsis_gcc.h ****  */
 123:Drivers/CMSIS/Include/cmsis_gcc.h **** 
 124:Drivers/CMSIS/Include/cmsis_gcc.h **** /**
 125:Drivers/CMSIS/Include/cmsis_gcc.h ****   \brief   Enable IRQ Interrupts
 126:Drivers/CMSIS/Include/cmsis_gcc.h ****   \details Enables IRQ interrupts by clearing the I-bit in the CPSR.
 127:Drivers/CMSIS/Include/cmsis_gcc.h ****            Can only be executed in Privileged modes.
 128:Drivers/CMSIS/Include/cmsis_gcc.h ****  */
 129:Drivers/CMSIS/Include/cmsis_gcc.h **** __STATIC_FORCEINLINE void __enable_irq(void)
 130:Drivers/CMSIS/Include/cmsis_gcc.h **** {
 131:Drivers/CMSIS/Include/cmsis_gcc.h ****   __ASM volatile ("cpsie i" : : : "memory");
 132:Drivers/CMSIS/Include/cmsis_gcc.h **** }
 133:Drivers/CMSIS/Include/cmsis_gcc.h **** 
 134:Drivers/CMSIS/Include/cmsis_gcc.h **** 
 135:Drivers/CMSIS/Include/cmsis_gcc.h **** /**
 136:Drivers/CMSIS/Include/cmsis_gcc.h ****   \brief   Disable IRQ Interrupts
 137:Drivers/CMSIS/Include/cmsis_gcc.h ****   \details Disables IRQ interrupts by setting the I-bit in the CPSR.
 138:Drivers/CMSIS/Include/cmsis_gcc.h ****            Can only be executed in Privileged modes.
 139:Drivers/CMSIS/Include/cmsis_gcc.h ****  */
 140:Drivers/CMSIS/Include/cmsis_gcc.h **** __STATIC_FORCEINLINE void __disable_irq(void)
 539              		.loc 2 140 27 view .LVU99
 540              	.LBB5:
 141:Drivers/CMSIS/Include/cmsis_gcc.h **** {
 142:Drivers/CMSIS/Include/cmsis_gcc.h ****   __ASM volatile ("cpsid i" : : : "memory");
 541              		.loc 2 142 3 view .LVU100
 542              		.syntax unified
 543              	@ 142 "Drivers/CMSIS/Include/cmsis_gcc.h" 1
 544 0000 72B6     		cpsid i
 545              	@ 0 "" 2
 546              		.thumb
 547              		.syntax unified
 548              	.L14:
 549              	.LBE5:
 550              	.LBE4:
 298:Core/Src/main.c ****   while (1)
 551              		.loc 1 298 3 discriminator 1 view .LVU101
 299:Core/Src/main.c ****   {
 300:Core/Src/main.c ****   }
 552              		.loc 1 300 3 discriminator 1 view .LVU102
 298:Core/Src/main.c ****   while (1)
 553              		.loc 1 298 9 discriminator 1 view .LVU103
 554 0002 FEE7     		b	.L14
ARM GAS  C:\Users\84759\AppData\Local\Temp\cc4mNoCe.s 			page 19


 555              		.cfi_endproc
 556              	.LFE72:
 558              		.section	.text.SystemClock_Config,"ax",%progbits
 559              		.align	1
 560              		.global	SystemClock_Config
 561              		.syntax unified
 562              		.thumb
 563              		.thumb_func
 565              	SystemClock_Config:
 566              	.LFB69:
 134:Core/Src/main.c ****   RCC_OscInitTypeDef RCC_OscInitStruct = {0};
 567              		.loc 1 134 1 view -0
 568              		.cfi_startproc
 569              		@ args = 0, pretend = 0, frame = 88
 570              		@ frame_needed = 0, uses_anonymous_args = 0
 571 0000 00B5     		push	{lr}
 572              	.LCFI6:
 573              		.cfi_def_cfa_offset 4
 574              		.cfi_offset 14, -4
 575 0002 97B0     		sub	sp, sp, #92
 576              	.LCFI7:
 577              		.cfi_def_cfa_offset 96
 135:Core/Src/main.c ****   RCC_ClkInitTypeDef RCC_ClkInitStruct = {0};
 578              		.loc 1 135 3 view .LVU105
 135:Core/Src/main.c ****   RCC_ClkInitTypeDef RCC_ClkInitStruct = {0};
 579              		.loc 1 135 22 is_stmt 0 view .LVU106
 580 0004 2822     		movs	r2, #40
 581 0006 0021     		movs	r1, #0
 582 0008 0CA8     		add	r0, sp, #48
 583 000a FFF7FEFF 		bl	memset
 584              	.LVL64:
 136:Core/Src/main.c ****   RCC_PeriphCLKInitTypeDef PeriphClkInit = {0};
 585              		.loc 1 136 3 is_stmt 1 view .LVU107
 136:Core/Src/main.c ****   RCC_PeriphCLKInitTypeDef PeriphClkInit = {0};
 586              		.loc 1 136 22 is_stmt 0 view .LVU108
 587 000e 0023     		movs	r3, #0
 588 0010 0793     		str	r3, [sp, #28]
 589 0012 0893     		str	r3, [sp, #32]
 590 0014 0993     		str	r3, [sp, #36]
 591 0016 0A93     		str	r3, [sp, #40]
 592 0018 0B93     		str	r3, [sp, #44]
 137:Core/Src/main.c **** 
 593              		.loc 1 137 3 is_stmt 1 view .LVU109
 137:Core/Src/main.c **** 
 594              		.loc 1 137 28 is_stmt 0 view .LVU110
 595 001a 0193     		str	r3, [sp, #4]
 596 001c 0293     		str	r3, [sp, #8]
 597 001e 0393     		str	r3, [sp, #12]
 598 0020 0493     		str	r3, [sp, #16]
 599 0022 0593     		str	r3, [sp, #20]
 600 0024 0693     		str	r3, [sp, #24]
 142:Core/Src/main.c ****   RCC_OscInitStruct.HSEState = RCC_HSE_ON;
 601              		.loc 1 142 3 is_stmt 1 view .LVU111
 142:Core/Src/main.c ****   RCC_OscInitStruct.HSEState = RCC_HSE_ON;
 602              		.loc 1 142 36 is_stmt 0 view .LVU112
 603 0026 0923     		movs	r3, #9
 604 0028 0C93     		str	r3, [sp, #48]
ARM GAS  C:\Users\84759\AppData\Local\Temp\cc4mNoCe.s 			page 20


 143:Core/Src/main.c ****   RCC_OscInitStruct.HSEPredivValue = RCC_HSE_PREDIV_DIV1;
 605              		.loc 1 143 3 is_stmt 1 view .LVU113
 143:Core/Src/main.c ****   RCC_OscInitStruct.HSEPredivValue = RCC_HSE_PREDIV_DIV1;
 606              		.loc 1 143 30 is_stmt 0 view .LVU114
 607 002a 4FF48033 		mov	r3, #65536
 608 002e 0D93     		str	r3, [sp, #52]
 144:Core/Src/main.c ****   RCC_OscInitStruct.HSIState = RCC_HSI_ON;
 609              		.loc 1 144 3 is_stmt 1 view .LVU115
 145:Core/Src/main.c ****   RCC_OscInitStruct.LSIState = RCC_LSI_ON;
 610              		.loc 1 145 3 view .LVU116
 145:Core/Src/main.c ****   RCC_OscInitStruct.LSIState = RCC_LSI_ON;
 611              		.loc 1 145 30 is_stmt 0 view .LVU117
 612 0030 0122     		movs	r2, #1
 613 0032 1092     		str	r2, [sp, #64]
 146:Core/Src/main.c ****   RCC_OscInitStruct.PLL.PLLState = RCC_PLL_ON;
 614              		.loc 1 146 3 is_stmt 1 view .LVU118
 146:Core/Src/main.c ****   RCC_OscInitStruct.PLL.PLLState = RCC_PLL_ON;
 615              		.loc 1 146 30 is_stmt 0 view .LVU119
 616 0034 1292     		str	r2, [sp, #72]
 147:Core/Src/main.c ****   RCC_OscInitStruct.PLL.PLLSource = RCC_PLLSOURCE_HSE;
 617              		.loc 1 147 3 is_stmt 1 view .LVU120
 147:Core/Src/main.c ****   RCC_OscInitStruct.PLL.PLLSource = RCC_PLLSOURCE_HSE;
 618              		.loc 1 147 34 is_stmt 0 view .LVU121
 619 0036 0222     		movs	r2, #2
 620 0038 1392     		str	r2, [sp, #76]
 148:Core/Src/main.c ****   RCC_OscInitStruct.PLL.PLLMUL = RCC_PLL_MUL9;
 621              		.loc 1 148 3 is_stmt 1 view .LVU122
 148:Core/Src/main.c ****   RCC_OscInitStruct.PLL.PLLMUL = RCC_PLL_MUL9;
 622              		.loc 1 148 35 is_stmt 0 view .LVU123
 623 003a 1493     		str	r3, [sp, #80]
 149:Core/Src/main.c ****   if (HAL_RCC_OscConfig(&RCC_OscInitStruct) != HAL_OK)
 624              		.loc 1 149 3 is_stmt 1 view .LVU124
 149:Core/Src/main.c ****   if (HAL_RCC_OscConfig(&RCC_OscInitStruct) != HAL_OK)
 625              		.loc 1 149 32 is_stmt 0 view .LVU125
 626 003c 4FF4E013 		mov	r3, #1835008
 627 0040 1593     		str	r3, [sp, #84]
 150:Core/Src/main.c ****   {
 628              		.loc 1 150 3 is_stmt 1 view .LVU126
 150:Core/Src/main.c ****   {
 629              		.loc 1 150 7 is_stmt 0 view .LVU127
 630 0042 0CA8     		add	r0, sp, #48
 631 0044 FFF7FEFF 		bl	HAL_RCC_OscConfig
 632              	.LVL65:
 150:Core/Src/main.c ****   {
 633              		.loc 1 150 6 view .LVU128
 634 0048 C8B9     		cbnz	r0, .L20
 157:Core/Src/main.c ****                               |RCC_CLOCKTYPE_PCLK1|RCC_CLOCKTYPE_PCLK2;
 635              		.loc 1 157 3 is_stmt 1 view .LVU129
 157:Core/Src/main.c ****                               |RCC_CLOCKTYPE_PCLK1|RCC_CLOCKTYPE_PCLK2;
 636              		.loc 1 157 31 is_stmt 0 view .LVU130
 637 004a 0F23     		movs	r3, #15
 638 004c 0793     		str	r3, [sp, #28]
 159:Core/Src/main.c ****   RCC_ClkInitStruct.AHBCLKDivider = RCC_SYSCLK_DIV1;
 639              		.loc 1 159 3 is_stmt 1 view .LVU131
 159:Core/Src/main.c ****   RCC_ClkInitStruct.AHBCLKDivider = RCC_SYSCLK_DIV1;
 640              		.loc 1 159 34 is_stmt 0 view .LVU132
 641 004e 0221     		movs	r1, #2
ARM GAS  C:\Users\84759\AppData\Local\Temp\cc4mNoCe.s 			page 21


 642 0050 0891     		str	r1, [sp, #32]
 160:Core/Src/main.c ****   RCC_ClkInitStruct.APB1CLKDivider = RCC_HCLK_DIV2;
 643              		.loc 1 160 3 is_stmt 1 view .LVU133
 160:Core/Src/main.c ****   RCC_ClkInitStruct.APB1CLKDivider = RCC_HCLK_DIV2;
 644              		.loc 1 160 35 is_stmt 0 view .LVU134
 645 0052 0023     		movs	r3, #0
 646 0054 0993     		str	r3, [sp, #36]
 161:Core/Src/main.c ****   RCC_ClkInitStruct.APB2CLKDivider = RCC_HCLK_DIV1;
 647              		.loc 1 161 3 is_stmt 1 view .LVU135
 161:Core/Src/main.c ****   RCC_ClkInitStruct.APB2CLKDivider = RCC_HCLK_DIV1;
 648              		.loc 1 161 36 is_stmt 0 view .LVU136
 649 0056 4FF48062 		mov	r2, #1024
 650 005a 0A92     		str	r2, [sp, #40]
 162:Core/Src/main.c **** 
 651              		.loc 1 162 3 is_stmt 1 view .LVU137
 162:Core/Src/main.c **** 
 652              		.loc 1 162 36 is_stmt 0 view .LVU138
 653 005c 0B93     		str	r3, [sp, #44]
 164:Core/Src/main.c ****   {
 654              		.loc 1 164 3 is_stmt 1 view .LVU139
 164:Core/Src/main.c ****   {
 655              		.loc 1 164 7 is_stmt 0 view .LVU140
 656 005e 07A8     		add	r0, sp, #28
 657 0060 FFF7FEFF 		bl	HAL_RCC_ClockConfig
 658              	.LVL66:
 164:Core/Src/main.c ****   {
 659              		.loc 1 164 6 view .LVU141
 660 0064 68B9     		cbnz	r0, .L21
 168:Core/Src/main.c ****   PeriphClkInit.RTCClockSelection = RCC_RTCCLKSOURCE_LSI;
 661              		.loc 1 168 3 is_stmt 1 view .LVU142
 168:Core/Src/main.c ****   PeriphClkInit.RTCClockSelection = RCC_RTCCLKSOURCE_LSI;
 662              		.loc 1 168 38 is_stmt 0 view .LVU143
 663 0066 0123     		movs	r3, #1
 664 0068 0193     		str	r3, [sp, #4]
 169:Core/Src/main.c ****   if (HAL_RCCEx_PeriphCLKConfig(&PeriphClkInit) != HAL_OK)
 665              		.loc 1 169 3 is_stmt 1 view .LVU144
 169:Core/Src/main.c ****   if (HAL_RCCEx_PeriphCLKConfig(&PeriphClkInit) != HAL_OK)
 666              		.loc 1 169 35 is_stmt 0 view .LVU145
 667 006a 4FF40073 		mov	r3, #512
 668 006e 0293     		str	r3, [sp, #8]
 170:Core/Src/main.c ****   {
 669              		.loc 1 170 3 is_stmt 1 view .LVU146
 170:Core/Src/main.c ****   {
 670              		.loc 1 170 7 is_stmt 0 view .LVU147
 671 0070 01A8     		add	r0, sp, #4
 672 0072 FFF7FEFF 		bl	HAL_RCCEx_PeriphCLKConfig
 673              	.LVL67:
 170:Core/Src/main.c ****   {
 674              		.loc 1 170 6 view .LVU148
 675 0076 30B9     		cbnz	r0, .L22
 174:Core/Src/main.c **** 
 676              		.loc 1 174 1 view .LVU149
 677 0078 17B0     		add	sp, sp, #92
 678              	.LCFI8:
 679              		.cfi_remember_state
 680              		.cfi_def_cfa_offset 4
 681              		@ sp needed
ARM GAS  C:\Users\84759\AppData\Local\Temp\cc4mNoCe.s 			page 22


 682 007a 5DF804FB 		ldr	pc, [sp], #4
 683              	.L20:
 684              	.LCFI9:
 685              		.cfi_restore_state
 152:Core/Src/main.c ****   }
 686              		.loc 1 152 5 is_stmt 1 view .LVU150
 687 007e FFF7FEFF 		bl	Error_Handler
 688              	.LVL68:
 689              	.L21:
 166:Core/Src/main.c ****   }
 690              		.loc 1 166 5 view .LVU151
 691 0082 FFF7FEFF 		bl	Error_Handler
 692              	.LVL69:
 693              	.L22:
 172:Core/Src/main.c ****   }
 694              		.loc 1 172 5 view .LVU152
 695 0086 FFF7FEFF 		bl	Error_Handler
 696              	.LVL70:
 697              		.cfi_endproc
 698              	.LFE69:
 700              		.section	.rodata.main.str1.4,"aMS",%progbits,1
 701              		.align	2
 702              	.LC9:
 703 0000 0D0A202A 		.ascii	"\015\012 ********** \322\272\276\247\306\301\323\242"
 703      2A2A2A2A 
 703      2A2A2A2A 
 703      2A20D2BA 
 703      BEA7C6C1 
 704 0016 CEC4CFD4 		.ascii	"\316\304\317\324\312\276\263\314\320\362***********"
 704      CABEB3CC 
 704      D0F22A2A 
 704      2A2A2A2A 
 704      2A2A2A2A 
 705 002b 200D00   		.ascii	" \015\000"
 706              		.section	.text.main,"ax",%progbits
 707              		.align	1
 708              		.global	main
 709              		.syntax unified
 710              		.thumb
 711              		.thumb_func
 713              	main:
 714              	.LFB68:
  78:Core/Src/main.c **** 
 715              		.loc 1 78 1 view -0
 716              		.cfi_startproc
 717              		@ Volatile: function does not return.
 718              		@ args = 0, pretend = 0, frame = 0
 719              		@ frame_needed = 0, uses_anonymous_args = 0
 720 0000 08B5     		push	{r3, lr}
 721              	.LCFI10:
 722              		.cfi_def_cfa_offset 8
 723              		.cfi_offset 3, -8
 724              		.cfi_offset 14, -4
  87:Core/Src/main.c **** 
 725              		.loc 1 87 3 view .LVU154
 726 0002 FFF7FEFF 		bl	HAL_Init
 727              	.LVL71:
ARM GAS  C:\Users\84759\AppData\Local\Temp\cc4mNoCe.s 			page 23


  94:Core/Src/main.c **** 
 728              		.loc 1 94 3 view .LVU155
 729 0006 FFF7FEFF 		bl	SystemClock_Config
 730              	.LVL72:
 101:Core/Src/main.c ****   MX_FSMC_Init();
 731              		.loc 1 101 3 view .LVU156
 732 000a FFF7FEFF 		bl	MX_GPIO_Init
 733              	.LVL73:
 102:Core/Src/main.c ****   MX_I2C1_Init();
 734              		.loc 1 102 3 view .LVU157
 735 000e FFF7FEFF 		bl	MX_FSMC_Init
 736              	.LVL74:
 103:Core/Src/main.c ****   MX_RTC_Init();
 737              		.loc 1 103 3 view .LVU158
 738 0012 FFF7FEFF 		bl	MX_I2C1_Init
 739              	.LVL75:
 104:Core/Src/main.c ****   //MX_SPI1_Init();
 740              		.loc 1 104 3 view .LVU159
 741 0016 FFF7FEFF 		bl	MX_RTC_Init
 742              	.LVL76:
 106:Core/Src/main.c ****   /* USER CODE BEGIN 2 */
 743              		.loc 1 106 3 view .LVU160
 744 001a FFF7FEFF 		bl	MX_USART1_UART_Init
 745              	.LVL77:
 108:Core/Src/main.c ****   XPT2046_Init();
 746              		.loc 1 108 3 view .LVU161
 747 001e FFF7FEFF 		bl	ILI9341_Init
 748              	.LVL78:
 109:Core/Src/main.c ****   ILI9341_GramScan( 6 );
 749              		.loc 1 109 3 view .LVU162
 750 0022 FFF7FEFF 		bl	XPT2046_Init
 751              	.LVL79:
 110:Core/Src/main.c ****   printf("\r\n ********** Ňşľ§ĆÁÓ˘ÎÄĎÔĘľłĚĐň*********** \r\n"); 
 752              		.loc 1 110 3 view .LVU163
 753 0026 0620     		movs	r0, #6
 754 0028 FFF7FEFF 		bl	ILI9341_GramScan
 755              	.LVL80:
 111:Core/Src/main.c **** 
 756              		.loc 1 111 3 view .LVU164
 757 002c 0448     		ldr	r0, .L26
 758 002e FFF7FEFF 		bl	puts
 759              	.LVL81:
 114:Core/Src/main.c ****   /* USER CODE END 2 */
 760              		.loc 1 114 2 view .LVU165
 761 0032 044B     		ldr	r3, .L26+4
 762 0034 1878     		ldrb	r0, [r3]	@ zero_extendqisi2
 763 0036 FFF7FEFF 		bl	Palette_Init
 764              	.LVL82:
 765              	.L24:
 119:Core/Src/main.c ****   {
 766              		.loc 1 119 3 discriminator 1 view .LVU166
 122:Core/Src/main.c ****     //XPT2046_TouchEvenHandler();
 767              		.loc 1 122 5 discriminator 1 view .LVU167
 768 003a FFF7FEFF 		bl	LCD_Test
 769              	.LVL83:
 119:Core/Src/main.c ****   {
 770              		.loc 1 119 9 discriminator 1 view .LVU168
ARM GAS  C:\Users\84759\AppData\Local\Temp\cc4mNoCe.s 			page 24


 771 003e FCE7     		b	.L24
 772              	.L27:
 773              		.align	2
 774              	.L26:
 775 0040 00000000 		.word	.LC9
 776 0044 00000000 		.word	LCD_SCAN_MODE
 777              		.cfi_endproc
 778              	.LFE68:
 780              		.section	.bss.testCNT.0,"aw",%nobits
 781              		.set	.LANCHOR0,. + 0
 784              	testCNT.0:
 785 0000 00       		.space	1
 786              		.text
 787              	.Letext0:
 788              		.file 3 "d:\\mingw\\gcc-arm-none-eabi-10.3-2021.10-win32\\gcc-arm-none-eabi-10.3-2021.10\\arm-none
 789              		.file 4 "d:\\mingw\\gcc-arm-none-eabi-10.3-2021.10-win32\\gcc-arm-none-eabi-10.3-2021.10\\arm-none
 790              		.file 5 "Drivers/STM32F1xx_HAL_Driver/Inc/stm32f1xx_hal_rcc.h"
 791              		.file 6 "Drivers/STM32F1xx_HAL_Driver/Inc/stm32f1xx_hal_rcc_ex.h"
 792              		.file 7 "Core/Inc/fonts.h"
 793              		.file 8 "Core/Inc/lcd.h"
 794              		.file 9 "d:\\mingw\\gcc-arm-none-eabi-10.3-2021.10-win32\\gcc-arm-none-eabi-10.3-2021.10\\arm-none
 795              		.file 10 "Drivers/STM32F1xx_HAL_Driver/Inc/stm32f1xx_hal.h"
 796              		.file 11 "Core/Inc/gpio.h"
 797              		.file 12 "Core/Inc/fsmc.h"
 798              		.file 13 "Core/Inc/i2c.h"
 799              		.file 14 "Core/Inc/rtc.h"
 800              		.file 15 "Core/Inc/usart.h"
 801              		.file 16 "Core/Inc/lcd_xpt2046.h"
 802              		.file 17 "<built-in>"
 803              		.file 18 "Core/Inc/palette.h"
 804              		.file 19 "Drivers/STM32F1xx_HAL_Driver/Inc/stm32f1xx_hal_def.h"
ARM GAS  C:\Users\84759\AppData\Local\Temp\cc4mNoCe.s 			page 25


DEFINED SYMBOLS
                            *ABS*:00000000 main.c
C:\Users\84759\AppData\Local\Temp\cc4mNoCe.s:18     .text.Delay:00000000 $t
C:\Users\84759\AppData\Local\Temp\cc4mNoCe.s:23     .text.Delay:00000000 Delay
C:\Users\84759\AppData\Local\Temp\cc4mNoCe.s:63     .rodata.LCD_Test.str1.4:00000000 $d
C:\Users\84759\AppData\Local\Temp\cc4mNoCe.s:91     .text.LCD_Test:00000000 $t
C:\Users\84759\AppData\Local\Temp\cc4mNoCe.s:96     .text.LCD_Test:00000000 LCD_Test
C:\Users\84759\AppData\Local\Temp\cc4mNoCe.s:501    .text.LCD_Test:00000268 $d
C:\Users\84759\AppData\Local\Temp\cc4mNoCe.s:521    .text.Error_Handler:00000000 $t
C:\Users\84759\AppData\Local\Temp\cc4mNoCe.s:527    .text.Error_Handler:00000000 Error_Handler
C:\Users\84759\AppData\Local\Temp\cc4mNoCe.s:559    .text.SystemClock_Config:00000000 $t
C:\Users\84759\AppData\Local\Temp\cc4mNoCe.s:565    .text.SystemClock_Config:00000000 SystemClock_Config
C:\Users\84759\AppData\Local\Temp\cc4mNoCe.s:701    .rodata.main.str1.4:00000000 $d
C:\Users\84759\AppData\Local\Temp\cc4mNoCe.s:707    .text.main:00000000 $t
C:\Users\84759\AppData\Local\Temp\cc4mNoCe.s:713    .text.main:00000000 main
C:\Users\84759\AppData\Local\Temp\cc4mNoCe.s:775    .text.main:00000040 $d
C:\Users\84759\AppData\Local\Temp\cc4mNoCe.s:784    .bss.testCNT.0:00000000 testCNT.0
C:\Users\84759\AppData\Local\Temp\cc4mNoCe.s:785    .bss.testCNT.0:00000000 $d

UNDEFINED SYMBOLS
LCD_SetFont
LCD_SetColors
ILI9341_Clear
LCD_GetFont
ILI9341_DispStringLine_EN
LCD_SetTextColor
sprintf
LCD_ClearLine
ILI9341_DrawLine
ILI9341_DrawRectangle
ILI9341_DrawCircle
Font8x16
LCD_Y_LENGTH
LCD_X_LENGTH
lcdid
Font16x24
Font24x32
memset
HAL_RCC_OscConfig
HAL_RCC_ClockConfig
HAL_RCCEx_PeriphCLKConfig
HAL_Init
MX_GPIO_Init
MX_FSMC_Init
MX_I2C1_Init
MX_RTC_Init
MX_USART1_UART_Init
ILI9341_Init
XPT2046_Init
ILI9341_GramScan
puts
Palette_Init
LCD_SCAN_MODE
