ARM GAS  C:\Users\86158\AppData\Local\Temp\ccYHI17j.s 			page 1


   1              		.cpu cortex-m4
   2              		.arch armv7e-m
   3              		.fpu fpv4-sp-d16
   4              		.eabi_attribute 27, 1
   5              		.eabi_attribute 28, 1
   6              		.eabi_attribute 20, 1
   7              		.eabi_attribute 21, 1
   8              		.eabi_attribute 23, 3
   9              		.eabi_attribute 24, 1
  10              		.eabi_attribute 25, 1
  11              		.eabi_attribute 26, 1
  12              		.eabi_attribute 30, 1
  13              		.eabi_attribute 34, 1
  14              		.eabi_attribute 18, 4
  15              		.file	"sd2506.c"
  16              		.text
  17              	.Ltext0:
  18              		.cfi_sections	.debug_frame
  19              		.section	.text.rtc_write_lock_on,"ax",%progbits
  20              		.align	1
  21              		.global	rtc_write_lock_on
  22              		.syntax unified
  23              		.thumb
  24              		.thumb_func
  26              	rtc_write_lock_on:
  27              	.LFB235:
  28              		.file 1 "Device/Src/sd2506.c"
   1:Device/Src/sd2506.c **** #include "main.h"
   2:Device/Src/sd2506.c **** #include "sd2506.h"
   3:Device/Src/sd2506.c **** #include <string.h>
   4:Device/Src/sd2506.c **** #include "soft_i2c.h"
   5:Device/Src/sd2506.c **** 
   6:Device/Src/sd2506.c **** 
   7:Device/Src/sd2506.c **** uint8_t rtc_write_lock_on(void)
   8:Device/Src/sd2506.c **** {		
  29              		.loc 1 8 1 view -0
  30              		.cfi_startproc
  31              		@ args = 0, pretend = 0, frame = 8
  32              		@ frame_needed = 0, uses_anonymous_args = 0
  33 0000 10B5     		push	{r4, lr}
  34              	.LCFI0:
  35              		.cfi_def_cfa_offset 8
  36              		.cfi_offset 4, -8
  37              		.cfi_offset 14, -4
  38 0002 82B0     		sub	sp, sp, #8
  39              	.LCFI1:
  40              		.cfi_def_cfa_offset 16
   9:Device/Src/sd2506.c ****     uint8_t buffer;
  41              		.loc 1 9 5 view .LVU1
  10:Device/Src/sd2506.c ****     buffer = 0x80;
  42              		.loc 1 10 5 view .LVU2
  43              		.loc 1 10 12 is_stmt 0 view .LVU3
  44 0004 8023     		movs	r3, #128
  45 0006 8DF80730 		strb	r3, [sp, #7]
  11:Device/Src/sd2506.c ****     if (i2c_write_multi_bytes(0x64, 0x10, &buffer, 1) != I2C_OK) {return I2C_NO_ACK;}
  46              		.loc 1 11 5 is_stmt 1 view .LVU4
  47              		.loc 1 11 9 is_stmt 0 view .LVU5
ARM GAS  C:\Users\86158\AppData\Local\Temp\ccYHI17j.s 			page 2


  48 000a 0123     		movs	r3, #1
  49 000c 0DF10702 		add	r2, sp, #7
  50 0010 1021     		movs	r1, #16
  51 0012 6420     		movs	r0, #100
  52 0014 FFF7FEFF 		bl	i2c_write_multi_bytes
  53              	.LVL0:
  54              		.loc 1 11 8 view .LVU6
  55 0018 68B9     		cbnz	r0, .L3
  56 001a 0446     		mov	r4, r0
  12:Device/Src/sd2506.c ****     buffer = 0xff;
  57              		.loc 1 12 5 is_stmt 1 view .LVU7
  58              		.loc 1 12 12 is_stmt 0 view .LVU8
  59 001c FF23     		movs	r3, #255
  60 001e 8DF80730 		strb	r3, [sp, #7]
  13:Device/Src/sd2506.c ****     i2c_write_multi_bytes(0x64, 0x0f, &buffer, 1);
  61              		.loc 1 13 5 is_stmt 1 view .LVU9
  62 0022 0123     		movs	r3, #1
  63 0024 0DF10702 		add	r2, sp, #7
  64 0028 0F21     		movs	r1, #15
  65 002a 6420     		movs	r0, #100
  66 002c FFF7FEFF 		bl	i2c_write_multi_bytes
  67              	.LVL1:
  14:Device/Src/sd2506.c ****     return	I2C_OK;
  68              		.loc 1 14 5 view .LVU10
  69              	.L2:
  15:Device/Src/sd2506.c **** }
  70              		.loc 1 15 1 is_stmt 0 view .LVU11
  71 0030 2046     		mov	r0, r4
  72 0032 02B0     		add	sp, sp, #8
  73              	.LCFI2:
  74              		.cfi_remember_state
  75              		.cfi_def_cfa_offset 8
  76              		@ sp needed
  77 0034 10BD     		pop	{r4, pc}
  78              	.L3:
  79              	.LCFI3:
  80              		.cfi_restore_state
  11:Device/Src/sd2506.c ****     buffer = 0xff;
  81              		.loc 1 11 74 view .LVU12
  82 0036 0224     		movs	r4, #2
  83 0038 FAE7     		b	.L2
  84              		.cfi_endproc
  85              	.LFE235:
  87              		.section	.text.rtc_write_lock_off,"ax",%progbits
  88              		.align	1
  89              		.global	rtc_write_lock_off
  90              		.syntax unified
  91              		.thumb
  92              		.thumb_func
  94              	rtc_write_lock_off:
  95              	.LFB236:
  16:Device/Src/sd2506.c **** 
  17:Device/Src/sd2506.c **** uint8_t rtc_write_lock_off(void)
  18:Device/Src/sd2506.c **** {		
  96              		.loc 1 18 1 is_stmt 1 view -0
  97              		.cfi_startproc
  98              		@ args = 0, pretend = 0, frame = 8
ARM GAS  C:\Users\86158\AppData\Local\Temp\ccYHI17j.s 			page 3


  99              		@ frame_needed = 0, uses_anonymous_args = 0
 100 0000 10B5     		push	{r4, lr}
 101              	.LCFI4:
 102              		.cfi_def_cfa_offset 8
 103              		.cfi_offset 4, -8
 104              		.cfi_offset 14, -4
 105 0002 82B0     		sub	sp, sp, #8
 106              	.LCFI5:
 107              		.cfi_def_cfa_offset 16
  19:Device/Src/sd2506.c ****     uint8_t buffer;
 108              		.loc 1 19 5 view .LVU14
  20:Device/Src/sd2506.c ****     buffer = 0x7B;
 109              		.loc 1 20 5 view .LVU15
 110              		.loc 1 20 12 is_stmt 0 view .LVU16
 111 0004 7B23     		movs	r3, #123
 112 0006 8DF80730 		strb	r3, [sp, #7]
  21:Device/Src/sd2506.c ****     if (i2c_write_multi_bytes(0x64, 0x0f, &buffer, 1) != I2C_OK) {return I2C_NO_ACK;}
 113              		.loc 1 21 5 is_stmt 1 view .LVU17
 114              		.loc 1 21 9 is_stmt 0 view .LVU18
 115 000a 0123     		movs	r3, #1
 116 000c 0DF10702 		add	r2, sp, #7
 117 0010 0F21     		movs	r1, #15
 118 0012 6420     		movs	r0, #100
 119 0014 FFF7FEFF 		bl	i2c_write_multi_bytes
 120              	.LVL2:
 121              		.loc 1 21 8 view .LVU19
 122 0018 68B9     		cbnz	r0, .L7
 123 001a 0446     		mov	r4, r0
  22:Device/Src/sd2506.c ****     buffer = 0x0;
 124              		.loc 1 22 5 is_stmt 1 view .LVU20
 125              		.loc 1 22 12 is_stmt 0 view .LVU21
 126 001c 0023     		movs	r3, #0
 127 001e 8DF80730 		strb	r3, [sp, #7]
  23:Device/Src/sd2506.c ****     i2c_write_multi_bytes(0x64, 0x10, &buffer, 1);
 128              		.loc 1 23 5 is_stmt 1 view .LVU22
 129 0022 0123     		movs	r3, #1
 130 0024 0DF10702 		add	r2, sp, #7
 131 0028 1021     		movs	r1, #16
 132 002a 6420     		movs	r0, #100
 133 002c FFF7FEFF 		bl	i2c_write_multi_bytes
 134              	.LVL3:
  24:Device/Src/sd2506.c ****     return	I2C_OK;
 135              		.loc 1 24 5 view .LVU23
 136              	.L6:
  25:Device/Src/sd2506.c **** }
 137              		.loc 1 25 1 is_stmt 0 view .LVU24
 138 0030 2046     		mov	r0, r4
 139 0032 02B0     		add	sp, sp, #8
 140              	.LCFI6:
 141              		.cfi_remember_state
 142              		.cfi_def_cfa_offset 8
 143              		@ sp needed
 144 0034 10BD     		pop	{r4, pc}
 145              	.L7:
 146              	.LCFI7:
 147              		.cfi_restore_state
  21:Device/Src/sd2506.c ****     buffer = 0x0;
ARM GAS  C:\Users\86158\AppData\Local\Temp\ccYHI17j.s 			page 4


 148              		.loc 1 21 74 view .LVU25
 149 0036 0224     		movs	r4, #2
 150 0038 FAE7     		b	.L6
 151              		.cfi_endproc
 152              	.LFE236:
 154              		.section	.text.rtc_read_temp,"ax",%progbits
 155              		.align	1
 156              		.global	rtc_read_temp
 157              		.syntax unified
 158              		.thumb
 159              		.thumb_func
 161              	rtc_read_temp:
 162              	.LVL4:
 163              	.LFB237:
  26:Device/Src/sd2506.c **** 
  27:Device/Src/sd2506.c **** uint8_t rtc_read_temp(uint8_t* temp)
  28:Device/Src/sd2506.c **** {
 164              		.loc 1 28 1 is_stmt 1 view -0
 165              		.cfi_startproc
 166              		@ args = 0, pretend = 0, frame = 8
 167              		@ frame_needed = 0, uses_anonymous_args = 0
 168              		.loc 1 28 1 is_stmt 0 view .LVU27
 169 0000 70B5     		push	{r4, r5, r6, lr}
 170              	.LCFI8:
 171              		.cfi_def_cfa_offset 16
 172              		.cfi_offset 4, -16
 173              		.cfi_offset 5, -12
 174              		.cfi_offset 6, -8
 175              		.cfi_offset 14, -4
 176 0002 82B0     		sub	sp, sp, #8
 177              	.LCFI9:
 178              		.cfi_def_cfa_offset 24
 179 0004 0646     		mov	r6, r0
  29:Device/Src/sd2506.c **** 	uint8_t time = 20;
 180              		.loc 1 29 2 is_stmt 1 view .LVU28
 181              	.LVL5:
  30:Device/Src/sd2506.c **** 	uint8_t buffer = 0;
 182              		.loc 1 30 2 view .LVU29
 183              		.loc 1 30 10 is_stmt 0 view .LVU30
 184 0006 0023     		movs	r3, #0
 185 0008 8DF80730 		strb	r3, [sp, #7]
  31:Device/Src/sd2506.c **** 
  32:Device/Src/sd2506.c **** 
  33:Device/Src/sd2506.c **** 	if(rtc_write_lock_on() != I2C_OK)
 186              		.loc 1 33 2 is_stmt 1 view .LVU31
 187              		.loc 1 33 5 is_stmt 0 view .LVU32
 188 000c FFF7FEFF 		bl	rtc_write_lock_on
 189              	.LVL6:
 190              		.loc 1 33 4 view .LVU33
 191 0010 70BB     		cbnz	r0, .L13
  34:Device/Src/sd2506.c **** 		return I2C_NO_ACK;
  35:Device/Src/sd2506.c **** 	
  36:Device/Src/sd2506.c ****     buffer = 0x10;
 192              		.loc 1 36 5 is_stmt 1 view .LVU34
 193              		.loc 1 36 12 is_stmt 0 view .LVU35
 194 0012 1023     		movs	r3, #16
 195 0014 8DF80730 		strb	r3, [sp, #7]
ARM GAS  C:\Users\86158\AppData\Local\Temp\ccYHI17j.s 			page 5


  37:Device/Src/sd2506.c ****     if (i2c_write_multi_bytes(RTC_3078_ADDRESS, 0x17, &buffer, 1) != I2C_OK) 
 196              		.loc 1 37 5 is_stmt 1 view .LVU36
 197              		.loc 1 37 9 is_stmt 0 view .LVU37
 198 0018 0123     		movs	r3, #1
 199 001a 0DF10702 		add	r2, sp, #7
 200 001e 1721     		movs	r1, #23
 201 0020 6420     		movs	r0, #100
 202 0022 FFF7FEFF 		bl	i2c_write_multi_bytes
 203              	.LVL7:
 204              		.loc 1 37 8 view .LVU38
 205 0026 38BB     		cbnz	r0, .L14
  38:Device/Src/sd2506.c **** 		return I2C_NO_ACK;
  39:Device/Src/sd2506.c **** 	
  40:Device/Src/sd2506.c **** 	if(rtc_write_lock_off() != I2C_OK)
 206              		.loc 1 40 2 is_stmt 1 view .LVU39
 207              		.loc 1 40 5 is_stmt 0 view .LVU40
 208 0028 FFF7FEFF 		bl	rtc_write_lock_off
 209              	.LVL8:
 210              		.loc 1 40 4 view .LVU41
 211 002c 30BB     		cbnz	r0, .L15
  29:Device/Src/sd2506.c **** 	uint8_t buffer = 0;
 212              		.loc 1 29 10 view .LVU42
 213 002e 1424     		movs	r4, #20
 214              	.LVL9:
 215              	.L11:
  41:Device/Src/sd2506.c **** 		return I2C_NO_ACK;
  42:Device/Src/sd2506.c **** 	
  43:Device/Src/sd2506.c **** 	while(time --)
 216              		.loc 1 43 7 is_stmt 1 view .LVU43
 217 0030 2346     		mov	r3, r4
 218              		.loc 1 43 13 is_stmt 0 view .LVU44
 219 0032 013C     		subs	r4, r4, #1
 220              	.LVL10:
 221              		.loc 1 43 13 view .LVU45
 222 0034 E4B2     		uxtb	r4, r4
 223              	.LVL11:
 224              		.loc 1 43 7 view .LVU46
 225 0036 CBB1     		cbz	r3, .L17
  44:Device/Src/sd2506.c **** 	{
  45:Device/Src/sd2506.c **** 		HAL_Delay(1);
 226              		.loc 1 45 3 is_stmt 1 view .LVU47
 227 0038 0120     		movs	r0, #1
 228 003a FFF7FEFF 		bl	HAL_Delay
 229              	.LVL12:
  46:Device/Src/sd2506.c **** 		
  47:Device/Src/sd2506.c ****         i2c_read_multi_bytes(RTC_3078_ADDRESS, 0x17, &buffer, 1);
 230              		.loc 1 47 9 view .LVU48
 231 003e 0123     		movs	r3, #1
 232 0040 0DF10702 		add	r2, sp, #7
 233 0044 1721     		movs	r1, #23
 234 0046 6420     		movs	r0, #100
 235 0048 FFF7FEFF 		bl	i2c_read_multi_bytes
 236              	.LVL13:
  48:Device/Src/sd2506.c **** 		if (!(buffer & 0x20)) {
 237              		.loc 1 48 3 view .LVU49
 238              		.loc 1 48 16 is_stmt 0 view .LVU50
 239 004c 9DF80730 		ldrb	r3, [sp, #7]	@ zero_extendqisi2
ARM GAS  C:\Users\86158\AppData\Local\Temp\ccYHI17j.s 			page 6


 240              		.loc 1 48 6 view .LVU51
 241 0050 13F02005 		ands	r5, r3, #32
 242 0054 ECD1     		bne	.L11
  49:Device/Src/sd2506.c ****             i2c_read_multi_bytes(RTC_3078_ADDRESS, 0x16, &buffer, 1);
 243              		.loc 1 49 13 is_stmt 1 view .LVU52
 244 0056 0123     		movs	r3, #1
 245 0058 0DF10702 		add	r2, sp, #7
 246 005c 1621     		movs	r1, #22
 247 005e 6420     		movs	r0, #100
 248 0060 FFF7FEFF 		bl	i2c_read_multi_bytes
 249              	.LVL14:
  50:Device/Src/sd2506.c ****             *temp = buffer;
 250              		.loc 1 50 13 view .LVU53
 251              		.loc 1 50 19 is_stmt 0 view .LVU54
 252 0064 9DF80730 		ldrb	r3, [sp, #7]	@ zero_extendqisi2
 253 0068 3370     		strb	r3, [r6]
  51:Device/Src/sd2506.c ****             return I2C_OK;
 254              		.loc 1 51 13 is_stmt 1 view .LVU55
 255              		.loc 1 51 20 is_stmt 0 view .LVU56
 256 006a 02E0     		b	.L10
 257              	.L17:
  52:Device/Src/sd2506.c ****         }
  53:Device/Src/sd2506.c **** 	}
  54:Device/Src/sd2506.c **** 	
  55:Device/Src/sd2506.c **** 	return I2C_NO_ACK;
 258              		.loc 1 55 9 view .LVU57
 259 006c 0225     		movs	r5, #2
 260 006e 00E0     		b	.L10
 261              	.LVL15:
 262              	.L13:
  34:Device/Src/sd2506.c **** 	
 263              		.loc 1 34 10 view .LVU58
 264 0070 0225     		movs	r5, #2
 265              	.LVL16:
 266              	.L10:
  56:Device/Src/sd2506.c **** }
 267              		.loc 1 56 1 view .LVU59
 268 0072 2846     		mov	r0, r5
 269 0074 02B0     		add	sp, sp, #8
 270              	.LCFI10:
 271              		.cfi_remember_state
 272              		.cfi_def_cfa_offset 16
 273              		@ sp needed
 274 0076 70BD     		pop	{r4, r5, r6, pc}
 275              	.LVL17:
 276              	.L14:
 277              	.LCFI11:
 278              		.cfi_restore_state
  38:Device/Src/sd2506.c **** 	
 279              		.loc 1 38 10 view .LVU60
 280 0078 0225     		movs	r5, #2
 281 007a FAE7     		b	.L10
 282              	.L15:
  41:Device/Src/sd2506.c **** 	
 283              		.loc 1 41 10 view .LVU61
 284 007c 0225     		movs	r5, #2
 285 007e F8E7     		b	.L10
ARM GAS  C:\Users\86158\AppData\Local\Temp\ccYHI17j.s 			page 7


 286              		.cfi_endproc
 287              	.LFE237:
 289              		.section	.text.rtc_set_bat_charge,"ax",%progbits
 290              		.align	1
 291              		.global	rtc_set_bat_charge
 292              		.syntax unified
 293              		.thumb
 294              		.thumb_func
 296              	rtc_set_bat_charge:
 297              	.LVL18:
 298              	.LFB238:
  57:Device/Src/sd2506.c **** 
  58:Device/Src/sd2506.c **** uint8_t rtc_set_bat_charge(uint8_t mode)
  59:Device/Src/sd2506.c **** {
 299              		.loc 1 59 1 is_stmt 1 view -0
 300              		.cfi_startproc
 301              		@ args = 0, pretend = 0, frame = 8
 302              		@ frame_needed = 0, uses_anonymous_args = 0
 303              		.loc 1 59 1 is_stmt 0 view .LVU63
 304 0000 10B5     		push	{r4, lr}
 305              	.LCFI12:
 306              		.cfi_def_cfa_offset 8
 307              		.cfi_offset 4, -8
 308              		.cfi_offset 14, -4
 309 0002 82B0     		sub	sp, sp, #8
 310              	.LCFI13:
 311              		.cfi_def_cfa_offset 16
 312 0004 0446     		mov	r4, r0
  60:Device/Src/sd2506.c **** 	uint8_t buffer = 0;
 313              		.loc 1 60 2 is_stmt 1 view .LVU64
 314              		.loc 1 60 10 is_stmt 0 view .LVU65
 315 0006 0023     		movs	r3, #0
 316 0008 8DF80730 		strb	r3, [sp, #7]
  61:Device/Src/sd2506.c **** 
  62:Device/Src/sd2506.c **** 	if(rtc_write_lock_on() != I2C_OK)
 317              		.loc 1 62 2 is_stmt 1 view .LVU66
 318              		.loc 1 62 5 is_stmt 0 view .LVU67
 319 000c FFF7FEFF 		bl	rtc_write_lock_on
 320              	.LVL19:
 321              		.loc 1 62 4 view .LVU68
 322 0010 A0B9     		cbnz	r0, .L22
  63:Device/Src/sd2506.c **** 		return I2C_NO_ACK;
  64:Device/Src/sd2506.c **** 		
  65:Device/Src/sd2506.c **** 	if (mode == 0) { 
 323              		.loc 1 65 2 is_stmt 1 view .LVU69
 324              		.loc 1 65 5 is_stmt 0 view .LVU70
 325 0012 7CB9     		cbnz	r4, .L20
  66:Device/Src/sd2506.c **** 		buffer = 0x00; 
 326              		.loc 1 66 3 is_stmt 1 view .LVU71
 327              		.loc 1 66 10 is_stmt 0 view .LVU72
 328 0014 0023     		movs	r3, #0
 329 0016 8DF80730 		strb	r3, [sp, #7]
 330              	.L21:
  67:Device/Src/sd2506.c **** 	} else {
  68:Device/Src/sd2506.c **** 		buffer = 0x82;
  69:Device/Src/sd2506.c **** 	}
  70:Device/Src/sd2506.c ****     if (i2c_write_multi_bytes(RTC_3078_ADDRESS, 0x18, &buffer, 1) != I2C_OK) 
ARM GAS  C:\Users\86158\AppData\Local\Temp\ccYHI17j.s 			page 8


 331              		.loc 1 70 5 is_stmt 1 view .LVU73
 332              		.loc 1 70 9 is_stmt 0 view .LVU74
 333 001a 0123     		movs	r3, #1
 334 001c 0DF10702 		add	r2, sp, #7
 335 0020 1821     		movs	r1, #24
 336 0022 6420     		movs	r0, #100
 337 0024 FFF7FEFF 		bl	i2c_write_multi_bytes
 338              	.LVL20:
 339              		.loc 1 70 8 view .LVU75
 340 0028 50B9     		cbnz	r0, .L23
  71:Device/Src/sd2506.c **** 		return I2C_NO_ACK;
  72:Device/Src/sd2506.c **** 	
  73:Device/Src/sd2506.c **** 	if(rtc_write_lock_off() != I2C_OK)
 341              		.loc 1 73 2 is_stmt 1 view .LVU76
 342              		.loc 1 73 5 is_stmt 0 view .LVU77
 343 002a FFF7FEFF 		bl	rtc_write_lock_off
 344              	.LVL21:
 345              		.loc 1 73 4 view .LVU78
 346 002e 48B9     		cbnz	r0, .L26
 347              	.L19:
  74:Device/Src/sd2506.c **** 		return I2C_NO_ACK;
  75:Device/Src/sd2506.c **** 	
  76:Device/Src/sd2506.c **** 	return I2C_OK;
  77:Device/Src/sd2506.c **** }
 348              		.loc 1 77 1 view .LVU79
 349 0030 02B0     		add	sp, sp, #8
 350              	.LCFI14:
 351              		.cfi_remember_state
 352              		.cfi_def_cfa_offset 8
 353              		@ sp needed
 354 0032 10BD     		pop	{r4, pc}
 355              	.L20:
 356              	.LCFI15:
 357              		.cfi_restore_state
  68:Device/Src/sd2506.c **** 	}
 358              		.loc 1 68 3 is_stmt 1 view .LVU80
  68:Device/Src/sd2506.c **** 	}
 359              		.loc 1 68 10 is_stmt 0 view .LVU81
 360 0034 8223     		movs	r3, #130
 361 0036 8DF80730 		strb	r3, [sp, #7]
 362 003a EEE7     		b	.L21
 363              	.L22:
  63:Device/Src/sd2506.c **** 		
 364              		.loc 1 63 10 view .LVU82
 365 003c 0220     		movs	r0, #2
 366 003e F7E7     		b	.L19
 367              	.L23:
  71:Device/Src/sd2506.c **** 	
 368              		.loc 1 71 10 view .LVU83
 369 0040 0220     		movs	r0, #2
 370 0042 F5E7     		b	.L19
 371              	.L26:
  74:Device/Src/sd2506.c **** 	
 372              		.loc 1 74 10 view .LVU84
 373 0044 0220     		movs	r0, #2
 374 0046 F3E7     		b	.L19
 375              		.cfi_endproc
ARM GAS  C:\Users\86158\AppData\Local\Temp\ccYHI17j.s 			page 9


 376              	.LFE238:
 378              		.section	.text.rtc_read_vbat,"ax",%progbits
 379              		.align	1
 380              		.global	rtc_read_vbat
 381              		.syntax unified
 382              		.thumb
 383              		.thumb_func
 385              	rtc_read_vbat:
 386              	.LVL22:
 387              	.LFB239:
  78:Device/Src/sd2506.c **** 
  79:Device/Src/sd2506.c **** 
  80:Device/Src/sd2506.c **** uint8_t rtc_read_vbat(int* vbat)
  81:Device/Src/sd2506.c **** {
 388              		.loc 1 81 1 is_stmt 1 view -0
 389              		.cfi_startproc
 390              		@ args = 0, pretend = 0, frame = 8
 391              		@ frame_needed = 0, uses_anonymous_args = 0
 392              		.loc 1 81 1 is_stmt 0 view .LVU86
 393 0000 70B5     		push	{r4, r5, r6, lr}
 394              	.LCFI16:
 395              		.cfi_def_cfa_offset 16
 396              		.cfi_offset 4, -16
 397              		.cfi_offset 5, -12
 398              		.cfi_offset 6, -8
 399              		.cfi_offset 14, -4
 400 0002 82B0     		sub	sp, sp, #8
 401              	.LCFI17:
 402              		.cfi_def_cfa_offset 24
 403 0004 0646     		mov	r6, r0
  82:Device/Src/sd2506.c **** 	uint8_t time = 20;
 404              		.loc 1 82 2 is_stmt 1 view .LVU87
 405              	.LVL23:
  83:Device/Src/sd2506.c **** 	uint8_t buffer[2] = {0};
 406              		.loc 1 83 2 view .LVU88
 407              		.loc 1 83 10 is_stmt 0 view .LVU89
 408 0006 0023     		movs	r3, #0
 409 0008 ADF80430 		strh	r3, [sp, #4]	@ movhi
  84:Device/Src/sd2506.c ****     int value = 0;
 410              		.loc 1 84 5 is_stmt 1 view .LVU90
 411              	.LVL24:
  85:Device/Src/sd2506.c ****     *vbat = 0;
 412              		.loc 1 85 5 view .LVU91
 413              		.loc 1 85 11 is_stmt 0 view .LVU92
 414 000c 0360     		str	r3, [r0]
  86:Device/Src/sd2506.c **** 
  87:Device/Src/sd2506.c **** 	if(rtc_write_lock_on() != I2C_OK)
 415              		.loc 1 87 2 is_stmt 1 view .LVU93
 416              		.loc 1 87 5 is_stmt 0 view .LVU94
 417 000e FFF7FEFF 		bl	rtc_write_lock_on
 418              	.LVL25:
 419              		.loc 1 87 4 view .LVU95
 420 0012 88BB     		cbnz	r0, .L31
  88:Device/Src/sd2506.c **** 		return I2C_NO_ACK;
  89:Device/Src/sd2506.c **** 	
  90:Device/Src/sd2506.c ****     buffer[0] = 0x10;
 421              		.loc 1 90 5 is_stmt 1 view .LVU96
ARM GAS  C:\Users\86158\AppData\Local\Temp\ccYHI17j.s 			page 10


 422              		.loc 1 90 15 is_stmt 0 view .LVU97
 423 0014 1023     		movs	r3, #16
 424 0016 8DF80430 		strb	r3, [sp, #4]
  91:Device/Src/sd2506.c ****     if (i2c_write_multi_bytes(RTC_3078_ADDRESS, 0x19, buffer, 1) != I2C_OK) 
 425              		.loc 1 91 5 is_stmt 1 view .LVU98
 426              		.loc 1 91 9 is_stmt 0 view .LVU99
 427 001a 0123     		movs	r3, #1
 428 001c 01AA     		add	r2, sp, #4
 429 001e 1921     		movs	r1, #25
 430 0020 6420     		movs	r0, #100
 431 0022 FFF7FEFF 		bl	i2c_write_multi_bytes
 432              	.LVL26:
 433              		.loc 1 91 8 view .LVU100
 434 0026 58BB     		cbnz	r0, .L32
  92:Device/Src/sd2506.c **** 		return I2C_NO_ACK;
  93:Device/Src/sd2506.c **** 	
  94:Device/Src/sd2506.c **** 	if(rtc_write_lock_off() != I2C_OK)
 435              		.loc 1 94 2 is_stmt 1 view .LVU101
 436              		.loc 1 94 5 is_stmt 0 view .LVU102
 437 0028 FFF7FEFF 		bl	rtc_write_lock_off
 438              	.LVL27:
 439              		.loc 1 94 4 view .LVU103
 440 002c 50BB     		cbnz	r0, .L33
  82:Device/Src/sd2506.c **** 	uint8_t buffer[2] = {0};
 441              		.loc 1 82 10 view .LVU104
 442 002e 1424     		movs	r4, #20
 443              	.LVL28:
 444              	.L29:
  95:Device/Src/sd2506.c **** 		return I2C_NO_ACK;
  96:Device/Src/sd2506.c **** 	
  97:Device/Src/sd2506.c **** 	while (time --)
 445              		.loc 1 97 8 is_stmt 1 view .LVU105
 446 0030 2346     		mov	r3, r4
 447              		.loc 1 97 14 is_stmt 0 view .LVU106
 448 0032 013C     		subs	r4, r4, #1
 449              	.LVL29:
 450              		.loc 1 97 14 view .LVU107
 451 0034 E4B2     		uxtb	r4, r4
 452              	.LVL30:
 453              		.loc 1 97 8 view .LVU108
 454 0036 EBB1     		cbz	r3, .L35
  98:Device/Src/sd2506.c **** 	{
  99:Device/Src/sd2506.c **** 		HAL_Delay(1);
 455              		.loc 1 99 3 is_stmt 1 view .LVU109
 456 0038 0120     		movs	r0, #1
 457 003a FFF7FEFF 		bl	HAL_Delay
 458              	.LVL31:
 100:Device/Src/sd2506.c **** 		
 101:Device/Src/sd2506.c ****         i2c_read_multi_bytes(RTC_3078_ADDRESS, 0x17, buffer, 1);
 459              		.loc 1 101 9 view .LVU110
 460 003e 0123     		movs	r3, #1
 461 0040 01AA     		add	r2, sp, #4
 462 0042 1721     		movs	r1, #23
 463 0044 6420     		movs	r0, #100
 464 0046 FFF7FEFF 		bl	i2c_read_multi_bytes
 465              	.LVL32:
 102:Device/Src/sd2506.c **** 		if (!(buffer[0] & 0x20)) {
ARM GAS  C:\Users\86158\AppData\Local\Temp\ccYHI17j.s 			page 11


 466              		.loc 1 102 3 view .LVU111
 467              		.loc 1 102 15 is_stmt 0 view .LVU112
 468 004a 9DF80430 		ldrb	r3, [sp, #4]	@ zero_extendqisi2
 469              		.loc 1 102 6 view .LVU113
 470 004e 13F02005 		ands	r5, r3, #32
 471 0052 EDD1     		bne	.L29
 103:Device/Src/sd2506.c ****             i2c_read_multi_bytes(RTC_3078_ADDRESS, 0x1A, buffer, 2);
 472              		.loc 1 103 13 is_stmt 1 view .LVU114
 473 0054 0223     		movs	r3, #2
 474 0056 01AA     		add	r2, sp, #4
 475 0058 1A21     		movs	r1, #26
 476 005a 6420     		movs	r0, #100
 477 005c FFF7FEFF 		bl	i2c_read_multi_bytes
 478              	.LVL33:
 104:Device/Src/sd2506.c ****             value = buffer[0] & 0x80;
 479              		.loc 1 104 13 view .LVU115
 480              		.loc 1 104 27 is_stmt 0 view .LVU116
 481 0060 9DF80430 		ldrb	r3, [sp, #4]	@ zero_extendqisi2
 482              		.loc 1 104 19 view .LVU117
 483 0064 03F08002 		and	r2, r3, #128
 484              	.LVL34:
 105:Device/Src/sd2506.c ****             value = (value << 1) + buffer[1];
 485              		.loc 1 105 13 is_stmt 1 view .LVU118
 486              		.loc 1 105 42 is_stmt 0 view .LVU119
 487 0068 9DF80530 		ldrb	r3, [sp, #5]	@ zero_extendqisi2
 488              		.loc 1 105 19 view .LVU120
 489 006c 03EB4203 		add	r3, r3, r2, lsl #1
 490              	.LVL35:
 106:Device/Src/sd2506.c ****             *vbat = value;
 491              		.loc 1 106 13 is_stmt 1 view .LVU121
 492              		.loc 1 106 19 is_stmt 0 view .LVU122
 493 0070 3360     		str	r3, [r6]
 107:Device/Src/sd2506.c ****             return I2C_OK;
 494              		.loc 1 107 13 is_stmt 1 view .LVU123
 495              		.loc 1 107 20 is_stmt 0 view .LVU124
 496 0072 02E0     		b	.L28
 497              	.LVL36:
 498              	.L35:
 108:Device/Src/sd2506.c ****         }
 109:Device/Src/sd2506.c **** 	}
 110:Device/Src/sd2506.c **** 	
 111:Device/Src/sd2506.c **** 	return I2C_NO_ACK;
 499              		.loc 1 111 9 view .LVU125
 500 0074 0225     		movs	r5, #2
 501 0076 00E0     		b	.L28
 502              	.LVL37:
 503              	.L31:
  88:Device/Src/sd2506.c **** 	
 504              		.loc 1 88 10 view .LVU126
 505 0078 0225     		movs	r5, #2
 506              	.LVL38:
 507              	.L28:
 112:Device/Src/sd2506.c **** 
 113:Device/Src/sd2506.c **** }
 508              		.loc 1 113 1 view .LVU127
 509 007a 2846     		mov	r0, r5
 510 007c 02B0     		add	sp, sp, #8
ARM GAS  C:\Users\86158\AppData\Local\Temp\ccYHI17j.s 			page 12


 511              	.LCFI18:
 512              		.cfi_remember_state
 513              		.cfi_def_cfa_offset 16
 514              		@ sp needed
 515 007e 70BD     		pop	{r4, r5, r6, pc}
 516              	.LVL39:
 517              	.L32:
 518              	.LCFI19:
 519              		.cfi_restore_state
  92:Device/Src/sd2506.c **** 	
 520              		.loc 1 92 10 view .LVU128
 521 0080 0225     		movs	r5, #2
 522 0082 FAE7     		b	.L28
 523              	.L33:
  95:Device/Src/sd2506.c **** 	
 524              		.loc 1 95 10 view .LVU129
 525 0084 0225     		movs	r5, #2
 526 0086 F8E7     		b	.L28
 527              		.cfi_endproc
 528              	.LFE239:
 530              		.section	.text.rtc_read_date,"ax",%progbits
 531              		.align	1
 532              		.global	rtc_read_date
 533              		.syntax unified
 534              		.thumb
 535              		.thumb_func
 537              	rtc_read_date:
 538              	.LVL40:
 539              	.LFB240:
 114:Device/Src/sd2506.c **** uint8_t rtc_read_date(RealTime* psRTC)
 115:Device/Src/sd2506.c **** {
 540              		.loc 1 115 1 is_stmt 1 view -0
 541              		.cfi_startproc
 542              		@ args = 0, pretend = 0, frame = 8
 543              		@ frame_needed = 0, uses_anonymous_args = 0
 544              		.loc 1 115 1 is_stmt 0 view .LVU131
 545 0000 10B5     		push	{r4, lr}
 546              	.LCFI20:
 547              		.cfi_def_cfa_offset 8
 548              		.cfi_offset 4, -8
 549              		.cfi_offset 14, -4
 550 0002 82B0     		sub	sp, sp, #8
 551              	.LCFI21:
 552              		.cfi_def_cfa_offset 16
 553 0004 0446     		mov	r4, r0
 116:Device/Src/sd2506.c ****     uint8_t buffer[7] = {0};
 554              		.loc 1 116 5 is_stmt 1 view .LVU132
 555              		.loc 1 116 13 is_stmt 0 view .LVU133
 556 0006 0021     		movs	r1, #0
 557 0008 0091     		str	r1, [sp]
 558 000a ADF80410 		strh	r1, [sp, #4]	@ movhi
 559 000e 8DF80610 		strb	r1, [sp, #6]
 117:Device/Src/sd2506.c ****     
 118:Device/Src/sd2506.c ****     if (i2c_read_multi_bytes(RTC_3078_ADDRESS, 0x00, buffer, 7)!= I2C_OK) {
 560              		.loc 1 118 5 is_stmt 1 view .LVU134
 561              		.loc 1 118 9 is_stmt 0 view .LVU135
 562 0012 0723     		movs	r3, #7
ARM GAS  C:\Users\86158\AppData\Local\Temp\ccYHI17j.s 			page 13


 563 0014 6A46     		mov	r2, sp
 564 0016 6420     		movs	r0, #100
 565              	.LVL41:
 566              		.loc 1 118 9 view .LVU136
 567 0018 FFF7FEFF 		bl	i2c_read_multi_bytes
 568              	.LVL42:
 569              		.loc 1 118 8 view .LVU137
 570 001c 0028     		cmp	r0, #0
 571 001e 65D1     		bne	.L41
 572 0020 0246     		mov	r2, r0
 119:Device/Src/sd2506.c ****         return I2C_NO_ACK;
 120:Device/Src/sd2506.c ****     } 
 121:Device/Src/sd2506.c ****     psRTC->sec = (buffer[0] / 16) * 10 + (buffer[0] % 16);
 573              		.loc 1 121 5 is_stmt 1 view .LVU138
 574              		.loc 1 121 25 is_stmt 0 view .LVU139
 575 0022 9DF80030 		ldrb	r3, [sp]	@ zero_extendqisi2
 576              		.loc 1 121 53 view .LVU140
 577 0026 03F00F01 		and	r1, r3, #15
 578              		.loc 1 121 40 view .LVU141
 579 002a 1B09     		lsrs	r3, r3, #4
 580 002c 03EB8303 		add	r3, r3, r3, lsl #2
 581 0030 01EB4303 		add	r3, r1, r3, lsl #1
 582              		.loc 1 121 16 view .LVU142
 583 0034 6371     		strb	r3, [r4, #5]
 122:Device/Src/sd2506.c ****     psRTC->min = (buffer[1] / 16) * 10 + (buffer[1] % 16);
 584              		.loc 1 122 5 is_stmt 1 view .LVU143
 585              		.loc 1 122 25 is_stmt 0 view .LVU144
 586 0036 9DF80130 		ldrb	r3, [sp, #1]	@ zero_extendqisi2
 587              		.loc 1 122 53 view .LVU145
 588 003a 03F00F01 		and	r1, r3, #15
 589              		.loc 1 122 40 view .LVU146
 590 003e 1B09     		lsrs	r3, r3, #4
 591 0040 03EB8303 		add	r3, r3, r3, lsl #2
 592 0044 01EB4303 		add	r3, r1, r3, lsl #1
 593              		.loc 1 122 16 view .LVU147
 594 0048 2371     		strb	r3, [r4, #4]
 123:Device/Src/sd2506.c ****     if (buffer[2] & 0x80) {//
 595              		.loc 1 123 5 is_stmt 1 view .LVU148
 596              		.loc 1 123 15 is_stmt 0 view .LVU149
 597 004a 9DF80230 		ldrb	r3, [sp, #2]	@ zero_extendqisi2
 598              		.loc 1 123 9 view .LVU150
 599 004e 9DF90210 		ldrsb	r1, [sp, #2]
 600              		.loc 1 123 8 view .LVU151
 601 0052 0029     		cmp	r1, #0
 602 0054 10DB     		blt	.L43
 124:Device/Src/sd2506.c ****         buffer[2] = buffer[2] & 0x7f;
 125:Device/Src/sd2506.c ****         psRTC->hour = (buffer[2] / 16) * 10 + (buffer[2] % 16);
 126:Device/Src/sd2506.c ****     } else {
 127:Device/Src/sd2506.c ****         if (buffer[2] & 0x20) {//
 603              		.loc 1 127 9 is_stmt 1 view .LVU152
 604              		.loc 1 127 12 is_stmt 0 view .LVU153
 605 0056 13F0200F 		tst	r3, #32
 606 005a 3AD0     		beq	.L40
 128:Device/Src/sd2506.c ****             buffer[2] = buffer[2] & 0x1f;
 607              		.loc 1 128 13 is_stmt 1 view .LVU154
 608              		.loc 1 128 35 is_stmt 0 view .LVU155
 609 005c 03F01F03 		and	r3, r3, #31
ARM GAS  C:\Users\86158\AppData\Local\Temp\ccYHI17j.s 			page 14


 610              		.loc 1 128 23 view .LVU156
 611 0060 8DF80230 		strb	r3, [sp, #2]
 129:Device/Src/sd2506.c ****             psRTC->hour = (buffer[2] / 16) * 10 + (buffer[2] % 16) + 12;
 612              		.loc 1 129 13 is_stmt 1 view .LVU157
 613              		.loc 1 129 62 is_stmt 0 view .LVU158
 614 0064 03F00F01 		and	r1, r3, #15
 615              		.loc 1 129 49 view .LVU159
 616 0068 1B09     		lsrs	r3, r3, #4
 617 006a 03EB8303 		add	r3, r3, r3, lsl #2
 618 006e 01EB4303 		add	r3, r1, r3, lsl #1
 619              		.loc 1 129 68 view .LVU160
 620 0072 0C33     		adds	r3, r3, #12
 621              		.loc 1 129 25 view .LVU161
 622 0074 E370     		strb	r3, [r4, #3]
 623 0076 0BE0     		b	.L39
 624              	.L43:
 124:Device/Src/sd2506.c ****         buffer[2] = buffer[2] & 0x7f;
 625              		.loc 1 124 9 is_stmt 1 view .LVU162
 124:Device/Src/sd2506.c ****         buffer[2] = buffer[2] & 0x7f;
 626              		.loc 1 124 31 is_stmt 0 view .LVU163
 627 0078 03F07F03 		and	r3, r3, #127
 124:Device/Src/sd2506.c ****         buffer[2] = buffer[2] & 0x7f;
 628              		.loc 1 124 19 view .LVU164
 629 007c 8DF80230 		strb	r3, [sp, #2]
 125:Device/Src/sd2506.c ****     } else {
 630              		.loc 1 125 9 is_stmt 1 view .LVU165
 125:Device/Src/sd2506.c ****     } else {
 631              		.loc 1 125 58 is_stmt 0 view .LVU166
 632 0080 03F00F01 		and	r1, r3, #15
 125:Device/Src/sd2506.c ****     } else {
 633              		.loc 1 125 45 view .LVU167
 634 0084 1B09     		lsrs	r3, r3, #4
 635 0086 03EB8303 		add	r3, r3, r3, lsl #2
 636 008a 01EB4303 		add	r3, r1, r3, lsl #1
 125:Device/Src/sd2506.c ****     } else {
 637              		.loc 1 125 21 view .LVU168
 638 008e E370     		strb	r3, [r4, #3]
 639              	.L39:
 130:Device/Src/sd2506.c ****         } else {//
 131:Device/Src/sd2506.c ****             buffer[2] = buffer[2] & 0x1f;
 132:Device/Src/sd2506.c ****             psRTC->hour = (buffer[2] / 16) * 10 + (buffer[2] % 16);
 133:Device/Src/sd2506.c ****         }
 134:Device/Src/sd2506.c ****     }
 135:Device/Src/sd2506.c ****     // psRTC->week = (buffer[3] / 16) * 10 + (buffer[3] % 16);
 136:Device/Src/sd2506.c ****     psRTC->day = (buffer[4] / 16) * 10 + (buffer[4] % 16);
 640              		.loc 1 136 5 is_stmt 1 view .LVU169
 641              		.loc 1 136 25 is_stmt 0 view .LVU170
 642 0090 9DF80430 		ldrb	r3, [sp, #4]	@ zero_extendqisi2
 643              		.loc 1 136 53 view .LVU171
 644 0094 03F00F01 		and	r1, r3, #15
 645              		.loc 1 136 40 view .LVU172
 646 0098 1B09     		lsrs	r3, r3, #4
 647 009a 03EB8303 		add	r3, r3, r3, lsl #2
 648 009e 01EB4303 		add	r3, r1, r3, lsl #1
 649              		.loc 1 136 16 view .LVU173
 650 00a2 A370     		strb	r3, [r4, #2]
 137:Device/Src/sd2506.c ****     psRTC->mon = (buffer[5] / 16) * 10 + (buffer[5] % 16);
ARM GAS  C:\Users\86158\AppData\Local\Temp\ccYHI17j.s 			page 15


 651              		.loc 1 137 5 is_stmt 1 view .LVU174
 652              		.loc 1 137 25 is_stmt 0 view .LVU175
 653 00a4 9DF80530 		ldrb	r3, [sp, #5]	@ zero_extendqisi2
 654              		.loc 1 137 53 view .LVU176
 655 00a8 03F00F01 		and	r1, r3, #15
 656              		.loc 1 137 40 view .LVU177
 657 00ac 1B09     		lsrs	r3, r3, #4
 658 00ae 03EB8303 		add	r3, r3, r3, lsl #2
 659 00b2 01EB4303 		add	r3, r1, r3, lsl #1
 660              		.loc 1 137 16 view .LVU178
 661 00b6 6370     		strb	r3, [r4, #1]
 138:Device/Src/sd2506.c ****     psRTC->year = (buffer[6] / 16) * 10 + (buffer[6] % 16);
 662              		.loc 1 138 5 is_stmt 1 view .LVU179
 663              		.loc 1 138 26 is_stmt 0 view .LVU180
 664 00b8 9DF80630 		ldrb	r3, [sp, #6]	@ zero_extendqisi2
 665              		.loc 1 138 54 view .LVU181
 666 00bc 03F00F01 		and	r1, r3, #15
 667              		.loc 1 138 41 view .LVU182
 668 00c0 1B09     		lsrs	r3, r3, #4
 669 00c2 03EB8303 		add	r3, r3, r3, lsl #2
 670 00c6 01EB4303 		add	r3, r1, r3, lsl #1
 671              		.loc 1 138 17 view .LVU183
 672 00ca 2370     		strb	r3, [r4]
 139:Device/Src/sd2506.c ****     return I2C_OK;
 673              		.loc 1 139 5 is_stmt 1 view .LVU184
 674              	.L37:
 140:Device/Src/sd2506.c **** }
 675              		.loc 1 140 1 is_stmt 0 view .LVU185
 676 00cc 1046     		mov	r0, r2
 677 00ce 02B0     		add	sp, sp, #8
 678              	.LCFI22:
 679              		.cfi_remember_state
 680              		.cfi_def_cfa_offset 8
 681              		@ sp needed
 682 00d0 10BD     		pop	{r4, pc}
 683              	.LVL43:
 684              	.L40:
 685              	.LCFI23:
 686              		.cfi_restore_state
 131:Device/Src/sd2506.c ****             psRTC->hour = (buffer[2] / 16) * 10 + (buffer[2] % 16);
 687              		.loc 1 131 13 is_stmt 1 view .LVU186
 131:Device/Src/sd2506.c ****             psRTC->hour = (buffer[2] / 16) * 10 + (buffer[2] % 16);
 688              		.loc 1 131 35 is_stmt 0 view .LVU187
 689 00d2 03F01F03 		and	r3, r3, #31
 131:Device/Src/sd2506.c ****             psRTC->hour = (buffer[2] / 16) * 10 + (buffer[2] % 16);
 690              		.loc 1 131 23 view .LVU188
 691 00d6 8DF80230 		strb	r3, [sp, #2]
 132:Device/Src/sd2506.c ****         }
 692              		.loc 1 132 13 is_stmt 1 view .LVU189
 132:Device/Src/sd2506.c ****         }
 693              		.loc 1 132 62 is_stmt 0 view .LVU190
 694 00da 03F00F01 		and	r1, r3, #15
 132:Device/Src/sd2506.c ****         }
 695              		.loc 1 132 49 view .LVU191
 696 00de 1B09     		lsrs	r3, r3, #4
 697 00e0 03EB8303 		add	r3, r3, r3, lsl #2
 698 00e4 01EB4303 		add	r3, r1, r3, lsl #1
ARM GAS  C:\Users\86158\AppData\Local\Temp\ccYHI17j.s 			page 16


 132:Device/Src/sd2506.c ****         }
 699              		.loc 1 132 25 view .LVU192
 700 00e8 E370     		strb	r3, [r4, #3]
 701 00ea D1E7     		b	.L39
 702              	.L41:
 119:Device/Src/sd2506.c ****     } 
 703              		.loc 1 119 16 view .LVU193
 704 00ec 0222     		movs	r2, #2
 705 00ee EDE7     		b	.L37
 706              		.cfi_endproc
 707              	.LFE240:
 709              		.section	.text.rtc_write_date,"ax",%progbits
 710              		.align	1
 711              		.global	rtc_write_date
 712              		.syntax unified
 713              		.thumb
 714              		.thumb_func
 716              	rtc_write_date:
 717              	.LVL44:
 718              	.LFB241:
 141:Device/Src/sd2506.c **** 
 142:Device/Src/sd2506.c **** uint8_t rtc_write_date(RealTime* setRTC)	
 143:Device/Src/sd2506.c **** {                               
 719              		.loc 1 143 1 is_stmt 1 view -0
 720              		.cfi_startproc
 721              		@ args = 0, pretend = 0, frame = 8
 722              		@ frame_needed = 0, uses_anonymous_args = 0
 723              		.loc 1 143 1 is_stmt 0 view .LVU195
 724 0000 30B5     		push	{r4, r5, lr}
 725              	.LCFI24:
 726              		.cfi_def_cfa_offset 12
 727              		.cfi_offset 4, -12
 728              		.cfi_offset 5, -8
 729              		.cfi_offset 14, -4
 730 0002 83B0     		sub	sp, sp, #12
 731              	.LCFI25:
 732              		.cfi_def_cfa_offset 24
 733 0004 0546     		mov	r5, r0
 144:Device/Src/sd2506.c ****     uint8_t buffer[7] = {0};
 734              		.loc 1 144 5 is_stmt 1 view .LVU196
 735              		.loc 1 144 13 is_stmt 0 view .LVU197
 736 0006 0024     		movs	r4, #0
 737 0008 0094     		str	r4, [sp]
 738 000a ADF80440 		strh	r4, [sp, #4]	@ movhi
 739 000e 8DF80640 		strb	r4, [sp, #6]
 145:Device/Src/sd2506.c ****     rtc_write_lock_on();
 740              		.loc 1 145 5 is_stmt 1 view .LVU198
 741 0012 FFF7FEFF 		bl	rtc_write_lock_on
 742              	.LVL45:
 146:Device/Src/sd2506.c ****     buffer[0] = (setRTC->sec / 10) * 16 + (setRTC->sec % 10);
 743              		.loc 1 146 5 view .LVU199
 744              		.loc 1 146 24 is_stmt 0 view .LVU200
 745 0016 6A79     		ldrb	r2, [r5, #5]	@ zero_extendqisi2
 746              		.loc 1 146 41 view .LVU201
 747 0018 2E4B     		ldr	r3, .L49
 748 001a A3FB0201 		umull	r0, r1, r3, r2
 749 001e C908     		lsrs	r1, r1, #3
ARM GAS  C:\Users\86158\AppData\Local\Temp\ccYHI17j.s 			page 17


 750 0020 01EB8100 		add	r0, r1, r1, lsl #2
 751 0024 A2EB4002 		sub	r2, r2, r0, lsl #1
 752 0028 02EB0112 		add	r2, r2, r1, lsl #4
 753              		.loc 1 146 15 view .LVU202
 754 002c 8DF80020 		strb	r2, [sp]
 147:Device/Src/sd2506.c ****     buffer[1] = (setRTC->min / 10) * 16 + (setRTC->min % 10);
 755              		.loc 1 147 5 is_stmt 1 view .LVU203
 756              		.loc 1 147 24 is_stmt 0 view .LVU204
 757 0030 2A79     		ldrb	r2, [r5, #4]	@ zero_extendqisi2
 758              		.loc 1 147 41 view .LVU205
 759 0032 A3FB0201 		umull	r0, r1, r3, r2
 760 0036 C908     		lsrs	r1, r1, #3
 761 0038 01EB8100 		add	r0, r1, r1, lsl #2
 762 003c A2EB4002 		sub	r2, r2, r0, lsl #1
 763 0040 02EB0112 		add	r2, r2, r1, lsl #4
 764              		.loc 1 147 15 view .LVU206
 765 0044 8DF80120 		strb	r2, [sp, #1]
 148:Device/Src/sd2506.c ****     buffer[2] = (setRTC->hour / 10) * 16 + (setRTC->hour % 10) + 0x80;//
 766              		.loc 1 148 5 is_stmt 1 view .LVU207
 767              		.loc 1 148 24 is_stmt 0 view .LVU208
 768 0048 EA78     		ldrb	r2, [r5, #3]	@ zero_extendqisi2
 769              		.loc 1 148 42 view .LVU209
 770 004a A3FB0201 		umull	r0, r1, r3, r2
 771 004e C908     		lsrs	r1, r1, #3
 772 0050 01EB8100 		add	r0, r1, r1, lsl #2
 773 0054 A2EB4002 		sub	r2, r2, r0, lsl #1
 774 0058 02EB0112 		add	r2, r2, r1, lsl #4
 775 005c D2B2     		uxtb	r2, r2
 776              		.loc 1 148 64 view .LVU210
 777 005e 82F08002 		eor	r2, r2, #128
 778              		.loc 1 148 15 view .LVU211
 779 0062 8DF80220 		strb	r2, [sp, #2]
 149:Device/Src/sd2506.c ****     buffer[3] = 0;
 780              		.loc 1 149 5 is_stmt 1 view .LVU212
 781              		.loc 1 149 15 is_stmt 0 view .LVU213
 782 0066 8DF80340 		strb	r4, [sp, #3]
 150:Device/Src/sd2506.c ****     buffer[4] = (setRTC->day / 10) * 16 + (setRTC->day % 10);
 783              		.loc 1 150 5 is_stmt 1 view .LVU214
 784              		.loc 1 150 24 is_stmt 0 view .LVU215
 785 006a AA78     		ldrb	r2, [r5, #2]	@ zero_extendqisi2
 786              		.loc 1 150 41 view .LVU216
 787 006c A3FB0201 		umull	r0, r1, r3, r2
 788 0070 C908     		lsrs	r1, r1, #3
 789 0072 01EB8100 		add	r0, r1, r1, lsl #2
 790 0076 A2EB4002 		sub	r2, r2, r0, lsl #1
 791 007a 02EB0112 		add	r2, r2, r1, lsl #4
 792              		.loc 1 150 15 view .LVU217
 793 007e 8DF80420 		strb	r2, [sp, #4]
 151:Device/Src/sd2506.c ****     buffer[5] = (setRTC->mon / 10) * 16 + (setRTC->mon % 10);
 794              		.loc 1 151 5 is_stmt 1 view .LVU218
 795              		.loc 1 151 24 is_stmt 0 view .LVU219
 796 0082 6A78     		ldrb	r2, [r5, #1]	@ zero_extendqisi2
 797              		.loc 1 151 41 view .LVU220
 798 0084 A3FB0201 		umull	r0, r1, r3, r2
 799 0088 C908     		lsrs	r1, r1, #3
 800 008a 01EB8100 		add	r0, r1, r1, lsl #2
 801 008e A2EB4002 		sub	r2, r2, r0, lsl #1
ARM GAS  C:\Users\86158\AppData\Local\Temp\ccYHI17j.s 			page 18


 802 0092 02EB0112 		add	r2, r2, r1, lsl #4
 803              		.loc 1 151 15 view .LVU221
 804 0096 8DF80520 		strb	r2, [sp, #5]
 152:Device/Src/sd2506.c ****     buffer[6] = (setRTC->year / 10) * 16 + (setRTC->year % 10);
 805              		.loc 1 152 5 is_stmt 1 view .LVU222
 806              		.loc 1 152 24 is_stmt 0 view .LVU223
 807 009a 2A78     		ldrb	r2, [r5]	@ zero_extendqisi2
 808              		.loc 1 152 42 view .LVU224
 809 009c A3FB0213 		umull	r1, r3, r3, r2
 810 00a0 DB08     		lsrs	r3, r3, #3
 811 00a2 03EB8301 		add	r1, r3, r3, lsl #2
 812 00a6 A2EB4102 		sub	r2, r2, r1, lsl #1
 813 00aa 02EB0313 		add	r3, r2, r3, lsl #4
 814              		.loc 1 152 15 view .LVU225
 815 00ae 8DF80630 		strb	r3, [sp, #6]
 153:Device/Src/sd2506.c ****     if (i2c_write_multi_bytes(RTC_3078_ADDRESS, 0x00, buffer, 7)!= I2C_OK) {
 816              		.loc 1 153 5 is_stmt 1 view .LVU226
 817              		.loc 1 153 9 is_stmt 0 view .LVU227
 818 00b2 0723     		movs	r3, #7
 819 00b4 6A46     		mov	r2, sp
 820 00b6 2146     		mov	r1, r4
 821 00b8 6420     		movs	r0, #100
 822 00ba FFF7FEFF 		bl	i2c_write_multi_bytes
 823              	.LVL46:
 824              		.loc 1 153 8 view .LVU228
 825 00be 28B9     		cbnz	r0, .L48
 826 00c0 0446     		mov	r4, r0
 154:Device/Src/sd2506.c ****         rtc_write_lock_off();
 155:Device/Src/sd2506.c ****         return I2C_NO_ACK;
 156:Device/Src/sd2506.c ****     } 
 157:Device/Src/sd2506.c ****     rtc_write_lock_off();
 827              		.loc 1 157 5 is_stmt 1 view .LVU229
 828 00c2 FFF7FEFF 		bl	rtc_write_lock_off
 829              	.LVL47:
 158:Device/Src/sd2506.c ****     return I2C_OK;
 830              		.loc 1 158 5 view .LVU230
 831              	.L46:
 159:Device/Src/sd2506.c **** }
 832              		.loc 1 159 1 is_stmt 0 view .LVU231
 833 00c6 2046     		mov	r0, r4
 834 00c8 03B0     		add	sp, sp, #12
 835              	.LCFI26:
 836              		.cfi_remember_state
 837              		.cfi_def_cfa_offset 12
 838              		@ sp needed
 839 00ca 30BD     		pop	{r4, r5, pc}
 840              	.LVL48:
 841              	.L48:
 842              	.LCFI27:
 843              		.cfi_restore_state
 154:Device/Src/sd2506.c ****         rtc_write_lock_off();
 844              		.loc 1 154 9 is_stmt 1 view .LVU232
 845 00cc FFF7FEFF 		bl	rtc_write_lock_off
 846              	.LVL49:
 155:Device/Src/sd2506.c ****     } 
 847              		.loc 1 155 9 view .LVU233
 155:Device/Src/sd2506.c ****     } 
ARM GAS  C:\Users\86158\AppData\Local\Temp\ccYHI17j.s 			page 19


 848              		.loc 1 155 16 is_stmt 0 view .LVU234
 849 00d0 0224     		movs	r4, #2
 850 00d2 F8E7     		b	.L46
 851              	.L50:
 852              		.align	2
 853              	.L49:
 854 00d4 CDCCCCCC 		.word	-858993459
 855              		.cfi_endproc
 856              	.LFE241:
 858              		.section	.rodata.PrintfTime.str1.4,"aMS",%progbits,1
 859              		.align	2
 860              	.LC0:
 861 0000 0A323025 		.ascii	"\01220%d/%d/%d %d:%d:%d\012\000"
 861      642F2564 
 861      2F256420 
 861      25643A25 
 861      643A2564 
 862              		.section	.text.PrintfTime,"ax",%progbits
 863              		.align	1
 864              		.global	PrintfTime
 865              		.syntax unified
 866              		.thumb
 867              		.thumb_func
 869              	PrintfTime:
 870              	.LVL50:
 871              	.LFB242:
 160:Device/Src/sd2506.c **** 
 161:Device/Src/sd2506.c **** void PrintfTime(RealTime* rtc)
 162:Device/Src/sd2506.c **** {
 872              		.loc 1 162 1 is_stmt 1 view -0
 873              		.cfi_startproc
 874              		@ args = 0, pretend = 0, frame = 0
 875              		@ frame_needed = 0, uses_anonymous_args = 0
 876              		.loc 1 162 1 is_stmt 0 view .LVU236
 877 0000 00B5     		push	{lr}
 878              	.LCFI28:
 879              		.cfi_def_cfa_offset 4
 880              		.cfi_offset 14, -4
 881 0002 85B0     		sub	sp, sp, #20
 882              	.LCFI29:
 883              		.cfi_def_cfa_offset 24
 163:Device/Src/sd2506.c **** 	UsbPrintf("\n20%d/%d/%d %d:%d:%d\n", rtc->year, rtc->mon, rtc->day, rtc->hour, rtc->min, rtc->sec)
 884              		.loc 1 163 2 is_stmt 1 view .LVU237
 885              		.loc 1 163 73 is_stmt 0 view .LVU238
 886 0004 C378     		ldrb	r3, [r0, #3]	@ zero_extendqisi2
 887              		.loc 1 163 84 view .LVU239
 888 0006 0279     		ldrb	r2, [r0, #4]	@ zero_extendqisi2
 889              		.loc 1 163 94 view .LVU240
 890 0008 4179     		ldrb	r1, [r0, #5]	@ zero_extendqisi2
 891              		.loc 1 163 2 view .LVU241
 892 000a 0291     		str	r1, [sp, #8]
 893 000c 0192     		str	r2, [sp, #4]
 894 000e 0093     		str	r3, [sp]
 895 0010 8378     		ldrb	r3, [r0, #2]	@ zero_extendqisi2
 896 0012 4278     		ldrb	r2, [r0, #1]	@ zero_extendqisi2
 897 0014 0178     		ldrb	r1, [r0]	@ zero_extendqisi2
 898 0016 0348     		ldr	r0, .L53
ARM GAS  C:\Users\86158\AppData\Local\Temp\ccYHI17j.s 			page 20


 899              	.LVL51:
 900              		.loc 1 163 2 view .LVU242
 901 0018 FFF7FEFF 		bl	UsbPrintf
 902              	.LVL52:
 164:Device/Src/sd2506.c **** }
 903              		.loc 1 164 1 view .LVU243
 904 001c 05B0     		add	sp, sp, #20
 905              	.LCFI30:
 906              		.cfi_def_cfa_offset 4
 907              		@ sp needed
 908 001e 5DF804FB 		ldr	pc, [sp], #4
 909              	.L54:
 910 0022 00BF     		.align	2
 911              	.L53:
 912 0024 00000000 		.word	.LC0
 913              		.cfi_endproc
 914              	.LFE242:
 916              		.section	.text.rtc_out_4096,"ax",%progbits
 917              		.align	1
 918              		.global	rtc_out_4096
 919              		.syntax unified
 920              		.thumb
 921              		.thumb_func
 923              	rtc_out_4096:
 924              	.LFB243:
 165:Device/Src/sd2506.c **** 
 166:Device/Src/sd2506.c **** 
 167:Device/Src/sd2506.c **** 
 168:Device/Src/sd2506.c **** uint8_t rtc_out_4096(void)
 169:Device/Src/sd2506.c **** {
 925              		.loc 1 169 1 is_stmt 1 view -0
 926              		.cfi_startproc
 927              		@ args = 0, pretend = 0, frame = 8
 928              		@ frame_needed = 0, uses_anonymous_args = 0
 929 0000 10B5     		push	{r4, lr}
 930              	.LCFI31:
 931              		.cfi_def_cfa_offset 8
 932              		.cfi_offset 4, -8
 933              		.cfi_offset 14, -4
 934 0002 82B0     		sub	sp, sp, #8
 935              	.LCFI32:
 936              		.cfi_def_cfa_offset 16
 170:Device/Src/sd2506.c ****     uint8_t buffer[2] = {0xA1, 0x02};
 937              		.loc 1 170 5 view .LVU245
 938              		.loc 1 170 13 is_stmt 0 view .LVU246
 939 0004 40F2A123 		movw	r3, #673
 940 0008 ADF80430 		strh	r3, [sp, #4]	@ movhi
 171:Device/Src/sd2506.c ****     rtc_write_lock_on();
 941              		.loc 1 171 5 is_stmt 1 view .LVU247
 942 000c FFF7FEFF 		bl	rtc_write_lock_on
 943              	.LVL53:
 172:Device/Src/sd2506.c **** 	if (i2c_write_multi_bytes(RTC_3078_ADDRESS, 0x10, buffer, 2)!= I2C_OK) {
 944              		.loc 1 172 2 view .LVU248
 945              		.loc 1 172 6 is_stmt 0 view .LVU249
 946 0010 0223     		movs	r3, #2
 947 0012 01AA     		add	r2, sp, #4
 948 0014 1021     		movs	r1, #16
ARM GAS  C:\Users\86158\AppData\Local\Temp\ccYHI17j.s 			page 21


 949 0016 6420     		movs	r0, #100
 950 0018 FFF7FEFF 		bl	i2c_write_multi_bytes
 951              	.LVL54:
 952              		.loc 1 172 5 view .LVU250
 953 001c 28B9     		cbnz	r0, .L59
 954 001e 0446     		mov	r4, r0
 173:Device/Src/sd2506.c ****         rtc_write_lock_off();
 174:Device/Src/sd2506.c ****         return I2C_NO_ACK;
 175:Device/Src/sd2506.c ****     } 
 176:Device/Src/sd2506.c ****     rtc_write_lock_off();
 955              		.loc 1 176 5 is_stmt 1 view .LVU251
 956 0020 FFF7FEFF 		bl	rtc_write_lock_off
 957              	.LVL55:
 177:Device/Src/sd2506.c **** 	
 178:Device/Src/sd2506.c **** 	return I2C_OK;
 958              		.loc 1 178 2 view .LVU252
 959              	.L57:
 179:Device/Src/sd2506.c **** }
 960              		.loc 1 179 1 is_stmt 0 view .LVU253
 961 0024 2046     		mov	r0, r4
 962 0026 02B0     		add	sp, sp, #8
 963              	.LCFI33:
 964              		.cfi_remember_state
 965              		.cfi_def_cfa_offset 8
 966              		@ sp needed
 967 0028 10BD     		pop	{r4, pc}
 968              	.L59:
 969              	.LCFI34:
 970              		.cfi_restore_state
 173:Device/Src/sd2506.c ****         rtc_write_lock_off();
 971              		.loc 1 173 9 is_stmt 1 view .LVU254
 972 002a FFF7FEFF 		bl	rtc_write_lock_off
 973              	.LVL56:
 174:Device/Src/sd2506.c ****     } 
 974              		.loc 1 174 9 view .LVU255
 174:Device/Src/sd2506.c ****     } 
 975              		.loc 1 174 16 is_stmt 0 view .LVU256
 976 002e 0224     		movs	r4, #2
 977 0030 F8E7     		b	.L57
 978              		.cfi_endproc
 979              	.LFE243:
 981              		.section	.text.rtc_disable_int,"ax",%progbits
 982              		.align	1
 983              		.global	rtc_disable_int
 984              		.syntax unified
 985              		.thumb
 986              		.thumb_func
 988              	rtc_disable_int:
 989              	.LFB244:
 180:Device/Src/sd2506.c **** 
 181:Device/Src/sd2506.c **** uint8_t rtc_disable_int(void)
 182:Device/Src/sd2506.c **** {
 990              		.loc 1 182 1 is_stmt 1 view -0
 991              		.cfi_startproc
 992              		@ args = 0, pretend = 0, frame = 8
 993              		@ frame_needed = 0, uses_anonymous_args = 0
 994 0000 10B5     		push	{r4, lr}
ARM GAS  C:\Users\86158\AppData\Local\Temp\ccYHI17j.s 			page 22


 995              	.LCFI35:
 996              		.cfi_def_cfa_offset 8
 997              		.cfi_offset 4, -8
 998              		.cfi_offset 14, -4
 999 0002 82B0     		sub	sp, sp, #8
 1000              	.LCFI36:
 1001              		.cfi_def_cfa_offset 16
 183:Device/Src/sd2506.c ****     uint8_t buffer[2] = {0x80, 0x00};
 1002              		.loc 1 183 5 view .LVU258
 1003              		.loc 1 183 13 is_stmt 0 view .LVU259
 1004 0004 8023     		movs	r3, #128
 1005 0006 ADF80430 		strh	r3, [sp, #4]	@ movhi
 184:Device/Src/sd2506.c ****     rtc_write_lock_on();
 1006              		.loc 1 184 5 is_stmt 1 view .LVU260
 1007 000a FFF7FEFF 		bl	rtc_write_lock_on
 1008              	.LVL57:
 185:Device/Src/sd2506.c **** 	if (i2c_write_multi_bytes(RTC_3078_ADDRESS, 0x10, buffer, 2)!= I2C_OK) {
 1009              		.loc 1 185 2 view .LVU261
 1010              		.loc 1 185 6 is_stmt 0 view .LVU262
 1011 000e 0223     		movs	r3, #2
 1012 0010 01AA     		add	r2, sp, #4
 1013 0012 1021     		movs	r1, #16
 1014 0014 6420     		movs	r0, #100
 1015 0016 FFF7FEFF 		bl	i2c_write_multi_bytes
 1016              	.LVL58:
 1017              		.loc 1 185 5 view .LVU263
 1018 001a 28B9     		cbnz	r0, .L64
 1019 001c 0446     		mov	r4, r0
 186:Device/Src/sd2506.c ****         rtc_write_lock_off();
 187:Device/Src/sd2506.c ****         return I2C_NO_ACK;
 188:Device/Src/sd2506.c ****     } 
 189:Device/Src/sd2506.c ****     rtc_write_lock_off();
 1020              		.loc 1 189 5 is_stmt 1 view .LVU264
 1021 001e FFF7FEFF 		bl	rtc_write_lock_off
 1022              	.LVL59:
 190:Device/Src/sd2506.c **** 	
 191:Device/Src/sd2506.c **** 	return I2C_OK;
 1023              		.loc 1 191 2 view .LVU265
 1024              	.L62:
 192:Device/Src/sd2506.c **** }
 1025              		.loc 1 192 1 is_stmt 0 view .LVU266
 1026 0022 2046     		mov	r0, r4
 1027 0024 02B0     		add	sp, sp, #8
 1028              	.LCFI37:
 1029              		.cfi_remember_state
 1030              		.cfi_def_cfa_offset 8
 1031              		@ sp needed
 1032 0026 10BD     		pop	{r4, pc}
 1033              	.L64:
 1034              	.LCFI38:
 1035              		.cfi_restore_state
 186:Device/Src/sd2506.c ****         rtc_write_lock_off();
 1036              		.loc 1 186 9 is_stmt 1 view .LVU267
 1037 0028 FFF7FEFF 		bl	rtc_write_lock_off
 1038              	.LVL60:
 187:Device/Src/sd2506.c ****     } 
 1039              		.loc 1 187 9 view .LVU268
ARM GAS  C:\Users\86158\AppData\Local\Temp\ccYHI17j.s 			page 23


 187:Device/Src/sd2506.c ****     } 
 1040              		.loc 1 187 16 is_stmt 0 view .LVU269
 1041 002c 0224     		movs	r4, #2
 1042 002e F8E7     		b	.L62
 1043              		.cfi_endproc
 1044              	.LFE244:
 1046              		.text
 1047              	.Letext0:
 1048              		.file 2 "e:\\stm32-gcc\\gcc-arm-none-eabi-10.3-2021.10\\arm-none-eabi\\include\\machine\\_default_
 1049              		.file 3 "e:\\stm32-gcc\\gcc-arm-none-eabi-10.3-2021.10\\arm-none-eabi\\include\\sys\\_stdint.h"
 1050              		.file 4 "Device/Inc/sd2506.h"
 1051              		.file 5 "Drivers/User_Driver/Inc/soft_i2c.h"
 1052              		.file 6 "Core/Inc/main.h"
 1053              		.file 7 "Drivers/STM32F4xx_HAL_Driver/Inc/stm32f4xx_hal.h"
ARM GAS  C:\Users\86158\AppData\Local\Temp\ccYHI17j.s 			page 24


DEFINED SYMBOLS
                            *ABS*:00000000 sd2506.c
C:\Users\86158\AppData\Local\Temp\ccYHI17j.s:20     .text.rtc_write_lock_on:00000000 $t
C:\Users\86158\AppData\Local\Temp\ccYHI17j.s:26     .text.rtc_write_lock_on:00000000 rtc_write_lock_on
C:\Users\86158\AppData\Local\Temp\ccYHI17j.s:88     .text.rtc_write_lock_off:00000000 $t
C:\Users\86158\AppData\Local\Temp\ccYHI17j.s:94     .text.rtc_write_lock_off:00000000 rtc_write_lock_off
C:\Users\86158\AppData\Local\Temp\ccYHI17j.s:155    .text.rtc_read_temp:00000000 $t
C:\Users\86158\AppData\Local\Temp\ccYHI17j.s:161    .text.rtc_read_temp:00000000 rtc_read_temp
C:\Users\86158\AppData\Local\Temp\ccYHI17j.s:290    .text.rtc_set_bat_charge:00000000 $t
C:\Users\86158\AppData\Local\Temp\ccYHI17j.s:296    .text.rtc_set_bat_charge:00000000 rtc_set_bat_charge
C:\Users\86158\AppData\Local\Temp\ccYHI17j.s:379    .text.rtc_read_vbat:00000000 $t
C:\Users\86158\AppData\Local\Temp\ccYHI17j.s:385    .text.rtc_read_vbat:00000000 rtc_read_vbat
C:\Users\86158\AppData\Local\Temp\ccYHI17j.s:531    .text.rtc_read_date:00000000 $t
C:\Users\86158\AppData\Local\Temp\ccYHI17j.s:537    .text.rtc_read_date:00000000 rtc_read_date
C:\Users\86158\AppData\Local\Temp\ccYHI17j.s:710    .text.rtc_write_date:00000000 $t
C:\Users\86158\AppData\Local\Temp\ccYHI17j.s:716    .text.rtc_write_date:00000000 rtc_write_date
C:\Users\86158\AppData\Local\Temp\ccYHI17j.s:854    .text.rtc_write_date:000000d4 $d
C:\Users\86158\AppData\Local\Temp\ccYHI17j.s:859    .rodata.PrintfTime.str1.4:00000000 $d
C:\Users\86158\AppData\Local\Temp\ccYHI17j.s:863    .text.PrintfTime:00000000 $t
C:\Users\86158\AppData\Local\Temp\ccYHI17j.s:869    .text.PrintfTime:00000000 PrintfTime
C:\Users\86158\AppData\Local\Temp\ccYHI17j.s:912    .text.PrintfTime:00000024 $d
C:\Users\86158\AppData\Local\Temp\ccYHI17j.s:917    .text.rtc_out_4096:00000000 $t
C:\Users\86158\AppData\Local\Temp\ccYHI17j.s:923    .text.rtc_out_4096:00000000 rtc_out_4096
C:\Users\86158\AppData\Local\Temp\ccYHI17j.s:982    .text.rtc_disable_int:00000000 $t
C:\Users\86158\AppData\Local\Temp\ccYHI17j.s:988    .text.rtc_disable_int:00000000 rtc_disable_int

UNDEFINED SYMBOLS
i2c_write_multi_bytes
HAL_Delay
i2c_read_multi_bytes
UsbPrintf
