ARM GAS  C:\Users\86158\AppData\Local\Temp\ccuh7IDj.s 			page 1


   1              		.cpu cortex-m4
   2              		.arch armv7e-m
   3              		.fpu fpv4-sp-d16
   4              		.eabi_attribute 27, 1
   5              		.eabi_attribute 28, 1
   6              		.eabi_attribute 20, 1
   7              		.eabi_attribute 21, 1
   8              		.eabi_attribute 23, 3
   9              		.eabi_attribute 24, 1
  10              		.eabi_attribute 25, 1
  11              		.eabi_attribute 26, 1
  12              		.eabi_attribute 30, 1
  13              		.eabi_attribute 34, 1
  14              		.eabi_attribute 18, 4
  15              		.file	"user_tool.c"
  16              		.text
  17              	.Ltext0:
  18              		.cfi_sections	.debug_frame
  19              		.section	.text.strSearch,"ax",%progbits
  20              		.align	1
  21              		.global	strSearch
  22              		.syntax unified
  23              		.thumb
  24              		.thumb_func
  26              	strSearch:
  27              	.LVL0:
  28              	.LFB238:
  29              		.file 1 "Device/Src/user_tool.c"
   1:Device/Src/user_tool.c **** #include "user_tool.h"
   2:Device/Src/user_tool.c **** #include <string.h>
   3:Device/Src/user_tool.c **** #include <stdio.h>
   4:Device/Src/user_tool.c **** #include <stdarg.h>
   5:Device/Src/user_tool.c **** 
   6:Device/Src/user_tool.c **** int strSearch(char* source, char* target)
   7:Device/Src/user_tool.c **** {
  30              		.loc 1 7 1 view -0
  31              		.cfi_startproc
  32              		@ args = 0, pretend = 0, frame = 0
  33              		@ frame_needed = 0, uses_anonymous_args = 0
  34              		.loc 1 7 1 is_stmt 0 view .LVU1
  35 0000 70B5     		push	{r4, r5, r6, lr}
  36              	.LCFI0:
  37              		.cfi_def_cfa_offset 16
  38              		.cfi_offset 4, -16
  39              		.cfi_offset 5, -12
  40              		.cfi_offset 6, -8
  41              		.cfi_offset 14, -4
  42 0002 0546     		mov	r5, r0
  43 0004 0C46     		mov	r4, r1
   8:Device/Src/user_tool.c **** 	int len_source = strlen(source);
  44              		.loc 1 8 2 is_stmt 1 view .LVU2
  45              		.loc 1 8 19 is_stmt 0 view .LVU3
  46 0006 FFF7FEFF 		bl	strlen
  47              	.LVL1:
  48              		.loc 1 8 19 view .LVU4
  49 000a 0646     		mov	r6, r0
  50              	.LVL2:
ARM GAS  C:\Users\86158\AppData\Local\Temp\ccuh7IDj.s 			page 2


   9:Device/Src/user_tool.c **** 	int len_target = strlen(target);
  51              		.loc 1 9 2 is_stmt 1 view .LVU5
  52              		.loc 1 9 19 is_stmt 0 view .LVU6
  53 000c 2046     		mov	r0, r4
  54              	.LVL3:
  55              		.loc 1 9 19 view .LVU7
  56 000e FFF7FEFF 		bl	strlen
  57              	.LVL4:
  10:Device/Src/user_tool.c **** 	int i, j;
  58              		.loc 1 10 2 is_stmt 1 view .LVU8
  11:Device/Src/user_tool.c **** 	if (len_source < len_target) {
  59              		.loc 1 11 2 view .LVU9
  60              		.loc 1 11 5 is_stmt 0 view .LVU10
  61 0012 8642     		cmp	r6, r0
  62 0014 16DB     		blt	.L7
  63 0016 0146     		mov	r1, r0
  12:Device/Src/user_tool.c **** 		return -1;
  13:Device/Src/user_tool.c **** 	}		
  14:Device/Src/user_tool.c **** 	for (i = 0; i <= len_source - len_target; i++) {
  64              		.loc 1 14 9 view .LVU11
  65 0018 0020     		movs	r0, #0
  66              	.LVL5:
  67              		.loc 1 14 9 view .LVU12
  68 001a 02E0     		b	.L3
  69              	.LVL6:
  70              	.L4:
  15:Device/Src/user_tool.c **** 		for (j = 0; j < len_target; j++) {
  16:Device/Src/user_tool.c **** 			if (source[i + j] != target[j]) { break;}
  17:Device/Src/user_tool.c **** 		}
  18:Device/Src/user_tool.c **** 		if (j == len_target) { return i;}
  71              		.loc 1 18 3 is_stmt 1 view .LVU13
  72              		.loc 1 18 6 is_stmt 0 view .LVU14
  73 001c 8B42     		cmp	r3, r1
  74 001e 10D0     		beq	.L1
  14:Device/Src/user_tool.c **** 		for (j = 0; j < len_target; j++) {
  75              		.loc 1 14 44 is_stmt 1 discriminator 2 view .LVU15
  14:Device/Src/user_tool.c **** 		for (j = 0; j < len_target; j++) {
  76              		.loc 1 14 45 is_stmt 0 discriminator 2 view .LVU16
  77 0020 0130     		adds	r0, r0, #1
  78              	.LVL7:
  79              	.L3:
  14:Device/Src/user_tool.c **** 		for (j = 0; j < len_target; j++) {
  80              		.loc 1 14 14 is_stmt 1 discriminator 1 view .LVU17
  14:Device/Src/user_tool.c **** 		for (j = 0; j < len_target; j++) {
  81              		.loc 1 14 30 is_stmt 0 discriminator 1 view .LVU18
  82 0022 731A     		subs	r3, r6, r1
  14:Device/Src/user_tool.c **** 		for (j = 0; j < len_target; j++) {
  83              		.loc 1 14 2 discriminator 1 view .LVU19
  84 0024 8342     		cmp	r3, r0
  85 0026 0ADB     		blt	.L10
  15:Device/Src/user_tool.c **** 		for (j = 0; j < len_target; j++) {
  86              		.loc 1 15 10 view .LVU20
  87 0028 0023     		movs	r3, #0
  88              	.L6:
  89              	.LVL8:
  15:Device/Src/user_tool.c **** 		for (j = 0; j < len_target; j++) {
  90              		.loc 1 15 15 is_stmt 1 discriminator 1 view .LVU21
ARM GAS  C:\Users\86158\AppData\Local\Temp\ccuh7IDj.s 			page 3


  15:Device/Src/user_tool.c **** 		for (j = 0; j < len_target; j++) {
  91              		.loc 1 15 3 is_stmt 0 discriminator 1 view .LVU22
  92 002a 8B42     		cmp	r3, r1
  93 002c F6DA     		bge	.L4
  16:Device/Src/user_tool.c **** 		}
  94              		.loc 1 16 4 is_stmt 1 view .LVU23
  16:Device/Src/user_tool.c **** 		}
  95              		.loc 1 16 17 is_stmt 0 view .LVU24
  96 002e C218     		adds	r2, r0, r3
  16:Device/Src/user_tool.c **** 		}
  97              		.loc 1 16 14 view .LVU25
  98 0030 15F802C0 		ldrb	ip, [r5, r2]	@ zero_extendqisi2
  16:Device/Src/user_tool.c **** 		}
  99              		.loc 1 16 31 view .LVU26
 100 0034 E25C     		ldrb	r2, [r4, r3]	@ zero_extendqisi2
  16:Device/Src/user_tool.c **** 		}
 101              		.loc 1 16 7 view .LVU27
 102 0036 9445     		cmp	ip, r2
 103 0038 F0D1     		bne	.L4
  15:Device/Src/user_tool.c **** 		for (j = 0; j < len_target; j++) {
 104              		.loc 1 15 31 is_stmt 1 discriminator 2 view .LVU28
  15:Device/Src/user_tool.c **** 		for (j = 0; j < len_target; j++) {
 105              		.loc 1 15 32 is_stmt 0 discriminator 2 view .LVU29
 106 003a 0133     		adds	r3, r3, #1
 107              	.LVL9:
  15:Device/Src/user_tool.c **** 		for (j = 0; j < len_target; j++) {
 108              		.loc 1 15 32 discriminator 2 view .LVU30
 109 003c F5E7     		b	.L6
 110              	.LVL10:
 111              	.L10:
  19:Device/Src/user_tool.c **** 	}
  20:Device/Src/user_tool.c **** 	return -1;	
 112              		.loc 1 20 9 view .LVU31
 113 003e 4FF0FF30 		mov	r0, #-1
 114              	.LVL11:
 115              	.L1:
  21:Device/Src/user_tool.c **** }
 116              		.loc 1 21 1 view .LVU32
 117 0042 70BD     		pop	{r4, r5, r6, pc}
 118              	.LVL12:
 119              	.L7:
  12:Device/Src/user_tool.c **** 	}		
 120              		.loc 1 12 10 view .LVU33
 121 0044 4FF0FF30 		mov	r0, #-1
 122              	.LVL13:
  12:Device/Src/user_tool.c **** 	}		
 123              		.loc 1 12 10 view .LVU34
 124 0048 FBE7     		b	.L1
 125              		.cfi_endproc
 126              	.LFE238:
 128              		.section	.text.CharToInt,"ax",%progbits
 129              		.align	1
 130              		.global	CharToInt
 131              		.syntax unified
 132              		.thumb
 133              		.thumb_func
 135              	CharToInt:
ARM GAS  C:\Users\86158\AppData\Local\Temp\ccuh7IDj.s 			page 4


 136              	.LVL14:
 137              	.LFB239:
  22:Device/Src/user_tool.c **** 
  23:Device/Src/user_tool.c **** 
  24:Device/Src/user_tool.c **** uint8_t CharToInt(char* source, uint8_t start, int* number)
  25:Device/Src/user_tool.c **** {
 138              		.loc 1 25 1 is_stmt 1 view -0
 139              		.cfi_startproc
 140              		@ args = 0, pretend = 0, frame = 0
 141              		@ frame_needed = 0, uses_anonymous_args = 0
 142              		.loc 1 25 1 is_stmt 0 view .LVU36
 143 0000 70B5     		push	{r4, r5, r6, lr}
 144              	.LCFI1:
 145              		.cfi_def_cfa_offset 16
 146              		.cfi_offset 4, -16
 147              		.cfi_offset 5, -12
 148              		.cfi_offset 6, -8
 149              		.cfi_offset 14, -4
 150 0002 0646     		mov	r6, r0
 151 0004 0C46     		mov	r4, r1
 152 0006 1546     		mov	r5, r2
  26:Device/Src/user_tool.c **** 	uint8_t length;
 153              		.loc 1 26 2 is_stmt 1 view .LVU37
  27:Device/Src/user_tool.c **** 	uint8_t i;
 154              		.loc 1 27 2 view .LVU38
  28:Device/Src/user_tool.c **** 	int sum = 0;
 155              		.loc 1 28 2 view .LVU39
 156              	.LVL15:
  29:Device/Src/user_tool.c **** 	int state = 0;
 157              		.loc 1 29 2 view .LVU40
  30:Device/Src/user_tool.c **** 	uint8_t hex = 0;
 158              		.loc 1 30 2 view .LVU41
  31:Device/Src/user_tool.c **** 	length = strlen(source);
 159              		.loc 1 31 2 view .LVU42
 160              		.loc 1 31 11 is_stmt 0 view .LVU43
 161 0008 FFF7FEFF 		bl	strlen
 162              	.LVL16:
 163              		.loc 1 31 9 view .LVU44
 164 000c C2B2     		uxtb	r2, r0
 165              	.LVL17:
  32:Device/Src/user_tool.c **** 	if (start >= length) {
 166              		.loc 1 32 2 is_stmt 1 view .LVU45
 167              		.loc 1 32 5 is_stmt 0 view .LVU46
 168 000e A242     		cmp	r2, r4
 169 0010 15D9     		bls	.L31
  33:Device/Src/user_tool.c **** 		*number = 0;
  34:Device/Src/user_tool.c **** 		return 0;
  35:Device/Src/user_tool.c **** 	}
  36:Device/Src/user_tool.c **** 	
  37:Device/Src/user_tool.c **** 	if (source[start] == '-') {
 170              		.loc 1 37 2 is_stmt 1 view .LVU47
 171              		.loc 1 37 12 is_stmt 0 view .LVU48
 172 0012 A446     		mov	ip, r4
 173 0014 315D     		ldrb	r1, [r6, r4]	@ zero_extendqisi2
 174              		.loc 1 37 5 view .LVU49
 175 0016 2D29     		cmp	r1, #45
 176 0018 14D0     		beq	.L32
ARM GAS  C:\Users\86158\AppData\Local\Temp\ccuh7IDj.s 			page 5


  38:Device/Src/user_tool.c **** 		state = -1;
  39:Device/Src/user_tool.c **** 		start++;
  40:Device/Src/user_tool.c **** 	} else {
  41:Device/Src/user_tool.c **** 		state = 1;
 177              		.loc 1 41 3 is_stmt 1 view .LVU50
 178              	.LVL18:
  42:Device/Src/user_tool.c **** 		if (start + 1 < length ) {
 179              		.loc 1 42 3 view .LVU51
 180              		.loc 1 42 13 is_stmt 0 view .LVU52
 181 001a 631C     		adds	r3, r4, #1
 182              		.loc 1 42 17 view .LVU53
 183 001c C0B2     		uxtb	r0, r0
 184              		.loc 1 42 6 view .LVU54
 185 001e 8342     		cmp	r3, r0
 186 0020 17DA     		bge	.L27
  43:Device/Src/user_tool.c **** 			if (source[start] == '0' && (source[start + 1] == 'x' ||source[start + 1] == 'X')) {
 187              		.loc 1 43 4 is_stmt 1 view .LVU55
 188              		.loc 1 43 7 is_stmt 0 view .LVU56
 189 0022 3029     		cmp	r1, #48
 190 0024 19D1     		bne	.L28
 191              		.loc 1 43 39 discriminator 1 view .LVU57
 192 0026 B444     		add	ip, ip, r6
 193 0028 9CF80130 		ldrb	r3, [ip, #1]	@ zero_extendqisi2
 194              		.loc 1 43 29 discriminator 1 view .LVU58
 195 002c 782B     		cmp	r3, #120
 196 002e 01D0     		beq	.L16
 197              		.loc 1 43 58 discriminator 2 view .LVU59
 198 0030 582B     		cmp	r3, #88
 199 0032 16D1     		bne	.L29
 200              	.L16:
  44:Device/Src/user_tool.c **** 				start += 2;
 201              		.loc 1 44 5 is_stmt 1 view .LVU60
 202              		.loc 1 44 11 is_stmt 0 view .LVU61
 203 0034 0234     		adds	r4, r4, #2
 204 0036 E4B2     		uxtb	r4, r4
 205              	.LVL19:
  45:Device/Src/user_tool.c **** 				hex = 1;
 206              		.loc 1 45 5 is_stmt 1 view .LVU62
 207              		.loc 1 45 9 is_stmt 0 view .LVU63
 208 0038 0120     		movs	r0, #1
  41:Device/Src/user_tool.c **** 		if (start + 1 < length ) {
 209              		.loc 1 41 9 view .LVU64
 210 003a 8446     		mov	ip, r0
 211 003c 07E0     		b	.L15
 212              	.LVL20:
 213              	.L31:
  33:Device/Src/user_tool.c **** 		return 0;
 214              		.loc 1 33 3 is_stmt 1 view .LVU65
  33:Device/Src/user_tool.c **** 		return 0;
 215              		.loc 1 33 11 is_stmt 0 view .LVU66
 216 003e 0020     		movs	r0, #0
 217 0040 2860     		str	r0, [r5]
  34:Device/Src/user_tool.c **** 	}
 218              		.loc 1 34 3 is_stmt 1 view .LVU67
  34:Device/Src/user_tool.c **** 	}
 219              		.loc 1 34 10 is_stmt 0 view .LVU68
 220 0042 4CE0     		b	.L13
ARM GAS  C:\Users\86158\AppData\Local\Temp\ccuh7IDj.s 			page 6


 221              	.L32:
  38:Device/Src/user_tool.c **** 		start++;
 222              		.loc 1 38 3 is_stmt 1 view .LVU69
 223              	.LVL21:
  39:Device/Src/user_tool.c **** 	} else {
 224              		.loc 1 39 3 view .LVU70
  39:Device/Src/user_tool.c **** 	} else {
 225              		.loc 1 39 8 is_stmt 0 view .LVU71
 226 0044 0134     		adds	r4, r4, #1
 227 0046 E4B2     		uxtb	r4, r4
 228              	.LVL22:
  30:Device/Src/user_tool.c **** 	length = strlen(source);
 229              		.loc 1 30 10 view .LVU72
 230 0048 0020     		movs	r0, #0
  38:Device/Src/user_tool.c **** 		start++;
 231              		.loc 1 38 9 view .LVU73
 232 004a 4FF0FF3C 		mov	ip, #-1
 233              	.LVL23:
 234              	.L15:
  46:Device/Src/user_tool.c **** 			}
  47:Device/Src/user_tool.c **** 		}
  48:Device/Src/user_tool.c **** 	}
  49:Device/Src/user_tool.c **** 	for (i = start; i < length; i++) {
 235              		.loc 1 49 2 is_stmt 1 view .LVU74
  28:Device/Src/user_tool.c **** 	int state = 0;
 236              		.loc 1 28 6 is_stmt 0 view .LVU75
 237 004e 0023     		movs	r3, #0
 238              		.loc 1 49 2 view .LVU76
 239 0050 12E0     		b	.L17
 240              	.LVL24:
 241              	.L27:
  30:Device/Src/user_tool.c **** 	length = strlen(source);
 242              		.loc 1 30 10 view .LVU77
 243 0052 0020     		movs	r0, #0
  41:Device/Src/user_tool.c **** 		if (start + 1 < length ) {
 244              		.loc 1 41 9 view .LVU78
 245 0054 4FF0010C 		mov	ip, #1
 246 0058 F9E7     		b	.L15
 247              	.L28:
  30:Device/Src/user_tool.c **** 	length = strlen(source);
 248              		.loc 1 30 10 view .LVU79
 249 005a 0020     		movs	r0, #0
  41:Device/Src/user_tool.c **** 		if (start + 1 < length ) {
 250              		.loc 1 41 9 view .LVU80
 251 005c 4FF0010C 		mov	ip, #1
 252 0060 F5E7     		b	.L15
 253              	.L29:
  30:Device/Src/user_tool.c **** 	length = strlen(source);
 254              		.loc 1 30 10 view .LVU81
 255 0062 0020     		movs	r0, #0
  41:Device/Src/user_tool.c **** 		if (start + 1 < length ) {
 256              		.loc 1 41 9 view .LVU82
 257 0064 4FF0010C 		mov	ip, #1
 258 0068 F1E7     		b	.L15
 259              	.LVL25:
 260              	.L19:
  50:Device/Src/user_tool.c **** 		if (source[i] >= '0' && source[i] <= '9') {
ARM GAS  C:\Users\86158\AppData\Local\Temp\ccuh7IDj.s 			page 7


  51:Device/Src/user_tool.c **** 			if (hex == 1) {
  52:Device/Src/user_tool.c **** 				sum = sum * 16 + source[i] - '0';
  53:Device/Src/user_tool.c **** 			} else {
  54:Device/Src/user_tool.c **** 				sum = sum * 10 + source[i] - '0';
 261              		.loc 1 54 5 is_stmt 1 view .LVU83
 262              		.loc 1 54 15 is_stmt 0 view .LVU84
 263 006a 03EB8303 		add	r3, r3, r3, lsl #2
 264              	.LVL26:
 265              		.loc 1 54 20 view .LVU85
 266 006e 0EEB4303 		add	r3, lr, r3, lsl #1
 267              		.loc 1 54 9 view .LVU86
 268 0072 303B     		subs	r3, r3, #48
 269              	.LVL27:
 270              	.L20:
  49:Device/Src/user_tool.c **** 		if (source[i] >= '0' && source[i] <= '9') {
 271              		.loc 1 49 30 is_stmt 1 discriminator 2 view .LVU87
  49:Device/Src/user_tool.c **** 		if (source[i] >= '0' && source[i] <= '9') {
 272              		.loc 1 49 31 is_stmt 0 discriminator 2 view .LVU88
 273 0074 0134     		adds	r4, r4, #1
 274              	.LVL28:
  49:Device/Src/user_tool.c **** 		if (source[i] >= '0' && source[i] <= '9') {
 275              		.loc 1 49 31 discriminator 2 view .LVU89
 276 0076 E4B2     		uxtb	r4, r4
 277              	.LVL29:
 278              	.L17:
  49:Device/Src/user_tool.c **** 		if (source[i] >= '0' && source[i] <= '9') {
 279              		.loc 1 49 18 is_stmt 1 discriminator 1 view .LVU90
  49:Device/Src/user_tool.c **** 		if (source[i] >= '0' && source[i] <= '9') {
 280              		.loc 1 49 2 is_stmt 0 discriminator 1 view .LVU91
 281 0078 9442     		cmp	r4, r2
 282 007a 2CD2     		bcs	.L25
  50:Device/Src/user_tool.c **** 		if (source[i] >= '0' && source[i] <= '9') {
 283              		.loc 1 50 3 is_stmt 1 view .LVU92
  50:Device/Src/user_tool.c **** 		if (source[i] >= '0' && source[i] <= '9') {
 284              		.loc 1 50 13 is_stmt 0 view .LVU93
 285 007c 16F804E0 		ldrb	lr, [r6, r4]	@ zero_extendqisi2
  50:Device/Src/user_tool.c **** 		if (source[i] >= '0' && source[i] <= '9') {
 286              		.loc 1 50 24 view .LVU94
 287 0080 AEF13001 		sub	r1, lr, #48
 288 0084 C9B2     		uxtb	r1, r1
  50:Device/Src/user_tool.c **** 		if (source[i] >= '0' && source[i] <= '9') {
 289              		.loc 1 50 6 view .LVU95
 290 0086 0929     		cmp	r1, #9
 291 0088 05D8     		bhi	.L18
  51:Device/Src/user_tool.c **** 				sum = sum * 16 + source[i] - '0';
 292              		.loc 1 51 4 is_stmt 1 view .LVU96
  51:Device/Src/user_tool.c **** 				sum = sum * 16 + source[i] - '0';
 293              		.loc 1 51 7 is_stmt 0 view .LVU97
 294 008a 0028     		cmp	r0, #0
 295 008c EDD0     		beq	.L19
  52:Device/Src/user_tool.c **** 			} else {
 296              		.loc 1 52 5 is_stmt 1 view .LVU98
  52:Device/Src/user_tool.c **** 			} else {
 297              		.loc 1 52 20 is_stmt 0 view .LVU99
 298 008e 0EEB0313 		add	r3, lr, r3, lsl #4
 299              	.LVL30:
  52:Device/Src/user_tool.c **** 			} else {
ARM GAS  C:\Users\86158\AppData\Local\Temp\ccuh7IDj.s 			page 8


 300              		.loc 1 52 9 view .LVU100
 301 0092 303B     		subs	r3, r3, #48
 302              	.LVL31:
  52:Device/Src/user_tool.c **** 			} else {
 303              		.loc 1 52 9 view .LVU101
 304 0094 EEE7     		b	.L20
 305              	.L18:
  55:Device/Src/user_tool.c **** 			}
  56:Device/Src/user_tool.c **** 		} else if (source[i] >= 'a' && source[i] <= 'f') {
 306              		.loc 1 56 10 is_stmt 1 view .LVU102
 307              		.loc 1 56 31 is_stmt 0 view .LVU103
 308 0096 AEF16101 		sub	r1, lr, #97
 309 009a C9B2     		uxtb	r1, r1
 310              		.loc 1 56 13 view .LVU104
 311 009c 0529     		cmp	r1, #5
 312 009e 07D8     		bhi	.L21
  57:Device/Src/user_tool.c **** 			if (hex == 1) {
 313              		.loc 1 57 4 is_stmt 1 view .LVU105
 314              		.loc 1 57 7 is_stmt 0 view .LVU106
 315 00a0 18B1     		cbz	r0, .L22
  58:Device/Src/user_tool.c **** 				sum = sum * 16  + source[i] - 'a' + 10;
 316              		.loc 1 58 5 is_stmt 1 view .LVU107
 317              		.loc 1 58 21 is_stmt 0 view .LVU108
 318 00a2 0EEB0313 		add	r3, lr, r3, lsl #4
 319              	.LVL32:
 320              		.loc 1 58 9 view .LVU109
 321 00a6 573B     		subs	r3, r3, #87
 322              	.LVL33:
 323              		.loc 1 58 9 view .LVU110
 324 00a8 E4E7     		b	.L20
 325              	.L22:
  59:Device/Src/user_tool.c **** 			} else {
  60:Device/Src/user_tool.c **** 				*number = 0;
 326              		.loc 1 60 5 is_stmt 1 view .LVU111
 327              		.loc 1 60 13 is_stmt 0 view .LVU112
 328 00aa 0023     		movs	r3, #0
 329              	.LVL34:
 330              		.loc 1 60 13 view .LVU113
 331 00ac 2B60     		str	r3, [r5]
  61:Device/Src/user_tool.c **** 				return 0;
 332              		.loc 1 61 5 is_stmt 1 view .LVU114
 333              		.loc 1 61 12 is_stmt 0 view .LVU115
 334 00ae 16E0     		b	.L13
 335              	.LVL35:
 336              	.L21:
  62:Device/Src/user_tool.c **** 			}
  63:Device/Src/user_tool.c **** 		}else if (source[i] >= 'A' && source[i] <= 'F') {
 337              		.loc 1 63 9 is_stmt 1 view .LVU116
 338              		.loc 1 63 30 is_stmt 0 view .LVU117
 339 00b0 AEF14101 		sub	r1, lr, #65
 340 00b4 C9B2     		uxtb	r1, r1
 341              		.loc 1 63 12 view .LVU118
 342 00b6 0529     		cmp	r1, #5
 343 00b8 07D8     		bhi	.L23
  64:Device/Src/user_tool.c **** 			if (hex == 1) {
 344              		.loc 1 64 4 is_stmt 1 view .LVU119
 345              		.loc 1 64 7 is_stmt 0 view .LVU120
ARM GAS  C:\Users\86158\AppData\Local\Temp\ccuh7IDj.s 			page 9


 346 00ba 18B1     		cbz	r0, .L24
  65:Device/Src/user_tool.c **** 				sum = sum * 16  + source[i] - 'A' + 10;
 347              		.loc 1 65 5 is_stmt 1 view .LVU121
 348              		.loc 1 65 21 is_stmt 0 view .LVU122
 349 00bc 0EEB0313 		add	r3, lr, r3, lsl #4
 350              	.LVL36:
 351              		.loc 1 65 9 view .LVU123
 352 00c0 373B     		subs	r3, r3, #55
 353              	.LVL37:
 354              		.loc 1 65 9 view .LVU124
 355 00c2 D7E7     		b	.L20
 356              	.L24:
  66:Device/Src/user_tool.c **** 			} else {
  67:Device/Src/user_tool.c **** 				*number = 0;
 357              		.loc 1 67 5 is_stmt 1 view .LVU125
 358              		.loc 1 67 13 is_stmt 0 view .LVU126
 359 00c4 0023     		movs	r3, #0
 360              	.LVL38:
 361              		.loc 1 67 13 view .LVU127
 362 00c6 2B60     		str	r3, [r5]
  68:Device/Src/user_tool.c **** 				return 0;
 363              		.loc 1 68 5 is_stmt 1 view .LVU128
 364              		.loc 1 68 12 is_stmt 0 view .LVU129
 365 00c8 09E0     		b	.L13
 366              	.LVL39:
 367              	.L23:
  69:Device/Src/user_tool.c **** 			}
  70:Device/Src/user_tool.c **** 		} else if (source[i] == ' ' || source[i] == ',') {
 368              		.loc 1 70 10 is_stmt 1 view .LVU130
 369              		.loc 1 70 13 is_stmt 0 view .LVU131
 370 00ca BEF1200F 		cmp	lr, #32
 371 00ce 02D0     		beq	.L25
 372              		.loc 1 70 31 discriminator 1 view .LVU132
 373 00d0 BEF12C0F 		cmp	lr, #44
 374 00d4 CED1     		bne	.L20
 375              	.L25:
  71:Device/Src/user_tool.c **** 			break;
  72:Device/Src/user_tool.c **** 		}
  73:Device/Src/user_tool.c **** 	}
  74:Device/Src/user_tool.c **** 	*number = state * sum;
 376              		.loc 1 74 2 is_stmt 1 view .LVU133
 377              		.loc 1 74 18 is_stmt 0 view .LVU134
 378 00d6 0CFB03F3 		mul	r3, ip, r3
 379              	.LVL40:
 380              		.loc 1 74 10 view .LVU135
 381 00da 2B60     		str	r3, [r5]
  75:Device/Src/user_tool.c **** 	return 1;
 382              		.loc 1 75 2 is_stmt 1 view .LVU136
 383              		.loc 1 75 9 is_stmt 0 view .LVU137
 384 00dc 0120     		movs	r0, #1
 385              	.LVL41:
 386              	.L13:
  76:Device/Src/user_tool.c **** }
 387              		.loc 1 76 1 view .LVU138
 388 00de 70BD     		pop	{r4, r5, r6, pc}
 389              		.loc 1 76 1 view .LVU139
 390              		.cfi_endproc
ARM GAS  C:\Users\86158\AppData\Local\Temp\ccuh7IDj.s 			page 10


 391              	.LFE239:
 393              		.global	__aeabi_f2d
 394              		.global	__aeabi_dmul
 395              		.global	__aeabi_d2f
 396              		.section	.text.CharToFloat,"ax",%progbits
 397              		.align	1
 398              		.global	CharToFloat
 399              		.syntax unified
 400              		.thumb
 401              		.thumb_func
 403              	CharToFloat:
 404              	.LVL42:
 405              	.LFB240:
  77:Device/Src/user_tool.c **** 
  78:Device/Src/user_tool.c **** uint8_t CharToFloat(char* source, uint8_t start, float* number)
  79:Device/Src/user_tool.c **** {
 406              		.loc 1 79 1 is_stmt 1 view -0
 407              		.cfi_startproc
 408              		@ args = 0, pretend = 0, frame = 0
 409              		@ frame_needed = 0, uses_anonymous_args = 0
 410              		.loc 1 79 1 is_stmt 0 view .LVU141
 411 0000 2DE9F041 		push	{r4, r5, r6, r7, r8, lr}
 412              	.LCFI2:
 413              		.cfi_def_cfa_offset 24
 414              		.cfi_offset 4, -24
 415              		.cfi_offset 5, -20
 416              		.cfi_offset 6, -16
 417              		.cfi_offset 7, -12
 418              		.cfi_offset 8, -8
 419              		.cfi_offset 14, -4
 420 0004 2DED028B 		vpush.64	{d8}
 421              	.LCFI3:
 422              		.cfi_def_cfa_offset 32
 423              		.cfi_offset 80, -32
 424              		.cfi_offset 81, -28
 425 0008 0646     		mov	r6, r0
 426 000a 0C46     		mov	r4, r1
 427 000c 1746     		mov	r7, r2
  80:Device/Src/user_tool.c **** 		uint8_t length;
 428              		.loc 1 80 3 is_stmt 1 view .LVU142
  81:Device/Src/user_tool.c **** 		uint8_t i;
 429              		.loc 1 81 3 view .LVU143
  82:Device/Src/user_tool.c **** 		float sum = 0;
 430              		.loc 1 82 3 view .LVU144
 431              	.LVL43:
  83:Device/Src/user_tool.c **** 		int state = 1;
 432              		.loc 1 83 3 view .LVU145
  84:Device/Src/user_tool.c **** 		float smallNumber = 0.1;
 433              		.loc 1 84 3 view .LVU146
  85:Device/Src/user_tool.c **** 		length = strlen(source);
 434              		.loc 1 85 3 view .LVU147
 435              		.loc 1 85 12 is_stmt 0 view .LVU148
 436 000e FFF7FEFF 		bl	strlen
 437              	.LVL44:
 438              		.loc 1 85 10 view .LVU149
 439 0012 C5B2     		uxtb	r5, r0
 440              	.LVL45:
ARM GAS  C:\Users\86158\AppData\Local\Temp\ccuh7IDj.s 			page 11


  86:Device/Src/user_tool.c **** 		if (length <= start) {
 441              		.loc 1 86 3 is_stmt 1 view .LVU150
 442              		.loc 1 86 6 is_stmt 0 view .LVU151
 443 0014 A542     		cmp	r5, r4
 444 0016 1FD9     		bls	.L48
  87:Device/Src/user_tool.c **** 				*number = 0;
  88:Device/Src/user_tool.c **** 				return 0;
  89:Device/Src/user_tool.c **** 		}
  90:Device/Src/user_tool.c **** 		
  91:Device/Src/user_tool.c **** 		if (source[start] == '-') {
 445              		.loc 1 91 3 is_stmt 1 view .LVU152
 446              		.loc 1 91 13 is_stmt 0 view .LVU153
 447 0018 335D     		ldrb	r3, [r6, r4]	@ zero_extendqisi2
 448              		.loc 1 91 6 view .LVU154
 449 001a 2D2B     		cmp	r3, #45
 450 001c 20D0     		beq	.L49
  83:Device/Src/user_tool.c **** 		float smallNumber = 0.1;
 451              		.loc 1 83 7 view .LVU155
 452 001e 4FF00108 		mov	r8, #1
 453              	.LVL46:
 454              	.L36:
  92:Device/Src/user_tool.c **** 				state = -1;
  93:Device/Src/user_tool.c **** 				start++;
  94:Device/Src/user_tool.c **** 		}
  95:Device/Src/user_tool.c **** 		for (i = start; i < length; i++){
 455              		.loc 1 95 3 is_stmt 1 view .LVU156
  82:Device/Src/user_tool.c **** 		int state = 1;
 456              		.loc 1 82 9 is_stmt 0 view .LVU157
 457 0022 9FED378A 		vldr.32	s16, .L52+8
 458              	.LVL47:
 459              	.L37:
 460              		.loc 1 95 19 is_stmt 1 discriminator 1 view .LVU158
 461              		.loc 1 95 3 is_stmt 0 discriminator 1 view .LVU159
 462 0026 AC42     		cmp	r4, r5
 463 0028 2BD2     		bcs	.L41
  96:Device/Src/user_tool.c **** 				if (source[i] >= '0' && source[i] <= '9') {
 464              		.loc 1 96 5 is_stmt 1 view .LVU160
 465              		.loc 1 96 15 is_stmt 0 view .LVU161
 466 002a 335D     		ldrb	r3, [r6, r4]	@ zero_extendqisi2
 467              		.loc 1 96 26 view .LVU162
 468 002c A3F13002 		sub	r2, r3, #48
 469 0030 D2B2     		uxtb	r2, r2
 470              		.loc 1 96 8 view .LVU163
 471 0032 092A     		cmp	r2, #9
 472 0034 19D8     		bhi	.L38
  97:Device/Src/user_tool.c **** 						sum = sum * 10 + source[i] - '0';
 473              		.loc 1 97 7 is_stmt 1 view .LVU164
 474              		.loc 1 97 17 is_stmt 0 view .LVU165
 475 0036 F2EE047A 		vmov.f32	s15, #1.0e+1
 476 003a 28EE278A 		vmul.f32	s16, s16, s15
 477              	.LVL48:
 478              		.loc 1 97 22 view .LVU166
 479 003e 07EE903A 		vmov	s15, r3	@ int
 480 0042 F8EEE77A 		vcvt.f32.s32	s15, s15
 481 0046 77EE887A 		vadd.f32	s15, s15, s16
 482              		.loc 1 97 11 view .LVU167
 483 004a 9FED2E8A 		vldr.32	s16, .L52+12
ARM GAS  C:\Users\86158\AppData\Local\Temp\ccuh7IDj.s 			page 12


 484 004e 37EEC88A 		vsub.f32	s16, s15, s16
 485              	.LVL49:
  95:Device/Src/user_tool.c **** 				if (source[i] >= '0' && source[i] <= '9') {
 486              		.loc 1 95 31 is_stmt 1 view .LVU168
  95:Device/Src/user_tool.c **** 				if (source[i] >= '0' && source[i] <= '9') {
 487              		.loc 1 95 32 is_stmt 0 view .LVU169
 488 0052 0134     		adds	r4, r4, #1
 489              	.LVL50:
  95:Device/Src/user_tool.c **** 				if (source[i] >= '0' && source[i] <= '9') {
 490              		.loc 1 95 32 view .LVU170
 491 0054 E4B2     		uxtb	r4, r4
 492              	.LVL51:
  95:Device/Src/user_tool.c **** 				if (source[i] >= '0' && source[i] <= '9') {
 493              		.loc 1 95 32 view .LVU171
 494 0056 E6E7     		b	.L37
 495              	.LVL52:
 496              	.L48:
  87:Device/Src/user_tool.c **** 				return 0;
 497              		.loc 1 87 5 is_stmt 1 view .LVU172
  87:Device/Src/user_tool.c **** 				return 0;
 498              		.loc 1 87 13 is_stmt 0 view .LVU173
 499 0058 0023     		movs	r3, #0
 500 005a 3B60     		str	r3, [r7]	@ float
  88:Device/Src/user_tool.c **** 		}
 501              		.loc 1 88 5 is_stmt 1 view .LVU174
  88:Device/Src/user_tool.c **** 		}
 502              		.loc 1 88 12 is_stmt 0 view .LVU175
 503 005c 0020     		movs	r0, #0
 504 005e 46E0     		b	.L35
 505              	.L49:
  92:Device/Src/user_tool.c **** 				start++;
 506              		.loc 1 92 5 is_stmt 1 view .LVU176
 507              	.LVL53:
  93:Device/Src/user_tool.c **** 		}
 508              		.loc 1 93 5 view .LVU177
  93:Device/Src/user_tool.c **** 		}
 509              		.loc 1 93 10 is_stmt 0 view .LVU178
 510 0060 0134     		adds	r4, r4, #1
 511 0062 E4B2     		uxtb	r4, r4
 512              	.LVL54:
  92:Device/Src/user_tool.c **** 				start++;
 513              		.loc 1 92 11 view .LVU179
 514 0064 4FF0FF38 		mov	r8, #-1
 515 0068 DBE7     		b	.L36
 516              	.LVL55:
 517              	.L38:
  98:Device/Src/user_tool.c **** 				} else if (source[i] == '.') {
 518              		.loc 1 98 12 is_stmt 1 view .LVU180
 519              		.loc 1 98 15 is_stmt 0 view .LVU181
 520 006a 2E2B     		cmp	r3, #46
 521 006c 07D0     		beq	.L50
  99:Device/Src/user_tool.c **** 						i++;
 100:Device/Src/user_tool.c **** 						break;
 101:Device/Src/user_tool.c **** 				} else if (source[i] == ' ' || source[i] == ',') {
 522              		.loc 1 101 12 is_stmt 1 view .LVU182
 523              		.loc 1 101 15 is_stmt 0 view .LVU183
 524 006e 202B     		cmp	r3, #32
ARM GAS  C:\Users\86158\AppData\Local\Temp\ccuh7IDj.s 			page 13


 525 0070 07D0     		beq	.L41
 526              		.loc 1 101 33 discriminator 1 view .LVU184
 527 0072 2C2B     		cmp	r3, #44
 528 0074 05D0     		beq	.L41
 102:Device/Src/user_tool.c **** 						break;
 103:Device/Src/user_tool.c **** 				}	else {
 104:Device/Src/user_tool.c **** 						*number = 0;
 529              		.loc 1 104 7 is_stmt 1 view .LVU185
 530              		.loc 1 104 15 is_stmt 0 view .LVU186
 531 0076 0023     		movs	r3, #0
 532 0078 3B60     		str	r3, [r7]	@ float
 105:Device/Src/user_tool.c **** 						return 0;
 533              		.loc 1 105 7 is_stmt 1 view .LVU187
 534              		.loc 1 105 14 is_stmt 0 view .LVU188
 535 007a 0020     		movs	r0, #0
 536 007c 37E0     		b	.L35
 537              	.L50:
  99:Device/Src/user_tool.c **** 						i++;
 538              		.loc 1 99 7 is_stmt 1 view .LVU189
  99:Device/Src/user_tool.c **** 						i++;
 539              		.loc 1 99 8 is_stmt 0 view .LVU190
 540 007e 0134     		adds	r4, r4, #1
 541              	.LVL56:
  99:Device/Src/user_tool.c **** 						i++;
 542              		.loc 1 99 8 view .LVU191
 543 0080 E4B2     		uxtb	r4, r4
 544              	.LVL57:
 100:Device/Src/user_tool.c **** 				} else if (source[i] == ' ' || source[i] == ',') {
 545              		.loc 1 100 7 is_stmt 1 view .LVU192
 546              	.L41:
  82:Device/Src/user_tool.c **** 		int state = 1;
 547              		.loc 1 82 9 is_stmt 0 discriminator 1 view .LVU193
 548 0082 9FED217A 		vldr.32	s14, .L52+16
 549 0086 17E0     		b	.L40
 550              	.LVL58:
 551              	.L51:
 106:Device/Src/user_tool.c **** 				}					
 107:Device/Src/user_tool.c **** 		}
 108:Device/Src/user_tool.c **** 		for (; i < length; i++) {
 109:Device/Src/user_tool.c **** 				if (source[i] >= '0' && source[i] <= '9') {
 110:Device/Src/user_tool.c **** 						sum += smallNumber * (source[i] - '0');
 552              		.loc 1 110 7 is_stmt 1 view .LVU194
 553              		.loc 1 110 39 is_stmt 0 view .LVU195
 554 0088 303B     		subs	r3, r3, #48
 555 008a 07EE903A 		vmov	s15, r3	@ int
 556              		.loc 1 110 26 view .LVU196
 557 008e F8EEE77A 		vcvt.f32.s32	s15, s15
 558 0092 67EE877A 		vmul.f32	s15, s15, s14
 559              		.loc 1 110 11 view .LVU197
 560 0096 38EE278A 		vadd.f32	s16, s16, s15
 561              	.LVL59:
 111:Device/Src/user_tool.c **** 						smallNumber = smallNumber * 0.1;
 562              		.loc 1 111 7 is_stmt 1 view .LVU198
 563              		.loc 1 111 33 is_stmt 0 view .LVU199
 564 009a 17EE100A 		vmov	r0, s14
 565 009e FFF7FEFF 		bl	__aeabi_f2d
 566              	.LVL60:
ARM GAS  C:\Users\86158\AppData\Local\Temp\ccuh7IDj.s 			page 14


 567              		.loc 1 111 33 view .LVU200
 568 00a2 15A3     		adr	r3, .L52
 569 00a4 D3E90023 		ldrd	r2, [r3]
 570 00a8 FFF7FEFF 		bl	__aeabi_dmul
 571              	.LVL61:
 572              		.loc 1 111 19 view .LVU201
 573 00ac FFF7FEFF 		bl	__aeabi_d2f
 574              	.LVL62:
 575 00b0 07EE100A 		vmov	s14, r0
 576              	.LVL63:
 108:Device/Src/user_tool.c **** 				if (source[i] >= '0' && source[i] <= '9') {
 577              		.loc 1 108 22 is_stmt 1 view .LVU202
 108:Device/Src/user_tool.c **** 				if (source[i] >= '0' && source[i] <= '9') {
 578              		.loc 1 108 23 is_stmt 0 view .LVU203
 579 00b4 0134     		adds	r4, r4, #1
 580              	.LVL64:
 108:Device/Src/user_tool.c **** 				if (source[i] >= '0' && source[i] <= '9') {
 581              		.loc 1 108 23 view .LVU204
 582 00b6 E4B2     		uxtb	r4, r4
 583              	.LVL65:
 584              	.L40:
 108:Device/Src/user_tool.c **** 				if (source[i] >= '0' && source[i] <= '9') {
 585              		.loc 1 108 10 is_stmt 1 discriminator 1 view .LVU205
 108:Device/Src/user_tool.c **** 				if (source[i] >= '0' && source[i] <= '9') {
 586              		.loc 1 108 3 is_stmt 0 discriminator 1 view .LVU206
 587 00b8 AC42     		cmp	r4, r5
 588 00ba 0FD2     		bcs	.L44
 109:Device/Src/user_tool.c **** 						sum += smallNumber * (source[i] - '0');
 589              		.loc 1 109 5 is_stmt 1 view .LVU207
 109:Device/Src/user_tool.c **** 						sum += smallNumber * (source[i] - '0');
 590              		.loc 1 109 15 is_stmt 0 view .LVU208
 591 00bc 335D     		ldrb	r3, [r6, r4]	@ zero_extendqisi2
 109:Device/Src/user_tool.c **** 						sum += smallNumber * (source[i] - '0');
 592              		.loc 1 109 26 view .LVU209
 593 00be A3F13002 		sub	r2, r3, #48
 594 00c2 D2B2     		uxtb	r2, r2
 109:Device/Src/user_tool.c **** 						sum += smallNumber * (source[i] - '0');
 595              		.loc 1 109 8 view .LVU210
 596 00c4 092A     		cmp	r2, #9
 597 00c6 DFD9     		bls	.L51
 112:Device/Src/user_tool.c **** 				} else if (source[i] == ' ' || source[i] == ',' || source[i] == '\n') {
 598              		.loc 1 112 12 is_stmt 1 view .LVU211
 599              		.loc 1 112 15 is_stmt 0 view .LVU212
 600 00c8 202B     		cmp	r3, #32
 601 00ca 07D0     		beq	.L44
 602              		.loc 1 112 33 discriminator 1 view .LVU213
 603 00cc 2C2B     		cmp	r3, #44
 604 00ce 05D0     		beq	.L44
 605              		.loc 1 112 53 discriminator 2 view .LVU214
 606 00d0 0A2B     		cmp	r3, #10
 607 00d2 03D0     		beq	.L44
 113:Device/Src/user_tool.c **** 						break;
 114:Device/Src/user_tool.c **** 				}	else {
 115:Device/Src/user_tool.c **** 						*number = 0;
 608              		.loc 1 115 7 is_stmt 1 view .LVU215
 609              		.loc 1 115 15 is_stmt 0 view .LVU216
 610 00d4 0023     		movs	r3, #0
ARM GAS  C:\Users\86158\AppData\Local\Temp\ccuh7IDj.s 			page 15


 611 00d6 3B60     		str	r3, [r7]	@ float
 116:Device/Src/user_tool.c **** 						return 0;
 612              		.loc 1 116 7 is_stmt 1 view .LVU217
 613              		.loc 1 116 14 is_stmt 0 view .LVU218
 614 00d8 0020     		movs	r0, #0
 615 00da 08E0     		b	.L35
 616              	.L44:
 117:Device/Src/user_tool.c **** 				}	
 118:Device/Src/user_tool.c **** 		}
 119:Device/Src/user_tool.c **** 		*number = state * sum;
 617              		.loc 1 119 3 is_stmt 1 view .LVU219
 618              		.loc 1 119 19 is_stmt 0 view .LVU220
 619 00dc 07EE908A 		vmov	s15, r8	@ int
 620 00e0 F8EEE77A 		vcvt.f32.s32	s15, s15
 621 00e4 27EE888A 		vmul.f32	s16, s15, s16
 622              	.LVL66:
 623              		.loc 1 119 11 view .LVU221
 624 00e8 87ED008A 		vstr.32	s16, [r7]
 120:Device/Src/user_tool.c **** 		return 1;
 625              		.loc 1 120 3 is_stmt 1 view .LVU222
 626              		.loc 1 120 10 is_stmt 0 view .LVU223
 627 00ec 0120     		movs	r0, #1
 628              	.LVL67:
 629              	.L35:
 121:Device/Src/user_tool.c **** }...
 630              		.loc 1 121 1 view .LVU224
 631 00ee BDEC028B 		vldm	sp!, {d8}
 632              	.LCFI4:
 633              		.cfi_restore 80
 634              		.cfi_restore 81
 635              		.cfi_def_cfa_offset 24
 636 00f2 BDE8F081 		pop	{r4, r5, r6, r7, r8, pc}
 637              	.LVL68:
 638              	.L53:
 639              		.loc 1 121 1 view .LVU225
 640 00f6 00BF     		.align	3
 641              	.L52:
 642 00f8 9A999999 		.word	-1717986918
 643 00fc 9999B93F 		.word	1069128089
 644 0100 00000000 		.word	0
 645 0104 00004042 		.word	1111490560
 646 0108 CDCCCC3D 		.word	1036831949
 647              		.cfi_endproc
 648              	.LFE240:
 650              		.text
 651              	.Letext0:
 652              		.file 2 "e:\\stm32-gcc\\gcc-arm-none-eabi-10.3-2021.10\\arm-none-eabi\\include\\machine\\_default_
 653              		.file 3 "e:\\stm32-gcc\\gcc-arm-none-eabi-10.3-2021.10\\arm-none-eabi\\include\\sys\\_stdint.h"
 654              		.file 4 "e:\\stm32-gcc\\gcc-arm-none-eabi-10.3-2021.10\\arm-none-eabi\\include\\string.h"
ARM GAS  C:\Users\86158\AppData\Local\Temp\ccuh7IDj.s 			page 16


DEFINED SYMBOLS
                            *ABS*:00000000 user_tool.c
C:\Users\86158\AppData\Local\Temp\ccuh7IDj.s:20     .text.strSearch:00000000 $t
C:\Users\86158\AppData\Local\Temp\ccuh7IDj.s:26     .text.strSearch:00000000 strSearch
C:\Users\86158\AppData\Local\Temp\ccuh7IDj.s:129    .text.CharToInt:00000000 $t
C:\Users\86158\AppData\Local\Temp\ccuh7IDj.s:135    .text.CharToInt:00000000 CharToInt
C:\Users\86158\AppData\Local\Temp\ccuh7IDj.s:397    .text.CharToFloat:00000000 $t
C:\Users\86158\AppData\Local\Temp\ccuh7IDj.s:403    .text.CharToFloat:00000000 CharToFloat
C:\Users\86158\AppData\Local\Temp\ccuh7IDj.s:642    .text.CharToFloat:000000f8 $d

UNDEFINED SYMBOLS
strlen
__aeabi_f2d
__aeabi_dmul
__aeabi_d2f
