ARM GAS  C:\Users\86158\AppData\Local\Temp\ccPidwMg.s 			page 1


   1              		.cpu cortex-m4
   2              		.arch armv7e-m
   3              		.fpu fpv4-sp-d16
   4              		.eabi_attribute 27, 1
   5              		.eabi_attribute 28, 1
   6              		.eabi_attribute 20, 1
   7              		.eabi_attribute 21, 1
   8              		.eabi_attribute 23, 3
   9              		.eabi_attribute 24, 1
  10              		.eabi_attribute 25, 1
  11              		.eabi_attribute 26, 1
  12              		.eabi_attribute 30, 1
  13              		.eabi_attribute 34, 1
  14              		.eabi_attribute 18, 4
  15              		.file	"voltage.c"
  16              		.text
  17              	.Ltext0:
  18              		.cfi_sections	.debug_frame
  19              		.section	.text.ststem_voltage,"ax",%progbits
  20              		.align	1
  21              		.global	ststem_voltage
  22              		.syntax unified
  23              		.thumb
  24              		.thumb_func
  26              	ststem_voltage:
  27              	.LVL0:
  28              	.LFB240:
  29              		.file 1 "Device/Src/voltage.c"
   1:Device/Src/voltage.c **** 
   2:Device/Src/voltage.c **** #include "voltage.h"
   3:Device/Src/voltage.c **** #include "cmsis_os.h"
   4:Device/Src/voltage.c **** extern ADC_HandleTypeDef hadc1;
   5:Device/Src/voltage.c **** 
   6:Device/Src/voltage.c **** 
   7:Device/Src/voltage.c **** uint32_t ststem_voltage(uint32_t channel)
   8:Device/Src/voltage.c **** {
  30              		.loc 1 8 1 view -0
  31              		.cfi_startproc
  32              		@ args = 0, pretend = 0, frame = 16
  33              		@ frame_needed = 0, uses_anonymous_args = 0
  34              		.loc 1 8 1 is_stmt 0 view .LVU1
  35 0000 30B5     		push	{r4, r5, lr}
  36              	.LCFI0:
  37              		.cfi_def_cfa_offset 12
  38              		.cfi_offset 4, -12
  39              		.cfi_offset 5, -8
  40              		.cfi_offset 14, -4
  41 0002 85B0     		sub	sp, sp, #20
  42              	.LCFI1:
  43              		.cfi_def_cfa_offset 32
   9:Device/Src/voltage.c ****     ADC_ChannelConfTypeDef sConfig = {0};
  44              		.loc 1 9 5 is_stmt 1 view .LVU2
  45              		.loc 1 9 28 is_stmt 0 view .LVU3
  46 0004 0023     		movs	r3, #0
  47 0006 0093     		str	r3, [sp]
  48 0008 0193     		str	r3, [sp, #4]
  49 000a 0293     		str	r3, [sp, #8]
ARM GAS  C:\Users\86158\AppData\Local\Temp\ccPidwMg.s 			page 2


  50 000c 0393     		str	r3, [sp, #12]
  10:Device/Src/voltage.c ****     uint32_t value;
  51              		.loc 1 10 5 is_stmt 1 view .LVU4
  11:Device/Src/voltage.c **** 
  12:Device/Src/voltage.c ****     sConfig.Channel = channel;
  52              		.loc 1 12 5 view .LVU5
  53              		.loc 1 12 21 is_stmt 0 view .LVU6
  54 000e 0090     		str	r0, [sp]
  13:Device/Src/voltage.c ****     sConfig.Rank = 1;
  55              		.loc 1 13 5 is_stmt 1 view .LVU7
  56              		.loc 1 13 18 is_stmt 0 view .LVU8
  57 0010 0125     		movs	r5, #1
  58 0012 0195     		str	r5, [sp, #4]
  14:Device/Src/voltage.c ****     sConfig.SamplingTime = ADC_SAMPLETIME_3CYCLES;
  59              		.loc 1 14 5 is_stmt 1 view .LVU9
  15:Device/Src/voltage.c ****     HAL_ADC_ConfigChannel(&hadc1, &sConfig);
  60              		.loc 1 15 5 view .LVU10
  61 0014 0C4C     		ldr	r4, .L3
  62 0016 6946     		mov	r1, sp
  63 0018 2046     		mov	r0, r4
  64              	.LVL1:
  65              		.loc 1 15 5 is_stmt 0 view .LVU11
  66 001a FFF7FEFF 		bl	HAL_ADC_ConfigChannel
  67              	.LVL2:
  16:Device/Src/voltage.c **** 
  17:Device/Src/voltage.c ****     osDelay(1);
  68              		.loc 1 17 5 is_stmt 1 view .LVU12
  69 001e 2846     		mov	r0, r5
  70 0020 FFF7FEFF 		bl	osDelay
  71              	.LVL3:
  18:Device/Src/voltage.c ****     
  19:Device/Src/voltage.c ****     HAL_ADC_Start(&hadc1);
  72              		.loc 1 19 5 view .LVU13
  73 0024 2046     		mov	r0, r4
  74 0026 FFF7FEFF 		bl	HAL_ADC_Start
  75              	.LVL4:
  20:Device/Src/voltage.c ****     HAL_ADC_PollForConversion(&hadc1, 1);//time out 2ms
  76              		.loc 1 20 5 view .LVU14
  77 002a 2946     		mov	r1, r5
  78 002c 2046     		mov	r0, r4
  79 002e FFF7FEFF 		bl	HAL_ADC_PollForConversion
  80              	.LVL5:
  21:Device/Src/voltage.c ****     value = HAL_ADC_GetValue(&hadc1);
  81              		.loc 1 21 5 view .LVU15
  82              		.loc 1 21 13 is_stmt 0 view .LVU16
  83 0032 2046     		mov	r0, r4
  84 0034 FFF7FEFF 		bl	HAL_ADC_GetValue
  85              	.LVL6:
  86 0038 0546     		mov	r5, r0
  87              	.LVL7:
  22:Device/Src/voltage.c ****     HAL_ADC_Stop(&hadc1);
  88              		.loc 1 22 5 is_stmt 1 view .LVU17
  89 003a 2046     		mov	r0, r4
  90              	.LVL8:
  91              		.loc 1 22 5 is_stmt 0 view .LVU18
  92 003c FFF7FEFF 		bl	HAL_ADC_Stop
  93              	.LVL9:
ARM GAS  C:\Users\86158\AppData\Local\Temp\ccPidwMg.s 			page 3


  23:Device/Src/voltage.c ****     return value;
  94              		.loc 1 23 5 is_stmt 1 view .LVU19
  24:Device/Src/voltage.c **** }
  95              		.loc 1 24 1 is_stmt 0 view .LVU20
  96 0040 2846     		mov	r0, r5
  97 0042 05B0     		add	sp, sp, #20
  98              	.LCFI2:
  99              		.cfi_def_cfa_offset 12
 100              		@ sp needed
 101 0044 30BD     		pop	{r4, r5, pc}
 102              	.LVL10:
 103              	.L4:
 104              		.loc 1 24 1 view .LVU21
 105 0046 00BF     		.align	2
 106              	.L3:
 107 0048 00000000 		.word	hadc1
 108              		.cfi_endproc
 109              	.LFE240:
 111              		.text
 112              	.Letext0:
 113              		.file 2 "e:\\stm32-gcc\\gcc-arm-none-eabi-10.3-2021.10\\arm-none-eabi\\include\\machine\\_default_
 114              		.file 3 "e:\\stm32-gcc\\gcc-arm-none-eabi-10.3-2021.10\\arm-none-eabi\\include\\sys\\_stdint.h"
 115              		.file 4 "Drivers/CMSIS/Device/ST/STM32F4xx/Include/stm32f407xx.h"
 116              		.file 5 "Drivers/CMSIS/Device/ST/STM32F4xx/Include/stm32f4xx.h"
 117              		.file 6 "Drivers/STM32F4xx_HAL_Driver/Inc/stm32f4xx_hal_def.h"
 118              		.file 7 "Drivers/STM32F4xx_HAL_Driver/Inc/stm32f4xx_hal_dma.h"
 119              		.file 8 "Drivers/STM32F4xx_HAL_Driver/Inc/stm32f4xx_hal_adc.h"
 120              		.file 9 "Middlewares/Third_Party/FreeRTOS/Source/CMSIS_RTOS/cmsis_os.h"
ARM GAS  C:\Users\86158\AppData\Local\Temp\ccPidwMg.s 			page 4


DEFINED SYMBOLS
                            *ABS*:00000000 voltage.c
C:\Users\86158\AppData\Local\Temp\ccPidwMg.s:20     .text.ststem_voltage:00000000 $t
C:\Users\86158\AppData\Local\Temp\ccPidwMg.s:26     .text.ststem_voltage:00000000 ststem_voltage
C:\Users\86158\AppData\Local\Temp\ccPidwMg.s:107    .text.ststem_voltage:00000048 $d

UNDEFINED SYMBOLS
HAL_ADC_ConfigChannel
osDelay
HAL_ADC_Start
HAL_ADC_PollForConversion
HAL_ADC_GetValue
HAL_ADC_Stop
hadc1
