ARM GAS  C:\Users\86158\AppData\Local\Temp\ccDGZrQf.s 			page 1


   1              		.cpu cortex-m4
   2              		.arch armv7e-m
   3              		.fpu fpv4-sp-d16
   4              		.eabi_attribute 27, 1
   5              		.eabi_attribute 28, 1
   6              		.eabi_attribute 20, 1
   7              		.eabi_attribute 21, 1
   8              		.eabi_attribute 23, 3
   9              		.eabi_attribute 24, 1
  10              		.eabi_attribute 25, 1
  11              		.eabi_attribute 26, 1
  12              		.eabi_attribute 30, 1
  13              		.eabi_attribute 34, 1
  14              		.eabi_attribute 18, 4
  15              		.file	"stm32f4xx_it.c"
  16              		.text
  17              	.Ltext0:
  18              		.cfi_sections	.debug_frame
  19              		.section	.text.NMI_Handler,"ax",%progbits
  20              		.align	1
  21              		.global	NMI_Handler
  22              		.syntax unified
  23              		.thumb
  24              		.thumb_func
  26              	NMI_Handler:
  27              	.LFB235:
  28              		.file 1 "Core/Src/stm32f4xx_it.c"
   1:Core/Src/stm32f4xx_it.c **** /* USER CODE BEGIN Header */
   2:Core/Src/stm32f4xx_it.c **** /**
   3:Core/Src/stm32f4xx_it.c ****   ******************************************************************************
   4:Core/Src/stm32f4xx_it.c ****   * @file    stm32f4xx_it.c
   5:Core/Src/stm32f4xx_it.c ****   * @brief   Interrupt Service Routines.
   6:Core/Src/stm32f4xx_it.c ****   ******************************************************************************
   7:Core/Src/stm32f4xx_it.c ****   * @attention
   8:Core/Src/stm32f4xx_it.c ****   *
   9:Core/Src/stm32f4xx_it.c ****   * Copyright (c) 2023 STMicroelectronics.
  10:Core/Src/stm32f4xx_it.c ****   * All rights reserved.
  11:Core/Src/stm32f4xx_it.c ****   *
  12:Core/Src/stm32f4xx_it.c ****   * This software is licensed under terms that can be found in the LICENSE file
  13:Core/Src/stm32f4xx_it.c ****   * in the root directory of this software component.
  14:Core/Src/stm32f4xx_it.c ****   * If no LICENSE file comes with this software, it is provided AS-IS.
  15:Core/Src/stm32f4xx_it.c ****   *
  16:Core/Src/stm32f4xx_it.c ****   ******************************************************************************
  17:Core/Src/stm32f4xx_it.c ****   */
  18:Core/Src/stm32f4xx_it.c **** /* USER CODE END Header */
  19:Core/Src/stm32f4xx_it.c **** 
  20:Core/Src/stm32f4xx_it.c **** /* Includes ------------------------------------------------------------------*/
  21:Core/Src/stm32f4xx_it.c **** #include "main.h"
  22:Core/Src/stm32f4xx_it.c **** #include "stm32f4xx_it.h"
  23:Core/Src/stm32f4xx_it.c **** /* Private includes ----------------------------------------------------------*/
  24:Core/Src/stm32f4xx_it.c **** /* USER CODE BEGIN Includes */
  25:Core/Src/stm32f4xx_it.c **** /* USER CODE END Includes */
  26:Core/Src/stm32f4xx_it.c **** 
  27:Core/Src/stm32f4xx_it.c **** /* Private typedef -----------------------------------------------------------*/
  28:Core/Src/stm32f4xx_it.c **** /* USER CODE BEGIN TD */
  29:Core/Src/stm32f4xx_it.c **** 
  30:Core/Src/stm32f4xx_it.c **** /* USER CODE END TD */
ARM GAS  C:\Users\86158\AppData\Local\Temp\ccDGZrQf.s 			page 2


  31:Core/Src/stm32f4xx_it.c **** 
  32:Core/Src/stm32f4xx_it.c **** /* Private define ------------------------------------------------------------*/
  33:Core/Src/stm32f4xx_it.c **** /* USER CODE BEGIN PD */
  34:Core/Src/stm32f4xx_it.c **** 
  35:Core/Src/stm32f4xx_it.c **** /* USER CODE END PD */
  36:Core/Src/stm32f4xx_it.c **** 
  37:Core/Src/stm32f4xx_it.c **** /* Private macro -------------------------------------------------------------*/
  38:Core/Src/stm32f4xx_it.c **** /* USER CODE BEGIN PM */
  39:Core/Src/stm32f4xx_it.c **** 
  40:Core/Src/stm32f4xx_it.c **** /* USER CODE END PM */
  41:Core/Src/stm32f4xx_it.c **** 
  42:Core/Src/stm32f4xx_it.c **** /* Private variables ---------------------------------------------------------*/
  43:Core/Src/stm32f4xx_it.c **** /* USER CODE BEGIN PV */
  44:Core/Src/stm32f4xx_it.c **** 
  45:Core/Src/stm32f4xx_it.c **** /* USER CODE END PV */
  46:Core/Src/stm32f4xx_it.c **** 
  47:Core/Src/stm32f4xx_it.c **** /* Private function prototypes -----------------------------------------------*/
  48:Core/Src/stm32f4xx_it.c **** /* USER CODE BEGIN PFP */
  49:Core/Src/stm32f4xx_it.c **** 
  50:Core/Src/stm32f4xx_it.c **** /* USER CODE END PFP */
  51:Core/Src/stm32f4xx_it.c **** 
  52:Core/Src/stm32f4xx_it.c **** /* Private user code ---------------------------------------------------------*/
  53:Core/Src/stm32f4xx_it.c **** /* USER CODE BEGIN 0 */
  54:Core/Src/stm32f4xx_it.c **** 
  55:Core/Src/stm32f4xx_it.c **** /* USER CODE END 0 */
  56:Core/Src/stm32f4xx_it.c **** 
  57:Core/Src/stm32f4xx_it.c **** /* External variables --------------------------------------------------------*/
  58:Core/Src/stm32f4xx_it.c **** extern SPI_HandleTypeDef hspi1;
  59:Core/Src/stm32f4xx_it.c **** extern TIM_HandleTypeDef htim3;
  60:Core/Src/stm32f4xx_it.c **** extern UART_HandleTypeDef huart1;
  61:Core/Src/stm32f4xx_it.c **** extern UART_HandleTypeDef huart2;
  62:Core/Src/stm32f4xx_it.c **** extern UART_HandleTypeDef huart3;
  63:Core/Src/stm32f4xx_it.c **** extern TIM_HandleTypeDef htim2;
  64:Core/Src/stm32f4xx_it.c **** 
  65:Core/Src/stm32f4xx_it.c **** /* USER CODE BEGIN EV */
  66:Core/Src/stm32f4xx_it.c **** 
  67:Core/Src/stm32f4xx_it.c **** /* USER CODE END EV */
  68:Core/Src/stm32f4xx_it.c **** 
  69:Core/Src/stm32f4xx_it.c **** /******************************************************************************/
  70:Core/Src/stm32f4xx_it.c **** /*           Cortex-M4 Processor Interruption and Exception Handlers          */
  71:Core/Src/stm32f4xx_it.c **** /******************************************************************************/
  72:Core/Src/stm32f4xx_it.c **** /**
  73:Core/Src/stm32f4xx_it.c ****   * @brief This function handles Non maskable interrupt.
  74:Core/Src/stm32f4xx_it.c ****   */
  75:Core/Src/stm32f4xx_it.c **** void NMI_Handler(void)
  76:Core/Src/stm32f4xx_it.c **** {
  29              		.loc 1 76 1 view -0
  30              		.cfi_startproc
  31              		@ Volatile: function does not return.
  32              		@ args = 0, pretend = 0, frame = 0
  33              		@ frame_needed = 0, uses_anonymous_args = 0
  34              		@ link register save eliminated.
  35              	.L2:
  77:Core/Src/stm32f4xx_it.c ****   /* USER CODE BEGIN NonMaskableInt_IRQn 0 */
  78:Core/Src/stm32f4xx_it.c **** 
  79:Core/Src/stm32f4xx_it.c ****   /* USER CODE END NonMaskableInt_IRQn 0 */
  80:Core/Src/stm32f4xx_it.c ****   /* USER CODE BEGIN NonMaskableInt_IRQn 1 */
ARM GAS  C:\Users\86158\AppData\Local\Temp\ccDGZrQf.s 			page 3


  81:Core/Src/stm32f4xx_it.c ****   while (1)
  36              		.loc 1 81 3 discriminator 1 view .LVU1
  82:Core/Src/stm32f4xx_it.c ****   {
  83:Core/Src/stm32f4xx_it.c ****   }
  37              		.loc 1 83 3 discriminator 1 view .LVU2
  81:Core/Src/stm32f4xx_it.c ****   {
  38              		.loc 1 81 9 discriminator 1 view .LVU3
  39 0000 FEE7     		b	.L2
  40              		.cfi_endproc
  41              	.LFE235:
  43              		.section	.text.HardFault_Handler,"ax",%progbits
  44              		.align	1
  45              		.global	HardFault_Handler
  46              		.syntax unified
  47              		.thumb
  48              		.thumb_func
  50              	HardFault_Handler:
  51              	.LFB236:
  84:Core/Src/stm32f4xx_it.c ****   /* USER CODE END NonMaskableInt_IRQn 1 */
  85:Core/Src/stm32f4xx_it.c **** }
  86:Core/Src/stm32f4xx_it.c **** 
  87:Core/Src/stm32f4xx_it.c **** /**
  88:Core/Src/stm32f4xx_it.c ****   * @brief This function handles Hard fault interrupt.
  89:Core/Src/stm32f4xx_it.c ****   */
  90:Core/Src/stm32f4xx_it.c **** void HardFault_Handler(void)
  91:Core/Src/stm32f4xx_it.c **** {
  52              		.loc 1 91 1 view -0
  53              		.cfi_startproc
  54              		@ Volatile: function does not return.
  55              		@ args = 0, pretend = 0, frame = 0
  56              		@ frame_needed = 0, uses_anonymous_args = 0
  57              		@ link register save eliminated.
  58              	.L4:
  92:Core/Src/stm32f4xx_it.c ****   /* USER CODE BEGIN HardFault_IRQn 0 */
  93:Core/Src/stm32f4xx_it.c **** 
  94:Core/Src/stm32f4xx_it.c ****   /* USER CODE END HardFault_IRQn 0 */
  95:Core/Src/stm32f4xx_it.c ****   while (1)
  59              		.loc 1 95 3 discriminator 1 view .LVU5
  96:Core/Src/stm32f4xx_it.c ****   {
  97:Core/Src/stm32f4xx_it.c ****     /* USER CODE BEGIN W1_HardFault_IRQn 0 */
  98:Core/Src/stm32f4xx_it.c ****     /* USER CODE END W1_HardFault_IRQn 0 */
  99:Core/Src/stm32f4xx_it.c ****   }
  60              		.loc 1 99 3 discriminator 1 view .LVU6
  95:Core/Src/stm32f4xx_it.c ****   {
  61              		.loc 1 95 9 discriminator 1 view .LVU7
  62 0000 FEE7     		b	.L4
  63              		.cfi_endproc
  64              	.LFE236:
  66              		.section	.text.MemManage_Handler,"ax",%progbits
  67              		.align	1
  68              		.global	MemManage_Handler
  69              		.syntax unified
  70              		.thumb
  71              		.thumb_func
  73              	MemManage_Handler:
  74              	.LFB237:
 100:Core/Src/stm32f4xx_it.c **** }
ARM GAS  C:\Users\86158\AppData\Local\Temp\ccDGZrQf.s 			page 4


 101:Core/Src/stm32f4xx_it.c **** 
 102:Core/Src/stm32f4xx_it.c **** /**
 103:Core/Src/stm32f4xx_it.c ****   * @brief This function handles Memory management fault.
 104:Core/Src/stm32f4xx_it.c ****   */
 105:Core/Src/stm32f4xx_it.c **** void MemManage_Handler(void)
 106:Core/Src/stm32f4xx_it.c **** {
  75              		.loc 1 106 1 view -0
  76              		.cfi_startproc
  77              		@ Volatile: function does not return.
  78              		@ args = 0, pretend = 0, frame = 0
  79              		@ frame_needed = 0, uses_anonymous_args = 0
  80              		@ link register save eliminated.
  81              	.L6:
 107:Core/Src/stm32f4xx_it.c ****   /* USER CODE BEGIN MemoryManagement_IRQn 0 */
 108:Core/Src/stm32f4xx_it.c **** 
 109:Core/Src/stm32f4xx_it.c ****   /* USER CODE END MemoryManagement_IRQn 0 */
 110:Core/Src/stm32f4xx_it.c ****   while (1)
  82              		.loc 1 110 3 discriminator 1 view .LVU9
 111:Core/Src/stm32f4xx_it.c ****   {
 112:Core/Src/stm32f4xx_it.c ****     /* USER CODE BEGIN W1_MemoryManagement_IRQn 0 */
 113:Core/Src/stm32f4xx_it.c ****     /* USER CODE END W1_MemoryManagement_IRQn 0 */
 114:Core/Src/stm32f4xx_it.c ****   }
  83              		.loc 1 114 3 discriminator 1 view .LVU10
 110:Core/Src/stm32f4xx_it.c ****   {
  84              		.loc 1 110 9 discriminator 1 view .LVU11
  85 0000 FEE7     		b	.L6
  86              		.cfi_endproc
  87              	.LFE237:
  89              		.section	.text.BusFault_Handler,"ax",%progbits
  90              		.align	1
  91              		.global	BusFault_Handler
  92              		.syntax unified
  93              		.thumb
  94              		.thumb_func
  96              	BusFault_Handler:
  97              	.LFB238:
 115:Core/Src/stm32f4xx_it.c **** }
 116:Core/Src/stm32f4xx_it.c **** 
 117:Core/Src/stm32f4xx_it.c **** /**
 118:Core/Src/stm32f4xx_it.c ****   * @brief This function handles Pre-fetch fault, memory access fault.
 119:Core/Src/stm32f4xx_it.c ****   */
 120:Core/Src/stm32f4xx_it.c **** void BusFault_Handler(void)
 121:Core/Src/stm32f4xx_it.c **** {
  98              		.loc 1 121 1 view -0
  99              		.cfi_startproc
 100              		@ Volatile: function does not return.
 101              		@ args = 0, pretend = 0, frame = 0
 102              		@ frame_needed = 0, uses_anonymous_args = 0
 103              		@ link register save eliminated.
 104              	.L8:
 122:Core/Src/stm32f4xx_it.c ****   /* USER CODE BEGIN BusFault_IRQn 0 */
 123:Core/Src/stm32f4xx_it.c **** 
 124:Core/Src/stm32f4xx_it.c ****   /* USER CODE END BusFault_IRQn 0 */
 125:Core/Src/stm32f4xx_it.c ****   while (1)
 105              		.loc 1 125 3 discriminator 1 view .LVU13
 126:Core/Src/stm32f4xx_it.c ****   {
 127:Core/Src/stm32f4xx_it.c ****     /* USER CODE BEGIN W1_BusFault_IRQn 0 */
ARM GAS  C:\Users\86158\AppData\Local\Temp\ccDGZrQf.s 			page 5


 128:Core/Src/stm32f4xx_it.c ****     /* USER CODE END W1_BusFault_IRQn 0 */
 129:Core/Src/stm32f4xx_it.c ****   }
 106              		.loc 1 129 3 discriminator 1 view .LVU14
 125:Core/Src/stm32f4xx_it.c ****   {
 107              		.loc 1 125 9 discriminator 1 view .LVU15
 108 0000 FEE7     		b	.L8
 109              		.cfi_endproc
 110              	.LFE238:
 112              		.section	.text.UsageFault_Handler,"ax",%progbits
 113              		.align	1
 114              		.global	UsageFault_Handler
 115              		.syntax unified
 116              		.thumb
 117              		.thumb_func
 119              	UsageFault_Handler:
 120              	.LFB239:
 130:Core/Src/stm32f4xx_it.c **** }
 131:Core/Src/stm32f4xx_it.c **** 
 132:Core/Src/stm32f4xx_it.c **** /**
 133:Core/Src/stm32f4xx_it.c ****   * @brief This function handles Undefined instruction or illegal state.
 134:Core/Src/stm32f4xx_it.c ****   */
 135:Core/Src/stm32f4xx_it.c **** void UsageFault_Handler(void)
 136:Core/Src/stm32f4xx_it.c **** {
 121              		.loc 1 136 1 view -0
 122              		.cfi_startproc
 123              		@ Volatile: function does not return.
 124              		@ args = 0, pretend = 0, frame = 0
 125              		@ frame_needed = 0, uses_anonymous_args = 0
 126              		@ link register save eliminated.
 127              	.L10:
 137:Core/Src/stm32f4xx_it.c ****   /* USER CODE BEGIN UsageFault_IRQn 0 */
 138:Core/Src/stm32f4xx_it.c **** 
 139:Core/Src/stm32f4xx_it.c ****   /* USER CODE END UsageFault_IRQn 0 */
 140:Core/Src/stm32f4xx_it.c ****   while (1)
 128              		.loc 1 140 3 discriminator 1 view .LVU17
 141:Core/Src/stm32f4xx_it.c ****   {
 142:Core/Src/stm32f4xx_it.c ****     /* USER CODE BEGIN W1_UsageFault_IRQn 0 */
 143:Core/Src/stm32f4xx_it.c ****     /* USER CODE END W1_UsageFault_IRQn 0 */
 144:Core/Src/stm32f4xx_it.c ****   }
 129              		.loc 1 144 3 discriminator 1 view .LVU18
 140:Core/Src/stm32f4xx_it.c ****   {
 130              		.loc 1 140 9 discriminator 1 view .LVU19
 131 0000 FEE7     		b	.L10
 132              		.cfi_endproc
 133              	.LFE239:
 135              		.section	.text.DebugMon_Handler,"ax",%progbits
 136              		.align	1
 137              		.global	DebugMon_Handler
 138              		.syntax unified
 139              		.thumb
 140              		.thumb_func
 142              	DebugMon_Handler:
 143              	.LFB240:
 145:Core/Src/stm32f4xx_it.c **** }
 146:Core/Src/stm32f4xx_it.c **** 
 147:Core/Src/stm32f4xx_it.c **** /**
 148:Core/Src/stm32f4xx_it.c ****   * @brief This function handles Debug monitor.
ARM GAS  C:\Users\86158\AppData\Local\Temp\ccDGZrQf.s 			page 6


 149:Core/Src/stm32f4xx_it.c ****   */
 150:Core/Src/stm32f4xx_it.c **** void DebugMon_Handler(void)
 151:Core/Src/stm32f4xx_it.c **** {
 144              		.loc 1 151 1 view -0
 145              		.cfi_startproc
 146              		@ args = 0, pretend = 0, frame = 0
 147              		@ frame_needed = 0, uses_anonymous_args = 0
 148              		@ link register save eliminated.
 152:Core/Src/stm32f4xx_it.c ****   /* USER CODE BEGIN DebugMonitor_IRQn 0 */
 153:Core/Src/stm32f4xx_it.c **** 
 154:Core/Src/stm32f4xx_it.c ****   /* USER CODE END DebugMonitor_IRQn 0 */
 155:Core/Src/stm32f4xx_it.c ****   /* USER CODE BEGIN DebugMonitor_IRQn 1 */
 156:Core/Src/stm32f4xx_it.c **** 
 157:Core/Src/stm32f4xx_it.c ****   /* USER CODE END DebugMonitor_IRQn 1 */
 158:Core/Src/stm32f4xx_it.c **** }
 149              		.loc 1 158 1 view .LVU21
 150 0000 7047     		bx	lr
 151              		.cfi_endproc
 152              	.LFE240:
 154              		.section	.text.TIM3_IRQHandler,"ax",%progbits
 155              		.align	1
 156              		.global	TIM3_IRQHandler
 157              		.syntax unified
 158              		.thumb
 159              		.thumb_func
 161              	TIM3_IRQHandler:
 162              	.LFB241:
 159:Core/Src/stm32f4xx_it.c **** 
 160:Core/Src/stm32f4xx_it.c **** /******************************************************************************/
 161:Core/Src/stm32f4xx_it.c **** /* STM32F4xx Peripheral Interrupt Handlers                                    */
 162:Core/Src/stm32f4xx_it.c **** /* Add here the Interrupt Handlers for the used peripherals.                  */
 163:Core/Src/stm32f4xx_it.c **** /* For the available peripheral interrupt handler names,                      */
 164:Core/Src/stm32f4xx_it.c **** /* please refer to the startup file (startup_stm32f4xx.s).                    */
 165:Core/Src/stm32f4xx_it.c **** /******************************************************************************/
 166:Core/Src/stm32f4xx_it.c **** 
 167:Core/Src/stm32f4xx_it.c **** /**
 168:Core/Src/stm32f4xx_it.c ****   * @brief This function handles TIM3 global interrupt.
 169:Core/Src/stm32f4xx_it.c ****   */
 170:Core/Src/stm32f4xx_it.c **** void TIM3_IRQHandler(void)
 171:Core/Src/stm32f4xx_it.c **** {
 163              		.loc 1 171 1 view -0
 164              		.cfi_startproc
 165              		@ args = 0, pretend = 0, frame = 0
 166              		@ frame_needed = 0, uses_anonymous_args = 0
 167 0000 08B5     		push	{r3, lr}
 168              	.LCFI0:
 169              		.cfi_def_cfa_offset 8
 170              		.cfi_offset 3, -8
 171              		.cfi_offset 14, -4
 172:Core/Src/stm32f4xx_it.c ****   /* USER CODE BEGIN TIM3_IRQn 0 */
 173:Core/Src/stm32f4xx_it.c **** 
 174:Core/Src/stm32f4xx_it.c ****   /* USER CODE END TIM3_IRQn 0 */
 175:Core/Src/stm32f4xx_it.c ****   HAL_TIM_IRQHandler(&htim3);
 172              		.loc 1 175 3 view .LVU23
 173 0002 0248     		ldr	r0, .L14
 174 0004 FFF7FEFF 		bl	HAL_TIM_IRQHandler
 175              	.LVL0:
ARM GAS  C:\Users\86158\AppData\Local\Temp\ccDGZrQf.s 			page 7


 176:Core/Src/stm32f4xx_it.c ****   /* USER CODE BEGIN TIM3_IRQn 1 */
 177:Core/Src/stm32f4xx_it.c **** 
 178:Core/Src/stm32f4xx_it.c ****   /* USER CODE END TIM3_IRQn 1 */
 179:Core/Src/stm32f4xx_it.c **** }
 176              		.loc 1 179 1 is_stmt 0 view .LVU24
 177 0008 08BD     		pop	{r3, pc}
 178              	.L15:
 179 000a 00BF     		.align	2
 180              	.L14:
 181 000c 00000000 		.word	htim3
 182              		.cfi_endproc
 183              	.LFE241:
 185              		.section	.text.TIM2_IRQHandler,"ax",%progbits
 186              		.align	1
 187              		.global	TIM2_IRQHandler
 188              		.syntax unified
 189              		.thumb
 190              		.thumb_func
 192              	TIM2_IRQHandler:
 193              	.LFB242:
 180:Core/Src/stm32f4xx_it.c **** 
 181:Core/Src/stm32f4xx_it.c **** /**
 182:Core/Src/stm32f4xx_it.c ****   * @brief This function handles TIM2 global interrupt.
 183:Core/Src/stm32f4xx_it.c ****   */
 184:Core/Src/stm32f4xx_it.c **** void TIM2_IRQHandler(void)
 185:Core/Src/stm32f4xx_it.c **** {
 194              		.loc 1 185 1 is_stmt 1 view -0
 195              		.cfi_startproc
 196              		@ args = 0, pretend = 0, frame = 0
 197              		@ frame_needed = 0, uses_anonymous_args = 0
 198 0000 08B5     		push	{r3, lr}
 199              	.LCFI1:
 200              		.cfi_def_cfa_offset 8
 201              		.cfi_offset 3, -8
 202              		.cfi_offset 14, -4
 186:Core/Src/stm32f4xx_it.c ****   /* USER CODE BEGIN TIM2_IRQn 0 */
 187:Core/Src/stm32f4xx_it.c **** 
 188:Core/Src/stm32f4xx_it.c ****   /* USER CODE END TIM2_IRQn 0 */
 189:Core/Src/stm32f4xx_it.c ****   HAL_TIM_IRQHandler(&htim2);
 203              		.loc 1 189 3 view .LVU26
 204 0002 0248     		ldr	r0, .L18
 205 0004 FFF7FEFF 		bl	HAL_TIM_IRQHandler
 206              	.LVL1:
 190:Core/Src/stm32f4xx_it.c ****   /* USER CODE BEGIN TIM2_IRQn 1 */
 191:Core/Src/stm32f4xx_it.c **** 
 192:Core/Src/stm32f4xx_it.c ****   /* USER CODE END TIM2_IRQn 1 */
 193:Core/Src/stm32f4xx_it.c **** }
 207              		.loc 1 193 1 is_stmt 0 view .LVU27
 208 0008 08BD     		pop	{r3, pc}
 209              	.L19:
 210 000a 00BF     		.align	2
 211              	.L18:
 212 000c 00000000 		.word	htim2
 213              		.cfi_endproc
 214              	.LFE242:
 216              		.section	.text.SPI1_IRQHandler,"ax",%progbits
 217              		.align	1
ARM GAS  C:\Users\86158\AppData\Local\Temp\ccDGZrQf.s 			page 8


 218              		.global	SPI1_IRQHandler
 219              		.syntax unified
 220              		.thumb
 221              		.thumb_func
 223              	SPI1_IRQHandler:
 224              	.LFB243:
 194:Core/Src/stm32f4xx_it.c **** 
 195:Core/Src/stm32f4xx_it.c **** /**
 196:Core/Src/stm32f4xx_it.c ****   * @brief This function handles SPI1 global interrupt.
 197:Core/Src/stm32f4xx_it.c ****   */
 198:Core/Src/stm32f4xx_it.c **** void SPI1_IRQHandler(void)
 199:Core/Src/stm32f4xx_it.c **** {
 225              		.loc 1 199 1 is_stmt 1 view -0
 226              		.cfi_startproc
 227              		@ args = 0, pretend = 0, frame = 0
 228              		@ frame_needed = 0, uses_anonymous_args = 0
 229 0000 08B5     		push	{r3, lr}
 230              	.LCFI2:
 231              		.cfi_def_cfa_offset 8
 232              		.cfi_offset 3, -8
 233              		.cfi_offset 14, -4
 200:Core/Src/stm32f4xx_it.c ****   /* USER CODE BEGIN SPI1_IRQn 0 */
 201:Core/Src/stm32f4xx_it.c **** 
 202:Core/Src/stm32f4xx_it.c ****   /* USER CODE END SPI1_IRQn 0 */
 203:Core/Src/stm32f4xx_it.c ****   HAL_SPI_IRQHandler(&hspi1);
 234              		.loc 1 203 3 view .LVU29
 235 0002 0248     		ldr	r0, .L22
 236 0004 FFF7FEFF 		bl	HAL_SPI_IRQHandler
 237              	.LVL2:
 204:Core/Src/stm32f4xx_it.c ****   /* USER CODE BEGIN SPI1_IRQn 1 */
 205:Core/Src/stm32f4xx_it.c **** 
 206:Core/Src/stm32f4xx_it.c ****   /* USER CODE END SPI1_IRQn 1 */
 207:Core/Src/stm32f4xx_it.c **** }
 238              		.loc 1 207 1 is_stmt 0 view .LVU30
 239 0008 08BD     		pop	{r3, pc}
 240              	.L23:
 241 000a 00BF     		.align	2
 242              	.L22:
 243 000c 00000000 		.word	hspi1
 244              		.cfi_endproc
 245              	.LFE243:
 247              		.section	.text.USART1_IRQHandler,"ax",%progbits
 248              		.align	1
 249              		.global	USART1_IRQHandler
 250              		.syntax unified
 251              		.thumb
 252              		.thumb_func
 254              	USART1_IRQHandler:
 255              	.LFB244:
 208:Core/Src/stm32f4xx_it.c **** 
 209:Core/Src/stm32f4xx_it.c **** /**
 210:Core/Src/stm32f4xx_it.c ****   * @brief This function handles USART1 global interrupt.
 211:Core/Src/stm32f4xx_it.c ****   */
 212:Core/Src/stm32f4xx_it.c **** void USART1_IRQHandler(void)
 213:Core/Src/stm32f4xx_it.c **** {
 256              		.loc 1 213 1 is_stmt 1 view -0
 257              		.cfi_startproc
ARM GAS  C:\Users\86158\AppData\Local\Temp\ccDGZrQf.s 			page 9


 258              		@ args = 0, pretend = 0, frame = 0
 259              		@ frame_needed = 0, uses_anonymous_args = 0
 260 0000 08B5     		push	{r3, lr}
 261              	.LCFI3:
 262              		.cfi_def_cfa_offset 8
 263              		.cfi_offset 3, -8
 264              		.cfi_offset 14, -4
 214:Core/Src/stm32f4xx_it.c ****   /* USER CODE BEGIN USART1_IRQn 0 */
 215:Core/Src/stm32f4xx_it.c **** 
 216:Core/Src/stm32f4xx_it.c ****   /* USER CODE END USART1_IRQn 0 */
 217:Core/Src/stm32f4xx_it.c ****   HAL_UART_IRQHandler(&huart1);
 265              		.loc 1 217 3 view .LVU32
 266 0002 0248     		ldr	r0, .L26
 267 0004 FFF7FEFF 		bl	HAL_UART_IRQHandler
 268              	.LVL3:
 218:Core/Src/stm32f4xx_it.c ****   /* USER CODE BEGIN USART1_IRQn 1 */
 219:Core/Src/stm32f4xx_it.c **** 
 220:Core/Src/stm32f4xx_it.c ****   /* USER CODE END USART1_IRQn 1 */
 221:Core/Src/stm32f4xx_it.c **** }
 269              		.loc 1 221 1 is_stmt 0 view .LVU33
 270 0008 08BD     		pop	{r3, pc}
 271              	.L27:
 272 000a 00BF     		.align	2
 273              	.L26:
 274 000c 00000000 		.word	huart1
 275              		.cfi_endproc
 276              	.LFE244:
 278              		.section	.text.USART2_IRQHandler,"ax",%progbits
 279              		.align	1
 280              		.global	USART2_IRQHandler
 281              		.syntax unified
 282              		.thumb
 283              		.thumb_func
 285              	USART2_IRQHandler:
 286              	.LFB245:
 222:Core/Src/stm32f4xx_it.c **** 
 223:Core/Src/stm32f4xx_it.c **** /**
 224:Core/Src/stm32f4xx_it.c ****   * @brief This function handles USART2 global interrupt.
 225:Core/Src/stm32f4xx_it.c ****   */
 226:Core/Src/stm32f4xx_it.c **** void USART2_IRQHandler(void)
 227:Core/Src/stm32f4xx_it.c **** {
 287              		.loc 1 227 1 is_stmt 1 view -0
 288              		.cfi_startproc
 289              		@ args = 0, pretend = 0, frame = 0
 290              		@ frame_needed = 0, uses_anonymous_args = 0
 291 0000 08B5     		push	{r3, lr}
 292              	.LCFI4:
 293              		.cfi_def_cfa_offset 8
 294              		.cfi_offset 3, -8
 295              		.cfi_offset 14, -4
 228:Core/Src/stm32f4xx_it.c ****   /* USER CODE BEGIN USART2_IRQn 0 */
 229:Core/Src/stm32f4xx_it.c **** 
 230:Core/Src/stm32f4xx_it.c ****   /* USER CODE END USART2_IRQn 0 */
 231:Core/Src/stm32f4xx_it.c ****   HAL_UART_IRQHandler(&huart2);
 296              		.loc 1 231 3 view .LVU35
 297 0002 0248     		ldr	r0, .L30
 298 0004 FFF7FEFF 		bl	HAL_UART_IRQHandler
ARM GAS  C:\Users\86158\AppData\Local\Temp\ccDGZrQf.s 			page 10


 299              	.LVL4:
 232:Core/Src/stm32f4xx_it.c ****   /* USER CODE BEGIN USART2_IRQn 1 */
 233:Core/Src/stm32f4xx_it.c **** 
 234:Core/Src/stm32f4xx_it.c ****   /* USER CODE END USART2_IRQn 1 */
 235:Core/Src/stm32f4xx_it.c **** }
 300              		.loc 1 235 1 is_stmt 0 view .LVU36
 301 0008 08BD     		pop	{r3, pc}
 302              	.L31:
 303 000a 00BF     		.align	2
 304              	.L30:
 305 000c 00000000 		.word	huart2
 306              		.cfi_endproc
 307              	.LFE245:
 309              		.section	.text.USART3_IRQHandler,"ax",%progbits
 310              		.align	1
 311              		.global	USART3_IRQHandler
 312              		.syntax unified
 313              		.thumb
 314              		.thumb_func
 316              	USART3_IRQHandler:
 317              	.LFB246:
 236:Core/Src/stm32f4xx_it.c **** 
 237:Core/Src/stm32f4xx_it.c **** /**
 238:Core/Src/stm32f4xx_it.c ****   * @brief This function handles USART3 global interrupt.
 239:Core/Src/stm32f4xx_it.c ****   */
 240:Core/Src/stm32f4xx_it.c **** void USART3_IRQHandler(void)
 241:Core/Src/stm32f4xx_it.c **** {
 318              		.loc 1 241 1 is_stmt 1 view -0
 319              		.cfi_startproc
 320              		@ args = 0, pretend = 0, frame = 0
 321              		@ frame_needed = 0, uses_anonymous_args = 0
 322 0000 08B5     		push	{r3, lr}
 323              	.LCFI5:
 324              		.cfi_def_cfa_offset 8
 325              		.cfi_offset 3, -8
 326              		.cfi_offset 14, -4
 242:Core/Src/stm32f4xx_it.c ****   /* USER CODE BEGIN USART3_IRQn 0 */
 243:Core/Src/stm32f4xx_it.c **** 
 244:Core/Src/stm32f4xx_it.c ****   /* USER CODE END USART3_IRQn 0 */
 245:Core/Src/stm32f4xx_it.c ****   HAL_UART_IRQHandler(&huart3);
 327              		.loc 1 245 3 view .LVU38
 328 0002 0248     		ldr	r0, .L34
 329 0004 FFF7FEFF 		bl	HAL_UART_IRQHandler
 330              	.LVL5:
 246:Core/Src/stm32f4xx_it.c ****   /* USER CODE BEGIN USART3_IRQn 1 */
 247:Core/Src/stm32f4xx_it.c **** 
 248:Core/Src/stm32f4xx_it.c ****   /* USER CODE END USART3_IRQn 1 */
 249:Core/Src/stm32f4xx_it.c **** }
 331              		.loc 1 249 1 is_stmt 0 view .LVU39
 332 0008 08BD     		pop	{r3, pc}
 333              	.L35:
 334 000a 00BF     		.align	2
 335              	.L34:
 336 000c 00000000 		.word	huart3
 337              		.cfi_endproc
 338              	.LFE246:
 340              		.text
ARM GAS  C:\Users\86158\AppData\Local\Temp\ccDGZrQf.s 			page 11


 341              	.Letext0:
 342              		.file 2 "e:\\stm32-gcc\\gcc-arm-none-eabi-10.3-2021.10\\arm-none-eabi\\include\\machine\\_default_
 343              		.file 3 "e:\\stm32-gcc\\gcc-arm-none-eabi-10.3-2021.10\\arm-none-eabi\\include\\sys\\_stdint.h"
 344              		.file 4 "Drivers/CMSIS/Device/ST/STM32F4xx/Include/stm32f407xx.h"
 345              		.file 5 "Drivers/STM32F4xx_HAL_Driver/Inc/stm32f4xx_hal_def.h"
 346              		.file 6 "Drivers/STM32F4xx_HAL_Driver/Inc/stm32f4xx_hal_dma.h"
 347              		.file 7 "Drivers/STM32F4xx_HAL_Driver/Inc/stm32f4xx_hal_spi.h"
 348              		.file 8 "Drivers/STM32F4xx_HAL_Driver/Inc/stm32f4xx_hal_tim.h"
 349              		.file 9 "Drivers/STM32F4xx_HAL_Driver/Inc/stm32f4xx_hal_uart.h"
ARM GAS  C:\Users\86158\AppData\Local\Temp\ccDGZrQf.s 			page 12


DEFINED SYMBOLS
                            *ABS*:00000000 stm32f4xx_it.c
C:\Users\86158\AppData\Local\Temp\ccDGZrQf.s:20     .text.NMI_Handler:00000000 $t
C:\Users\86158\AppData\Local\Temp\ccDGZrQf.s:26     .text.NMI_Handler:00000000 NMI_Handler
C:\Users\86158\AppData\Local\Temp\ccDGZrQf.s:44     .text.HardFault_Handler:00000000 $t
C:\Users\86158\AppData\Local\Temp\ccDGZrQf.s:50     .text.HardFault_Handler:00000000 HardFault_Handler
C:\Users\86158\AppData\Local\Temp\ccDGZrQf.s:67     .text.MemManage_Handler:00000000 $t
C:\Users\86158\AppData\Local\Temp\ccDGZrQf.s:73     .text.MemManage_Handler:00000000 MemManage_Handler
C:\Users\86158\AppData\Local\Temp\ccDGZrQf.s:90     .text.BusFault_Handler:00000000 $t
C:\Users\86158\AppData\Local\Temp\ccDGZrQf.s:96     .text.BusFault_Handler:00000000 BusFault_Handler
C:\Users\86158\AppData\Local\Temp\ccDGZrQf.s:113    .text.UsageFault_Handler:00000000 $t
C:\Users\86158\AppData\Local\Temp\ccDGZrQf.s:119    .text.UsageFault_Handler:00000000 UsageFault_Handler
C:\Users\86158\AppData\Local\Temp\ccDGZrQf.s:136    .text.DebugMon_Handler:00000000 $t
C:\Users\86158\AppData\Local\Temp\ccDGZrQf.s:142    .text.DebugMon_Handler:00000000 DebugMon_Handler
C:\Users\86158\AppData\Local\Temp\ccDGZrQf.s:155    .text.TIM3_IRQHandler:00000000 $t
C:\Users\86158\AppData\Local\Temp\ccDGZrQf.s:161    .text.TIM3_IRQHandler:00000000 TIM3_IRQHandler
C:\Users\86158\AppData\Local\Temp\ccDGZrQf.s:181    .text.TIM3_IRQHandler:0000000c $d
C:\Users\86158\AppData\Local\Temp\ccDGZrQf.s:186    .text.TIM2_IRQHandler:00000000 $t
C:\Users\86158\AppData\Local\Temp\ccDGZrQf.s:192    .text.TIM2_IRQHandler:00000000 TIM2_IRQHandler
C:\Users\86158\AppData\Local\Temp\ccDGZrQf.s:212    .text.TIM2_IRQHandler:0000000c $d
C:\Users\86158\AppData\Local\Temp\ccDGZrQf.s:217    .text.SPI1_IRQHandler:00000000 $t
C:\Users\86158\AppData\Local\Temp\ccDGZrQf.s:223    .text.SPI1_IRQHandler:00000000 SPI1_IRQHandler
C:\Users\86158\AppData\Local\Temp\ccDGZrQf.s:243    .text.SPI1_IRQHandler:0000000c $d
C:\Users\86158\AppData\Local\Temp\ccDGZrQf.s:248    .text.USART1_IRQHandler:00000000 $t
C:\Users\86158\AppData\Local\Temp\ccDGZrQf.s:254    .text.USART1_IRQHandler:00000000 USART1_IRQHandler
C:\Users\86158\AppData\Local\Temp\ccDGZrQf.s:274    .text.USART1_IRQHandler:0000000c $d
C:\Users\86158\AppData\Local\Temp\ccDGZrQf.s:279    .text.USART2_IRQHandler:00000000 $t
C:\Users\86158\AppData\Local\Temp\ccDGZrQf.s:285    .text.USART2_IRQHandler:00000000 USART2_IRQHandler
C:\Users\86158\AppData\Local\Temp\ccDGZrQf.s:305    .text.USART2_IRQHandler:0000000c $d
C:\Users\86158\AppData\Local\Temp\ccDGZrQf.s:310    .text.USART3_IRQHandler:00000000 $t
C:\Users\86158\AppData\Local\Temp\ccDGZrQf.s:316    .text.USART3_IRQHandler:00000000 USART3_IRQHandler
C:\Users\86158\AppData\Local\Temp\ccDGZrQf.s:336    .text.USART3_IRQHandler:0000000c $d

UNDEFINED SYMBOLS
HAL_TIM_IRQHandler
htim3
htim2
HAL_SPI_IRQHandler
hspi1
HAL_UART_IRQHandler
huart1
huart2
huart3
