ARM GAS  C:\Users\86158\AppData\Local\Temp\ccSHRfDd.s 			page 1


   1              		.cpu cortex-m4
   2              		.arch armv7e-m
   3              		.fpu fpv4-sp-d16
   4              		.eabi_attribute 27, 1
   5              		.eabi_attribute 28, 1
   6              		.eabi_attribute 20, 1
   7              		.eabi_attribute 21, 1
   8              		.eabi_attribute 23, 3
   9              		.eabi_attribute 24, 1
  10              		.eabi_attribute 25, 1
  11              		.eabi_attribute 26, 1
  12              		.eabi_attribute 30, 1
  13              		.eabi_attribute 34, 1
  14              		.eabi_attribute 18, 4
  15              		.file	"system_stm32f4xx.c"
  16              		.text
  17              	.Ltext0:
  18              		.cfi_sections	.debug_frame
  19              		.section	.text.SystemInit,"ax",%progbits
  20              		.align	1
  21              		.global	SystemInit
  22              		.syntax unified
  23              		.thumb
  24              		.thumb_func
  26              	SystemInit:
  27              	.LFB235:
  28              		.file 1 "Core/Src/system_stm32f4xx.c"
   1:Core/Src/system_stm32f4xx.c **** /**
   2:Core/Src/system_stm32f4xx.c ****   ******************************************************************************
   3:Core/Src/system_stm32f4xx.c ****   * @file    system_stm32f4xx.c
   4:Core/Src/system_stm32f4xx.c ****   * @author  MCD Application Team
   5:Core/Src/system_stm32f4xx.c ****   * @brief   CMSIS Cortex-M4 Device Peripheral Access Layer System Source File.
   6:Core/Src/system_stm32f4xx.c ****   *
   7:Core/Src/system_stm32f4xx.c ****   *   This file provides two functions and one global variable to be called from 
   8:Core/Src/system_stm32f4xx.c ****   *   user application:
   9:Core/Src/system_stm32f4xx.c ****   *      - SystemInit(): This function is called at startup just after reset and 
  10:Core/Src/system_stm32f4xx.c ****   *                      before branch to main program. This call is made inside
  11:Core/Src/system_stm32f4xx.c ****   *                      the "startup_stm32f4xx.s" file.
  12:Core/Src/system_stm32f4xx.c ****   *
  13:Core/Src/system_stm32f4xx.c ****   *      - SystemCoreClock variable: Contains the core clock (HCLK), it can be used
  14:Core/Src/system_stm32f4xx.c ****   *                                  by the user application to setup the SysTick 
  15:Core/Src/system_stm32f4xx.c ****   *                                  timer or configure other parameters.
  16:Core/Src/system_stm32f4xx.c ****   *                                     
  17:Core/Src/system_stm32f4xx.c ****   *      - SystemCoreClockUpdate(): Updates the variable SystemCoreClock and must
  18:Core/Src/system_stm32f4xx.c ****   *                                 be called whenever the core clock is changed
  19:Core/Src/system_stm32f4xx.c ****   *                                 during program execution.
  20:Core/Src/system_stm32f4xx.c ****   *
  21:Core/Src/system_stm32f4xx.c ****   *
  22:Core/Src/system_stm32f4xx.c ****   ******************************************************************************
  23:Core/Src/system_stm32f4xx.c ****   * @attention
  24:Core/Src/system_stm32f4xx.c ****   *
  25:Core/Src/system_stm32f4xx.c ****   * Copyright (c) 2017 STMicroelectronics.
  26:Core/Src/system_stm32f4xx.c ****   * All rights reserved.
  27:Core/Src/system_stm32f4xx.c ****   *
  28:Core/Src/system_stm32f4xx.c ****   * This software is licensed under terms that can be found in the LICENSE file
  29:Core/Src/system_stm32f4xx.c ****   * in the root directory of this software component.
  30:Core/Src/system_stm32f4xx.c ****   * If no LICENSE file comes with this software, it is provided AS-IS.
ARM GAS  C:\Users\86158\AppData\Local\Temp\ccSHRfDd.s 			page 2


  31:Core/Src/system_stm32f4xx.c ****   *
  32:Core/Src/system_stm32f4xx.c ****   ******************************************************************************
  33:Core/Src/system_stm32f4xx.c ****   */
  34:Core/Src/system_stm32f4xx.c **** 
  35:Core/Src/system_stm32f4xx.c **** /** @addtogroup CMSIS
  36:Core/Src/system_stm32f4xx.c ****   * @{
  37:Core/Src/system_stm32f4xx.c ****   */
  38:Core/Src/system_stm32f4xx.c **** 
  39:Core/Src/system_stm32f4xx.c **** /** @addtogroup stm32f4xx_system
  40:Core/Src/system_stm32f4xx.c ****   * @{
  41:Core/Src/system_stm32f4xx.c ****   */  
  42:Core/Src/system_stm32f4xx.c ****   
  43:Core/Src/system_stm32f4xx.c **** /** @addtogroup STM32F4xx_System_Private_Includes
  44:Core/Src/system_stm32f4xx.c ****   * @{
  45:Core/Src/system_stm32f4xx.c ****   */
  46:Core/Src/system_stm32f4xx.c **** 
  47:Core/Src/system_stm32f4xx.c **** 
  48:Core/Src/system_stm32f4xx.c **** #include "stm32f4xx.h"
  49:Core/Src/system_stm32f4xx.c **** 
  50:Core/Src/system_stm32f4xx.c **** #if !defined  (HSE_VALUE) 
  51:Core/Src/system_stm32f4xx.c ****   #define HSE_VALUE    ((uint32_t)25000000) /*!< Default value of the External oscillator in Hz */
  52:Core/Src/system_stm32f4xx.c **** #endif /* HSE_VALUE */
  53:Core/Src/system_stm32f4xx.c **** 
  54:Core/Src/system_stm32f4xx.c **** #if !defined  (HSI_VALUE)
  55:Core/Src/system_stm32f4xx.c ****   #define HSI_VALUE    ((uint32_t)16000000) /*!< Value of the Internal oscillator in Hz*/
  56:Core/Src/system_stm32f4xx.c **** #endif /* HSI_VALUE */
  57:Core/Src/system_stm32f4xx.c **** 
  58:Core/Src/system_stm32f4xx.c **** /**
  59:Core/Src/system_stm32f4xx.c ****   * @}
  60:Core/Src/system_stm32f4xx.c ****   */
  61:Core/Src/system_stm32f4xx.c **** 
  62:Core/Src/system_stm32f4xx.c **** /** @addtogroup STM32F4xx_System_Private_TypesDefinitions
  63:Core/Src/system_stm32f4xx.c ****   * @{
  64:Core/Src/system_stm32f4xx.c ****   */
  65:Core/Src/system_stm32f4xx.c **** 
  66:Core/Src/system_stm32f4xx.c **** /**
  67:Core/Src/system_stm32f4xx.c ****   * @}
  68:Core/Src/system_stm32f4xx.c ****   */
  69:Core/Src/system_stm32f4xx.c **** 
  70:Core/Src/system_stm32f4xx.c **** /** @addtogroup STM32F4xx_System_Private_Defines
  71:Core/Src/system_stm32f4xx.c ****   * @{
  72:Core/Src/system_stm32f4xx.c ****   */
  73:Core/Src/system_stm32f4xx.c **** 
  74:Core/Src/system_stm32f4xx.c **** /************************* Miscellaneous Configuration ************************/
  75:Core/Src/system_stm32f4xx.c **** /*!< Uncomment the following line if you need to use external SRAM or SDRAM as data memory  */
  76:Core/Src/system_stm32f4xx.c **** #if defined(STM32F405xx) || defined(STM32F415xx) || defined(STM32F407xx) || defined(STM32F417xx)\
  77:Core/Src/system_stm32f4xx.c ****  || defined(STM32F427xx) || defined(STM32F437xx) || defined(STM32F429xx) || defined(STM32F439xx)\
  78:Core/Src/system_stm32f4xx.c ****  || defined(STM32F469xx) || defined(STM32F479xx) || defined(STM32F412Zx) || defined(STM32F412Vx)
  79:Core/Src/system_stm32f4xx.c **** /* #define DATA_IN_ExtSRAM */
  80:Core/Src/system_stm32f4xx.c **** #endif /* STM32F40xxx || STM32F41xxx || STM32F42xxx || STM32F43xxx || STM32F469xx || STM32F479xx ||
  81:Core/Src/system_stm32f4xx.c ****           STM32F412Zx || STM32F412Vx */
  82:Core/Src/system_stm32f4xx.c ****  
  83:Core/Src/system_stm32f4xx.c **** #if defined(STM32F427xx) || defined(STM32F437xx) || defined(STM32F429xx) || defined(STM32F439xx)\
  84:Core/Src/system_stm32f4xx.c ****  || defined(STM32F446xx) || defined(STM32F469xx) || defined(STM32F479xx)
  85:Core/Src/system_stm32f4xx.c **** /* #define DATA_IN_ExtSDRAM */
  86:Core/Src/system_stm32f4xx.c **** #endif /* STM32F427xx || STM32F437xx || STM32F429xx || STM32F439xx || STM32F446xx || STM32F469xx ||
  87:Core/Src/system_stm32f4xx.c ****           STM32F479xx */
ARM GAS  C:\Users\86158\AppData\Local\Temp\ccSHRfDd.s 			page 3


  88:Core/Src/system_stm32f4xx.c **** 
  89:Core/Src/system_stm32f4xx.c **** /* Note: Following vector table addresses must be defined in line with linker
  90:Core/Src/system_stm32f4xx.c ****          configuration. */
  91:Core/Src/system_stm32f4xx.c **** /*!< Uncomment the following line if you need to relocate the vector table
  92:Core/Src/system_stm32f4xx.c ****      anywhere in Flash or Sram, else the vector table is kept at the automatic
  93:Core/Src/system_stm32f4xx.c ****      remap of boot address selected */
  94:Core/Src/system_stm32f4xx.c **** /* #define USER_VECT_TAB_ADDRESS */
  95:Core/Src/system_stm32f4xx.c **** 
  96:Core/Src/system_stm32f4xx.c **** #if defined(USER_VECT_TAB_ADDRESS)
  97:Core/Src/system_stm32f4xx.c **** /*!< Uncomment the following line if you need to relocate your vector Table
  98:Core/Src/system_stm32f4xx.c ****      in Sram else user remap will be done in Flash. */
  99:Core/Src/system_stm32f4xx.c **** /* #define VECT_TAB_SRAM */
 100:Core/Src/system_stm32f4xx.c **** #if defined(VECT_TAB_SRAM)
 101:Core/Src/system_stm32f4xx.c **** #define VECT_TAB_BASE_ADDRESS   SRAM_BASE       /*!< Vector Table base address field.
 102:Core/Src/system_stm32f4xx.c ****                                                      This value must be a multiple of 0x200. */
 103:Core/Src/system_stm32f4xx.c **** #define VECT_TAB_OFFSET         0x00000000U     /*!< Vector Table base offset field.
 104:Core/Src/system_stm32f4xx.c ****                                                      This value must be a multiple of 0x200. */
 105:Core/Src/system_stm32f4xx.c **** #else
 106:Core/Src/system_stm32f4xx.c **** #define VECT_TAB_BASE_ADDRESS   FLASH_BASE      /*!< Vector Table base address field.
 107:Core/Src/system_stm32f4xx.c ****                                                      This value must be a multiple of 0x200. */
 108:Core/Src/system_stm32f4xx.c **** #define VECT_TAB_OFFSET         0x00000000U     /*!< Vector Table base offset field.
 109:Core/Src/system_stm32f4xx.c ****                                                      This value must be a multiple of 0x200. */
 110:Core/Src/system_stm32f4xx.c **** #endif /* VECT_TAB_SRAM */
 111:Core/Src/system_stm32f4xx.c **** #endif /* USER_VECT_TAB_ADDRESS */
 112:Core/Src/system_stm32f4xx.c **** /******************************************************************************/
 113:Core/Src/system_stm32f4xx.c **** 
 114:Core/Src/system_stm32f4xx.c **** /**
 115:Core/Src/system_stm32f4xx.c ****   * @}
 116:Core/Src/system_stm32f4xx.c ****   */
 117:Core/Src/system_stm32f4xx.c **** 
 118:Core/Src/system_stm32f4xx.c **** /** @addtogroup STM32F4xx_System_Private_Macros
 119:Core/Src/system_stm32f4xx.c ****   * @{
 120:Core/Src/system_stm32f4xx.c ****   */
 121:Core/Src/system_stm32f4xx.c **** 
 122:Core/Src/system_stm32f4xx.c **** /**
 123:Core/Src/system_stm32f4xx.c ****   * @}
 124:Core/Src/system_stm32f4xx.c ****   */
 125:Core/Src/system_stm32f4xx.c **** 
 126:Core/Src/system_stm32f4xx.c **** /** @addtogroup STM32F4xx_System_Private_Variables
 127:Core/Src/system_stm32f4xx.c ****   * @{
 128:Core/Src/system_stm32f4xx.c ****   */
 129:Core/Src/system_stm32f4xx.c ****   /* This variable is updated in three ways:
 130:Core/Src/system_stm32f4xx.c ****       1) by calling CMSIS function SystemCoreClockUpdate()
 131:Core/Src/system_stm32f4xx.c ****       2) by calling HAL API function HAL_RCC_GetHCLKFreq()
 132:Core/Src/system_stm32f4xx.c ****       3) each time HAL_RCC_ClockConfig() is called to configure the system clock frequency 
 133:Core/Src/system_stm32f4xx.c ****          Note: If you use this function to configure the system clock; then there
 134:Core/Src/system_stm32f4xx.c ****                is no need to call the 2 first functions listed above, since SystemCoreClock
 135:Core/Src/system_stm32f4xx.c ****                variable is updated automatically.
 136:Core/Src/system_stm32f4xx.c ****   */
 137:Core/Src/system_stm32f4xx.c **** uint32_t SystemCoreClock = 16000000;
 138:Core/Src/system_stm32f4xx.c **** const uint8_t AHBPrescTable[16] = {0, 0, 0, 0, 0, 0, 0, 0, 1, 2, 3, 4, 6, 7, 8, 9};
 139:Core/Src/system_stm32f4xx.c **** const uint8_t APBPrescTable[8]  = {0, 0, 0, 0, 1, 2, 3, 4};
 140:Core/Src/system_stm32f4xx.c **** /**
 141:Core/Src/system_stm32f4xx.c ****   * @}
 142:Core/Src/system_stm32f4xx.c ****   */
 143:Core/Src/system_stm32f4xx.c **** 
 144:Core/Src/system_stm32f4xx.c **** /** @addtogroup STM32F4xx_System_Private_FunctionPrototypes
ARM GAS  C:\Users\86158\AppData\Local\Temp\ccSHRfDd.s 			page 4


 145:Core/Src/system_stm32f4xx.c ****   * @{
 146:Core/Src/system_stm32f4xx.c ****   */
 147:Core/Src/system_stm32f4xx.c **** 
 148:Core/Src/system_stm32f4xx.c **** #if defined (DATA_IN_ExtSRAM) || defined (DATA_IN_ExtSDRAM)
 149:Core/Src/system_stm32f4xx.c ****   static void SystemInit_ExtMemCtl(void); 
 150:Core/Src/system_stm32f4xx.c **** #endif /* DATA_IN_ExtSRAM || DATA_IN_ExtSDRAM */
 151:Core/Src/system_stm32f4xx.c **** 
 152:Core/Src/system_stm32f4xx.c **** /**
 153:Core/Src/system_stm32f4xx.c ****   * @}
 154:Core/Src/system_stm32f4xx.c ****   */
 155:Core/Src/system_stm32f4xx.c **** 
 156:Core/Src/system_stm32f4xx.c **** /** @addtogroup STM32F4xx_System_Private_Functions
 157:Core/Src/system_stm32f4xx.c ****   * @{
 158:Core/Src/system_stm32f4xx.c ****   */
 159:Core/Src/system_stm32f4xx.c **** 
 160:Core/Src/system_stm32f4xx.c **** /**
 161:Core/Src/system_stm32f4xx.c ****   * @brief  Setup the microcontroller system
 162:Core/Src/system_stm32f4xx.c ****   *         Initialize the FPU setting, vector table location and External memory 
 163:Core/Src/system_stm32f4xx.c ****   *         configuration.
 164:Core/Src/system_stm32f4xx.c ****   * @param  None
 165:Core/Src/system_stm32f4xx.c ****   * @retval None
 166:Core/Src/system_stm32f4xx.c ****   */
 167:Core/Src/system_stm32f4xx.c **** void SystemInit(void)
 168:Core/Src/system_stm32f4xx.c **** {
  29              		.loc 1 168 1 view -0
  30              		.cfi_startproc
  31              		@ args = 0, pretend = 0, frame = 0
  32              		@ frame_needed = 0, uses_anonymous_args = 0
  33              		@ link register save eliminated.
 169:Core/Src/system_stm32f4xx.c ****   /* FPU settings ------------------------------------------------------------*/
 170:Core/Src/system_stm32f4xx.c ****   #if (__FPU_PRESENT == 1) && (__FPU_USED == 1)
 171:Core/Src/system_stm32f4xx.c ****     SCB->CPACR |= ((3UL << 10*2)|(3UL << 11*2));  /* set CP10 and CP11 Full Access */
  34              		.loc 1 171 5 view .LVU1
  35              		.loc 1 171 16 is_stmt 0 view .LVU2
  36 0000 044B     		ldr	r3, .L2
  37 0002 D3F88820 		ldr	r2, [r3, #136]
  38 0006 42F47002 		orr	r2, r2, #15728640
  39 000a C3F88820 		str	r2, [r3, #136]
 172:Core/Src/system_stm32f4xx.c ****   #endif
 173:Core/Src/system_stm32f4xx.c **** 
 174:Core/Src/system_stm32f4xx.c **** #if defined (DATA_IN_ExtSRAM) || defined (DATA_IN_ExtSDRAM)
 175:Core/Src/system_stm32f4xx.c ****   SystemInit_ExtMemCtl(); 
 176:Core/Src/system_stm32f4xx.c **** #endif /* DATA_IN_ExtSRAM || DATA_IN_ExtSDRAM */
 177:Core/Src/system_stm32f4xx.c **** 
 178:Core/Src/system_stm32f4xx.c ****   /* Configure the Vector Table location -------------------------------------*/
 179:Core/Src/system_stm32f4xx.c **** #if defined(USER_VECT_TAB_ADDRESS)
 180:Core/Src/system_stm32f4xx.c ****   SCB->VTOR = VECT_TAB_BASE_ADDRESS | VECT_TAB_OFFSET; /* Vector Table Relocation in Internal SRAM 
 181:Core/Src/system_stm32f4xx.c **** #endif /* USER_VECT_TAB_ADDRESS */
 182:Core/Src/system_stm32f4xx.c ****   SCB->VTOR = 0x08010000;
  40              		.loc 1 182 3 is_stmt 1 view .LVU3
  41              		.loc 1 182 13 is_stmt 0 view .LVU4
  42 000e 024A     		ldr	r2, .L2+4
  43 0010 9A60     		str	r2, [r3, #8]
 183:Core/Src/system_stm32f4xx.c **** }
  44              		.loc 1 183 1 view .LVU5
  45 0012 7047     		bx	lr
  46              	.L3:
ARM GAS  C:\Users\86158\AppData\Local\Temp\ccSHRfDd.s 			page 5


  47              		.align	2
  48              	.L2:
  49 0014 00ED00E0 		.word	-536810240
  50 0018 00000108 		.word	134283264
  51              		.cfi_endproc
  52              	.LFE235:
  54              		.section	.text.SystemCoreClockUpdate,"ax",%progbits
  55              		.align	1
  56              		.global	SystemCoreClockUpdate
  57              		.syntax unified
  58              		.thumb
  59              		.thumb_func
  61              	SystemCoreClockUpdate:
  62              	.LFB236:
 184:Core/Src/system_stm32f4xx.c **** 
 185:Core/Src/system_stm32f4xx.c **** /**
 186:Core/Src/system_stm32f4xx.c ****    * @brief  Update SystemCoreClock variable according to Clock Register Values.
 187:Core/Src/system_stm32f4xx.c ****   *         The SystemCoreClock variable contains the core clock (HCLK), it can
 188:Core/Src/system_stm32f4xx.c ****   *         be used by the user application to setup the SysTick timer or configure
 189:Core/Src/system_stm32f4xx.c ****   *         other parameters.
 190:Core/Src/system_stm32f4xx.c ****   *           
 191:Core/Src/system_stm32f4xx.c ****   * @note   Each time the core clock (HCLK) changes, this function must be called
 192:Core/Src/system_stm32f4xx.c ****   *         to update SystemCoreClock variable value. Otherwise, any configuration
 193:Core/Src/system_stm32f4xx.c ****   *         based on this variable will be incorrect.         
 194:Core/Src/system_stm32f4xx.c ****   *     
 195:Core/Src/system_stm32f4xx.c ****   * @note   - The system frequency computed by this function is not the real 
 196:Core/Src/system_stm32f4xx.c ****   *           frequency in the chip. It is calculated based on the predefined 
 197:Core/Src/system_stm32f4xx.c ****   *           constant and the selected clock source:
 198:Core/Src/system_stm32f4xx.c ****   *             
 199:Core/Src/system_stm32f4xx.c ****   *           - If SYSCLK source is HSI, SystemCoreClock will contain the HSI_VALUE(*)
 200:Core/Src/system_stm32f4xx.c ****   *                                              
 201:Core/Src/system_stm32f4xx.c ****   *           - If SYSCLK source is HSE, SystemCoreClock will contain the HSE_VALUE(**)
 202:Core/Src/system_stm32f4xx.c ****   *                          
 203:Core/Src/system_stm32f4xx.c ****   *           - If SYSCLK source is PLL, SystemCoreClock will contain the HSE_VALUE(**) 
 204:Core/Src/system_stm32f4xx.c ****   *             or HSI_VALUE(*) multiplied/divided by the PLL factors.
 205:Core/Src/system_stm32f4xx.c ****   *         
 206:Core/Src/system_stm32f4xx.c ****   *         (*) HSI_VALUE is a constant defined in stm32f4xx_hal_conf.h file (default value
 207:Core/Src/system_stm32f4xx.c ****   *             16 MHz) but the real value may vary depending on the variations
 208:Core/Src/system_stm32f4xx.c ****   *             in voltage and temperature.   
 209:Core/Src/system_stm32f4xx.c ****   *    
 210:Core/Src/system_stm32f4xx.c ****   *         (**) HSE_VALUE is a constant defined in stm32f4xx_hal_conf.h file (its value
 211:Core/Src/system_stm32f4xx.c ****   *              depends on the application requirements), user has to ensure that HSE_VALUE
 212:Core/Src/system_stm32f4xx.c ****   *              is same as the real frequency of the crystal used. Otherwise, this function
 213:Core/Src/system_stm32f4xx.c ****   *              may have wrong result.
 214:Core/Src/system_stm32f4xx.c ****   *                
 215:Core/Src/system_stm32f4xx.c ****   *         - The result of this function could be not correct when using fractional
 216:Core/Src/system_stm32f4xx.c ****   *           value for HSE crystal.
 217:Core/Src/system_stm32f4xx.c ****   *     
 218:Core/Src/system_stm32f4xx.c ****   * @param  None
 219:Core/Src/system_stm32f4xx.c ****   * @retval None
 220:Core/Src/system_stm32f4xx.c ****   */
 221:Core/Src/system_stm32f4xx.c **** void SystemCoreClockUpdate(void)
 222:Core/Src/system_stm32f4xx.c **** {
  63              		.loc 1 222 1 is_stmt 1 view -0
  64              		.cfi_startproc
  65              		@ args = 0, pretend = 0, frame = 0
  66              		@ frame_needed = 0, uses_anonymous_args = 0
ARM GAS  C:\Users\86158\AppData\Local\Temp\ccSHRfDd.s 			page 6


  67              		@ link register save eliminated.
 223:Core/Src/system_stm32f4xx.c ****   uint32_t tmp = 0, pllvco = 0, pllp = 2, pllsource = 0, pllm = 2;
  68              		.loc 1 223 3 view .LVU7
  69              	.LVL0:
 224:Core/Src/system_stm32f4xx.c ****   
 225:Core/Src/system_stm32f4xx.c ****   /* Get SYSCLK source -------------------------------------------------------*/
 226:Core/Src/system_stm32f4xx.c ****   tmp = RCC->CFGR & RCC_CFGR_SWS;
  70              		.loc 1 226 3 view .LVU8
  71              		.loc 1 226 12 is_stmt 0 view .LVU9
  72 0000 224B     		ldr	r3, .L12
  73 0002 9B68     		ldr	r3, [r3, #8]
  74              		.loc 1 226 7 view .LVU10
  75 0004 03F00C03 		and	r3, r3, #12
  76              	.LVL1:
 227:Core/Src/system_stm32f4xx.c **** 
 228:Core/Src/system_stm32f4xx.c ****   switch (tmp)
  77              		.loc 1 228 3 is_stmt 1 view .LVU11
  78 0008 042B     		cmp	r3, #4
  79 000a 14D0     		beq	.L5
  80 000c 082B     		cmp	r3, #8
  81 000e 16D0     		beq	.L6
  82 0010 1BB1     		cbz	r3, .L11
 229:Core/Src/system_stm32f4xx.c ****   {
 230:Core/Src/system_stm32f4xx.c ****     case 0x00:  /* HSI used as system clock source */
 231:Core/Src/system_stm32f4xx.c ****       SystemCoreClock = HSI_VALUE;
 232:Core/Src/system_stm32f4xx.c ****       break;
 233:Core/Src/system_stm32f4xx.c ****     case 0x04:  /* HSE used as system clock source */
 234:Core/Src/system_stm32f4xx.c ****       SystemCoreClock = HSE_VALUE;
 235:Core/Src/system_stm32f4xx.c ****       break;
 236:Core/Src/system_stm32f4xx.c ****     case 0x08:  /* PLL used as system clock source */
 237:Core/Src/system_stm32f4xx.c **** 
 238:Core/Src/system_stm32f4xx.c ****       /* PLL_VCO = (HSE_VALUE or HSI_VALUE / PLL_M) * PLL_N
 239:Core/Src/system_stm32f4xx.c ****          SYSCLK = PLL_VCO / PLL_P
 240:Core/Src/system_stm32f4xx.c ****          */    
 241:Core/Src/system_stm32f4xx.c ****       pllsource = (RCC->PLLCFGR & RCC_PLLCFGR_PLLSRC) >> 22;
 242:Core/Src/system_stm32f4xx.c ****       pllm = RCC->PLLCFGR & RCC_PLLCFGR_PLLM;
 243:Core/Src/system_stm32f4xx.c ****       
 244:Core/Src/system_stm32f4xx.c ****       if (pllsource != 0)
 245:Core/Src/system_stm32f4xx.c ****       {
 246:Core/Src/system_stm32f4xx.c ****         /* HSE used as PLL clock source */
 247:Core/Src/system_stm32f4xx.c ****         pllvco = (HSE_VALUE / pllm) * ((RCC->PLLCFGR & RCC_PLLCFGR_PLLN) >> 6);
 248:Core/Src/system_stm32f4xx.c ****       }
 249:Core/Src/system_stm32f4xx.c ****       else
 250:Core/Src/system_stm32f4xx.c ****       {
 251:Core/Src/system_stm32f4xx.c ****         /* HSI used as PLL clock source */
 252:Core/Src/system_stm32f4xx.c ****         pllvco = (HSI_VALUE / pllm) * ((RCC->PLLCFGR & RCC_PLLCFGR_PLLN) >> 6);
 253:Core/Src/system_stm32f4xx.c ****       }
 254:Core/Src/system_stm32f4xx.c **** 
 255:Core/Src/system_stm32f4xx.c ****       pllp = (((RCC->PLLCFGR & RCC_PLLCFGR_PLLP) >>16) + 1 ) *2;
 256:Core/Src/system_stm32f4xx.c ****       SystemCoreClock = pllvco/pllp;
 257:Core/Src/system_stm32f4xx.c ****       break;
 258:Core/Src/system_stm32f4xx.c ****     default:
 259:Core/Src/system_stm32f4xx.c ****       SystemCoreClock = HSI_VALUE;
  83              		.loc 1 259 7 view .LVU12
  84              		.loc 1 259 23 is_stmt 0 view .LVU13
  85 0012 1F4B     		ldr	r3, .L12+4
  86              	.LVL2:
ARM GAS  C:\Users\86158\AppData\Local\Temp\ccSHRfDd.s 			page 7


  87              		.loc 1 259 23 view .LVU14
  88 0014 1F4A     		ldr	r2, .L12+8
  89 0016 1A60     		str	r2, [r3]
 260:Core/Src/system_stm32f4xx.c ****       break;
  90              		.loc 1 260 7 is_stmt 1 view .LVU15
  91 0018 02E0     		b	.L8
  92              	.LVL3:
  93              	.L11:
 231:Core/Src/system_stm32f4xx.c ****       break;
  94              		.loc 1 231 7 view .LVU16
 231:Core/Src/system_stm32f4xx.c ****       break;
  95              		.loc 1 231 23 is_stmt 0 view .LVU17
  96 001a 1D4B     		ldr	r3, .L12+4
  97              	.LVL4:
 231:Core/Src/system_stm32f4xx.c ****       break;
  98              		.loc 1 231 23 view .LVU18
  99 001c 1D4A     		ldr	r2, .L12+8
 100 001e 1A60     		str	r2, [r3]
 232:Core/Src/system_stm32f4xx.c ****     case 0x04:  /* HSE used as system clock source */
 101              		.loc 1 232 7 is_stmt 1 view .LVU19
 102              	.LVL5:
 103              	.L8:
 261:Core/Src/system_stm32f4xx.c ****   }
 262:Core/Src/system_stm32f4xx.c ****   /* Compute HCLK frequency --------------------------------------------------*/
 263:Core/Src/system_stm32f4xx.c ****   /* Get HCLK prescaler */
 264:Core/Src/system_stm32f4xx.c ****   tmp = AHBPrescTable[((RCC->CFGR & RCC_CFGR_HPRE) >> 4)];
 104              		.loc 1 264 3 view .LVU20
 105              		.loc 1 264 28 is_stmt 0 view .LVU21
 106 0020 1A4B     		ldr	r3, .L12
 107 0022 9B68     		ldr	r3, [r3, #8]
 108              		.loc 1 264 52 view .LVU22
 109 0024 C3F30313 		ubfx	r3, r3, #4, #4
 110              		.loc 1 264 22 view .LVU23
 111 0028 1B4A     		ldr	r2, .L12+12
 112 002a D15C     		ldrb	r1, [r2, r3]	@ zero_extendqisi2
 113              	.LVL6:
 265:Core/Src/system_stm32f4xx.c ****   /* HCLK frequency */
 266:Core/Src/system_stm32f4xx.c ****   SystemCoreClock >>= tmp;
 114              		.loc 1 266 3 is_stmt 1 view .LVU24
 115              		.loc 1 266 19 is_stmt 0 view .LVU25
 116 002c 184A     		ldr	r2, .L12+4
 117 002e 1368     		ldr	r3, [r2]
 118 0030 CB40     		lsrs	r3, r3, r1
 119 0032 1360     		str	r3, [r2]
 267:Core/Src/system_stm32f4xx.c **** }
 120              		.loc 1 267 1 view .LVU26
 121 0034 7047     		bx	lr
 122              	.LVL7:
 123              	.L5:
 234:Core/Src/system_stm32f4xx.c ****       break;
 124              		.loc 1 234 7 is_stmt 1 view .LVU27
 234:Core/Src/system_stm32f4xx.c ****       break;
 125              		.loc 1 234 23 is_stmt 0 view .LVU28
 126 0036 164B     		ldr	r3, .L12+4
 127              	.LVL8:
 234:Core/Src/system_stm32f4xx.c ****       break;
 128              		.loc 1 234 23 view .LVU29
ARM GAS  C:\Users\86158\AppData\Local\Temp\ccSHRfDd.s 			page 8


 129 0038 184A     		ldr	r2, .L12+16
 130 003a 1A60     		str	r2, [r3]
 235:Core/Src/system_stm32f4xx.c ****     case 0x08:  /* PLL used as system clock source */
 131              		.loc 1 235 7 is_stmt 1 view .LVU30
 132 003c F0E7     		b	.L8
 133              	.LVL9:
 134              	.L6:
 241:Core/Src/system_stm32f4xx.c ****       pllm = RCC->PLLCFGR & RCC_PLLCFGR_PLLM;
 135              		.loc 1 241 7 view .LVU31
 241:Core/Src/system_stm32f4xx.c ****       pllm = RCC->PLLCFGR & RCC_PLLCFGR_PLLM;
 136              		.loc 1 241 23 is_stmt 0 view .LVU32
 137 003e 134B     		ldr	r3, .L12
 138              	.LVL10:
 241:Core/Src/system_stm32f4xx.c ****       pllm = RCC->PLLCFGR & RCC_PLLCFGR_PLLM;
 139              		.loc 1 241 23 view .LVU33
 140 0040 5968     		ldr	r1, [r3, #4]
 141              	.LVL11:
 242:Core/Src/system_stm32f4xx.c ****       
 142              		.loc 1 242 7 is_stmt 1 view .LVU34
 242:Core/Src/system_stm32f4xx.c ****       
 143              		.loc 1 242 17 is_stmt 0 view .LVU35
 144 0042 5A68     		ldr	r2, [r3, #4]
 242:Core/Src/system_stm32f4xx.c ****       
 145              		.loc 1 242 12 view .LVU36
 146 0044 02F03F02 		and	r2, r2, #63
 147              	.LVL12:
 244:Core/Src/system_stm32f4xx.c ****       {
 148              		.loc 1 244 7 is_stmt 1 view .LVU37
 244:Core/Src/system_stm32f4xx.c ****       {
 149              		.loc 1 244 10 is_stmt 0 view .LVU38
 150 0048 11F4800F 		tst	r1, #4194304
 151 004c 13D0     		beq	.L9
 247:Core/Src/system_stm32f4xx.c ****       }
 152              		.loc 1 247 9 is_stmt 1 view .LVU39
 247:Core/Src/system_stm32f4xx.c ****       }
 153              		.loc 1 247 29 is_stmt 0 view .LVU40
 154 004e 134B     		ldr	r3, .L12+16
 155 0050 B3FBF2F3 		udiv	r3, r3, r2
 247:Core/Src/system_stm32f4xx.c ****       }
 156              		.loc 1 247 44 view .LVU41
 157 0054 0D4A     		ldr	r2, .L12
 158              	.LVL13:
 247:Core/Src/system_stm32f4xx.c ****       }
 159              		.loc 1 247 44 view .LVU42
 160 0056 5268     		ldr	r2, [r2, #4]
 247:Core/Src/system_stm32f4xx.c ****       }
 161              		.loc 1 247 74 view .LVU43
 162 0058 C2F38812 		ubfx	r2, r2, #6, #9
 247:Core/Src/system_stm32f4xx.c ****       }
 163              		.loc 1 247 16 view .LVU44
 164 005c 02FB03F3 		mul	r3, r2, r3
 165              	.LVL14:
 166              	.L10:
 255:Core/Src/system_stm32f4xx.c ****       SystemCoreClock = pllvco/pllp;
 167              		.loc 1 255 7 is_stmt 1 view .LVU45
 255:Core/Src/system_stm32f4xx.c ****       SystemCoreClock = pllvco/pllp;
 168              		.loc 1 255 20 is_stmt 0 view .LVU46
ARM GAS  C:\Users\86158\AppData\Local\Temp\ccSHRfDd.s 			page 9


 169 0060 0A4A     		ldr	r2, .L12
 170 0062 5268     		ldr	r2, [r2, #4]
 255:Core/Src/system_stm32f4xx.c ****       SystemCoreClock = pllvco/pllp;
 171              		.loc 1 255 50 view .LVU47
 172 0064 C2F30142 		ubfx	r2, r2, #16, #2
 255:Core/Src/system_stm32f4xx.c ****       SystemCoreClock = pllvco/pllp;
 173              		.loc 1 255 56 view .LVU48
 174 0068 0132     		adds	r2, r2, #1
 255:Core/Src/system_stm32f4xx.c ****       SystemCoreClock = pllvco/pllp;
 175              		.loc 1 255 12 view .LVU49
 176 006a 5200     		lsls	r2, r2, #1
 177              	.LVL15:
 256:Core/Src/system_stm32f4xx.c ****       break;
 178              		.loc 1 256 7 is_stmt 1 view .LVU50
 256:Core/Src/system_stm32f4xx.c ****       break;
 179              		.loc 1 256 31 is_stmt 0 view .LVU51
 180 006c B3FBF2F3 		udiv	r3, r3, r2
 181              	.LVL16:
 256:Core/Src/system_stm32f4xx.c ****       break;
 182              		.loc 1 256 23 view .LVU52
 183 0070 074A     		ldr	r2, .L12+4
 184              	.LVL17:
 256:Core/Src/system_stm32f4xx.c ****       break;
 185              		.loc 1 256 23 view .LVU53
 186 0072 1360     		str	r3, [r2]
 257:Core/Src/system_stm32f4xx.c ****     default:
 187              		.loc 1 257 7 is_stmt 1 view .LVU54
 188 0074 D4E7     		b	.L8
 189              	.LVL18:
 190              	.L9:
 252:Core/Src/system_stm32f4xx.c ****       }
 191              		.loc 1 252 9 view .LVU55
 252:Core/Src/system_stm32f4xx.c ****       }
 192              		.loc 1 252 29 is_stmt 0 view .LVU56
 193 0076 074B     		ldr	r3, .L12+8
 194 0078 B3FBF2F3 		udiv	r3, r3, r2
 252:Core/Src/system_stm32f4xx.c ****       }
 195              		.loc 1 252 44 view .LVU57
 196 007c 034A     		ldr	r2, .L12
 197              	.LVL19:
 252:Core/Src/system_stm32f4xx.c ****       }
 198              		.loc 1 252 44 view .LVU58
 199 007e 5268     		ldr	r2, [r2, #4]
 252:Core/Src/system_stm32f4xx.c ****       }
 200              		.loc 1 252 74 view .LVU59
 201 0080 C2F38812 		ubfx	r2, r2, #6, #9
 252:Core/Src/system_stm32f4xx.c ****       }
 202              		.loc 1 252 16 view .LVU60
 203 0084 02FB03F3 		mul	r3, r2, r3
 204              	.LVL20:
 252:Core/Src/system_stm32f4xx.c ****       }
 205              		.loc 1 252 16 view .LVU61
 206 0088 EAE7     		b	.L10
 207              	.L13:
 208 008a 00BF     		.align	2
 209              	.L12:
 210 008c 00380240 		.word	1073887232
ARM GAS  C:\Users\86158\AppData\Local\Temp\ccSHRfDd.s 			page 10


 211 0090 00000000 		.word	.LANCHOR0
 212 0094 0024F400 		.word	16000000
 213 0098 00000000 		.word	.LANCHOR1
 214 009c 001BB700 		.word	12000000
 215              		.cfi_endproc
 216              	.LFE236:
 218              		.global	APBPrescTable
 219              		.global	AHBPrescTable
 220              		.global	SystemCoreClock
 221              		.section	.data.SystemCoreClock,"aw"
 222              		.align	2
 223              		.set	.LANCHOR0,. + 0
 226              	SystemCoreClock:
 227 0000 0024F400 		.word	16000000
 228              		.section	.rodata.AHBPrescTable,"a"
 229              		.align	2
 230              		.set	.LANCHOR1,. + 0
 233              	AHBPrescTable:
 234 0000 00000000 		.ascii	"\000\000\000\000\000\000\000\000\001\002\003\004\006"
 234      00000000 
 234      01020304 
 234      06
 235 000d 070809   		.ascii	"\007\010\011"
 236              		.section	.rodata.APBPrescTable,"a"
 237              		.align	2
 240              	APBPrescTable:
 241 0000 00000000 		.ascii	"\000\000\000\000\001\002\003\004"
 241      01020304 
 242              		.text
 243              	.Letext0:
 244              		.file 2 "e:\\stm32-gcc\\gcc-arm-none-eabi-10.3-2021.10\\arm-none-eabi\\include\\machine\\_default_
 245              		.file 3 "e:\\stm32-gcc\\gcc-arm-none-eabi-10.3-2021.10\\arm-none-eabi\\include\\sys\\_stdint.h"
 246              		.file 4 "Drivers/CMSIS/Include/core_cm4.h"
 247              		.file 5 "Drivers/CMSIS/Device/ST/STM32F4xx/Include/system_stm32f4xx.h"
 248              		.file 6 "Drivers/CMSIS/Device/ST/STM32F4xx/Include/stm32f407xx.h"
ARM GAS  C:\Users\86158\AppData\Local\Temp\ccSHRfDd.s 			page 11


DEFINED SYMBOLS
                            *ABS*:00000000 system_stm32f4xx.c
C:\Users\86158\AppData\Local\Temp\ccSHRfDd.s:20     .text.SystemInit:00000000 $t
C:\Users\86158\AppData\Local\Temp\ccSHRfDd.s:26     .text.SystemInit:00000000 SystemInit
C:\Users\86158\AppData\Local\Temp\ccSHRfDd.s:49     .text.SystemInit:00000014 $d
C:\Users\86158\AppData\Local\Temp\ccSHRfDd.s:55     .text.SystemCoreClockUpdate:00000000 $t
C:\Users\86158\AppData\Local\Temp\ccSHRfDd.s:61     .text.SystemCoreClockUpdate:00000000 SystemCoreClockUpdate
C:\Users\86158\AppData\Local\Temp\ccSHRfDd.s:210    .text.SystemCoreClockUpdate:0000008c $d
C:\Users\86158\AppData\Local\Temp\ccSHRfDd.s:240    .rodata.APBPrescTable:00000000 APBPrescTable
C:\Users\86158\AppData\Local\Temp\ccSHRfDd.s:233    .rodata.AHBPrescTable:00000000 AHBPrescTable
C:\Users\86158\AppData\Local\Temp\ccSHRfDd.s:226    .data.SystemCoreClock:00000000 SystemCoreClock
C:\Users\86158\AppData\Local\Temp\ccSHRfDd.s:222    .data.SystemCoreClock:00000000 $d
C:\Users\86158\AppData\Local\Temp\ccSHRfDd.s:229    .rodata.AHBPrescTable:00000000 $d
C:\Users\86158\AppData\Local\Temp\ccSHRfDd.s:237    .rodata.APBPrescTable:00000000 $d

NO UNDEFINED SYMBOLS
