ARM GAS  C:\Users\84759\AppData\Local\Temp\ccNGQSne.s 			page 1


   1              		.cpu cortex-m3
   2              		.arch armv7-m
   3              		.fpu softvfp
   4              		.eabi_attribute 20, 1
   5              		.eabi_attribute 21, 1
   6              		.eabi_attribute 23, 3
   7              		.eabi_attribute 24, 1
   8              		.eabi_attribute 25, 1
   9              		.eabi_attribute 26, 1
  10              		.eabi_attribute 30, 1
  11              		.eabi_attribute 34, 1
  12              		.eabi_attribute 18, 4
  13              		.file	"adc.c"
  14              		.text
  15              	.Ltext0:
  16              		.cfi_sections	.debug_frame
  17              		.section	.text.MX_ADC1_Init,"ax",%progbits
  18              		.align	1
  19              		.global	MX_ADC1_Init
  20              		.syntax unified
  21              		.thumb
  22              		.thumb_func
  24              	MX_ADC1_Init:
  25              	.LFB68:
  26              		.file 1 "Core/Src/adc.c"
   1:Core/Src/adc.c **** /* USER CODE BEGIN Header */
   2:Core/Src/adc.c **** /**
   3:Core/Src/adc.c ****   ******************************************************************************
   4:Core/Src/adc.c ****   * @file    adc.c
   5:Core/Src/adc.c ****   * @brief   This file provides code for the configuration
   6:Core/Src/adc.c ****   *          of the ADC instances.
   7:Core/Src/adc.c ****   ******************************************************************************
   8:Core/Src/adc.c ****   * @attention
   9:Core/Src/adc.c ****   *
  10:Core/Src/adc.c ****   * Copyright (c) 2025 STMicroelectronics.
  11:Core/Src/adc.c ****   * All rights reserved.
  12:Core/Src/adc.c ****   *
  13:Core/Src/adc.c ****   * This software is licensed under terms that can be found in the LICENSE file
  14:Core/Src/adc.c ****   * in the root directory of this software component.
  15:Core/Src/adc.c ****   * If no LICENSE file comes with this software, it is provided AS-IS.
  16:Core/Src/adc.c ****   *
  17:Core/Src/adc.c ****   ******************************************************************************
  18:Core/Src/adc.c ****   */
  19:Core/Src/adc.c **** /* USER CODE END Header */
  20:Core/Src/adc.c **** /* Includes ------------------------------------------------------------------*/
  21:Core/Src/adc.c **** #include "adc.h"
  22:Core/Src/adc.c **** 
  23:Core/Src/adc.c **** /* USER CODE BEGIN 0 */
  24:Core/Src/adc.c **** 
  25:Core/Src/adc.c **** /* USER CODE END 0 */
  26:Core/Src/adc.c **** 
  27:Core/Src/adc.c **** ADC_HandleTypeDef hadc1;
  28:Core/Src/adc.c **** DMA_HandleTypeDef hdma_adc1;
  29:Core/Src/adc.c **** 
  30:Core/Src/adc.c **** /* ADC1 init function */
  31:Core/Src/adc.c **** void MX_ADC1_Init(void)
  32:Core/Src/adc.c **** {
ARM GAS  C:\Users\84759\AppData\Local\Temp\ccNGQSne.s 			page 2


  27              		.loc 1 32 1 view -0
  28              		.cfi_startproc
  29              		@ args = 0, pretend = 0, frame = 16
  30              		@ frame_needed = 0, uses_anonymous_args = 0
  31 0000 00B5     		push	{lr}
  32              	.LCFI0:
  33              		.cfi_def_cfa_offset 4
  34              		.cfi_offset 14, -4
  35 0002 85B0     		sub	sp, sp, #20
  36              	.LCFI1:
  37              		.cfi_def_cfa_offset 24
  33:Core/Src/adc.c **** 
  34:Core/Src/adc.c ****   /* USER CODE BEGIN ADC1_Init 0 */
  35:Core/Src/adc.c **** 
  36:Core/Src/adc.c ****   /* USER CODE END ADC1_Init 0 */
  37:Core/Src/adc.c **** 
  38:Core/Src/adc.c ****   ADC_ChannelConfTypeDef sConfig = {0};
  38              		.loc 1 38 3 view .LVU1
  39              		.loc 1 38 26 is_stmt 0 view .LVU2
  40 0004 0023     		movs	r3, #0
  41 0006 0193     		str	r3, [sp, #4]
  42 0008 0293     		str	r3, [sp, #8]
  43 000a 0393     		str	r3, [sp, #12]
  39:Core/Src/adc.c **** 
  40:Core/Src/adc.c ****   /* USER CODE BEGIN ADC1_Init 1 */
  41:Core/Src/adc.c **** 
  42:Core/Src/adc.c ****   /* USER CODE END ADC1_Init 1 */
  43:Core/Src/adc.c **** 
  44:Core/Src/adc.c ****   /** Common config
  45:Core/Src/adc.c ****   */
  46:Core/Src/adc.c ****   hadc1.Instance = ADC1;
  44              		.loc 1 46 3 is_stmt 1 view .LVU3
  45              		.loc 1 46 18 is_stmt 0 view .LVU4
  46 000c 1A48     		ldr	r0, .L9
  47 000e 1B4A     		ldr	r2, .L9+4
  48 0010 0260     		str	r2, [r0]
  47:Core/Src/adc.c ****   hadc1.Init.ScanConvMode = ADC_SCAN_ENABLE;
  49              		.loc 1 47 3 is_stmt 1 view .LVU5
  50              		.loc 1 47 27 is_stmt 0 view .LVU6
  51 0012 4FF48072 		mov	r2, #256
  52 0016 8260     		str	r2, [r0, #8]
  48:Core/Src/adc.c ****   hadc1.Init.ContinuousConvMode = ENABLE;
  53              		.loc 1 48 3 is_stmt 1 view .LVU7
  54              		.loc 1 48 33 is_stmt 0 view .LVU8
  55 0018 0122     		movs	r2, #1
  56 001a 0273     		strb	r2, [r0, #12]
  49:Core/Src/adc.c ****   hadc1.Init.DiscontinuousConvMode = DISABLE;
  57              		.loc 1 49 3 is_stmt 1 view .LVU9
  58              		.loc 1 49 36 is_stmt 0 view .LVU10
  59 001c 0375     		strb	r3, [r0, #20]
  50:Core/Src/adc.c ****   hadc1.Init.ExternalTrigConv = ADC_SOFTWARE_START;
  60              		.loc 1 50 3 is_stmt 1 view .LVU11
  61              		.loc 1 50 31 is_stmt 0 view .LVU12
  62 001e 4FF46022 		mov	r2, #917504
  63 0022 C261     		str	r2, [r0, #28]
  51:Core/Src/adc.c ****   hadc1.Init.DataAlign = ADC_DATAALIGN_RIGHT;
  64              		.loc 1 51 3 is_stmt 1 view .LVU13
ARM GAS  C:\Users\84759\AppData\Local\Temp\ccNGQSne.s 			page 3


  65              		.loc 1 51 24 is_stmt 0 view .LVU14
  66 0024 4360     		str	r3, [r0, #4]
  52:Core/Src/adc.c ****   hadc1.Init.NbrOfConversion = 2;
  67              		.loc 1 52 3 is_stmt 1 view .LVU15
  68              		.loc 1 52 30 is_stmt 0 view .LVU16
  69 0026 0223     		movs	r3, #2
  70 0028 0361     		str	r3, [r0, #16]
  53:Core/Src/adc.c ****   if (HAL_ADC_Init(&hadc1) != HAL_OK)
  71              		.loc 1 53 3 is_stmt 1 view .LVU17
  72              		.loc 1 53 7 is_stmt 0 view .LVU18
  73 002a FFF7FEFF 		bl	HAL_ADC_Init
  74              	.LVL0:
  75              		.loc 1 53 6 view .LVU19
  76 002e C8B9     		cbnz	r0, .L6
  77              	.L2:
  54:Core/Src/adc.c ****   {
  55:Core/Src/adc.c ****     Error_Handler();
  56:Core/Src/adc.c ****   }
  57:Core/Src/adc.c **** 
  58:Core/Src/adc.c ****   /** Configure Regular Channel
  59:Core/Src/adc.c ****   */
  60:Core/Src/adc.c ****   sConfig.Channel = ADC_CHANNEL_VREFINT;
  78              		.loc 1 60 3 is_stmt 1 view .LVU20
  79              		.loc 1 60 19 is_stmt 0 view .LVU21
  80 0030 1123     		movs	r3, #17
  81 0032 0193     		str	r3, [sp, #4]
  61:Core/Src/adc.c ****   sConfig.Rank = ADC_REGULAR_RANK_1;
  82              		.loc 1 61 3 is_stmt 1 view .LVU22
  83              		.loc 1 61 16 is_stmt 0 view .LVU23
  84 0034 0123     		movs	r3, #1
  85 0036 0293     		str	r3, [sp, #8]
  62:Core/Src/adc.c ****   sConfig.SamplingTime = ADC_SAMPLETIME_41CYCLES_5;
  86              		.loc 1 62 3 is_stmt 1 view .LVU24
  87              		.loc 1 62 24 is_stmt 0 view .LVU25
  88 0038 0423     		movs	r3, #4
  89 003a 0393     		str	r3, [sp, #12]
  63:Core/Src/adc.c ****   if (HAL_ADC_ConfigChannel(&hadc1, &sConfig) != HAL_OK)
  90              		.loc 1 63 3 is_stmt 1 view .LVU26
  91              		.loc 1 63 7 is_stmt 0 view .LVU27
  92 003c 0DEB0301 		add	r1, sp, r3
  93 0040 0D48     		ldr	r0, .L9
  94 0042 FFF7FEFF 		bl	HAL_ADC_ConfigChannel
  95              	.LVL1:
  96              		.loc 1 63 6 view .LVU28
  97 0046 80B9     		cbnz	r0, .L7
  98              	.L3:
  64:Core/Src/adc.c ****   {
  65:Core/Src/adc.c ****     Error_Handler();
  66:Core/Src/adc.c ****   }
  67:Core/Src/adc.c **** 
  68:Core/Src/adc.c ****   /** Configure Regular Channel
  69:Core/Src/adc.c ****   */
  70:Core/Src/adc.c ****   sConfig.Channel = ADC_CHANNEL_TEMPSENSOR;
  99              		.loc 1 70 3 is_stmt 1 view .LVU29
 100              		.loc 1 70 19 is_stmt 0 view .LVU30
 101 0048 1023     		movs	r3, #16
 102 004a 0193     		str	r3, [sp, #4]
ARM GAS  C:\Users\84759\AppData\Local\Temp\ccNGQSne.s 			page 4


  71:Core/Src/adc.c ****   sConfig.Rank = ADC_REGULAR_RANK_2;
 103              		.loc 1 71 3 is_stmt 1 view .LVU31
 104              		.loc 1 71 16 is_stmt 0 view .LVU32
 105 004c 0223     		movs	r3, #2
 106 004e 0293     		str	r3, [sp, #8]
  72:Core/Src/adc.c ****   sConfig.SamplingTime = ADC_SAMPLETIME_55CYCLES_5;
 107              		.loc 1 72 3 is_stmt 1 view .LVU33
 108              		.loc 1 72 24 is_stmt 0 view .LVU34
 109 0050 0523     		movs	r3, #5
 110 0052 0393     		str	r3, [sp, #12]
  73:Core/Src/adc.c ****   if (HAL_ADC_ConfigChannel(&hadc1, &sConfig) != HAL_OK)
 111              		.loc 1 73 3 is_stmt 1 view .LVU35
 112              		.loc 1 73 7 is_stmt 0 view .LVU36
 113 0054 01A9     		add	r1, sp, #4
 114 0056 0848     		ldr	r0, .L9
 115 0058 FFF7FEFF 		bl	HAL_ADC_ConfigChannel
 116              	.LVL2:
 117              		.loc 1 73 6 view .LVU37
 118 005c 40B9     		cbnz	r0, .L8
 119              	.L1:
  74:Core/Src/adc.c ****   {
  75:Core/Src/adc.c ****     Error_Handler();
  76:Core/Src/adc.c ****   }
  77:Core/Src/adc.c ****   /* USER CODE BEGIN ADC1_Init 2 */
  78:Core/Src/adc.c **** 
  79:Core/Src/adc.c ****   /* USER CODE END ADC1_Init 2 */
  80:Core/Src/adc.c **** 
  81:Core/Src/adc.c **** }
 120              		.loc 1 81 1 view .LVU38
 121 005e 05B0     		add	sp, sp, #20
 122              	.LCFI2:
 123              		.cfi_remember_state
 124              		.cfi_def_cfa_offset 4
 125              		@ sp needed
 126 0060 5DF804FB 		ldr	pc, [sp], #4
 127              	.L6:
 128              	.LCFI3:
 129              		.cfi_restore_state
  55:Core/Src/adc.c ****   }
 130              		.loc 1 55 5 is_stmt 1 view .LVU39
 131 0064 FFF7FEFF 		bl	Error_Handler
 132              	.LVL3:
 133 0068 E2E7     		b	.L2
 134              	.L7:
  65:Core/Src/adc.c ****   }
 135              		.loc 1 65 5 view .LVU40
 136 006a FFF7FEFF 		bl	Error_Handler
 137              	.LVL4:
 138 006e EBE7     		b	.L3
 139              	.L8:
  75:Core/Src/adc.c ****   }
 140              		.loc 1 75 5 view .LVU41
 141 0070 FFF7FEFF 		bl	Error_Handler
 142              	.LVL5:
 143              		.loc 1 81 1 is_stmt 0 view .LVU42
 144 0074 F3E7     		b	.L1
 145              	.L10:
ARM GAS  C:\Users\84759\AppData\Local\Temp\ccNGQSne.s 			page 5


 146 0076 00BF     		.align	2
 147              	.L9:
 148 0078 00000000 		.word	.LANCHOR0
 149 007c 00240140 		.word	1073816576
 150              		.cfi_endproc
 151              	.LFE68:
 153              		.section	.text.HAL_ADC_MspInit,"ax",%progbits
 154              		.align	1
 155              		.global	HAL_ADC_MspInit
 156              		.syntax unified
 157              		.thumb
 158              		.thumb_func
 160              	HAL_ADC_MspInit:
 161              	.LVL6:
 162              	.LFB69:
  82:Core/Src/adc.c **** 
  83:Core/Src/adc.c **** void HAL_ADC_MspInit(ADC_HandleTypeDef* adcHandle)
  84:Core/Src/adc.c **** {
 163              		.loc 1 84 1 is_stmt 1 view -0
 164              		.cfi_startproc
 165              		@ args = 0, pretend = 0, frame = 8
 166              		@ frame_needed = 0, uses_anonymous_args = 0
  85:Core/Src/adc.c **** 
  86:Core/Src/adc.c ****   if(adcHandle->Instance==ADC1)
 167              		.loc 1 86 3 view .LVU44
 168              		.loc 1 86 15 is_stmt 0 view .LVU45
 169 0000 0268     		ldr	r2, [r0]
 170              		.loc 1 86 5 view .LVU46
 171 0002 1B4B     		ldr	r3, .L20
 172 0004 9A42     		cmp	r2, r3
 173 0006 00D0     		beq	.L18
 174 0008 7047     		bx	lr
 175              	.L18:
  84:Core/Src/adc.c **** 
 176              		.loc 1 84 1 view .LVU47
 177 000a 10B5     		push	{r4, lr}
 178              	.LCFI4:
 179              		.cfi_def_cfa_offset 8
 180              		.cfi_offset 4, -8
 181              		.cfi_offset 14, -4
 182 000c 82B0     		sub	sp, sp, #8
 183              	.LCFI5:
 184              		.cfi_def_cfa_offset 16
 185 000e 0446     		mov	r4, r0
  87:Core/Src/adc.c ****   {
  88:Core/Src/adc.c ****   /* USER CODE BEGIN ADC1_MspInit 0 */
  89:Core/Src/adc.c **** 
  90:Core/Src/adc.c ****   /* USER CODE END ADC1_MspInit 0 */
  91:Core/Src/adc.c ****     /* ADC1 clock enable */
  92:Core/Src/adc.c ****     __HAL_RCC_ADC1_CLK_ENABLE();
 186              		.loc 1 92 5 is_stmt 1 view .LVU48
 187              	.LBB2:
 188              		.loc 1 92 5 view .LVU49
 189              		.loc 1 92 5 view .LVU50
 190 0010 03F56C43 		add	r3, r3, #60416
 191 0014 9A69     		ldr	r2, [r3, #24]
 192 0016 42F40072 		orr	r2, r2, #512
ARM GAS  C:\Users\84759\AppData\Local\Temp\ccNGQSne.s 			page 6


 193 001a 9A61     		str	r2, [r3, #24]
 194              		.loc 1 92 5 view .LVU51
 195 001c 9B69     		ldr	r3, [r3, #24]
 196 001e 03F40073 		and	r3, r3, #512
 197 0022 0193     		str	r3, [sp, #4]
 198              		.loc 1 92 5 view .LVU52
 199 0024 019B     		ldr	r3, [sp, #4]
 200              	.LBE2:
 201              		.loc 1 92 5 view .LVU53
  93:Core/Src/adc.c **** 
  94:Core/Src/adc.c ****     /* ADC1 DMA Init */
  95:Core/Src/adc.c ****     /* ADC1 Init */
  96:Core/Src/adc.c ****     hdma_adc1.Instance = DMA1_Channel1;
 202              		.loc 1 96 5 view .LVU54
 203              		.loc 1 96 24 is_stmt 0 view .LVU55
 204 0026 1348     		ldr	r0, .L20+4
 205              	.LVL7:
 206              		.loc 1 96 24 view .LVU56
 207 0028 134B     		ldr	r3, .L20+8
 208 002a 0360     		str	r3, [r0]
  97:Core/Src/adc.c ****     hdma_adc1.Init.Direction = DMA_PERIPH_TO_MEMORY;
 209              		.loc 1 97 5 is_stmt 1 view .LVU57
 210              		.loc 1 97 30 is_stmt 0 view .LVU58
 211 002c 0023     		movs	r3, #0
 212 002e 4360     		str	r3, [r0, #4]
  98:Core/Src/adc.c ****     hdma_adc1.Init.PeriphInc = DMA_PINC_DISABLE;
 213              		.loc 1 98 5 is_stmt 1 view .LVU59
 214              		.loc 1 98 30 is_stmt 0 view .LVU60
 215 0030 8360     		str	r3, [r0, #8]
  99:Core/Src/adc.c ****     hdma_adc1.Init.MemInc = DMA_MINC_ENABLE;
 216              		.loc 1 99 5 is_stmt 1 view .LVU61
 217              		.loc 1 99 27 is_stmt 0 view .LVU62
 218 0032 8022     		movs	r2, #128
 219 0034 C260     		str	r2, [r0, #12]
 100:Core/Src/adc.c ****     hdma_adc1.Init.PeriphDataAlignment = DMA_PDATAALIGN_HALFWORD;
 220              		.loc 1 100 5 is_stmt 1 view .LVU63
 221              		.loc 1 100 40 is_stmt 0 view .LVU64
 222 0036 4FF48072 		mov	r2, #256
 223 003a 0261     		str	r2, [r0, #16]
 101:Core/Src/adc.c ****     hdma_adc1.Init.MemDataAlignment = DMA_MDATAALIGN_HALFWORD;
 224              		.loc 1 101 5 is_stmt 1 view .LVU65
 225              		.loc 1 101 37 is_stmt 0 view .LVU66
 226 003c 4FF48062 		mov	r2, #1024
 227 0040 4261     		str	r2, [r0, #20]
 102:Core/Src/adc.c ****     hdma_adc1.Init.Mode = DMA_CIRCULAR;
 228              		.loc 1 102 5 is_stmt 1 view .LVU67
 229              		.loc 1 102 25 is_stmt 0 view .LVU68
 230 0042 2022     		movs	r2, #32
 231 0044 8261     		str	r2, [r0, #24]
 103:Core/Src/adc.c ****     hdma_adc1.Init.Priority = DMA_PRIORITY_LOW;
 232              		.loc 1 103 5 is_stmt 1 view .LVU69
 233              		.loc 1 103 29 is_stmt 0 view .LVU70
 234 0046 C361     		str	r3, [r0, #28]
 104:Core/Src/adc.c ****     if (HAL_DMA_Init(&hdma_adc1) != HAL_OK)
 235              		.loc 1 104 5 is_stmt 1 view .LVU71
 236              		.loc 1 104 9 is_stmt 0 view .LVU72
 237 0048 FFF7FEFF 		bl	HAL_DMA_Init
ARM GAS  C:\Users\84759\AppData\Local\Temp\ccNGQSne.s 			page 7


 238              	.LVL8:
 239              		.loc 1 104 8 view .LVU73
 240 004c 60B9     		cbnz	r0, .L19
 241              	.L13:
 105:Core/Src/adc.c ****     {
 106:Core/Src/adc.c ****       Error_Handler();
 107:Core/Src/adc.c ****     }
 108:Core/Src/adc.c **** 
 109:Core/Src/adc.c ****     __HAL_LINKDMA(adcHandle,DMA_Handle,hdma_adc1);
 242              		.loc 1 109 5 is_stmt 1 view .LVU74
 243              		.loc 1 109 5 view .LVU75
 244 004e 094B     		ldr	r3, .L20+4
 245 0050 2362     		str	r3, [r4, #32]
 246              		.loc 1 109 5 view .LVU76
 247 0052 5C62     		str	r4, [r3, #36]
 248              		.loc 1 109 5 view .LVU77
 110:Core/Src/adc.c **** 
 111:Core/Src/adc.c ****     /* ADC1 interrupt Init */
 112:Core/Src/adc.c ****     HAL_NVIC_SetPriority(ADC1_2_IRQn, 1, 0);
 249              		.loc 1 112 5 view .LVU78
 250 0054 0022     		movs	r2, #0
 251 0056 0121     		movs	r1, #1
 252 0058 1220     		movs	r0, #18
 253 005a FFF7FEFF 		bl	HAL_NVIC_SetPriority
 254              	.LVL9:
 113:Core/Src/adc.c ****     HAL_NVIC_EnableIRQ(ADC1_2_IRQn);
 255              		.loc 1 113 5 view .LVU79
 256 005e 1220     		movs	r0, #18
 257 0060 FFF7FEFF 		bl	HAL_NVIC_EnableIRQ
 258              	.LVL10:
 114:Core/Src/adc.c ****   /* USER CODE BEGIN ADC1_MspInit 1 */
 115:Core/Src/adc.c **** 
 116:Core/Src/adc.c ****   /* USER CODE END ADC1_MspInit 1 */
 117:Core/Src/adc.c ****   }
 118:Core/Src/adc.c **** }
 259              		.loc 1 118 1 is_stmt 0 view .LVU80
 260 0064 02B0     		add	sp, sp, #8
 261              	.LCFI6:
 262              		.cfi_remember_state
 263              		.cfi_def_cfa_offset 8
 264              		@ sp needed
 265 0066 10BD     		pop	{r4, pc}
 266              	.LVL11:
 267              	.L19:
 268              	.LCFI7:
 269              		.cfi_restore_state
 106:Core/Src/adc.c ****     }
 270              		.loc 1 106 7 is_stmt 1 view .LVU81
 271 0068 FFF7FEFF 		bl	Error_Handler
 272              	.LVL12:
 273 006c EFE7     		b	.L13
 274              	.L21:
 275 006e 00BF     		.align	2
 276              	.L20:
 277 0070 00240140 		.word	1073816576
 278 0074 00000000 		.word	.LANCHOR1
 279 0078 08000240 		.word	1073872904
ARM GAS  C:\Users\84759\AppData\Local\Temp\ccNGQSne.s 			page 8


 280              		.cfi_endproc
 281              	.LFE69:
 283              		.section	.text.HAL_ADC_MspDeInit,"ax",%progbits
 284              		.align	1
 285              		.global	HAL_ADC_MspDeInit
 286              		.syntax unified
 287              		.thumb
 288              		.thumb_func
 290              	HAL_ADC_MspDeInit:
 291              	.LVL13:
 292              	.LFB70:
 119:Core/Src/adc.c **** 
 120:Core/Src/adc.c **** void HAL_ADC_MspDeInit(ADC_HandleTypeDef* adcHandle)
 121:Core/Src/adc.c **** {
 293              		.loc 1 121 1 view -0
 294              		.cfi_startproc
 295              		@ args = 0, pretend = 0, frame = 0
 296              		@ frame_needed = 0, uses_anonymous_args = 0
 297              		.loc 1 121 1 is_stmt 0 view .LVU83
 298 0000 08B5     		push	{r3, lr}
 299              	.LCFI8:
 300              		.cfi_def_cfa_offset 8
 301              		.cfi_offset 3, -8
 302              		.cfi_offset 14, -4
 122:Core/Src/adc.c **** 
 123:Core/Src/adc.c ****   if(adcHandle->Instance==ADC1)
 303              		.loc 1 123 3 is_stmt 1 view .LVU84
 304              		.loc 1 123 15 is_stmt 0 view .LVU85
 305 0002 0268     		ldr	r2, [r0]
 306              		.loc 1 123 5 view .LVU86
 307 0004 074B     		ldr	r3, .L26
 308 0006 9A42     		cmp	r2, r3
 309 0008 00D0     		beq	.L25
 310              	.LVL14:
 311              	.L22:
 124:Core/Src/adc.c ****   {
 125:Core/Src/adc.c ****   /* USER CODE BEGIN ADC1_MspDeInit 0 */
 126:Core/Src/adc.c **** 
 127:Core/Src/adc.c ****   /* USER CODE END ADC1_MspDeInit 0 */
 128:Core/Src/adc.c ****     /* Peripheral clock disable */
 129:Core/Src/adc.c ****     __HAL_RCC_ADC1_CLK_DISABLE();
 130:Core/Src/adc.c **** 
 131:Core/Src/adc.c ****     /* ADC1 DMA DeInit */
 132:Core/Src/adc.c ****     HAL_DMA_DeInit(adcHandle->DMA_Handle);
 133:Core/Src/adc.c **** 
 134:Core/Src/adc.c ****     /* ADC1 interrupt Deinit */
 135:Core/Src/adc.c ****     HAL_NVIC_DisableIRQ(ADC1_2_IRQn);
 136:Core/Src/adc.c ****   /* USER CODE BEGIN ADC1_MspDeInit 1 */
 137:Core/Src/adc.c **** 
 138:Core/Src/adc.c ****   /* USER CODE END ADC1_MspDeInit 1 */
 139:Core/Src/adc.c ****   }
 140:Core/Src/adc.c **** }
 312              		.loc 1 140 1 view .LVU87
 313 000a 08BD     		pop	{r3, pc}
 314              	.LVL15:
 315              	.L25:
 129:Core/Src/adc.c **** 
ARM GAS  C:\Users\84759\AppData\Local\Temp\ccNGQSne.s 			page 9


 316              		.loc 1 129 5 is_stmt 1 view .LVU88
 317 000c 064A     		ldr	r2, .L26+4
 318 000e 9369     		ldr	r3, [r2, #24]
 319 0010 23F40073 		bic	r3, r3, #512
 320 0014 9361     		str	r3, [r2, #24]
 132:Core/Src/adc.c **** 
 321              		.loc 1 132 5 view .LVU89
 322 0016 006A     		ldr	r0, [r0, #32]
 323              	.LVL16:
 132:Core/Src/adc.c **** 
 324              		.loc 1 132 5 is_stmt 0 view .LVU90
 325 0018 FFF7FEFF 		bl	HAL_DMA_DeInit
 326              	.LVL17:
 135:Core/Src/adc.c ****   /* USER CODE BEGIN ADC1_MspDeInit 1 */
 327              		.loc 1 135 5 is_stmt 1 view .LVU91
 328 001c 1220     		movs	r0, #18
 329 001e FFF7FEFF 		bl	HAL_NVIC_DisableIRQ
 330              	.LVL18:
 331              		.loc 1 140 1 is_stmt 0 view .LVU92
 332 0022 F2E7     		b	.L22
 333              	.L27:
 334              		.align	2
 335              	.L26:
 336 0024 00240140 		.word	1073816576
 337 0028 00100240 		.word	1073876992
 338              		.cfi_endproc
 339              	.LFE70:
 341              		.global	__aeabi_i2d
 342              		.global	__aeabi_dmul
 343              		.global	__aeabi_d2f
 344              		.section	.text.Read_ADC_Value,"ax",%progbits
 345              		.align	1
 346              		.global	Read_ADC_Value
 347              		.syntax unified
 348              		.thumb
 349              		.thumb_func
 351              	Read_ADC_Value:
 352              	.LFB71:
 141:Core/Src/adc.c **** 
 142:Core/Src/adc.c **** /* USER CODE BEGIN 1 */
 143:Core/Src/adc.c **** /*
 144:Core/Src/adc.c **** //对于12位的ADC，3.3V的ADC值为0xfff,温度为25度时对应的电压值为1.43V即0x6EE
 145:Core/Src/adc.c **** #define V25  0x6EE
 146:Core/Src/adc.c **** //斜率 每摄氏度4.3mV 对应每摄氏度0x05
 147:Core/Src/adc.c **** #define AVG_SLOPE 0x05 
 148:Core/Src/adc.c **** //Current_Temperature = (V25-ADC_ConvertedValue)/AVG_SLOPE+25;	
 149:Core/Src/adc.c **** */
 150:Core/Src/adc.c **** 
 151:Core/Src/adc.c **** void Read_ADC_Value(void) {
 353              		.loc 1 151 27 is_stmt 1 view -0
 354              		.cfi_startproc
 355              		@ args = 0, pretend = 0, frame = 8
 356              		@ frame_needed = 0, uses_anonymous_args = 0
 357 0000 00B5     		push	{lr}
 358              	.LCFI9:
 359              		.cfi_def_cfa_offset 4
 360              		.cfi_offset 14, -4
ARM GAS  C:\Users\84759\AppData\Local\Temp\ccNGQSne.s 			page 10


 361 0002 83B0     		sub	sp, sp, #12
 362              	.LCFI10:
 363              		.cfi_def_cfa_offset 16
 152:Core/Src/adc.c ****   uint16_t adcValue[2]={0,0};
 364              		.loc 1 152 3 view .LVU94
 365              		.loc 1 152 12 is_stmt 0 view .LVU95
 366 0004 0023     		movs	r3, #0
 367 0006 ADF80430 		strh	r3, [sp, #4]	@ movhi
 368 000a ADF80630 		strh	r3, [sp, #6]	@ movhi
 153:Core/Src/adc.c ****   HAL_ADC_Start_DMA(&hadc1,(uint32_t *)adcValue,2); // 启动ADC转换
 369              		.loc 1 153 3 is_stmt 1 view .LVU96
 370 000e 0222     		movs	r2, #2
 371 0010 01A9     		add	r1, sp, #4
 372 0012 1548     		ldr	r0, .L30+8
 373 0014 FFF7FEFF 		bl	HAL_ADC_Start_DMA
 374              	.LVL19:
 154:Core/Src/adc.c ****   adc_data.V = adcValue[0]*3.3/4096;
 375              		.loc 1 154 3 view .LVU97
 376              		.loc 1 154 27 is_stmt 0 view .LVU98
 377 0018 BDF80400 		ldrh	r0, [sp, #4]
 378 001c FFF7FEFF 		bl	__aeabi_i2d
 379              	.LVL20:
 380 0020 0FA3     		adr	r3, .L30
 381 0022 D3E90023 		ldrd	r2, [r3]
 382 0026 FFF7FEFF 		bl	__aeabi_dmul
 383              	.LVL21:
 384              		.loc 1 154 31 view .LVU99
 385 002a 0022     		movs	r2, #0
 386 002c 0F4B     		ldr	r3, .L30+12
 387 002e FFF7FEFF 		bl	__aeabi_dmul
 388              	.LVL22:
 389 0032 FFF7FEFF 		bl	__aeabi_d2f
 390              	.LVL23:
 391              		.loc 1 154 14 view .LVU100
 392 0036 0E49     		ldr	r1, .L30+16
 393 0038 0860     		str	r0, [r1]	@ float
 155:Core/Src/adc.c ****   adc_data.T = (0X6EE - adcValue[1])/0X05 + 25;
 394              		.loc 1 155 3 is_stmt 1 view .LVU101
 395              		.loc 1 155 33 is_stmt 0 view .LVU102
 396 003a BDF80630 		ldrh	r3, [sp, #6]
 397              		.loc 1 155 23 view .LVU103
 398 003e C3F5DD63 		rsb	r3, r3, #1768
 399 0042 0633     		adds	r3, r3, #6
 400              		.loc 1 155 37 view .LVU104
 401 0044 0B4A     		ldr	r2, .L30+20
 402 0046 82FB0302 		smull	r0, r2, r2, r3
 403 004a DB17     		asrs	r3, r3, #31
 404 004c C3EB6203 		rsb	r3, r3, r2, asr #1
 405              		.loc 1 155 43 view .LVU105
 406 0050 1933     		adds	r3, r3, #25
 407              		.loc 1 155 14 view .LVU106
 408 0052 8B80     		strh	r3, [r1, #4]	@ movhi
 156:Core/Src/adc.c **** 
 157:Core/Src/adc.c ****   //UsbPrintf("\nv: %d, t: %d\r\n", adcValue[0],adcValue[1]);
 158:Core/Src/adc.c ****   //UsbPrintf("V: %.4f, T: %d\r\n", adcValue[0]*3.3/4096, (0X6EE - adcValue[1])/0X05 + 25); 
 159:Core/Src/adc.c ****   //adcValue[0] = adcValue[0]*3.3/4096;
 160:Core/Src/adc.c ****   //adcValue[1] = (0X6EE - adcValue[1])/0X05 + 25;
ARM GAS  C:\Users\84759\AppData\Local\Temp\ccNGQSne.s 			page 11


 161:Core/Src/adc.c **** }
 409              		.loc 1 161 1 view .LVU107
 410 0054 03B0     		add	sp, sp, #12
 411              	.LCFI11:
 412              		.cfi_def_cfa_offset 4
 413              		@ sp needed
 414 0056 5DF804FB 		ldr	pc, [sp], #4
 415              	.L31:
 416 005a 00BFAFF3 		.align	3
 416      0080
 417              	.L30:
 418 0060 66666666 		.word	1717986918
 419 0064 66660A40 		.word	1074423398
 420 0068 00000000 		.word	.LANCHOR0
 421 006c 0000303F 		.word	1060110336
 422 0070 00000000 		.word	adc_data
 423 0074 67666666 		.word	1717986919
 424              		.cfi_endproc
 425              	.LFE71:
 427              		.global	hdma_adc1
 428              		.global	hadc1
 429              		.section	.bss.hadc1,"aw",%nobits
 430              		.align	2
 431              		.set	.LANCHOR0,. + 0
 434              	hadc1:
 435 0000 00000000 		.space	76
 435      00000000 
 435      00000000 
 435      00000000 
 435      00000000 
 436              		.section	.bss.hdma_adc1,"aw",%nobits
 437              		.align	2
 438              		.set	.LANCHOR1,. + 0
 441              	hdma_adc1:
 442 0000 00000000 		.space	68
 442      00000000 
 442      00000000 
 442      00000000 
 442      00000000 
 443              		.text
 444              	.Letext0:
 445              		.file 2 "d:\\mingw\\gcc-arm-none-eabi-10.3-2021.10-win32\\gcc-arm-none-eabi-10.3-2021.10\\arm-none
 446              		.file 3 "d:\\mingw\\gcc-arm-none-eabi-10.3-2021.10-win32\\gcc-arm-none-eabi-10.3-2021.10\\arm-none
 447              		.file 4 "Drivers/CMSIS/Device/ST/STM32F1xx/Include/stm32f103xe.h"
 448              		.file 5 "Drivers/CMSIS/Device/ST/STM32F1xx/Include/stm32f1xx.h"
 449              		.file 6 "Drivers/STM32F1xx_HAL_Driver/Inc/stm32f1xx_hal_def.h"
 450              		.file 7 "Drivers/STM32F1xx_HAL_Driver/Inc/stm32f1xx_hal_dma.h"
 451              		.file 8 "Drivers/STM32F1xx_HAL_Driver/Inc/stm32f1xx_hal_adc.h"
 452              		.file 9 "User/Inc/multi_button.h"
 453              		.file 10 "Core/Inc/adc.h"
 454              		.file 11 "Drivers/STM32F1xx_HAL_Driver/Inc/stm32f1xx_hal_cortex.h"
 455              		.file 12 "Core/Inc/main.h"
ARM GAS  C:\Users\84759\AppData\Local\Temp\ccNGQSne.s 			page 12


DEFINED SYMBOLS
                            *ABS*:00000000 adc.c
C:\Users\84759\AppData\Local\Temp\ccNGQSne.s:18     .text.MX_ADC1_Init:00000000 $t
C:\Users\84759\AppData\Local\Temp\ccNGQSne.s:24     .text.MX_ADC1_Init:00000000 MX_ADC1_Init
C:\Users\84759\AppData\Local\Temp\ccNGQSne.s:148    .text.MX_ADC1_Init:00000078 $d
C:\Users\84759\AppData\Local\Temp\ccNGQSne.s:154    .text.HAL_ADC_MspInit:00000000 $t
C:\Users\84759\AppData\Local\Temp\ccNGQSne.s:160    .text.HAL_ADC_MspInit:00000000 HAL_ADC_MspInit
C:\Users\84759\AppData\Local\Temp\ccNGQSne.s:277    .text.HAL_ADC_MspInit:00000070 $d
C:\Users\84759\AppData\Local\Temp\ccNGQSne.s:284    .text.HAL_ADC_MspDeInit:00000000 $t
C:\Users\84759\AppData\Local\Temp\ccNGQSne.s:290    .text.HAL_ADC_MspDeInit:00000000 HAL_ADC_MspDeInit
C:\Users\84759\AppData\Local\Temp\ccNGQSne.s:336    .text.HAL_ADC_MspDeInit:00000024 $d
C:\Users\84759\AppData\Local\Temp\ccNGQSne.s:345    .text.Read_ADC_Value:00000000 $t
C:\Users\84759\AppData\Local\Temp\ccNGQSne.s:351    .text.Read_ADC_Value:00000000 Read_ADC_Value
C:\Users\84759\AppData\Local\Temp\ccNGQSne.s:418    .text.Read_ADC_Value:00000060 $d
C:\Users\84759\AppData\Local\Temp\ccNGQSne.s:441    .bss.hdma_adc1:00000000 hdma_adc1
C:\Users\84759\AppData\Local\Temp\ccNGQSne.s:434    .bss.hadc1:00000000 hadc1
C:\Users\84759\AppData\Local\Temp\ccNGQSne.s:430    .bss.hadc1:00000000 $d
C:\Users\84759\AppData\Local\Temp\ccNGQSne.s:437    .bss.hdma_adc1:00000000 $d

UNDEFINED SYMBOLS
HAL_ADC_Init
HAL_ADC_ConfigChannel
Error_Handler
HAL_DMA_Init
HAL_NVIC_SetPriority
HAL_NVIC_EnableIRQ
HAL_DMA_DeInit
HAL_NVIC_DisableIRQ
__aeabi_i2d
__aeabi_dmul
__aeabi_d2f
HAL_ADC_Start_DMA
adc_data
