ARM GAS  C:\Users\84759\AppData\Local\Temp\ccifpWce.s 			page 1


   1              		.cpu cortex-m3
   2              		.arch armv7-m
   3              		.fpu softvfp
   4              		.eabi_attribute 20, 1
   5              		.eabi_attribute 21, 1
   6              		.eabi_attribute 23, 3
   7              		.eabi_attribute 24, 1
   8              		.eabi_attribute 25, 1
   9              		.eabi_attribute 26, 1
  10              		.eabi_attribute 30, 1
  11              		.eabi_attribute 34, 1
  12              		.eabi_attribute 18, 4
  13              		.file	"esp8266.c"
  14              		.text
  15              	.Ltext0:
  16              		.cfi_sections	.debug_frame
  17              		.section	.text.ESP8266_GPIO_Config,"ax",%progbits
  18              		.align	1
  19              		.global	ESP8266_GPIO_Config
  20              		.syntax unified
  21              		.thumb
  22              		.thumb_func
  24              	ESP8266_GPIO_Config:
  25              	.LFB68:
  26              		.file 1 "User/Src/esp8266.c"
   1:User/Src/esp8266.c **** /*
   2:User/Src/esp8266.c ****  * @Author: Liang 
   3:User/Src/esp8266.c ****  * @Date: 2025-03-25 11:36:56
   4:User/Src/esp8266.c ****  * @LastEditors: HA HA 
   5:User/Src/esp8266.c ****  * @LastEditTime: 2025-03-31 09:33:46
   6:User/Src/esp8266.c ****  * @Description: 
   7:User/Src/esp8266.c ****  * 
   8:User/Src/esp8266.c ****  * Copyright (c) 2025 by ${git_name_email}, All Rights Reserved.
   9:User/Src/esp8266.c ****  */
  10:User/Src/esp8266.c **** #include "esp8266.h"
  11:User/Src/esp8266.c **** 
  12:User/Src/esp8266.c **** //PG13  CHIP_EN   高电平有效
  13:User/Src/esp8266.c **** //PG14  RST       低电平有效
  14:User/Src/esp8266.c **** void ESP8266_GPIO_Config ( void )
  15:User/Src/esp8266.c **** {
  27              		.loc 1 15 1 view -0
  28              		.cfi_startproc
  29              		@ args = 0, pretend = 0, frame = 24
  30              		@ frame_needed = 0, uses_anonymous_args = 0
  31 0000 70B5     		push	{r4, r5, r6, lr}
  32              	.LCFI0:
  33              		.cfi_def_cfa_offset 16
  34              		.cfi_offset 4, -16
  35              		.cfi_offset 5, -12
  36              		.cfi_offset 6, -8
  37              		.cfi_offset 14, -4
  38 0002 86B0     		sub	sp, sp, #24
  39              	.LCFI1:
  40              		.cfi_def_cfa_offset 40
  16:User/Src/esp8266.c **** 	/*定义一个GPIO_InitTypeDef类型的结构体*/
  17:User/Src/esp8266.c **** 	GPIO_InitTypeDef GPIO_InitStruct = {0};
  41              		.loc 1 17 2 view .LVU1
ARM GAS  C:\Users\84759\AppData\Local\Temp\ccifpWce.s 			page 2


  42              		.loc 1 17 19 is_stmt 0 view .LVU2
  43 0004 0024     		movs	r4, #0
  44 0006 0294     		str	r4, [sp, #8]
  45 0008 0394     		str	r4, [sp, #12]
  46 000a 0494     		str	r4, [sp, #16]
  47 000c 0594     		str	r4, [sp, #20]
  18:User/Src/esp8266.c **** 
  19:User/Src/esp8266.c ****   __HAL_RCC_GPIOG_CLK_ENABLE();
  48              		.loc 1 19 3 is_stmt 1 view .LVU3
  49              	.LBB2:
  50              		.loc 1 19 3 view .LVU4
  51              		.loc 1 19 3 view .LVU5
  52 000e 124B     		ldr	r3, .L3
  53 0010 9A69     		ldr	r2, [r3, #24]
  54 0012 42F48072 		orr	r2, r2, #256
  55 0016 9A61     		str	r2, [r3, #24]
  56              		.loc 1 19 3 view .LVU6
  57 0018 9B69     		ldr	r3, [r3, #24]
  58 001a 03F48073 		and	r3, r3, #256
  59 001e 0193     		str	r3, [sp, #4]
  60              		.loc 1 19 3 view .LVU7
  61 0020 019B     		ldr	r3, [sp, #4]
  62              	.LBE2:
  63              		.loc 1 19 3 view .LVU8
  20:User/Src/esp8266.c **** 
  21:User/Src/esp8266.c ****   /*Configure GPIO pins : PB0 PB1 PB5 */
  22:User/Src/esp8266.c ****   GPIO_InitStruct.Pin = GPIO_PIN_13|GPIO_PIN_14;
  64              		.loc 1 22 3 view .LVU9
  65              		.loc 1 22 23 is_stmt 0 view .LVU10
  66 0022 4FF4C043 		mov	r3, #24576
  67 0026 0293     		str	r3, [sp, #8]
  23:User/Src/esp8266.c ****   GPIO_InitStruct.Mode = GPIO_MODE_OUTPUT_PP;
  68              		.loc 1 23 3 is_stmt 1 view .LVU11
  69              		.loc 1 23 24 is_stmt 0 view .LVU12
  70 0028 0126     		movs	r6, #1
  71 002a 0396     		str	r6, [sp, #12]
  24:User/Src/esp8266.c ****   GPIO_InitStruct.Pull = GPIO_PULLUP;
  72              		.loc 1 24 3 is_stmt 1 view .LVU13
  73              		.loc 1 24 24 is_stmt 0 view .LVU14
  74 002c 0496     		str	r6, [sp, #16]
  25:User/Src/esp8266.c ****   GPIO_InitStruct.Speed = GPIO_SPEED_FREQ_LOW;
  75              		.loc 1 25 3 is_stmt 1 view .LVU15
  76              		.loc 1 25 25 is_stmt 0 view .LVU16
  77 002e 0223     		movs	r3, #2
  78 0030 0593     		str	r3, [sp, #20]
  26:User/Src/esp8266.c ****   HAL_GPIO_Init(GPIOG, &GPIO_InitStruct);
  79              		.loc 1 26 3 is_stmt 1 view .LVU17
  80 0032 0A4D     		ldr	r5, .L3+4
  81 0034 02A9     		add	r1, sp, #8
  82 0036 2846     		mov	r0, r5
  83 0038 FFF7FEFF 		bl	HAL_GPIO_Init
  84              	.LVL0:
  27:User/Src/esp8266.c ****   
  28:User/Src/esp8266.c ****   /*Configure GPIO pin Output Level */
  29:User/Src/esp8266.c ****   // HAL_GPIO_WritePin(GPIOG, GPIO_PIN_14, GPIO_PIN_SET);
  30:User/Src/esp8266.c ****   // HAL_GPIO_WritePin(GPIOG, GPIO_PIN_13, GPIO_PIN_RESET);
  31:User/Src/esp8266.c ****   macESP8266_RST_HIGH_LEVEL();
ARM GAS  C:\Users\84759\AppData\Local\Temp\ccifpWce.s 			page 3


  85              		.loc 1 31 3 view .LVU18
  86 003c 3246     		mov	r2, r6
  87 003e 4FF48041 		mov	r1, #16384
  88 0042 2846     		mov	r0, r5
  89 0044 FFF7FEFF 		bl	HAL_GPIO_WritePin
  90              	.LVL1:
  32:User/Src/esp8266.c **** 	macESP8266_CH_DISABLE();
  91              		.loc 1 32 2 view .LVU19
  92 0048 2246     		mov	r2, r4
  93 004a 4FF40051 		mov	r1, #8192
  94 004e 2846     		mov	r0, r5
  95 0050 FFF7FEFF 		bl	HAL_GPIO_WritePin
  96              	.LVL2:
  33:User/Src/esp8266.c **** 
  34:User/Src/esp8266.c **** }
  97              		.loc 1 34 1 is_stmt 0 view .LVU20
  98 0054 06B0     		add	sp, sp, #24
  99              	.LCFI2:
 100              		.cfi_def_cfa_offset 16
 101              		@ sp needed
 102 0056 70BD     		pop	{r4, r5, r6, pc}
 103              	.L4:
 104              		.align	2
 105              	.L3:
 106 0058 00100240 		.word	1073876992
 107 005c 00200140 		.word	1073815552
 108              		.cfi_endproc
 109              	.LFE68:
 111              		.section	.text.wifi_send_to,"ax",%progbits
 112              		.align	1
 113              		.global	wifi_send_to
 114              		.syntax unified
 115              		.thumb
 116              		.thumb_func
 118              	wifi_send_to:
 119              	.LVL3:
 120              	.LFB69:
  35:User/Src/esp8266.c **** 
  36:User/Src/esp8266.c **** void wifi_send_to(char * cmd)
  37:User/Src/esp8266.c **** {
 121              		.loc 1 37 1 is_stmt 1 view -0
 122              		.cfi_startproc
 123              		@ args = 0, pretend = 0, frame = 0
 124              		@ frame_needed = 0, uses_anonymous_args = 0
 125              		.loc 1 37 1 is_stmt 0 view .LVU22
 126 0000 10B5     		push	{r4, lr}
 127              	.LCFI3:
 128              		.cfi_def_cfa_offset 8
 129              		.cfi_offset 4, -8
 130              		.cfi_offset 14, -4
 131 0002 0446     		mov	r4, r0
  38:User/Src/esp8266.c ****   HAL_UART_Transmit(&huart3, (uint8_t *)cmd,strlen(cmd),0xFFFF); 
 132              		.loc 1 38 3 is_stmt 1 view .LVU23
 133              		.loc 1 38 45 is_stmt 0 view .LVU24
 134 0004 FFF7FEFF 		bl	strlen
 135              	.LVL4:
 136              		.loc 1 38 3 view .LVU25
ARM GAS  C:\Users\84759\AppData\Local\Temp\ccifpWce.s 			page 4


 137 0008 4FF6FF73 		movw	r3, #65535
 138 000c 82B2     		uxth	r2, r0
 139 000e 2146     		mov	r1, r4
 140 0010 0448     		ldr	r0, .L8
 141 0012 FFF7FEFF 		bl	HAL_UART_Transmit
 142              	.LVL5:
  39:User/Src/esp8266.c ****   while(HAL_UART_GetState(&huart3) == HAL_UART_STATE_BUSY_TX);//检测UART发送结束
 143              		.loc 1 39 3 is_stmt 1 view .LVU26
 144              	.L6:
 145              		.loc 1 39 62 discriminator 1 view .LVU27
 146              		.loc 1 39 8 discriminator 1 view .LVU28
 147              		.loc 1 39 9 is_stmt 0 discriminator 1 view .LVU29
 148 0016 0348     		ldr	r0, .L8
 149 0018 FFF7FEFF 		bl	HAL_UART_GetState
 150              	.LVL6:
 151              		.loc 1 39 8 discriminator 1 view .LVU30
 152 001c 2128     		cmp	r0, #33
 153 001e FAD0     		beq	.L6
  40:User/Src/esp8266.c **** }
 154              		.loc 1 40 1 view .LVU31
 155 0020 10BD     		pop	{r4, pc}
 156              	.LVL7:
 157              	.L9:
 158              		.loc 1 40 1 view .LVU32
 159 0022 00BF     		.align	2
 160              	.L8:
 161 0024 00000000 		.word	huart3
 162              		.cfi_endproc
 163              	.LFE69:
 165              		.text
 166              	.Letext0:
 167              		.file 2 "d:\\mingw\\gcc-arm-none-eabi-10.3-2021.10-win32\\gcc-arm-none-eabi-10.3-2021.10\\arm-none
 168              		.file 3 "d:\\mingw\\gcc-arm-none-eabi-10.3-2021.10-win32\\gcc-arm-none-eabi-10.3-2021.10\\arm-none
 169              		.file 4 "Drivers/CMSIS/Device/ST/STM32F1xx/Include/stm32f103xe.h"
 170              		.file 5 "Drivers/STM32F1xx_HAL_Driver/Inc/stm32f1xx_hal_def.h"
 171              		.file 6 "Drivers/STM32F1xx_HAL_Driver/Inc/stm32f1xx_hal_gpio.h"
 172              		.file 7 "Drivers/STM32F1xx_HAL_Driver/Inc/stm32f1xx_hal_dma.h"
 173              		.file 8 "Drivers/STM32F1xx_HAL_Driver/Inc/stm32f1xx_hal_uart.h"
 174              		.file 9 "d:\\mingw\\gcc-arm-none-eabi-10.3-2021.10-win32\\gcc-arm-none-eabi-10.3-2021.10\\arm-none
 175              		.file 10 "Core/Inc/usart.h"
ARM GAS  C:\Users\84759\AppData\Local\Temp\ccifpWce.s 			page 5


DEFINED SYMBOLS
                            *ABS*:00000000 esp8266.c
C:\Users\84759\AppData\Local\Temp\ccifpWce.s:18     .text.ESP8266_GPIO_Config:00000000 $t
C:\Users\84759\AppData\Local\Temp\ccifpWce.s:24     .text.ESP8266_GPIO_Config:00000000 ESP8266_GPIO_Config
C:\Users\84759\AppData\Local\Temp\ccifpWce.s:106    .text.ESP8266_GPIO_Config:00000058 $d
C:\Users\84759\AppData\Local\Temp\ccifpWce.s:112    .text.wifi_send_to:00000000 $t
C:\Users\84759\AppData\Local\Temp\ccifpWce.s:118    .text.wifi_send_to:00000000 wifi_send_to
C:\Users\84759\AppData\Local\Temp\ccifpWce.s:161    .text.wifi_send_to:00000024 $d

UNDEFINED SYMBOLS
HAL_GPIO_Init
HAL_GPIO_WritePin
strlen
HAL_UART_Transmit
HAL_UART_GetState
huart3
