ARM GAS  C:\Users\84759\AppData\Local\Temp\ccczq6bC.s 			page 1


   1              		.cpu cortex-m3
   2              		.arch armv7-m
   3              		.fpu softvfp
   4              		.eabi_attribute 20, 1
   5              		.eabi_attribute 21, 1
   6              		.eabi_attribute 23, 3
   7              		.eabi_attribute 24, 1
   8              		.eabi_attribute 25, 1
   9              		.eabi_attribute 26, 1
  10              		.eabi_attribute 30, 1
  11              		.eabi_attribute 34, 1
  12              		.eabi_attribute 18, 4
  13              		.file	"usart.c"
  14              		.text
  15              	.Ltext0:
  16              		.cfi_sections	.debug_frame
  17              		.section	.text.MX_USART1_UART_Init,"ax",%progbits
  18              		.align	1
  19              		.global	MX_USART1_UART_Init
  20              		.syntax unified
  21              		.thumb
  22              		.thumb_func
  24              	MX_USART1_UART_Init:
  25              	.LFB68:
  26              		.file 1 "Core/Src/usart.c"
   1:Core/Src/usart.c **** /* USER CODE BEGIN Header */
   2:Core/Src/usart.c **** /**
   3:Core/Src/usart.c ****   ******************************************************************************
   4:Core/Src/usart.c ****   * @file    usart.c
   5:Core/Src/usart.c ****   * @brief   This file provides code for the configuration
   6:Core/Src/usart.c ****   *          of the USART instances.
   7:Core/Src/usart.c ****   ******************************************************************************
   8:Core/Src/usart.c ****   * @attention
   9:Core/Src/usart.c ****   *
  10:Core/Src/usart.c ****   * Copyright (c) 2025 STMicroelectronics.
  11:Core/Src/usart.c ****   * All rights reserved.
  12:Core/Src/usart.c ****   *
  13:Core/Src/usart.c ****   * This software is licensed under terms that can be found in the LICENSE file
  14:Core/Src/usart.c ****   * in the root directory of this software component.
  15:Core/Src/usart.c ****   * If no LICENSE file comes with this software, it is provided AS-IS.
  16:Core/Src/usart.c ****   *
  17:Core/Src/usart.c ****   ******************************************************************************
  18:Core/Src/usart.c ****   */
  19:Core/Src/usart.c **** /* USER CODE END Header */
  20:Core/Src/usart.c **** /* Includes ------------------------------------------------------------------*/
  21:Core/Src/usart.c **** #include "usart.h"
  22:Core/Src/usart.c **** 
  23:Core/Src/usart.c **** /* USER CODE BEGIN 0 */
  24:Core/Src/usart.c **** 
  25:Core/Src/usart.c **** /* USER CODE END 0 */
  26:Core/Src/usart.c **** 
  27:Core/Src/usart.c **** UART_HandleTypeDef huart1;
  28:Core/Src/usart.c **** UART_HandleTypeDef huart2;
  29:Core/Src/usart.c **** UART_HandleTypeDef huart3;
  30:Core/Src/usart.c **** 
  31:Core/Src/usart.c **** /* USART1 init function */
  32:Core/Src/usart.c **** 
ARM GAS  C:\Users\84759\AppData\Local\Temp\ccczq6bC.s 			page 2


  33:Core/Src/usart.c **** void MX_USART1_UART_Init(void)
  34:Core/Src/usart.c **** {
  27              		.loc 1 34 1 view -0
  28              		.cfi_startproc
  29              		@ args = 0, pretend = 0, frame = 0
  30              		@ frame_needed = 0, uses_anonymous_args = 0
  31 0000 08B5     		push	{r3, lr}
  32              	.LCFI0:
  33              		.cfi_def_cfa_offset 8
  34              		.cfi_offset 3, -8
  35              		.cfi_offset 14, -4
  35:Core/Src/usart.c **** 
  36:Core/Src/usart.c ****   /* USER CODE BEGIN USART1_Init 0 */
  37:Core/Src/usart.c **** 
  38:Core/Src/usart.c ****   /* USER CODE END USART1_Init 0 */
  39:Core/Src/usart.c **** 
  40:Core/Src/usart.c ****   /* USER CODE BEGIN USART1_Init 1 */
  41:Core/Src/usart.c **** 
  42:Core/Src/usart.c ****   /* USER CODE END USART1_Init 1 */
  43:Core/Src/usart.c ****   huart1.Instance = USART1;
  36              		.loc 1 43 3 view .LVU1
  37              		.loc 1 43 19 is_stmt 0 view .LVU2
  38 0002 0A48     		ldr	r0, .L5
  39 0004 0A4B     		ldr	r3, .L5+4
  40 0006 0360     		str	r3, [r0]
  44:Core/Src/usart.c ****   huart1.Init.BaudRate = 921600;
  41              		.loc 1 44 3 is_stmt 1 view .LVU3
  42              		.loc 1 44 24 is_stmt 0 view .LVU4
  43 0008 4FF46123 		mov	r3, #921600
  44 000c 4360     		str	r3, [r0, #4]
  45:Core/Src/usart.c ****   huart1.Init.WordLength = UART_WORDLENGTH_8B;
  45              		.loc 1 45 3 is_stmt 1 view .LVU5
  46              		.loc 1 45 26 is_stmt 0 view .LVU6
  47 000e 0023     		movs	r3, #0
  48 0010 8360     		str	r3, [r0, #8]
  46:Core/Src/usart.c ****   huart1.Init.StopBits = UART_STOPBITS_1;
  49              		.loc 1 46 3 is_stmt 1 view .LVU7
  50              		.loc 1 46 24 is_stmt 0 view .LVU8
  51 0012 C360     		str	r3, [r0, #12]
  47:Core/Src/usart.c ****   huart1.Init.Parity = UART_PARITY_NONE;
  52              		.loc 1 47 3 is_stmt 1 view .LVU9
  53              		.loc 1 47 22 is_stmt 0 view .LVU10
  54 0014 0361     		str	r3, [r0, #16]
  48:Core/Src/usart.c ****   huart1.Init.Mode = UART_MODE_TX_RX;
  55              		.loc 1 48 3 is_stmt 1 view .LVU11
  56              		.loc 1 48 20 is_stmt 0 view .LVU12
  57 0016 0C22     		movs	r2, #12
  58 0018 4261     		str	r2, [r0, #20]
  49:Core/Src/usart.c ****   huart1.Init.HwFlowCtl = UART_HWCONTROL_NONE;
  59              		.loc 1 49 3 is_stmt 1 view .LVU13
  60              		.loc 1 49 25 is_stmt 0 view .LVU14
  61 001a 8361     		str	r3, [r0, #24]
  50:Core/Src/usart.c ****   huart1.Init.OverSampling = UART_OVERSAMPLING_16;
  62              		.loc 1 50 3 is_stmt 1 view .LVU15
  63              		.loc 1 50 28 is_stmt 0 view .LVU16
  64 001c C361     		str	r3, [r0, #28]
  51:Core/Src/usart.c ****   if (HAL_UART_Init(&huart1) != HAL_OK)
ARM GAS  C:\Users\84759\AppData\Local\Temp\ccczq6bC.s 			page 3


  65              		.loc 1 51 3 is_stmt 1 view .LVU17
  66              		.loc 1 51 7 is_stmt 0 view .LVU18
  67 001e FFF7FEFF 		bl	HAL_UART_Init
  68              	.LVL0:
  69              		.loc 1 51 6 view .LVU19
  70 0022 00B9     		cbnz	r0, .L4
  71              	.L1:
  52:Core/Src/usart.c ****   {
  53:Core/Src/usart.c ****     Error_Handler();
  54:Core/Src/usart.c ****   }
  55:Core/Src/usart.c ****   /* USER CODE BEGIN USART1_Init 2 */
  56:Core/Src/usart.c **** 
  57:Core/Src/usart.c ****   /* USER CODE END USART1_Init 2 */
  58:Core/Src/usart.c **** 
  59:Core/Src/usart.c **** }
  72              		.loc 1 59 1 view .LVU20
  73 0024 08BD     		pop	{r3, pc}
  74              	.L4:
  53:Core/Src/usart.c ****   }
  75              		.loc 1 53 5 is_stmt 1 view .LVU21
  76 0026 FFF7FEFF 		bl	Error_Handler
  77              	.LVL1:
  78              		.loc 1 59 1 is_stmt 0 view .LVU22
  79 002a FBE7     		b	.L1
  80              	.L6:
  81              		.align	2
  82              	.L5:
  83 002c 00000000 		.word	.LANCHOR0
  84 0030 00380140 		.word	1073821696
  85              		.cfi_endproc
  86              	.LFE68:
  88              		.section	.text.MX_USART2_UART_Init,"ax",%progbits
  89              		.align	1
  90              		.global	MX_USART2_UART_Init
  91              		.syntax unified
  92              		.thumb
  93              		.thumb_func
  95              	MX_USART2_UART_Init:
  96              	.LFB69:
  60:Core/Src/usart.c **** /* USART2 init function */
  61:Core/Src/usart.c **** 
  62:Core/Src/usart.c **** void MX_USART2_UART_Init(void)
  63:Core/Src/usart.c **** {
  97              		.loc 1 63 1 is_stmt 1 view -0
  98              		.cfi_startproc
  99              		@ args = 0, pretend = 0, frame = 0
 100              		@ frame_needed = 0, uses_anonymous_args = 0
 101 0000 08B5     		push	{r3, lr}
 102              	.LCFI1:
 103              		.cfi_def_cfa_offset 8
 104              		.cfi_offset 3, -8
 105              		.cfi_offset 14, -4
  64:Core/Src/usart.c **** 
  65:Core/Src/usart.c ****   /* USER CODE BEGIN USART2_Init 0 */
  66:Core/Src/usart.c **** 
  67:Core/Src/usart.c ****   /* USER CODE END USART2_Init 0 */
  68:Core/Src/usart.c **** 
ARM GAS  C:\Users\84759\AppData\Local\Temp\ccczq6bC.s 			page 4


  69:Core/Src/usart.c ****   /* USER CODE BEGIN USART2_Init 1 */
  70:Core/Src/usart.c **** 
  71:Core/Src/usart.c ****   /* USER CODE END USART2_Init 1 */
  72:Core/Src/usart.c ****   huart2.Instance = USART2;
 106              		.loc 1 72 3 view .LVU24
 107              		.loc 1 72 19 is_stmt 0 view .LVU25
 108 0002 0A48     		ldr	r0, .L11
 109 0004 0A4B     		ldr	r3, .L11+4
 110 0006 0360     		str	r3, [r0]
  73:Core/Src/usart.c ****   huart2.Init.BaudRate = 115200;
 111              		.loc 1 73 3 is_stmt 1 view .LVU26
 112              		.loc 1 73 24 is_stmt 0 view .LVU27
 113 0008 4FF4E133 		mov	r3, #115200
 114 000c 4360     		str	r3, [r0, #4]
  74:Core/Src/usart.c ****   huart2.Init.WordLength = UART_WORDLENGTH_8B;
 115              		.loc 1 74 3 is_stmt 1 view .LVU28
 116              		.loc 1 74 26 is_stmt 0 view .LVU29
 117 000e 0023     		movs	r3, #0
 118 0010 8360     		str	r3, [r0, #8]
  75:Core/Src/usart.c ****   huart2.Init.StopBits = UART_STOPBITS_1;
 119              		.loc 1 75 3 is_stmt 1 view .LVU30
 120              		.loc 1 75 24 is_stmt 0 view .LVU31
 121 0012 C360     		str	r3, [r0, #12]
  76:Core/Src/usart.c ****   huart2.Init.Parity = UART_PARITY_NONE;
 122              		.loc 1 76 3 is_stmt 1 view .LVU32
 123              		.loc 1 76 22 is_stmt 0 view .LVU33
 124 0014 0361     		str	r3, [r0, #16]
  77:Core/Src/usart.c ****   huart2.Init.Mode = UART_MODE_TX_RX;
 125              		.loc 1 77 3 is_stmt 1 view .LVU34
 126              		.loc 1 77 20 is_stmt 0 view .LVU35
 127 0016 0C22     		movs	r2, #12
 128 0018 4261     		str	r2, [r0, #20]
  78:Core/Src/usart.c ****   huart2.Init.HwFlowCtl = UART_HWCONTROL_NONE;
 129              		.loc 1 78 3 is_stmt 1 view .LVU36
 130              		.loc 1 78 25 is_stmt 0 view .LVU37
 131 001a 8361     		str	r3, [r0, #24]
  79:Core/Src/usart.c ****   huart2.Init.OverSampling = UART_OVERSAMPLING_16;
 132              		.loc 1 79 3 is_stmt 1 view .LVU38
 133              		.loc 1 79 28 is_stmt 0 view .LVU39
 134 001c C361     		str	r3, [r0, #28]
  80:Core/Src/usart.c ****   if (HAL_UART_Init(&huart2) != HAL_OK)
 135              		.loc 1 80 3 is_stmt 1 view .LVU40
 136              		.loc 1 80 7 is_stmt 0 view .LVU41
 137 001e FFF7FEFF 		bl	HAL_UART_Init
 138              	.LVL2:
 139              		.loc 1 80 6 view .LVU42
 140 0022 00B9     		cbnz	r0, .L10
 141              	.L7:
  81:Core/Src/usart.c ****   {
  82:Core/Src/usart.c ****     Error_Handler();
  83:Core/Src/usart.c ****   }
  84:Core/Src/usart.c ****   /* USER CODE BEGIN USART2_Init 2 */
  85:Core/Src/usart.c **** 
  86:Core/Src/usart.c ****   /* USER CODE END USART2_Init 2 */
  87:Core/Src/usart.c **** 
  88:Core/Src/usart.c **** }
 142              		.loc 1 88 1 view .LVU43
ARM GAS  C:\Users\84759\AppData\Local\Temp\ccczq6bC.s 			page 5


 143 0024 08BD     		pop	{r3, pc}
 144              	.L10:
  82:Core/Src/usart.c ****   }
 145              		.loc 1 82 5 is_stmt 1 view .LVU44
 146 0026 FFF7FEFF 		bl	Error_Handler
 147              	.LVL3:
 148              		.loc 1 88 1 is_stmt 0 view .LVU45
 149 002a FBE7     		b	.L7
 150              	.L12:
 151              		.align	2
 152              	.L11:
 153 002c 00000000 		.word	.LANCHOR1
 154 0030 00440040 		.word	1073759232
 155              		.cfi_endproc
 156              	.LFE69:
 158              		.section	.text.MX_USART3_UART_Init,"ax",%progbits
 159              		.align	1
 160              		.global	MX_USART3_UART_Init
 161              		.syntax unified
 162              		.thumb
 163              		.thumb_func
 165              	MX_USART3_UART_Init:
 166              	.LFB70:
  89:Core/Src/usart.c **** /* USART3 init function */
  90:Core/Src/usart.c **** 
  91:Core/Src/usart.c **** void MX_USART3_UART_Init(void)
  92:Core/Src/usart.c **** {
 167              		.loc 1 92 1 is_stmt 1 view -0
 168              		.cfi_startproc
 169              		@ args = 0, pretend = 0, frame = 0
 170              		@ frame_needed = 0, uses_anonymous_args = 0
 171 0000 08B5     		push	{r3, lr}
 172              	.LCFI2:
 173              		.cfi_def_cfa_offset 8
 174              		.cfi_offset 3, -8
 175              		.cfi_offset 14, -4
  93:Core/Src/usart.c **** 
  94:Core/Src/usart.c ****   /* USER CODE BEGIN USART3_Init 0 */
  95:Core/Src/usart.c **** 
  96:Core/Src/usart.c ****   /* USER CODE END USART3_Init 0 */
  97:Core/Src/usart.c **** 
  98:Core/Src/usart.c ****   /* USER CODE BEGIN USART3_Init 1 */
  99:Core/Src/usart.c **** 
 100:Core/Src/usart.c ****   /* USER CODE END USART3_Init 1 */
 101:Core/Src/usart.c ****   huart3.Instance = USART3;
 176              		.loc 1 101 3 view .LVU47
 177              		.loc 1 101 19 is_stmt 0 view .LVU48
 178 0002 0A48     		ldr	r0, .L17
 179 0004 0A4B     		ldr	r3, .L17+4
 180 0006 0360     		str	r3, [r0]
 102:Core/Src/usart.c ****   huart3.Init.BaudRate = 115200;
 181              		.loc 1 102 3 is_stmt 1 view .LVU49
 182              		.loc 1 102 24 is_stmt 0 view .LVU50
 183 0008 4FF4E133 		mov	r3, #115200
 184 000c 4360     		str	r3, [r0, #4]
 103:Core/Src/usart.c ****   huart3.Init.WordLength = UART_WORDLENGTH_8B;
 185              		.loc 1 103 3 is_stmt 1 view .LVU51
ARM GAS  C:\Users\84759\AppData\Local\Temp\ccczq6bC.s 			page 6


 186              		.loc 1 103 26 is_stmt 0 view .LVU52
 187 000e 0023     		movs	r3, #0
 188 0010 8360     		str	r3, [r0, #8]
 104:Core/Src/usart.c ****   huart3.Init.StopBits = UART_STOPBITS_1;
 189              		.loc 1 104 3 is_stmt 1 view .LVU53
 190              		.loc 1 104 24 is_stmt 0 view .LVU54
 191 0012 C360     		str	r3, [r0, #12]
 105:Core/Src/usart.c ****   huart3.Init.Parity = UART_PARITY_NONE;
 192              		.loc 1 105 3 is_stmt 1 view .LVU55
 193              		.loc 1 105 22 is_stmt 0 view .LVU56
 194 0014 0361     		str	r3, [r0, #16]
 106:Core/Src/usart.c ****   huart3.Init.Mode = UART_MODE_TX_RX;
 195              		.loc 1 106 3 is_stmt 1 view .LVU57
 196              		.loc 1 106 20 is_stmt 0 view .LVU58
 197 0016 0C22     		movs	r2, #12
 198 0018 4261     		str	r2, [r0, #20]
 107:Core/Src/usart.c ****   huart3.Init.HwFlowCtl = UART_HWCONTROL_NONE;
 199              		.loc 1 107 3 is_stmt 1 view .LVU59
 200              		.loc 1 107 25 is_stmt 0 view .LVU60
 201 001a 8361     		str	r3, [r0, #24]
 108:Core/Src/usart.c ****   huart3.Init.OverSampling = UART_OVERSAMPLING_16;
 202              		.loc 1 108 3 is_stmt 1 view .LVU61
 203              		.loc 1 108 28 is_stmt 0 view .LVU62
 204 001c C361     		str	r3, [r0, #28]
 109:Core/Src/usart.c ****   if (HAL_UART_Init(&huart3) != HAL_OK)
 205              		.loc 1 109 3 is_stmt 1 view .LVU63
 206              		.loc 1 109 7 is_stmt 0 view .LVU64
 207 001e FFF7FEFF 		bl	HAL_UART_Init
 208              	.LVL4:
 209              		.loc 1 109 6 view .LVU65
 210 0022 00B9     		cbnz	r0, .L16
 211              	.L13:
 110:Core/Src/usart.c ****   {
 111:Core/Src/usart.c ****     Error_Handler();
 112:Core/Src/usart.c ****   }
 113:Core/Src/usart.c ****   /* USER CODE BEGIN USART3_Init 2 */
 114:Core/Src/usart.c **** 
 115:Core/Src/usart.c ****   /* USER CODE END USART3_Init 2 */
 116:Core/Src/usart.c **** 
 117:Core/Src/usart.c **** }
 212              		.loc 1 117 1 view .LVU66
 213 0024 08BD     		pop	{r3, pc}
 214              	.L16:
 111:Core/Src/usart.c ****   }
 215              		.loc 1 111 5 is_stmt 1 view .LVU67
 216 0026 FFF7FEFF 		bl	Error_Handler
 217              	.LVL5:
 218              		.loc 1 117 1 is_stmt 0 view .LVU68
 219 002a FBE7     		b	.L13
 220              	.L18:
 221              		.align	2
 222              	.L17:
 223 002c 00000000 		.word	.LANCHOR2
 224 0030 00480040 		.word	1073760256
 225              		.cfi_endproc
 226              	.LFE70:
 228              		.section	.text.HAL_UART_MspInit,"ax",%progbits
ARM GAS  C:\Users\84759\AppData\Local\Temp\ccczq6bC.s 			page 7


 229              		.align	1
 230              		.global	HAL_UART_MspInit
 231              		.syntax unified
 232              		.thumb
 233              		.thumb_func
 235              	HAL_UART_MspInit:
 236              	.LVL6:
 237              	.LFB71:
 118:Core/Src/usart.c **** 
 119:Core/Src/usart.c **** void HAL_UART_MspInit(UART_HandleTypeDef* uartHandle)
 120:Core/Src/usart.c **** {
 238              		.loc 1 120 1 is_stmt 1 view -0
 239              		.cfi_startproc
 240              		@ args = 0, pretend = 0, frame = 40
 241              		@ frame_needed = 0, uses_anonymous_args = 0
 242              		.loc 1 120 1 is_stmt 0 view .LVU70
 243 0000 30B5     		push	{r4, r5, lr}
 244              	.LCFI3:
 245              		.cfi_def_cfa_offset 12
 246              		.cfi_offset 4, -12
 247              		.cfi_offset 5, -8
 248              		.cfi_offset 14, -4
 249 0002 8BB0     		sub	sp, sp, #44
 250              	.LCFI4:
 251              		.cfi_def_cfa_offset 56
 121:Core/Src/usart.c **** 
 122:Core/Src/usart.c ****   GPIO_InitTypeDef GPIO_InitStruct = {0};
 252              		.loc 1 122 3 is_stmt 1 view .LVU71
 253              		.loc 1 122 20 is_stmt 0 view .LVU72
 254 0004 0023     		movs	r3, #0
 255 0006 0693     		str	r3, [sp, #24]
 256 0008 0793     		str	r3, [sp, #28]
 257 000a 0893     		str	r3, [sp, #32]
 258 000c 0993     		str	r3, [sp, #36]
 123:Core/Src/usart.c ****   if(uartHandle->Instance==USART1)
 259              		.loc 1 123 3 is_stmt 1 view .LVU73
 260              		.loc 1 123 16 is_stmt 0 view .LVU74
 261 000e 0368     		ldr	r3, [r0]
 262              		.loc 1 123 5 view .LVU75
 263 0010 4F4A     		ldr	r2, .L27
 264 0012 9342     		cmp	r3, r2
 265 0014 07D0     		beq	.L24
 124:Core/Src/usart.c ****   {
 125:Core/Src/usart.c ****   /* USER CODE BEGIN USART1_MspInit 0 */
 126:Core/Src/usart.c **** 
 127:Core/Src/usart.c ****   /* USER CODE END USART1_MspInit 0 */
 128:Core/Src/usart.c ****     /* USART1 clock enable */
 129:Core/Src/usart.c ****     __HAL_RCC_USART1_CLK_ENABLE();
 130:Core/Src/usart.c **** 
 131:Core/Src/usart.c ****     __HAL_RCC_GPIOA_CLK_ENABLE();
 132:Core/Src/usart.c ****     /**USART1 GPIO Configuration
 133:Core/Src/usart.c ****     PA9     ------> USART1_TX
 134:Core/Src/usart.c ****     PA10     ------> USART1_RX
 135:Core/Src/usart.c ****     */
 136:Core/Src/usart.c ****     GPIO_InitStruct.Pin = GPIO_PIN_9;
 137:Core/Src/usart.c ****     GPIO_InitStruct.Mode = GPIO_MODE_AF_PP;
 138:Core/Src/usart.c ****     GPIO_InitStruct.Speed = GPIO_SPEED_FREQ_HIGH;
ARM GAS  C:\Users\84759\AppData\Local\Temp\ccczq6bC.s 			page 8


 139:Core/Src/usart.c ****     HAL_GPIO_Init(GPIOA, &GPIO_InitStruct);
 140:Core/Src/usart.c **** 
 141:Core/Src/usart.c ****     GPIO_InitStruct.Pin = GPIO_PIN_10;
 142:Core/Src/usart.c ****     GPIO_InitStruct.Mode = GPIO_MODE_INPUT;
 143:Core/Src/usart.c ****     GPIO_InitStruct.Pull = GPIO_NOPULL;
 144:Core/Src/usart.c ****     HAL_GPIO_Init(GPIOA, &GPIO_InitStruct);
 145:Core/Src/usart.c **** 
 146:Core/Src/usart.c ****     /* USART1 interrupt Init */
 147:Core/Src/usart.c ****     HAL_NVIC_SetPriority(USART1_IRQn, 5, 0);
 148:Core/Src/usart.c ****     HAL_NVIC_EnableIRQ(USART1_IRQn);
 149:Core/Src/usart.c ****   /* USER CODE BEGIN USART1_MspInit 1 */
 150:Core/Src/usart.c **** 
 151:Core/Src/usart.c ****   /* USER CODE END USART1_MspInit 1 */
 152:Core/Src/usart.c ****   }
 153:Core/Src/usart.c ****   else if(uartHandle->Instance==USART2)
 266              		.loc 1 153 8 is_stmt 1 view .LVU76
 267              		.loc 1 153 10 is_stmt 0 view .LVU77
 268 0016 4F4A     		ldr	r2, .L27+4
 269 0018 9342     		cmp	r3, r2
 270 001a 36D0     		beq	.L25
 154:Core/Src/usart.c ****   {
 155:Core/Src/usart.c ****   /* USER CODE BEGIN USART2_MspInit 0 */
 156:Core/Src/usart.c **** 
 157:Core/Src/usart.c ****   /* USER CODE END USART2_MspInit 0 */
 158:Core/Src/usart.c ****     /* USART2 clock enable */
 159:Core/Src/usart.c ****     __HAL_RCC_USART2_CLK_ENABLE();
 160:Core/Src/usart.c **** 
 161:Core/Src/usart.c ****     __HAL_RCC_GPIOA_CLK_ENABLE();
 162:Core/Src/usart.c ****     /**USART2 GPIO Configuration
 163:Core/Src/usart.c ****     PA2     ------> USART2_TX
 164:Core/Src/usart.c ****     PA3     ------> USART2_RX
 165:Core/Src/usart.c ****     */
 166:Core/Src/usart.c ****     GPIO_InitStruct.Pin = GPIO_PIN_2;
 167:Core/Src/usart.c ****     GPIO_InitStruct.Mode = GPIO_MODE_AF_PP;
 168:Core/Src/usart.c ****     GPIO_InitStruct.Speed = GPIO_SPEED_FREQ_HIGH;
 169:Core/Src/usart.c ****     HAL_GPIO_Init(GPIOA, &GPIO_InitStruct);
 170:Core/Src/usart.c **** 
 171:Core/Src/usart.c ****     GPIO_InitStruct.Pin = GPIO_PIN_3;
 172:Core/Src/usart.c ****     GPIO_InitStruct.Mode = GPIO_MODE_INPUT;
 173:Core/Src/usart.c ****     GPIO_InitStruct.Pull = GPIO_NOPULL;
 174:Core/Src/usart.c ****     HAL_GPIO_Init(GPIOA, &GPIO_InitStruct);
 175:Core/Src/usart.c **** 
 176:Core/Src/usart.c ****     /* USART2 interrupt Init */
 177:Core/Src/usart.c ****     HAL_NVIC_SetPriority(USART2_IRQn, 6, 0);
 178:Core/Src/usart.c ****     HAL_NVIC_EnableIRQ(USART2_IRQn);
 179:Core/Src/usart.c ****   /* USER CODE BEGIN USART2_MspInit 1 */
 180:Core/Src/usart.c **** 
 181:Core/Src/usart.c ****   /* USER CODE END USART2_MspInit 1 */
 182:Core/Src/usart.c ****   }
 183:Core/Src/usart.c ****   else if(uartHandle->Instance==USART3)
 271              		.loc 1 183 8 is_stmt 1 view .LVU78
 272              		.loc 1 183 10 is_stmt 0 view .LVU79
 273 001c 4E4A     		ldr	r2, .L27+8
 274 001e 9342     		cmp	r3, r2
 275 0020 63D0     		beq	.L26
 276              	.LVL7:
 277              	.L19:
ARM GAS  C:\Users\84759\AppData\Local\Temp\ccczq6bC.s 			page 9


 184:Core/Src/usart.c ****   {
 185:Core/Src/usart.c ****   /* USER CODE BEGIN USART3_MspInit 0 */
 186:Core/Src/usart.c **** 
 187:Core/Src/usart.c ****   /* USER CODE END USART3_MspInit 0 */
 188:Core/Src/usart.c ****     /* USART3 clock enable */
 189:Core/Src/usart.c ****     __HAL_RCC_USART3_CLK_ENABLE();
 190:Core/Src/usart.c **** 
 191:Core/Src/usart.c ****     __HAL_RCC_GPIOB_CLK_ENABLE();
 192:Core/Src/usart.c ****     /**USART3 GPIO Configuration
 193:Core/Src/usart.c ****     PB10     ------> USART3_TX
 194:Core/Src/usart.c ****     PB11     ------> USART3_RX
 195:Core/Src/usart.c ****     */
 196:Core/Src/usart.c ****     GPIO_InitStruct.Pin = GPIO_PIN_10;
 197:Core/Src/usart.c ****     GPIO_InitStruct.Mode = GPIO_MODE_AF_PP;
 198:Core/Src/usart.c ****     GPIO_InitStruct.Speed = GPIO_SPEED_FREQ_HIGH;
 199:Core/Src/usart.c ****     HAL_GPIO_Init(GPIOB, &GPIO_InitStruct);
 200:Core/Src/usart.c **** 
 201:Core/Src/usart.c ****     GPIO_InitStruct.Pin = GPIO_PIN_11;
 202:Core/Src/usart.c ****     GPIO_InitStruct.Mode = GPIO_MODE_INPUT;
 203:Core/Src/usart.c ****     GPIO_InitStruct.Pull = GPIO_NOPULL;
 204:Core/Src/usart.c ****     HAL_GPIO_Init(GPIOB, &GPIO_InitStruct);
 205:Core/Src/usart.c **** 
 206:Core/Src/usart.c ****     /* USART3 interrupt Init */
 207:Core/Src/usart.c ****     HAL_NVIC_SetPriority(USART3_IRQn, 7, 0);
 208:Core/Src/usart.c ****     HAL_NVIC_EnableIRQ(USART3_IRQn);
 209:Core/Src/usart.c ****   /* USER CODE BEGIN USART3_MspInit 1 */
 210:Core/Src/usart.c **** 
 211:Core/Src/usart.c ****   /* USER CODE END USART3_MspInit 1 */
 212:Core/Src/usart.c ****   }
 213:Core/Src/usart.c **** }
 278              		.loc 1 213 1 view .LVU80
 279 0022 0BB0     		add	sp, sp, #44
 280              	.LCFI5:
 281              		.cfi_remember_state
 282              		.cfi_def_cfa_offset 12
 283              		@ sp needed
 284 0024 30BD     		pop	{r4, r5, pc}
 285              	.LVL8:
 286              	.L24:
 287              	.LCFI6:
 288              		.cfi_restore_state
 129:Core/Src/usart.c **** 
 289              		.loc 1 129 5 is_stmt 1 view .LVU81
 290              	.LBB2:
 129:Core/Src/usart.c **** 
 291              		.loc 1 129 5 view .LVU82
 129:Core/Src/usart.c **** 
 292              		.loc 1 129 5 view .LVU83
 293 0026 4D4B     		ldr	r3, .L27+12
 294 0028 9A69     		ldr	r2, [r3, #24]
 295 002a 42F48042 		orr	r2, r2, #16384
 296 002e 9A61     		str	r2, [r3, #24]
 129:Core/Src/usart.c **** 
 297              		.loc 1 129 5 view .LVU84
 298 0030 9A69     		ldr	r2, [r3, #24]
 299 0032 02F48042 		and	r2, r2, #16384
 300 0036 0092     		str	r2, [sp]
ARM GAS  C:\Users\84759\AppData\Local\Temp\ccczq6bC.s 			page 10


 129:Core/Src/usart.c **** 
 301              		.loc 1 129 5 view .LVU85
 302 0038 009A     		ldr	r2, [sp]
 303              	.LBE2:
 129:Core/Src/usart.c **** 
 304              		.loc 1 129 5 view .LVU86
 131:Core/Src/usart.c ****     /**USART1 GPIO Configuration
 305              		.loc 1 131 5 view .LVU87
 306              	.LBB3:
 131:Core/Src/usart.c ****     /**USART1 GPIO Configuration
 307              		.loc 1 131 5 view .LVU88
 131:Core/Src/usart.c ****     /**USART1 GPIO Configuration
 308              		.loc 1 131 5 view .LVU89
 309 003a 9A69     		ldr	r2, [r3, #24]
 310 003c 42F00402 		orr	r2, r2, #4
 311 0040 9A61     		str	r2, [r3, #24]
 131:Core/Src/usart.c ****     /**USART1 GPIO Configuration
 312              		.loc 1 131 5 view .LVU90
 313 0042 9B69     		ldr	r3, [r3, #24]
 314 0044 03F00403 		and	r3, r3, #4
 315 0048 0193     		str	r3, [sp, #4]
 131:Core/Src/usart.c ****     /**USART1 GPIO Configuration
 316              		.loc 1 131 5 view .LVU91
 317 004a 019B     		ldr	r3, [sp, #4]
 318              	.LBE3:
 131:Core/Src/usart.c ****     /**USART1 GPIO Configuration
 319              		.loc 1 131 5 view .LVU92
 136:Core/Src/usart.c ****     GPIO_InitStruct.Mode = GPIO_MODE_AF_PP;
 320              		.loc 1 136 5 view .LVU93
 136:Core/Src/usart.c ****     GPIO_InitStruct.Mode = GPIO_MODE_AF_PP;
 321              		.loc 1 136 25 is_stmt 0 view .LVU94
 322 004c 4FF40073 		mov	r3, #512
 323 0050 0693     		str	r3, [sp, #24]
 137:Core/Src/usart.c ****     GPIO_InitStruct.Speed = GPIO_SPEED_FREQ_HIGH;
 324              		.loc 1 137 5 is_stmt 1 view .LVU95
 137:Core/Src/usart.c ****     GPIO_InitStruct.Speed = GPIO_SPEED_FREQ_HIGH;
 325              		.loc 1 137 26 is_stmt 0 view .LVU96
 326 0052 0223     		movs	r3, #2
 327 0054 0793     		str	r3, [sp, #28]
 138:Core/Src/usart.c ****     HAL_GPIO_Init(GPIOA, &GPIO_InitStruct);
 328              		.loc 1 138 5 is_stmt 1 view .LVU97
 138:Core/Src/usart.c ****     HAL_GPIO_Init(GPIOA, &GPIO_InitStruct);
 329              		.loc 1 138 27 is_stmt 0 view .LVU98
 330 0056 0323     		movs	r3, #3
 331 0058 0993     		str	r3, [sp, #36]
 139:Core/Src/usart.c **** 
 332              		.loc 1 139 5 is_stmt 1 view .LVU99
 333 005a 414D     		ldr	r5, .L27+16
 334 005c 06A9     		add	r1, sp, #24
 335 005e 2846     		mov	r0, r5
 336              	.LVL9:
 139:Core/Src/usart.c **** 
 337              		.loc 1 139 5 is_stmt 0 view .LVU100
 338 0060 FFF7FEFF 		bl	HAL_GPIO_Init
 339              	.LVL10:
 141:Core/Src/usart.c ****     GPIO_InitStruct.Mode = GPIO_MODE_INPUT;
 340              		.loc 1 141 5 is_stmt 1 view .LVU101
ARM GAS  C:\Users\84759\AppData\Local\Temp\ccczq6bC.s 			page 11


 141:Core/Src/usart.c ****     GPIO_InitStruct.Mode = GPIO_MODE_INPUT;
 341              		.loc 1 141 25 is_stmt 0 view .LVU102
 342 0064 4FF48063 		mov	r3, #1024
 343 0068 0693     		str	r3, [sp, #24]
 142:Core/Src/usart.c ****     GPIO_InitStruct.Pull = GPIO_NOPULL;
 344              		.loc 1 142 5 is_stmt 1 view .LVU103
 142:Core/Src/usart.c ****     GPIO_InitStruct.Pull = GPIO_NOPULL;
 345              		.loc 1 142 26 is_stmt 0 view .LVU104
 346 006a 0024     		movs	r4, #0
 347 006c 0794     		str	r4, [sp, #28]
 143:Core/Src/usart.c ****     HAL_GPIO_Init(GPIOA, &GPIO_InitStruct);
 348              		.loc 1 143 5 is_stmt 1 view .LVU105
 143:Core/Src/usart.c ****     HAL_GPIO_Init(GPIOA, &GPIO_InitStruct);
 349              		.loc 1 143 26 is_stmt 0 view .LVU106
 350 006e 0894     		str	r4, [sp, #32]
 144:Core/Src/usart.c **** 
 351              		.loc 1 144 5 is_stmt 1 view .LVU107
 352 0070 06A9     		add	r1, sp, #24
 353 0072 2846     		mov	r0, r5
 354 0074 FFF7FEFF 		bl	HAL_GPIO_Init
 355              	.LVL11:
 147:Core/Src/usart.c ****     HAL_NVIC_EnableIRQ(USART1_IRQn);
 356              		.loc 1 147 5 view .LVU108
 357 0078 2246     		mov	r2, r4
 358 007a 0521     		movs	r1, #5
 359 007c 2520     		movs	r0, #37
 360 007e FFF7FEFF 		bl	HAL_NVIC_SetPriority
 361              	.LVL12:
 148:Core/Src/usart.c ****   /* USER CODE BEGIN USART1_MspInit 1 */
 362              		.loc 1 148 5 view .LVU109
 363 0082 2520     		movs	r0, #37
 364 0084 FFF7FEFF 		bl	HAL_NVIC_EnableIRQ
 365              	.LVL13:
 366 0088 CBE7     		b	.L19
 367              	.LVL14:
 368              	.L25:
 159:Core/Src/usart.c **** 
 369              		.loc 1 159 5 view .LVU110
 370              	.LBB4:
 159:Core/Src/usart.c **** 
 371              		.loc 1 159 5 view .LVU111
 159:Core/Src/usart.c **** 
 372              		.loc 1 159 5 view .LVU112
 373 008a 344B     		ldr	r3, .L27+12
 374 008c DA69     		ldr	r2, [r3, #28]
 375 008e 42F40032 		orr	r2, r2, #131072
 376 0092 DA61     		str	r2, [r3, #28]
 159:Core/Src/usart.c **** 
 377              		.loc 1 159 5 view .LVU113
 378 0094 DA69     		ldr	r2, [r3, #28]
 379 0096 02F40032 		and	r2, r2, #131072
 380 009a 0292     		str	r2, [sp, #8]
 159:Core/Src/usart.c **** 
 381              		.loc 1 159 5 view .LVU114
 382 009c 029A     		ldr	r2, [sp, #8]
 383              	.LBE4:
 159:Core/Src/usart.c **** 
ARM GAS  C:\Users\84759\AppData\Local\Temp\ccczq6bC.s 			page 12


 384              		.loc 1 159 5 view .LVU115
 161:Core/Src/usart.c ****     /**USART2 GPIO Configuration
 385              		.loc 1 161 5 view .LVU116
 386              	.LBB5:
 161:Core/Src/usart.c ****     /**USART2 GPIO Configuration
 387              		.loc 1 161 5 view .LVU117
 161:Core/Src/usart.c ****     /**USART2 GPIO Configuration
 388              		.loc 1 161 5 view .LVU118
 389 009e 9A69     		ldr	r2, [r3, #24]
 390 00a0 42F00402 		orr	r2, r2, #4
 391 00a4 9A61     		str	r2, [r3, #24]
 161:Core/Src/usart.c ****     /**USART2 GPIO Configuration
 392              		.loc 1 161 5 view .LVU119
 393 00a6 9B69     		ldr	r3, [r3, #24]
 394 00a8 03F00403 		and	r3, r3, #4
 395 00ac 0393     		str	r3, [sp, #12]
 161:Core/Src/usart.c ****     /**USART2 GPIO Configuration
 396              		.loc 1 161 5 view .LVU120
 397 00ae 039B     		ldr	r3, [sp, #12]
 398              	.LBE5:
 161:Core/Src/usart.c ****     /**USART2 GPIO Configuration
 399              		.loc 1 161 5 view .LVU121
 166:Core/Src/usart.c ****     GPIO_InitStruct.Mode = GPIO_MODE_AF_PP;
 400              		.loc 1 166 5 view .LVU122
 166:Core/Src/usart.c ****     GPIO_InitStruct.Mode = GPIO_MODE_AF_PP;
 401              		.loc 1 166 25 is_stmt 0 view .LVU123
 402 00b0 0423     		movs	r3, #4
 403 00b2 0693     		str	r3, [sp, #24]
 167:Core/Src/usart.c ****     GPIO_InitStruct.Speed = GPIO_SPEED_FREQ_HIGH;
 404              		.loc 1 167 5 is_stmt 1 view .LVU124
 167:Core/Src/usart.c ****     GPIO_InitStruct.Speed = GPIO_SPEED_FREQ_HIGH;
 405              		.loc 1 167 26 is_stmt 0 view .LVU125
 406 00b4 0223     		movs	r3, #2
 407 00b6 0793     		str	r3, [sp, #28]
 168:Core/Src/usart.c ****     HAL_GPIO_Init(GPIOA, &GPIO_InitStruct);
 408              		.loc 1 168 5 is_stmt 1 view .LVU126
 168:Core/Src/usart.c ****     HAL_GPIO_Init(GPIOA, &GPIO_InitStruct);
 409              		.loc 1 168 27 is_stmt 0 view .LVU127
 410 00b8 0323     		movs	r3, #3
 411 00ba 0993     		str	r3, [sp, #36]
 169:Core/Src/usart.c **** 
 412              		.loc 1 169 5 is_stmt 1 view .LVU128
 413 00bc 284D     		ldr	r5, .L27+16
 414 00be 06A9     		add	r1, sp, #24
 415 00c0 2846     		mov	r0, r5
 416              	.LVL15:
 169:Core/Src/usart.c **** 
 417              		.loc 1 169 5 is_stmt 0 view .LVU129
 418 00c2 FFF7FEFF 		bl	HAL_GPIO_Init
 419              	.LVL16:
 171:Core/Src/usart.c ****     GPIO_InitStruct.Mode = GPIO_MODE_INPUT;
 420              		.loc 1 171 5 is_stmt 1 view .LVU130
 171:Core/Src/usart.c ****     GPIO_InitStruct.Mode = GPIO_MODE_INPUT;
 421              		.loc 1 171 25 is_stmt 0 view .LVU131
 422 00c6 0823     		movs	r3, #8
 423 00c8 0693     		str	r3, [sp, #24]
 172:Core/Src/usart.c ****     GPIO_InitStruct.Pull = GPIO_NOPULL;
ARM GAS  C:\Users\84759\AppData\Local\Temp\ccczq6bC.s 			page 13


 424              		.loc 1 172 5 is_stmt 1 view .LVU132
 172:Core/Src/usart.c ****     GPIO_InitStruct.Pull = GPIO_NOPULL;
 425              		.loc 1 172 26 is_stmt 0 view .LVU133
 426 00ca 0024     		movs	r4, #0
 427 00cc 0794     		str	r4, [sp, #28]
 173:Core/Src/usart.c ****     HAL_GPIO_Init(GPIOA, &GPIO_InitStruct);
 428              		.loc 1 173 5 is_stmt 1 view .LVU134
 173:Core/Src/usart.c ****     HAL_GPIO_Init(GPIOA, &GPIO_InitStruct);
 429              		.loc 1 173 26 is_stmt 0 view .LVU135
 430 00ce 0894     		str	r4, [sp, #32]
 174:Core/Src/usart.c **** 
 431              		.loc 1 174 5 is_stmt 1 view .LVU136
 432 00d0 06A9     		add	r1, sp, #24
 433 00d2 2846     		mov	r0, r5
 434 00d4 FFF7FEFF 		bl	HAL_GPIO_Init
 435              	.LVL17:
 177:Core/Src/usart.c ****     HAL_NVIC_EnableIRQ(USART2_IRQn);
 436              		.loc 1 177 5 view .LVU137
 437 00d8 2246     		mov	r2, r4
 438 00da 0621     		movs	r1, #6
 439 00dc 2620     		movs	r0, #38
 440 00de FFF7FEFF 		bl	HAL_NVIC_SetPriority
 441              	.LVL18:
 178:Core/Src/usart.c ****   /* USER CODE BEGIN USART2_MspInit 1 */
 442              		.loc 1 178 5 view .LVU138
 443 00e2 2620     		movs	r0, #38
 444 00e4 FFF7FEFF 		bl	HAL_NVIC_EnableIRQ
 445              	.LVL19:
 446 00e8 9BE7     		b	.L19
 447              	.LVL20:
 448              	.L26:
 189:Core/Src/usart.c **** 
 449              		.loc 1 189 5 view .LVU139
 450              	.LBB6:
 189:Core/Src/usart.c **** 
 451              		.loc 1 189 5 view .LVU140
 189:Core/Src/usart.c **** 
 452              		.loc 1 189 5 view .LVU141
 453 00ea 1C4B     		ldr	r3, .L27+12
 454 00ec DA69     		ldr	r2, [r3, #28]
 455 00ee 42F48022 		orr	r2, r2, #262144
 456 00f2 DA61     		str	r2, [r3, #28]
 189:Core/Src/usart.c **** 
 457              		.loc 1 189 5 view .LVU142
 458 00f4 DA69     		ldr	r2, [r3, #28]
 459 00f6 02F48022 		and	r2, r2, #262144
 460 00fa 0492     		str	r2, [sp, #16]
 189:Core/Src/usart.c **** 
 461              		.loc 1 189 5 view .LVU143
 462 00fc 049A     		ldr	r2, [sp, #16]
 463              	.LBE6:
 189:Core/Src/usart.c **** 
 464              		.loc 1 189 5 view .LVU144
 191:Core/Src/usart.c ****     /**USART3 GPIO Configuration
 465              		.loc 1 191 5 view .LVU145
 466              	.LBB7:
 191:Core/Src/usart.c ****     /**USART3 GPIO Configuration
ARM GAS  C:\Users\84759\AppData\Local\Temp\ccczq6bC.s 			page 14


 467              		.loc 1 191 5 view .LVU146
 191:Core/Src/usart.c ****     /**USART3 GPIO Configuration
 468              		.loc 1 191 5 view .LVU147
 469 00fe 9A69     		ldr	r2, [r3, #24]
 470 0100 42F00802 		orr	r2, r2, #8
 471 0104 9A61     		str	r2, [r3, #24]
 191:Core/Src/usart.c ****     /**USART3 GPIO Configuration
 472              		.loc 1 191 5 view .LVU148
 473 0106 9B69     		ldr	r3, [r3, #24]
 474 0108 03F00803 		and	r3, r3, #8
 475 010c 0593     		str	r3, [sp, #20]
 191:Core/Src/usart.c ****     /**USART3 GPIO Configuration
 476              		.loc 1 191 5 view .LVU149
 477 010e 059B     		ldr	r3, [sp, #20]
 478              	.LBE7:
 191:Core/Src/usart.c ****     /**USART3 GPIO Configuration
 479              		.loc 1 191 5 view .LVU150
 196:Core/Src/usart.c ****     GPIO_InitStruct.Mode = GPIO_MODE_AF_PP;
 480              		.loc 1 196 5 view .LVU151
 196:Core/Src/usart.c ****     GPIO_InitStruct.Mode = GPIO_MODE_AF_PP;
 481              		.loc 1 196 25 is_stmt 0 view .LVU152
 482 0110 4FF48063 		mov	r3, #1024
 483 0114 0693     		str	r3, [sp, #24]
 197:Core/Src/usart.c ****     GPIO_InitStruct.Speed = GPIO_SPEED_FREQ_HIGH;
 484              		.loc 1 197 5 is_stmt 1 view .LVU153
 197:Core/Src/usart.c ****     GPIO_InitStruct.Speed = GPIO_SPEED_FREQ_HIGH;
 485              		.loc 1 197 26 is_stmt 0 view .LVU154
 486 0116 0223     		movs	r3, #2
 487 0118 0793     		str	r3, [sp, #28]
 198:Core/Src/usart.c ****     HAL_GPIO_Init(GPIOB, &GPIO_InitStruct);
 488              		.loc 1 198 5 is_stmt 1 view .LVU155
 198:Core/Src/usart.c ****     HAL_GPIO_Init(GPIOB, &GPIO_InitStruct);
 489              		.loc 1 198 27 is_stmt 0 view .LVU156
 490 011a 0323     		movs	r3, #3
 491 011c 0993     		str	r3, [sp, #36]
 199:Core/Src/usart.c **** 
 492              		.loc 1 199 5 is_stmt 1 view .LVU157
 493 011e 114D     		ldr	r5, .L27+20
 494 0120 06A9     		add	r1, sp, #24
 495 0122 2846     		mov	r0, r5
 496              	.LVL21:
 199:Core/Src/usart.c **** 
 497              		.loc 1 199 5 is_stmt 0 view .LVU158
 498 0124 FFF7FEFF 		bl	HAL_GPIO_Init
 499              	.LVL22:
 201:Core/Src/usart.c ****     GPIO_InitStruct.Mode = GPIO_MODE_INPUT;
 500              		.loc 1 201 5 is_stmt 1 view .LVU159
 201:Core/Src/usart.c ****     GPIO_InitStruct.Mode = GPIO_MODE_INPUT;
 501              		.loc 1 201 25 is_stmt 0 view .LVU160
 502 0128 4FF40063 		mov	r3, #2048
 503 012c 0693     		str	r3, [sp, #24]
 202:Core/Src/usart.c ****     GPIO_InitStruct.Pull = GPIO_NOPULL;
 504              		.loc 1 202 5 is_stmt 1 view .LVU161
 202:Core/Src/usart.c ****     GPIO_InitStruct.Pull = GPIO_NOPULL;
 505              		.loc 1 202 26 is_stmt 0 view .LVU162
 506 012e 0024     		movs	r4, #0
 507 0130 0794     		str	r4, [sp, #28]
ARM GAS  C:\Users\84759\AppData\Local\Temp\ccczq6bC.s 			page 15


 203:Core/Src/usart.c ****     HAL_GPIO_Init(GPIOB, &GPIO_InitStruct);
 508              		.loc 1 203 5 is_stmt 1 view .LVU163
 203:Core/Src/usart.c ****     HAL_GPIO_Init(GPIOB, &GPIO_InitStruct);
 509              		.loc 1 203 26 is_stmt 0 view .LVU164
 510 0132 0894     		str	r4, [sp, #32]
 204:Core/Src/usart.c **** 
 511              		.loc 1 204 5 is_stmt 1 view .LVU165
 512 0134 06A9     		add	r1, sp, #24
 513 0136 2846     		mov	r0, r5
 514 0138 FFF7FEFF 		bl	HAL_GPIO_Init
 515              	.LVL23:
 207:Core/Src/usart.c ****     HAL_NVIC_EnableIRQ(USART3_IRQn);
 516              		.loc 1 207 5 view .LVU166
 517 013c 2246     		mov	r2, r4
 518 013e 0721     		movs	r1, #7
 519 0140 2720     		movs	r0, #39
 520 0142 FFF7FEFF 		bl	HAL_NVIC_SetPriority
 521              	.LVL24:
 208:Core/Src/usart.c ****   /* USER CODE BEGIN USART3_MspInit 1 */
 522              		.loc 1 208 5 view .LVU167
 523 0146 2720     		movs	r0, #39
 524 0148 FFF7FEFF 		bl	HAL_NVIC_EnableIRQ
 525              	.LVL25:
 526              		.loc 1 213 1 is_stmt 0 view .LVU168
 527 014c 69E7     		b	.L19
 528              	.L28:
 529 014e 00BF     		.align	2
 530              	.L27:
 531 0150 00380140 		.word	1073821696
 532 0154 00440040 		.word	1073759232
 533 0158 00480040 		.word	1073760256
 534 015c 00100240 		.word	1073876992
 535 0160 00080140 		.word	1073809408
 536 0164 000C0140 		.word	1073810432
 537              		.cfi_endproc
 538              	.LFE71:
 540              		.section	.text.HAL_UART_MspDeInit,"ax",%progbits
 541              		.align	1
 542              		.global	HAL_UART_MspDeInit
 543              		.syntax unified
 544              		.thumb
 545              		.thumb_func
 547              	HAL_UART_MspDeInit:
 548              	.LVL26:
 549              	.LFB72:
 214:Core/Src/usart.c **** 
 215:Core/Src/usart.c **** void HAL_UART_MspDeInit(UART_HandleTypeDef* uartHandle)
 216:Core/Src/usart.c **** {
 550              		.loc 1 216 1 is_stmt 1 view -0
 551              		.cfi_startproc
 552              		@ args = 0, pretend = 0, frame = 0
 553              		@ frame_needed = 0, uses_anonymous_args = 0
 554              		.loc 1 216 1 is_stmt 0 view .LVU170
 555 0000 08B5     		push	{r3, lr}
 556              	.LCFI7:
 557              		.cfi_def_cfa_offset 8
 558              		.cfi_offset 3, -8
ARM GAS  C:\Users\84759\AppData\Local\Temp\ccczq6bC.s 			page 16


 559              		.cfi_offset 14, -4
 217:Core/Src/usart.c **** 
 218:Core/Src/usart.c ****   if(uartHandle->Instance==USART1)
 560              		.loc 1 218 3 is_stmt 1 view .LVU171
 561              		.loc 1 218 16 is_stmt 0 view .LVU172
 562 0002 0368     		ldr	r3, [r0]
 563              		.loc 1 218 5 view .LVU173
 564 0004 1A4A     		ldr	r2, .L37
 565 0006 9342     		cmp	r3, r2
 566 0008 06D0     		beq	.L34
 219:Core/Src/usart.c ****   {
 220:Core/Src/usart.c ****   /* USER CODE BEGIN USART1_MspDeInit 0 */
 221:Core/Src/usart.c **** 
 222:Core/Src/usart.c ****   /* USER CODE END USART1_MspDeInit 0 */
 223:Core/Src/usart.c ****     /* Peripheral clock disable */
 224:Core/Src/usart.c ****     __HAL_RCC_USART1_CLK_DISABLE();
 225:Core/Src/usart.c **** 
 226:Core/Src/usart.c ****     /**USART1 GPIO Configuration
 227:Core/Src/usart.c ****     PA9     ------> USART1_TX
 228:Core/Src/usart.c ****     PA10     ------> USART1_RX
 229:Core/Src/usart.c ****     */
 230:Core/Src/usart.c ****     HAL_GPIO_DeInit(GPIOA, GPIO_PIN_9|GPIO_PIN_10);
 231:Core/Src/usart.c **** 
 232:Core/Src/usart.c ****     /* USART1 interrupt Deinit */
 233:Core/Src/usart.c ****     HAL_NVIC_DisableIRQ(USART1_IRQn);
 234:Core/Src/usart.c ****   /* USER CODE BEGIN USART1_MspDeInit 1 */
 235:Core/Src/usart.c **** 
 236:Core/Src/usart.c ****   /* USER CODE END USART1_MspDeInit 1 */
 237:Core/Src/usart.c ****   }
 238:Core/Src/usart.c ****   else if(uartHandle->Instance==USART2)
 567              		.loc 1 238 8 is_stmt 1 view .LVU174
 568              		.loc 1 238 10 is_stmt 0 view .LVU175
 569 000a 1A4A     		ldr	r2, .L37+4
 570 000c 9342     		cmp	r3, r2
 571 000e 12D0     		beq	.L35
 239:Core/Src/usart.c ****   {
 240:Core/Src/usart.c ****   /* USER CODE BEGIN USART2_MspDeInit 0 */
 241:Core/Src/usart.c **** 
 242:Core/Src/usart.c ****   /* USER CODE END USART2_MspDeInit 0 */
 243:Core/Src/usart.c ****     /* Peripheral clock disable */
 244:Core/Src/usart.c ****     __HAL_RCC_USART2_CLK_DISABLE();
 245:Core/Src/usart.c **** 
 246:Core/Src/usart.c ****     /**USART2 GPIO Configuration
 247:Core/Src/usart.c ****     PA2     ------> USART2_TX
 248:Core/Src/usart.c ****     PA3     ------> USART2_RX
 249:Core/Src/usart.c ****     */
 250:Core/Src/usart.c ****     HAL_GPIO_DeInit(GPIOA, GPIO_PIN_2|GPIO_PIN_3);
 251:Core/Src/usart.c **** 
 252:Core/Src/usart.c ****     /* USART2 interrupt Deinit */
 253:Core/Src/usart.c ****     HAL_NVIC_DisableIRQ(USART2_IRQn);
 254:Core/Src/usart.c ****   /* USER CODE BEGIN USART2_MspDeInit 1 */
 255:Core/Src/usart.c **** 
 256:Core/Src/usart.c ****   /* USER CODE END USART2_MspDeInit 1 */
 257:Core/Src/usart.c ****   }
 258:Core/Src/usart.c ****   else if(uartHandle->Instance==USART3)
 572              		.loc 1 258 8 is_stmt 1 view .LVU176
 573              		.loc 1 258 10 is_stmt 0 view .LVU177
ARM GAS  C:\Users\84759\AppData\Local\Temp\ccczq6bC.s 			page 17


 574 0010 194A     		ldr	r2, .L37+8
 575 0012 9342     		cmp	r3, r2
 576 0014 1DD0     		beq	.L36
 577              	.LVL27:
 578              	.L29:
 259:Core/Src/usart.c ****   {
 260:Core/Src/usart.c ****   /* USER CODE BEGIN USART3_MspDeInit 0 */
 261:Core/Src/usart.c **** 
 262:Core/Src/usart.c ****   /* USER CODE END USART3_MspDeInit 0 */
 263:Core/Src/usart.c ****     /* Peripheral clock disable */
 264:Core/Src/usart.c ****     __HAL_RCC_USART3_CLK_DISABLE();
 265:Core/Src/usart.c **** 
 266:Core/Src/usart.c ****     /**USART3 GPIO Configuration
 267:Core/Src/usart.c ****     PB10     ------> USART3_TX
 268:Core/Src/usart.c ****     PB11     ------> USART3_RX
 269:Core/Src/usart.c ****     */
 270:Core/Src/usart.c ****     HAL_GPIO_DeInit(GPIOB, GPIO_PIN_10|GPIO_PIN_11);
 271:Core/Src/usart.c **** 
 272:Core/Src/usart.c ****     /* USART3 interrupt Deinit */
 273:Core/Src/usart.c ****     HAL_NVIC_DisableIRQ(USART3_IRQn);
 274:Core/Src/usart.c ****   /* USER CODE BEGIN USART3_MspDeInit 1 */
 275:Core/Src/usart.c **** 
 276:Core/Src/usart.c ****   /* USER CODE END USART3_MspDeInit 1 */
 277:Core/Src/usart.c ****   }
 278:Core/Src/usart.c **** }
 579              		.loc 1 278 1 view .LVU178
 580 0016 08BD     		pop	{r3, pc}
 581              	.LVL28:
 582              	.L34:
 224:Core/Src/usart.c **** 
 583              		.loc 1 224 5 is_stmt 1 view .LVU179
 584 0018 02F55842 		add	r2, r2, #55296
 585 001c 9369     		ldr	r3, [r2, #24]
 586 001e 23F48043 		bic	r3, r3, #16384
 587 0022 9361     		str	r3, [r2, #24]
 230:Core/Src/usart.c **** 
 588              		.loc 1 230 5 view .LVU180
 589 0024 4FF4C061 		mov	r1, #1536
 590 0028 1448     		ldr	r0, .L37+12
 591              	.LVL29:
 230:Core/Src/usart.c **** 
 592              		.loc 1 230 5 is_stmt 0 view .LVU181
 593 002a FFF7FEFF 		bl	HAL_GPIO_DeInit
 594              	.LVL30:
 233:Core/Src/usart.c ****   /* USER CODE BEGIN USART1_MspDeInit 1 */
 595              		.loc 1 233 5 is_stmt 1 view .LVU182
 596 002e 2520     		movs	r0, #37
 597 0030 FFF7FEFF 		bl	HAL_NVIC_DisableIRQ
 598              	.LVL31:
 599 0034 EFE7     		b	.L29
 600              	.LVL32:
 601              	.L35:
 244:Core/Src/usart.c **** 
 602              		.loc 1 244 5 view .LVU183
 603 0036 02F5E632 		add	r2, r2, #117760
 604 003a D369     		ldr	r3, [r2, #28]
 605 003c 23F40033 		bic	r3, r3, #131072
ARM GAS  C:\Users\84759\AppData\Local\Temp\ccczq6bC.s 			page 18


 606 0040 D361     		str	r3, [r2, #28]
 250:Core/Src/usart.c **** 
 607              		.loc 1 250 5 view .LVU184
 608 0042 0C21     		movs	r1, #12
 609 0044 0D48     		ldr	r0, .L37+12
 610              	.LVL33:
 250:Core/Src/usart.c **** 
 611              		.loc 1 250 5 is_stmt 0 view .LVU185
 612 0046 FFF7FEFF 		bl	HAL_GPIO_DeInit
 613              	.LVL34:
 253:Core/Src/usart.c ****   /* USER CODE BEGIN USART2_MspDeInit 1 */
 614              		.loc 1 253 5 is_stmt 1 view .LVU186
 615 004a 2620     		movs	r0, #38
 616 004c FFF7FEFF 		bl	HAL_NVIC_DisableIRQ
 617              	.LVL35:
 618 0050 E1E7     		b	.L29
 619              	.LVL36:
 620              	.L36:
 264:Core/Src/usart.c **** 
 621              		.loc 1 264 5 view .LVU187
 622 0052 02F5E432 		add	r2, r2, #116736
 623 0056 D369     		ldr	r3, [r2, #28]
 624 0058 23F48023 		bic	r3, r3, #262144
 625 005c D361     		str	r3, [r2, #28]
 270:Core/Src/usart.c **** 
 626              		.loc 1 270 5 view .LVU188
 627 005e 4FF44061 		mov	r1, #3072
 628 0062 0748     		ldr	r0, .L37+16
 629              	.LVL37:
 270:Core/Src/usart.c **** 
 630              		.loc 1 270 5 is_stmt 0 view .LVU189
 631 0064 FFF7FEFF 		bl	HAL_GPIO_DeInit
 632              	.LVL38:
 273:Core/Src/usart.c ****   /* USER CODE BEGIN USART3_MspDeInit 1 */
 633              		.loc 1 273 5 is_stmt 1 view .LVU190
 634 0068 2720     		movs	r0, #39
 635 006a FFF7FEFF 		bl	HAL_NVIC_DisableIRQ
 636              	.LVL39:
 637              		.loc 1 278 1 is_stmt 0 view .LVU191
 638 006e D2E7     		b	.L29
 639              	.L38:
 640              		.align	2
 641              	.L37:
 642 0070 00380140 		.word	1073821696
 643 0074 00440040 		.word	1073759232
 644 0078 00480040 		.word	1073760256
 645 007c 00080140 		.word	1073809408
 646 0080 000C0140 		.word	1073810432
 647              		.cfi_endproc
 648              	.LFE72:
 650              		.global	huart3
 651              		.global	huart2
 652              		.global	huart1
 653              		.section	.bss.huart1,"aw",%nobits
 654              		.align	2
 655              		.set	.LANCHOR0,. + 0
 658              	huart1:
ARM GAS  C:\Users\84759\AppData\Local\Temp\ccczq6bC.s 			page 19


 659 0000 00000000 		.space	72
 659      00000000 
 659      00000000 
 659      00000000 
 659      00000000 
 660              		.section	.bss.huart2,"aw",%nobits
 661              		.align	2
 662              		.set	.LANCHOR1,. + 0
 665              	huart2:
 666 0000 00000000 		.space	72
 666      00000000 
 666      00000000 
 666      00000000 
 666      00000000 
 667              		.section	.bss.huart3,"aw",%nobits
 668              		.align	2
 669              		.set	.LANCHOR2,. + 0
 672              	huart3:
 673 0000 00000000 		.space	72
 673      00000000 
 673      00000000 
 673      00000000 
 673      00000000 
 674              		.text
 675              	.Letext0:
 676              		.file 2 "d:\\mingw\\gcc-arm-none-eabi-10.3-2021.10-win32\\gcc-arm-none-eabi-10.3-2021.10\\arm-none
 677              		.file 3 "d:\\mingw\\gcc-arm-none-eabi-10.3-2021.10-win32\\gcc-arm-none-eabi-10.3-2021.10\\arm-none
 678              		.file 4 "Drivers/CMSIS/Device/ST/STM32F1xx/Include/stm32f103xe.h"
 679              		.file 5 "Drivers/STM32F1xx_HAL_Driver/Inc/stm32f1xx_hal_def.h"
 680              		.file 6 "Drivers/STM32F1xx_HAL_Driver/Inc/stm32f1xx_hal_gpio.h"
 681              		.file 7 "Drivers/STM32F1xx_HAL_Driver/Inc/stm32f1xx_hal_dma.h"
 682              		.file 8 "Drivers/STM32F1xx_HAL_Driver/Inc/stm32f1xx_hal_uart.h"
 683              		.file 9 "User/Inc/multi_button.h"
 684              		.file 10 "Core/Inc/usart.h"
 685              		.file 11 "Drivers/STM32F1xx_HAL_Driver/Inc/stm32f1xx_hal_cortex.h"
 686              		.file 12 "Core/Inc/main.h"
ARM GAS  C:\Users\84759\AppData\Local\Temp\ccczq6bC.s 			page 20


DEFINED SYMBOLS
                            *ABS*:00000000 usart.c
C:\Users\84759\AppData\Local\Temp\ccczq6bC.s:18     .text.MX_USART1_UART_Init:00000000 $t
C:\Users\84759\AppData\Local\Temp\ccczq6bC.s:24     .text.MX_USART1_UART_Init:00000000 MX_USART1_UART_Init
C:\Users\84759\AppData\Local\Temp\ccczq6bC.s:83     .text.MX_USART1_UART_Init:0000002c $d
C:\Users\84759\AppData\Local\Temp\ccczq6bC.s:89     .text.MX_USART2_UART_Init:00000000 $t
C:\Users\84759\AppData\Local\Temp\ccczq6bC.s:95     .text.MX_USART2_UART_Init:00000000 MX_USART2_UART_Init
C:\Users\84759\AppData\Local\Temp\ccczq6bC.s:153    .text.MX_USART2_UART_Init:0000002c $d
C:\Users\84759\AppData\Local\Temp\ccczq6bC.s:159    .text.MX_USART3_UART_Init:00000000 $t
C:\Users\84759\AppData\Local\Temp\ccczq6bC.s:165    .text.MX_USART3_UART_Init:00000000 MX_USART3_UART_Init
C:\Users\84759\AppData\Local\Temp\ccczq6bC.s:223    .text.MX_USART3_UART_Init:0000002c $d
C:\Users\84759\AppData\Local\Temp\ccczq6bC.s:229    .text.HAL_UART_MspInit:00000000 $t
C:\Users\84759\AppData\Local\Temp\ccczq6bC.s:235    .text.HAL_UART_MspInit:00000000 HAL_UART_MspInit
C:\Users\84759\AppData\Local\Temp\ccczq6bC.s:531    .text.HAL_UART_MspInit:00000150 $d
C:\Users\84759\AppData\Local\Temp\ccczq6bC.s:541    .text.HAL_UART_MspDeInit:00000000 $t
C:\Users\84759\AppData\Local\Temp\ccczq6bC.s:547    .text.HAL_UART_MspDeInit:00000000 HAL_UART_MspDeInit
C:\Users\84759\AppData\Local\Temp\ccczq6bC.s:642    .text.HAL_UART_MspDeInit:00000070 $d
C:\Users\84759\AppData\Local\Temp\ccczq6bC.s:672    .bss.huart3:00000000 huart3
C:\Users\84759\AppData\Local\Temp\ccczq6bC.s:665    .bss.huart2:00000000 huart2
C:\Users\84759\AppData\Local\Temp\ccczq6bC.s:658    .bss.huart1:00000000 huart1
C:\Users\84759\AppData\Local\Temp\ccczq6bC.s:654    .bss.huart1:00000000 $d
C:\Users\84759\AppData\Local\Temp\ccczq6bC.s:661    .bss.huart2:00000000 $d
C:\Users\84759\AppData\Local\Temp\ccczq6bC.s:668    .bss.huart3:00000000 $d

UNDEFINED SYMBOLS
HAL_UART_Init
Error_Handler
HAL_GPIO_Init
HAL_NVIC_SetPriority
HAL_NVIC_EnableIRQ
HAL_GPIO_DeInit
HAL_NVIC_DisableIRQ
