ARM GAS  C:\Users\Administrator\AppData\Local\Temp\ccOJr8FO.s 			page 1


   1              		.cpu cortex-m4
   2              		.arch armv7e-m
   3              		.fpu fpv4-sp-d16
   4              		.eabi_attribute 27, 1
   5              		.eabi_attribute 28, 1
   6              		.eabi_attribute 20, 1
   7              		.eabi_attribute 21, 1
   8              		.eabi_attribute 23, 3
   9              		.eabi_attribute 24, 1
  10              		.eabi_attribute 25, 1
  11              		.eabi_attribute 26, 1
  12              		.eabi_attribute 30, 1
  13              		.eabi_attribute 34, 1
  14              		.eabi_attribute 18, 4
  15              		.file	"main.c"
  16              		.text
  17              	.Ltext0:
  18              		.cfi_sections	.debug_frame
  19              		.section	.text.Error_Handler,"ax",%progbits
  20              		.align	1
  21              		.global	Error_Handler
  22              		.syntax unified
  23              		.thumb
  24              		.thumb_func
  26              	Error_Handler:
  27              	.LFB132:
  28              		.file 1 "Core/Src/main.c"
   1:Core/Src/main.c **** /* USER CODE BEGIN Header */
   2:Core/Src/main.c **** /**
   3:Core/Src/main.c ****   ******************************************************************************
   4:Core/Src/main.c ****   * @file           : main.c
   5:Core/Src/main.c ****   * @brief          : Main program body
   6:Core/Src/main.c ****   ******************************************************************************
   7:Core/Src/main.c ****   * @attention  
   8:Core/Src/main.c ****   *
   9:Core/Src/main.c ****   * Copyright (c) 2023 STMicroelectronics.
  10:Core/Src/main.c ****   * All rights reserved.
  11:Core/Src/main.c ****   *
  12:Core/Src/main.c ****   * This software is licensed under terms that can be found in the LICENSE file
  13:Core/Src/main.c ****   * in the root directory of this software component.
  14:Core/Src/main.c ****   * If no LICENSE file comes with this software, it is provided AS-IS.
  15:Core/Src/main.c ****   *
  16:Core/Src/main.c ****   ******************************************************************************
  17:Core/Src/main.c ****   */
  18:Core/Src/main.c **** /* USER CODE END Header */
  19:Core/Src/main.c **** /* Includes ------------------------------------------------------------------*/
  20:Core/Src/main.c **** #include "main.h"
  21:Core/Src/main.c **** 
  22:Core/Src/main.c **** /* Private includes ----------------------------------------------------------*/
  23:Core/Src/main.c **** /* USER CODE BEGIN Includes */
  24:Core/Src/main.c **** 
  25:Core/Src/main.c **** /* USER CODE END Includes */
  26:Core/Src/main.c **** 
  27:Core/Src/main.c **** /* Private typedef -----------------------------------------------------------*/
  28:Core/Src/main.c **** /* USER CODE BEGIN PTD */
  29:Core/Src/main.c **** 
  30:Core/Src/main.c **** /* USER CODE END PTD */
ARM GAS  C:\Users\Administrator\AppData\Local\Temp\ccOJr8FO.s 			page 2


  31:Core/Src/main.c **** 
  32:Core/Src/main.c **** /* Private define ------------------------------------------------------------*/
  33:Core/Src/main.c **** /* USER CODE BEGIN PD */
  34:Core/Src/main.c **** /* USER CODE END PD */
  35:Core/Src/main.c **** 
  36:Core/Src/main.c **** /* Private macro -------------------------------------------------------------*/
  37:Core/Src/main.c **** /* USER CODE BEGIN PM */
  38:Core/Src/main.c **** 
  39:Core/Src/main.c **** /* USER CODE END PM */
  40:Core/Src/main.c **** 
  41:Core/Src/main.c **** /* Private variables ---------------------------------------------------------*/
  42:Core/Src/main.c **** 
  43:Core/Src/main.c **** /* USER CODE BEGIN PV */
  44:Core/Src/main.c **** 
  45:Core/Src/main.c **** /* USER CODE END PV */
  46:Core/Src/main.c **** 
  47:Core/Src/main.c **** /* Private function prototypes -----------------------------------------------*/
  48:Core/Src/main.c **** void SystemClock_Config(void);
  49:Core/Src/main.c **** /* USER CODE BEGIN PFP */
  50:Core/Src/main.c **** 
  51:Core/Src/main.c **** /* USER CODE END PFP */
  52:Core/Src/main.c **** 
  53:Core/Src/main.c **** /* Private user code ---------------------------------------------------------*/
  54:Core/Src/main.c **** /* USER CODE BEGIN 0 */
  55:Core/Src/main.c **** 
  56:Core/Src/main.c **** /* USER CODE END 0 */
  57:Core/Src/main.c **** 
  58:Core/Src/main.c **** /**
  59:Core/Src/main.c ****   * @brief  The application entry point.
  60:Core/Src/main.c ****   * @retval int
  61:Core/Src/main.c ****   */
  62:Core/Src/main.c **** int main(void)
  63:Core/Src/main.c **** {
  64:Core/Src/main.c ****   /* USER CODE BEGIN 1 */
  65:Core/Src/main.c **** 
  66:Core/Src/main.c ****   /* USER CODE END 1 */
  67:Core/Src/main.c **** 
  68:Core/Src/main.c ****   /* MCU Configuration--------------------------------------------------------*/
  69:Core/Src/main.c **** 
  70:Core/Src/main.c ****   /* Reset of all peripherals, Initializes the Flash interface and the Systick. */
  71:Core/Src/main.c ****   HAL_Init();
  72:Core/Src/main.c **** 
  73:Core/Src/main.c ****   /* USER CODE BEGIN Init */
  74:Core/Src/main.c **** 
  75:Core/Src/main.c ****   /* USER CODE END Init */
  76:Core/Src/main.c **** 
  77:Core/Src/main.c ****   /* Configure the system clock */
  78:Core/Src/main.c ****   SystemClock_Config();
  79:Core/Src/main.c **** 
  80:Core/Src/main.c ****   /* USER CODE BEGIN SysInit */
  81:Core/Src/main.c **** 
  82:Core/Src/main.c ****   /* USER CODE END SysInit */
  83:Core/Src/main.c **** 
  84:Core/Src/main.c ****   /* Initialize all configured peripherals */
  85:Core/Src/main.c ****   /* USER CODE BEGIN 2 */
  86:Core/Src/main.c **** 
  87:Core/Src/main.c ****   /* USER CODE END 2 */
ARM GAS  C:\Users\Administrator\AppData\Local\Temp\ccOJr8FO.s 			page 3


  88:Core/Src/main.c **** 
  89:Core/Src/main.c ****   /* Infinite loop */
  90:Core/Src/main.c ****   /* USER CODE BEGIN WHILE */
  91:Core/Src/main.c ****   while (1)
  92:Core/Src/main.c ****   {
  93:Core/Src/main.c ****     /* USER CODE END WHILE */
  94:Core/Src/main.c **** 
  95:Core/Src/main.c ****     /* USER CODE BEGIN 3 */
  96:Core/Src/main.c ****   }
  97:Core/Src/main.c ****   /* USER CODE END 3 */
  98:Core/Src/main.c **** }
  99:Core/Src/main.c **** 
 100:Core/Src/main.c **** /**
 101:Core/Src/main.c ****   * @brief System Clock Configuration
 102:Core/Src/main.c ****   * @retval None
 103:Core/Src/main.c ****   */
 104:Core/Src/main.c **** void SystemClock_Config(void)
 105:Core/Src/main.c **** {
 106:Core/Src/main.c ****   RCC_OscInitTypeDef RCC_OscInitStruct = {0};
 107:Core/Src/main.c ****   RCC_ClkInitTypeDef RCC_ClkInitStruct = {0};
 108:Core/Src/main.c **** 
 109:Core/Src/main.c ****   /** Configure the main internal regulator output voltage
 110:Core/Src/main.c ****   */
 111:Core/Src/main.c ****   __HAL_RCC_PWR_CLK_ENABLE();
 112:Core/Src/main.c ****   __HAL_PWR_VOLTAGESCALING_CONFIG(PWR_REGULATOR_VOLTAGE_SCALE1);
 113:Core/Src/main.c **** 
 114:Core/Src/main.c ****   /** Initializes the RCC Oscillators according to the specified parameters
 115:Core/Src/main.c ****   * in the RCC_OscInitTypeDef structure.
 116:Core/Src/main.c ****   */
 117:Core/Src/main.c ****   RCC_OscInitStruct.OscillatorType = RCC_OSCILLATORTYPE_HSI;
 118:Core/Src/main.c ****   RCC_OscInitStruct.HSIState = RCC_HSI_ON;
 119:Core/Src/main.c ****   RCC_OscInitStruct.HSICalibrationValue = RCC_HSICALIBRATION_DEFAULT;
 120:Core/Src/main.c ****   RCC_OscInitStruct.PLL.PLLState = RCC_PLL_NONE;
 121:Core/Src/main.c ****   if (HAL_RCC_OscConfig(&RCC_OscInitStruct) != HAL_OK)
 122:Core/Src/main.c ****   {
 123:Core/Src/main.c ****     Error_Handler();
 124:Core/Src/main.c ****   }
 125:Core/Src/main.c **** 
 126:Core/Src/main.c ****   /** Initializes the CPU, AHB and APB buses clocks
 127:Core/Src/main.c ****   */
 128:Core/Src/main.c ****   RCC_ClkInitStruct.ClockType = RCC_CLOCKTYPE_HCLK|RCC_CLOCKTYPE_SYSCLK
 129:Core/Src/main.c ****                               |RCC_CLOCKTYPE_PCLK1|RCC_CLOCKTYPE_PCLK2;
 130:Core/Src/main.c ****   RCC_ClkInitStruct.SYSCLKSource = RCC_SYSCLKSOURCE_HSI;
 131:Core/Src/main.c ****   RCC_ClkInitStruct.AHBCLKDivider = RCC_SYSCLK_DIV1;
 132:Core/Src/main.c ****   RCC_ClkInitStruct.APB1CLKDivider = RCC_HCLK_DIV1;
 133:Core/Src/main.c ****   RCC_ClkInitStruct.APB2CLKDivider = RCC_HCLK_DIV1;
 134:Core/Src/main.c **** 
 135:Core/Src/main.c ****   if (HAL_RCC_ClockConfig(&RCC_ClkInitStruct, FLASH_LATENCY_0) != HAL_OK)
 136:Core/Src/main.c ****   {
 137:Core/Src/main.c ****     Error_Handler();
 138:Core/Src/main.c ****   }
 139:Core/Src/main.c **** }
 140:Core/Src/main.c **** 
 141:Core/Src/main.c **** /* USER CODE BEGIN 4 */
 142:Core/Src/main.c **** 
 143:Core/Src/main.c **** /* USER CODE END 4 */
 144:Core/Src/main.c **** 
ARM GAS  C:\Users\Administrator\AppData\Local\Temp\ccOJr8FO.s 			page 4


 145:Core/Src/main.c **** /**
 146:Core/Src/main.c ****   * @brief  This function is executed in case of error occurrence.
 147:Core/Src/main.c ****   * @retval None
 148:Core/Src/main.c ****   */
 149:Core/Src/main.c **** void Error_Handler(void)
 150:Core/Src/main.c **** {
  29              		.loc 1 150 1 view -0
  30              		.cfi_startproc
  31              		@ Volatile: function does not return.
  32              		@ args = 0, pretend = 0, frame = 0
  33              		@ frame_needed = 0, uses_anonymous_args = 0
  34              		@ link register save eliminated.
 151:Core/Src/main.c ****   /* USER CODE BEGIN Error_Handler_Debug */
 152:Core/Src/main.c ****   /* User can add his own implementation to report the HAL error return state */
 153:Core/Src/main.c ****   __disable_irq();
  35              		.loc 1 153 3 view .LVU1
  36              	.LBB4:
  37              	.LBI4:
  38              		.file 2 "Drivers/CMSIS/Include/cmsis_gcc.h"
   1:Drivers/CMSIS/Include/cmsis_gcc.h **** /**************************************************************************//**
   2:Drivers/CMSIS/Include/cmsis_gcc.h ****  * @file     cmsis_gcc.h
   3:Drivers/CMSIS/Include/cmsis_gcc.h ****  * @brief    CMSIS compiler GCC header file
   4:Drivers/CMSIS/Include/cmsis_gcc.h ****  * @version  V5.0.4
   5:Drivers/CMSIS/Include/cmsis_gcc.h ****  * @date     09. April 2018
   6:Drivers/CMSIS/Include/cmsis_gcc.h ****  ******************************************************************************/
   7:Drivers/CMSIS/Include/cmsis_gcc.h **** /*
   8:Drivers/CMSIS/Include/cmsis_gcc.h ****  * Copyright (c) 2009-2018 Arm Limited. All rights reserved.
   9:Drivers/CMSIS/Include/cmsis_gcc.h ****  *
  10:Drivers/CMSIS/Include/cmsis_gcc.h ****  * SPDX-License-Identifier: Apache-2.0
  11:Drivers/CMSIS/Include/cmsis_gcc.h ****  *
  12:Drivers/CMSIS/Include/cmsis_gcc.h ****  * Licensed under the Apache License, Version 2.0 (the License); you may
  13:Drivers/CMSIS/Include/cmsis_gcc.h ****  * not use this file except in compliance with the License.
  14:Drivers/CMSIS/Include/cmsis_gcc.h ****  * You may obtain a copy of the License at
  15:Drivers/CMSIS/Include/cmsis_gcc.h ****  *
  16:Drivers/CMSIS/Include/cmsis_gcc.h ****  * www.apache.org/licenses/LICENSE-2.0
  17:Drivers/CMSIS/Include/cmsis_gcc.h ****  *
  18:Drivers/CMSIS/Include/cmsis_gcc.h ****  * Unless required by applicable law or agreed to in writing, software
  19:Drivers/CMSIS/Include/cmsis_gcc.h ****  * distributed under the License is distributed on an AS IS BASIS, WITHOUT
  20:Drivers/CMSIS/Include/cmsis_gcc.h ****  * WARRANTIES OR CONDITIONS OF ANY KIND, either express or implied.
  21:Drivers/CMSIS/Include/cmsis_gcc.h ****  * See the License for the specific language governing permissions and
  22:Drivers/CMSIS/Include/cmsis_gcc.h ****  * limitations under the License.
  23:Drivers/CMSIS/Include/cmsis_gcc.h ****  */
  24:Drivers/CMSIS/Include/cmsis_gcc.h **** 
  25:Drivers/CMSIS/Include/cmsis_gcc.h **** #ifndef __CMSIS_GCC_H
  26:Drivers/CMSIS/Include/cmsis_gcc.h **** #define __CMSIS_GCC_H
  27:Drivers/CMSIS/Include/cmsis_gcc.h **** 
  28:Drivers/CMSIS/Include/cmsis_gcc.h **** /* ignore some GCC warnings */
  29:Drivers/CMSIS/Include/cmsis_gcc.h **** #pragma GCC diagnostic push
  30:Drivers/CMSIS/Include/cmsis_gcc.h **** #pragma GCC diagnostic ignored "-Wsign-conversion"
  31:Drivers/CMSIS/Include/cmsis_gcc.h **** #pragma GCC diagnostic ignored "-Wconversion"
  32:Drivers/CMSIS/Include/cmsis_gcc.h **** #pragma GCC diagnostic ignored "-Wunused-parameter"
  33:Drivers/CMSIS/Include/cmsis_gcc.h **** 
  34:Drivers/CMSIS/Include/cmsis_gcc.h **** /* Fallback for __has_builtin */
  35:Drivers/CMSIS/Include/cmsis_gcc.h **** #ifndef __has_builtin
  36:Drivers/CMSIS/Include/cmsis_gcc.h ****   #define __has_builtin(x) (0)
  37:Drivers/CMSIS/Include/cmsis_gcc.h **** #endif
  38:Drivers/CMSIS/Include/cmsis_gcc.h **** 
ARM GAS  C:\Users\Administrator\AppData\Local\Temp\ccOJr8FO.s 			page 5


  39:Drivers/CMSIS/Include/cmsis_gcc.h **** /* CMSIS compiler specific defines */
  40:Drivers/CMSIS/Include/cmsis_gcc.h **** #ifndef   __ASM
  41:Drivers/CMSIS/Include/cmsis_gcc.h ****   #define __ASM                                  __asm
  42:Drivers/CMSIS/Include/cmsis_gcc.h **** #endif
  43:Drivers/CMSIS/Include/cmsis_gcc.h **** #ifndef   __INLINE
  44:Drivers/CMSIS/Include/cmsis_gcc.h ****   #define __INLINE                               inline
  45:Drivers/CMSIS/Include/cmsis_gcc.h **** #endif
  46:Drivers/CMSIS/Include/cmsis_gcc.h **** #ifndef   __STATIC_INLINE
  47:Drivers/CMSIS/Include/cmsis_gcc.h ****   #define __STATIC_INLINE                        static inline
  48:Drivers/CMSIS/Include/cmsis_gcc.h **** #endif
  49:Drivers/CMSIS/Include/cmsis_gcc.h **** #ifndef   __STATIC_FORCEINLINE                 
  50:Drivers/CMSIS/Include/cmsis_gcc.h ****   #define __STATIC_FORCEINLINE                   __attribute__((always_inline)) static inline
  51:Drivers/CMSIS/Include/cmsis_gcc.h **** #endif                                           
  52:Drivers/CMSIS/Include/cmsis_gcc.h **** #ifndef   __NO_RETURN
  53:Drivers/CMSIS/Include/cmsis_gcc.h ****   #define __NO_RETURN                            __attribute__((__noreturn__))
  54:Drivers/CMSIS/Include/cmsis_gcc.h **** #endif
  55:Drivers/CMSIS/Include/cmsis_gcc.h **** #ifndef   __USED
  56:Drivers/CMSIS/Include/cmsis_gcc.h ****   #define __USED                                 __attribute__((used))
  57:Drivers/CMSIS/Include/cmsis_gcc.h **** #endif
  58:Drivers/CMSIS/Include/cmsis_gcc.h **** #ifndef   __WEAK
  59:Drivers/CMSIS/Include/cmsis_gcc.h ****   #define __WEAK                                 __attribute__((weak))
  60:Drivers/CMSIS/Include/cmsis_gcc.h **** #endif
  61:Drivers/CMSIS/Include/cmsis_gcc.h **** #ifndef   __PACKED
  62:Drivers/CMSIS/Include/cmsis_gcc.h ****   #define __PACKED                               __attribute__((packed, aligned(1)))
  63:Drivers/CMSIS/Include/cmsis_gcc.h **** #endif
  64:Drivers/CMSIS/Include/cmsis_gcc.h **** #ifndef   __PACKED_STRUCT
  65:Drivers/CMSIS/Include/cmsis_gcc.h ****   #define __PACKED_STRUCT                        struct __attribute__((packed, aligned(1)))
  66:Drivers/CMSIS/Include/cmsis_gcc.h **** #endif
  67:Drivers/CMSIS/Include/cmsis_gcc.h **** #ifndef   __PACKED_UNION
  68:Drivers/CMSIS/Include/cmsis_gcc.h ****   #define __PACKED_UNION                         union __attribute__((packed, aligned(1)))
  69:Drivers/CMSIS/Include/cmsis_gcc.h **** #endif
  70:Drivers/CMSIS/Include/cmsis_gcc.h **** #ifndef   __UNALIGNED_UINT32        /* deprecated */
  71:Drivers/CMSIS/Include/cmsis_gcc.h ****   #pragma GCC diagnostic push
  72:Drivers/CMSIS/Include/cmsis_gcc.h ****   #pragma GCC diagnostic ignored "-Wpacked"
  73:Drivers/CMSIS/Include/cmsis_gcc.h ****   #pragma GCC diagnostic ignored "-Wattributes"
  74:Drivers/CMSIS/Include/cmsis_gcc.h ****   struct __attribute__((packed)) T_UINT32 { uint32_t v; };
  75:Drivers/CMSIS/Include/cmsis_gcc.h ****   #pragma GCC diagnostic pop
  76:Drivers/CMSIS/Include/cmsis_gcc.h ****   #define __UNALIGNED_UINT32(x)                  (((struct T_UINT32 *)(x))->v)
  77:Drivers/CMSIS/Include/cmsis_gcc.h **** #endif
  78:Drivers/CMSIS/Include/cmsis_gcc.h **** #ifndef   __UNALIGNED_UINT16_WRITE
  79:Drivers/CMSIS/Include/cmsis_gcc.h ****   #pragma GCC diagnostic push
  80:Drivers/CMSIS/Include/cmsis_gcc.h ****   #pragma GCC diagnostic ignored "-Wpacked"
  81:Drivers/CMSIS/Include/cmsis_gcc.h ****   #pragma GCC diagnostic ignored "-Wattributes"
  82:Drivers/CMSIS/Include/cmsis_gcc.h ****   __PACKED_STRUCT T_UINT16_WRITE { uint16_t v; };
  83:Drivers/CMSIS/Include/cmsis_gcc.h ****   #pragma GCC diagnostic pop
  84:Drivers/CMSIS/Include/cmsis_gcc.h ****   #define __UNALIGNED_UINT16_WRITE(addr, val)    (void)((((struct T_UINT16_WRITE *)(void *)(addr))-
  85:Drivers/CMSIS/Include/cmsis_gcc.h **** #endif
  86:Drivers/CMSIS/Include/cmsis_gcc.h **** #ifndef   __UNALIGNED_UINT16_READ
  87:Drivers/CMSIS/Include/cmsis_gcc.h ****   #pragma GCC diagnostic push
  88:Drivers/CMSIS/Include/cmsis_gcc.h ****   #pragma GCC diagnostic ignored "-Wpacked"
  89:Drivers/CMSIS/Include/cmsis_gcc.h ****   #pragma GCC diagnostic ignored "-Wattributes"
  90:Drivers/CMSIS/Include/cmsis_gcc.h ****   __PACKED_STRUCT T_UINT16_READ { uint16_t v; };
  91:Drivers/CMSIS/Include/cmsis_gcc.h ****   #pragma GCC diagnostic pop
  92:Drivers/CMSIS/Include/cmsis_gcc.h ****   #define __UNALIGNED_UINT16_READ(addr)          (((const struct T_UINT16_READ *)(const void *)(add
  93:Drivers/CMSIS/Include/cmsis_gcc.h **** #endif
  94:Drivers/CMSIS/Include/cmsis_gcc.h **** #ifndef   __UNALIGNED_UINT32_WRITE
  95:Drivers/CMSIS/Include/cmsis_gcc.h ****   #pragma GCC diagnostic push
ARM GAS  C:\Users\Administrator\AppData\Local\Temp\ccOJr8FO.s 			page 6


  96:Drivers/CMSIS/Include/cmsis_gcc.h ****   #pragma GCC diagnostic ignored "-Wpacked"
  97:Drivers/CMSIS/Include/cmsis_gcc.h ****   #pragma GCC diagnostic ignored "-Wattributes"
  98:Drivers/CMSIS/Include/cmsis_gcc.h ****   __PACKED_STRUCT T_UINT32_WRITE { uint32_t v; };
  99:Drivers/CMSIS/Include/cmsis_gcc.h ****   #pragma GCC diagnostic pop
 100:Drivers/CMSIS/Include/cmsis_gcc.h ****   #define __UNALIGNED_UINT32_WRITE(addr, val)    (void)((((struct T_UINT32_WRITE *)(void *)(addr))-
 101:Drivers/CMSIS/Include/cmsis_gcc.h **** #endif
 102:Drivers/CMSIS/Include/cmsis_gcc.h **** #ifndef   __UNALIGNED_UINT32_READ
 103:Drivers/CMSIS/Include/cmsis_gcc.h ****   #pragma GCC diagnostic push
 104:Drivers/CMSIS/Include/cmsis_gcc.h ****   #pragma GCC diagnostic ignored "-Wpacked"
 105:Drivers/CMSIS/Include/cmsis_gcc.h ****   #pragma GCC diagnostic ignored "-Wattributes"
 106:Drivers/CMSIS/Include/cmsis_gcc.h ****   __PACKED_STRUCT T_UINT32_READ { uint32_t v; };
 107:Drivers/CMSIS/Include/cmsis_gcc.h ****   #pragma GCC diagnostic pop
 108:Drivers/CMSIS/Include/cmsis_gcc.h ****   #define __UNALIGNED_UINT32_READ(addr)          (((const struct T_UINT32_READ *)(const void *)(add
 109:Drivers/CMSIS/Include/cmsis_gcc.h **** #endif
 110:Drivers/CMSIS/Include/cmsis_gcc.h **** #ifndef   __ALIGNED
 111:Drivers/CMSIS/Include/cmsis_gcc.h ****   #define __ALIGNED(x)                           __attribute__((aligned(x)))
 112:Drivers/CMSIS/Include/cmsis_gcc.h **** #endif
 113:Drivers/CMSIS/Include/cmsis_gcc.h **** #ifndef   __RESTRICT
 114:Drivers/CMSIS/Include/cmsis_gcc.h ****   #define __RESTRICT                             __restrict
 115:Drivers/CMSIS/Include/cmsis_gcc.h **** #endif
 116:Drivers/CMSIS/Include/cmsis_gcc.h **** 
 117:Drivers/CMSIS/Include/cmsis_gcc.h **** 
 118:Drivers/CMSIS/Include/cmsis_gcc.h **** /* ###########################  Core Function Access  ########################### */
 119:Drivers/CMSIS/Include/cmsis_gcc.h **** /** \ingroup  CMSIS_Core_FunctionInterface
 120:Drivers/CMSIS/Include/cmsis_gcc.h ****     \defgroup CMSIS_Core_RegAccFunctions CMSIS Core Register Access Functions
 121:Drivers/CMSIS/Include/cmsis_gcc.h ****   @{
 122:Drivers/CMSIS/Include/cmsis_gcc.h ****  */
 123:Drivers/CMSIS/Include/cmsis_gcc.h **** 
 124:Drivers/CMSIS/Include/cmsis_gcc.h **** /**
 125:Drivers/CMSIS/Include/cmsis_gcc.h ****   \brief   Enable IRQ Interrupts
 126:Drivers/CMSIS/Include/cmsis_gcc.h ****   \details Enables IRQ interrupts by clearing the I-bit in the CPSR.
 127:Drivers/CMSIS/Include/cmsis_gcc.h ****            Can only be executed in Privileged modes.
 128:Drivers/CMSIS/Include/cmsis_gcc.h ****  */
 129:Drivers/CMSIS/Include/cmsis_gcc.h **** __STATIC_FORCEINLINE void __enable_irq(void)
 130:Drivers/CMSIS/Include/cmsis_gcc.h **** {
 131:Drivers/CMSIS/Include/cmsis_gcc.h ****   __ASM volatile ("cpsie i" : : : "memory");
 132:Drivers/CMSIS/Include/cmsis_gcc.h **** }
 133:Drivers/CMSIS/Include/cmsis_gcc.h **** 
 134:Drivers/CMSIS/Include/cmsis_gcc.h **** 
 135:Drivers/CMSIS/Include/cmsis_gcc.h **** /**
 136:Drivers/CMSIS/Include/cmsis_gcc.h ****   \brief   Disable IRQ Interrupts
 137:Drivers/CMSIS/Include/cmsis_gcc.h ****   \details Disables IRQ interrupts by setting the I-bit in the CPSR.
 138:Drivers/CMSIS/Include/cmsis_gcc.h ****            Can only be executed in Privileged modes.
 139:Drivers/CMSIS/Include/cmsis_gcc.h ****  */
 140:Drivers/CMSIS/Include/cmsis_gcc.h **** __STATIC_FORCEINLINE void __disable_irq(void)
  39              		.loc 2 140 27 view .LVU2
  40              	.LBB5:
 141:Drivers/CMSIS/Include/cmsis_gcc.h **** {
 142:Drivers/CMSIS/Include/cmsis_gcc.h ****   __ASM volatile ("cpsid i" : : : "memory");
  41              		.loc 2 142 3 view .LVU3
  42              		.syntax unified
  43              	@ 142 "Drivers/CMSIS/Include/cmsis_gcc.h" 1
  44 0000 72B6     		cpsid i
  45              	@ 0 "" 2
  46              		.thumb
  47              		.syntax unified
  48              	.L2:
ARM GAS  C:\Users\Administrator\AppData\Local\Temp\ccOJr8FO.s 			page 7


  49              	.LBE5:
  50              	.LBE4:
 154:Core/Src/main.c ****   while (1)
  51              		.loc 1 154 3 discriminator 1 view .LVU4
 155:Core/Src/main.c ****   {
 156:Core/Src/main.c ****   }
  52              		.loc 1 156 3 discriminator 1 view .LVU5
 154:Core/Src/main.c ****   while (1)
  53              		.loc 1 154 9 discriminator 1 view .LVU6
  54 0002 FEE7     		b	.L2
  55              		.cfi_endproc
  56              	.LFE132:
  58              		.section	.text.SystemClock_Config,"ax",%progbits
  59              		.align	1
  60              		.global	SystemClock_Config
  61              		.syntax unified
  62              		.thumb
  63              		.thumb_func
  65              	SystemClock_Config:
  66              	.LFB131:
 105:Core/Src/main.c ****   RCC_OscInitTypeDef RCC_OscInitStruct = {0};
  67              		.loc 1 105 1 view -0
  68              		.cfi_startproc
  69              		@ args = 0, pretend = 0, frame = 80
  70              		@ frame_needed = 0, uses_anonymous_args = 0
  71 0000 00B5     		push	{lr}
  72              	.LCFI0:
  73              		.cfi_def_cfa_offset 4
  74              		.cfi_offset 14, -4
  75 0002 95B0     		sub	sp, sp, #84
  76              	.LCFI1:
  77              		.cfi_def_cfa_offset 88
 106:Core/Src/main.c ****   RCC_ClkInitTypeDef RCC_ClkInitStruct = {0};
  78              		.loc 1 106 3 view .LVU8
 106:Core/Src/main.c ****   RCC_ClkInitTypeDef RCC_ClkInitStruct = {0};
  79              		.loc 1 106 22 is_stmt 0 view .LVU9
  80 0004 3022     		movs	r2, #48
  81 0006 0021     		movs	r1, #0
  82 0008 08A8     		add	r0, sp, #32
  83 000a FFF7FEFF 		bl	memset
  84              	.LVL0:
 107:Core/Src/main.c **** 
  85              		.loc 1 107 3 is_stmt 1 view .LVU10
 107:Core/Src/main.c **** 
  86              		.loc 1 107 22 is_stmt 0 view .LVU11
  87 000e 0023     		movs	r3, #0
  88 0010 0393     		str	r3, [sp, #12]
  89 0012 0493     		str	r3, [sp, #16]
  90 0014 0593     		str	r3, [sp, #20]
  91 0016 0693     		str	r3, [sp, #24]
  92 0018 0793     		str	r3, [sp, #28]
 111:Core/Src/main.c ****   __HAL_PWR_VOLTAGESCALING_CONFIG(PWR_REGULATOR_VOLTAGE_SCALE1);
  93              		.loc 1 111 3 is_stmt 1 view .LVU12
  94              	.LBB6:
 111:Core/Src/main.c ****   __HAL_PWR_VOLTAGESCALING_CONFIG(PWR_REGULATOR_VOLTAGE_SCALE1);
  95              		.loc 1 111 3 view .LVU13
  96 001a 0193     		str	r3, [sp, #4]
ARM GAS  C:\Users\Administrator\AppData\Local\Temp\ccOJr8FO.s 			page 8


 111:Core/Src/main.c ****   __HAL_PWR_VOLTAGESCALING_CONFIG(PWR_REGULATOR_VOLTAGE_SCALE1);
  97              		.loc 1 111 3 view .LVU14
  98 001c 184A     		ldr	r2, .L9
  99 001e 116C     		ldr	r1, [r2, #64]
 100 0020 41F08051 		orr	r1, r1, #268435456
 101 0024 1164     		str	r1, [r2, #64]
 111:Core/Src/main.c ****   __HAL_PWR_VOLTAGESCALING_CONFIG(PWR_REGULATOR_VOLTAGE_SCALE1);
 102              		.loc 1 111 3 view .LVU15
 103 0026 126C     		ldr	r2, [r2, #64]
 104 0028 02F08052 		and	r2, r2, #268435456
 105 002c 0192     		str	r2, [sp, #4]
 111:Core/Src/main.c ****   __HAL_PWR_VOLTAGESCALING_CONFIG(PWR_REGULATOR_VOLTAGE_SCALE1);
 106              		.loc 1 111 3 view .LVU16
 107 002e 019A     		ldr	r2, [sp, #4]
 108              	.LBE6:
 111:Core/Src/main.c ****   __HAL_PWR_VOLTAGESCALING_CONFIG(PWR_REGULATOR_VOLTAGE_SCALE1);
 109              		.loc 1 111 3 view .LVU17
 112:Core/Src/main.c **** 
 110              		.loc 1 112 3 view .LVU18
 111              	.LBB7:
 112:Core/Src/main.c **** 
 112              		.loc 1 112 3 view .LVU19
 113 0030 0293     		str	r3, [sp, #8]
 112:Core/Src/main.c **** 
 114              		.loc 1 112 3 view .LVU20
 115 0032 144A     		ldr	r2, .L9+4
 116 0034 1168     		ldr	r1, [r2]
 117 0036 41F48041 		orr	r1, r1, #16384
 118 003a 1160     		str	r1, [r2]
 112:Core/Src/main.c **** 
 119              		.loc 1 112 3 view .LVU21
 120 003c 1268     		ldr	r2, [r2]
 121 003e 02F48042 		and	r2, r2, #16384
 122 0042 0292     		str	r2, [sp, #8]
 112:Core/Src/main.c **** 
 123              		.loc 1 112 3 view .LVU22
 124 0044 029A     		ldr	r2, [sp, #8]
 125              	.LBE7:
 112:Core/Src/main.c **** 
 126              		.loc 1 112 3 view .LVU23
 117:Core/Src/main.c ****   RCC_OscInitStruct.HSIState = RCC_HSI_ON;
 127              		.loc 1 117 3 view .LVU24
 117:Core/Src/main.c ****   RCC_OscInitStruct.HSIState = RCC_HSI_ON;
 128              		.loc 1 117 36 is_stmt 0 view .LVU25
 129 0046 0222     		movs	r2, #2
 130 0048 0892     		str	r2, [sp, #32]
 118:Core/Src/main.c ****   RCC_OscInitStruct.HSICalibrationValue = RCC_HSICALIBRATION_DEFAULT;
 131              		.loc 1 118 3 is_stmt 1 view .LVU26
 118:Core/Src/main.c ****   RCC_OscInitStruct.HSICalibrationValue = RCC_HSICALIBRATION_DEFAULT;
 132              		.loc 1 118 30 is_stmt 0 view .LVU27
 133 004a 0122     		movs	r2, #1
 134 004c 0B92     		str	r2, [sp, #44]
 119:Core/Src/main.c ****   RCC_OscInitStruct.PLL.PLLState = RCC_PLL_NONE;
 135              		.loc 1 119 3 is_stmt 1 view .LVU28
 119:Core/Src/main.c ****   RCC_OscInitStruct.PLL.PLLState = RCC_PLL_NONE;
 136              		.loc 1 119 41 is_stmt 0 view .LVU29
 137 004e 1022     		movs	r2, #16
ARM GAS  C:\Users\Administrator\AppData\Local\Temp\ccOJr8FO.s 			page 9


 138 0050 0C92     		str	r2, [sp, #48]
 120:Core/Src/main.c ****   if (HAL_RCC_OscConfig(&RCC_OscInitStruct) != HAL_OK)
 139              		.loc 1 120 3 is_stmt 1 view .LVU30
 120:Core/Src/main.c ****   if (HAL_RCC_OscConfig(&RCC_OscInitStruct) != HAL_OK)
 140              		.loc 1 120 34 is_stmt 0 view .LVU31
 141 0052 0E93     		str	r3, [sp, #56]
 121:Core/Src/main.c ****   {
 142              		.loc 1 121 3 is_stmt 1 view .LVU32
 121:Core/Src/main.c ****   {
 143              		.loc 1 121 7 is_stmt 0 view .LVU33
 144 0054 08A8     		add	r0, sp, #32
 145 0056 FFF7FEFF 		bl	HAL_RCC_OscConfig
 146              	.LVL1:
 121:Core/Src/main.c ****   {
 147              		.loc 1 121 6 view .LVU34
 148 005a 68B9     		cbnz	r0, .L7
 128:Core/Src/main.c ****                               |RCC_CLOCKTYPE_PCLK1|RCC_CLOCKTYPE_PCLK2;
 149              		.loc 1 128 3 is_stmt 1 view .LVU35
 128:Core/Src/main.c ****                               |RCC_CLOCKTYPE_PCLK1|RCC_CLOCKTYPE_PCLK2;
 150              		.loc 1 128 31 is_stmt 0 view .LVU36
 151 005c 0F23     		movs	r3, #15
 152 005e 0393     		str	r3, [sp, #12]
 130:Core/Src/main.c ****   RCC_ClkInitStruct.AHBCLKDivider = RCC_SYSCLK_DIV1;
 153              		.loc 1 130 3 is_stmt 1 view .LVU37
 130:Core/Src/main.c ****   RCC_ClkInitStruct.AHBCLKDivider = RCC_SYSCLK_DIV1;
 154              		.loc 1 130 34 is_stmt 0 view .LVU38
 155 0060 0021     		movs	r1, #0
 156 0062 0491     		str	r1, [sp, #16]
 131:Core/Src/main.c ****   RCC_ClkInitStruct.APB1CLKDivider = RCC_HCLK_DIV1;
 157              		.loc 1 131 3 is_stmt 1 view .LVU39
 131:Core/Src/main.c ****   RCC_ClkInitStruct.APB1CLKDivider = RCC_HCLK_DIV1;
 158              		.loc 1 131 35 is_stmt 0 view .LVU40
 159 0064 0591     		str	r1, [sp, #20]
 132:Core/Src/main.c ****   RCC_ClkInitStruct.APB2CLKDivider = RCC_HCLK_DIV1;
 160              		.loc 1 132 3 is_stmt 1 view .LVU41
 132:Core/Src/main.c ****   RCC_ClkInitStruct.APB2CLKDivider = RCC_HCLK_DIV1;
 161              		.loc 1 132 36 is_stmt 0 view .LVU42
 162 0066 0691     		str	r1, [sp, #24]
 133:Core/Src/main.c **** 
 163              		.loc 1 133 3 is_stmt 1 view .LVU43
 133:Core/Src/main.c **** 
 164              		.loc 1 133 36 is_stmt 0 view .LVU44
 165 0068 0791     		str	r1, [sp, #28]
 135:Core/Src/main.c ****   {
 166              		.loc 1 135 3 is_stmt 1 view .LVU45
 135:Core/Src/main.c ****   {
 167              		.loc 1 135 7 is_stmt 0 view .LVU46
 168 006a 03A8     		add	r0, sp, #12
 169 006c FFF7FEFF 		bl	HAL_RCC_ClockConfig
 170              	.LVL2:
 135:Core/Src/main.c ****   {
 171              		.loc 1 135 6 view .LVU47
 172 0070 20B9     		cbnz	r0, .L8
 139:Core/Src/main.c **** 
 173              		.loc 1 139 1 view .LVU48
 174 0072 15B0     		add	sp, sp, #84
 175              	.LCFI2:
ARM GAS  C:\Users\Administrator\AppData\Local\Temp\ccOJr8FO.s 			page 10


 176              		.cfi_remember_state
 177              		.cfi_def_cfa_offset 4
 178              		@ sp needed
 179 0074 5DF804FB 		ldr	pc, [sp], #4
 180              	.L7:
 181              	.LCFI3:
 182              		.cfi_restore_state
 123:Core/Src/main.c ****   }
 183              		.loc 1 123 5 is_stmt 1 view .LVU49
 184 0078 FFF7FEFF 		bl	Error_Handler
 185              	.LVL3:
 186              	.L8:
 137:Core/Src/main.c ****   }
 187              		.loc 1 137 5 view .LVU50
 188 007c FFF7FEFF 		bl	Error_Handler
 189              	.LVL4:
 190              	.L10:
 191              		.align	2
 192              	.L9:
 193 0080 00380240 		.word	1073887232
 194 0084 00700040 		.word	1073770496
 195              		.cfi_endproc
 196              	.LFE131:
 198              		.section	.text.main,"ax",%progbits
 199              		.align	1
 200              		.global	main
 201              		.syntax unified
 202              		.thumb
 203              		.thumb_func
 205              	main:
 206              	.LFB130:
  63:Core/Src/main.c ****   /* USER CODE BEGIN 1 */
 207              		.loc 1 63 1 view -0
 208              		.cfi_startproc
 209              		@ Volatile: function does not return.
 210              		@ args = 0, pretend = 0, frame = 0
 211              		@ frame_needed = 0, uses_anonymous_args = 0
 212 0000 08B5     		push	{r3, lr}
 213              	.LCFI4:
 214              		.cfi_def_cfa_offset 8
 215              		.cfi_offset 3, -8
 216              		.cfi_offset 14, -4
  71:Core/Src/main.c **** 
 217              		.loc 1 71 3 view .LVU52
 218 0002 FFF7FEFF 		bl	HAL_Init
 219              	.LVL5:
  78:Core/Src/main.c **** 
 220              		.loc 1 78 3 view .LVU53
 221 0006 FFF7FEFF 		bl	SystemClock_Config
 222              	.LVL6:
 223              	.L12:
  91:Core/Src/main.c ****   {
 224              		.loc 1 91 3 discriminator 1 view .LVU54
  96:Core/Src/main.c ****   /* USER CODE END 3 */
 225              		.loc 1 96 3 discriminator 1 view .LVU55
  91:Core/Src/main.c ****   {
 226              		.loc 1 91 9 discriminator 1 view .LVU56
ARM GAS  C:\Users\Administrator\AppData\Local\Temp\ccOJr8FO.s 			page 11


 227 000a FEE7     		b	.L12
 228              		.cfi_endproc
 229              	.LFE130:
 231              		.text
 232              	.Letext0:
 233              		.file 3 "f:\\stm32\310\355\274\376\\gcc-arm-none-eabi-10.3-2021.10-win32\\gcc-arm-none-eabi-10.3-2
 234              		.file 4 "f:\\stm32\310\355\274\376\\gcc-arm-none-eabi-10.3-2021.10-win32\\gcc-arm-none-eabi-10.3-2
 235              		.file 5 "Drivers/CMSIS/Device/ST/STM32F4xx/Include/stm32f407xx.h"
 236              		.file 6 "Drivers/STM32F4xx_HAL_Driver/Inc/stm32f4xx_hal_rcc_ex.h"
 237              		.file 7 "Drivers/STM32F4xx_HAL_Driver/Inc/stm32f4xx_hal_rcc.h"
 238              		.file 8 "Drivers/STM32F4xx_HAL_Driver/Inc/stm32f4xx_hal.h"
 239              		.file 9 "Drivers/STM32F4xx_HAL_Driver/Inc/stm32f4xx_hal_def.h"
 240              		.file 10 "<built-in>"
ARM GAS  C:\Users\Administrator\AppData\Local\Temp\ccOJr8FO.s 			page 12


DEFINED SYMBOLS
                            *ABS*:00000000 main.c
C:\Users\Administrator\AppData\Local\Temp\ccOJr8FO.s:20     .text.Error_Handler:00000000 $t
C:\Users\Administrator\AppData\Local\Temp\ccOJr8FO.s:26     .text.Error_Handler:00000000 Error_Handler
C:\Users\Administrator\AppData\Local\Temp\ccOJr8FO.s:59     .text.SystemClock_Config:00000000 $t
C:\Users\Administrator\AppData\Local\Temp\ccOJr8FO.s:65     .text.SystemClock_Config:00000000 SystemClock_Config
C:\Users\Administrator\AppData\Local\Temp\ccOJr8FO.s:193    .text.SystemClock_Config:00000080 $d
C:\Users\Administrator\AppData\Local\Temp\ccOJr8FO.s:199    .text.main:00000000 $t
C:\Users\Administrator\AppData\Local\Temp\ccOJr8FO.s:205    .text.main:00000000 main

UNDEFINED SYMBOLS
memset
HAL_RCC_OscConfig
HAL_RCC_ClockConfig
HAL_Init
