ARM GAS  C:\Users\84759\AppData\Local\Temp\ccGQa3AP.s 			page 1


   1              		.cpu cortex-m3
   2              		.arch armv7-m
   3              		.fpu softvfp
   4              		.eabi_attribute 20, 1
   5              		.eabi_attribute 21, 1
   6              		.eabi_attribute 23, 3
   7              		.eabi_attribute 24, 1
   8              		.eabi_attribute 25, 1
   9              		.eabi_attribute 26, 1
  10              		.eabi_attribute 30, 1
  11              		.eabi_attribute 34, 1
  12              		.eabi_attribute 18, 4
  13              		.file	"spi.c"
  14              		.text
  15              	.Ltext0:
  16              		.cfi_sections	.debug_frame
  17              		.section	.text.MX_SPI1_Init,"ax",%progbits
  18              		.align	1
  19              		.global	MX_SPI1_Init
  20              		.syntax unified
  21              		.thumb
  22              		.thumb_func
  24              	MX_SPI1_Init:
  25              	.LFB68:
  26              		.file 1 "Core/Src/spi.c"
   1:Core/Src/spi.c **** /* USER CODE BEGIN Header */
   2:Core/Src/spi.c **** /**
   3:Core/Src/spi.c ****   ******************************************************************************
   4:Core/Src/spi.c ****   * @file    spi.c
   5:Core/Src/spi.c ****   * @brief   This file provides code for the configuration
   6:Core/Src/spi.c ****   *          of the SPI instances.
   7:Core/Src/spi.c ****   ******************************************************************************
   8:Core/Src/spi.c ****   * @attention
   9:Core/Src/spi.c ****   *
  10:Core/Src/spi.c ****   * Copyright (c) 2025 STMicroelectronics.
  11:Core/Src/spi.c ****   * All rights reserved.
  12:Core/Src/spi.c ****   *
  13:Core/Src/spi.c ****   * This software is licensed under terms that can be found in the LICENSE file
  14:Core/Src/spi.c ****   * in the root directory of this software component.
  15:Core/Src/spi.c ****   * If no LICENSE file comes with this software, it is provided AS-IS.
  16:Core/Src/spi.c ****   *
  17:Core/Src/spi.c ****   ******************************************************************************
  18:Core/Src/spi.c ****   */
  19:Core/Src/spi.c **** /* USER CODE END Header */
  20:Core/Src/spi.c **** /* Includes ------------------------------------------------------------------*/
  21:Core/Src/spi.c **** #include "spi.h"
  22:Core/Src/spi.c **** 
  23:Core/Src/spi.c **** /* USER CODE BEGIN 0 */
  24:Core/Src/spi.c **** 
  25:Core/Src/spi.c **** /* USER CODE END 0 */
  26:Core/Src/spi.c **** 
  27:Core/Src/spi.c **** SPI_HandleTypeDef hspi1;
  28:Core/Src/spi.c **** SPI_HandleTypeDef hspi2;
  29:Core/Src/spi.c **** 
  30:Core/Src/spi.c **** /* SPI1 init function */
  31:Core/Src/spi.c **** void MX_SPI1_Init(void)
  32:Core/Src/spi.c **** {
ARM GAS  C:\Users\84759\AppData\Local\Temp\ccGQa3AP.s 			page 2


  27              		.loc 1 32 1 view -0
  28              		.cfi_startproc
  29              		@ args = 0, pretend = 0, frame = 0
  30              		@ frame_needed = 0, uses_anonymous_args = 0
  31 0000 08B5     		push	{r3, lr}
  32              	.LCFI0:
  33              		.cfi_def_cfa_offset 8
  34              		.cfi_offset 3, -8
  35              		.cfi_offset 14, -4
  33:Core/Src/spi.c ****   /* USER CODE BEGIN SPI1_Init 0 */
  34:Core/Src/spi.c ****   /* USER CODE END SPI1_Init 0 */
  35:Core/Src/spi.c ****   /* USER COE BEGIN SPI1_Init 1 */
  36:Core/Src/spi.c ****   /* USER CODE END SPI1_Init 1 */
  37:Core/Src/spi.c ****   hspi1.Instance = SPI1;
  36              		.loc 1 37 3 view .LVU1
  37              		.loc 1 37 18 is_stmt 0 view .LVU2
  38 0002 0F48     		ldr	r0, .L5
  39 0004 0F4B     		ldr	r3, .L5+4
  40 0006 0360     		str	r3, [r0]
  38:Core/Src/spi.c ****   hspi1.Init.Mode = SPI_MODE_MASTER;
  41              		.loc 1 38 3 is_stmt 1 view .LVU3
  42              		.loc 1 38 19 is_stmt 0 view .LVU4
  43 0008 4FF48273 		mov	r3, #260
  44 000c 4360     		str	r3, [r0, #4]
  39:Core/Src/spi.c ****   hspi1.Init.Direction = SPI_DIRECTION_2LINES;
  45              		.loc 1 39 3 is_stmt 1 view .LVU5
  46              		.loc 1 39 24 is_stmt 0 view .LVU6
  47 000e 0023     		movs	r3, #0
  48 0010 8360     		str	r3, [r0, #8]
  40:Core/Src/spi.c ****   hspi1.Init.DataSize = SPI_DATASIZE_8BIT;
  49              		.loc 1 40 3 is_stmt 1 view .LVU7
  50              		.loc 1 40 23 is_stmt 0 view .LVU8
  51 0012 C360     		str	r3, [r0, #12]
  41:Core/Src/spi.c ****   hspi1.Init.CLKPolarity = SPI_POLARITY_HIGH;
  52              		.loc 1 41 3 is_stmt 1 view .LVU9
  53              		.loc 1 41 26 is_stmt 0 view .LVU10
  54 0014 0222     		movs	r2, #2
  55 0016 0261     		str	r2, [r0, #16]
  42:Core/Src/spi.c ****   hspi1.Init.CLKPhase = SPI_PHASE_2EDGE;
  56              		.loc 1 42 3 is_stmt 1 view .LVU11
  57              		.loc 1 42 23 is_stmt 0 view .LVU12
  58 0018 0122     		movs	r2, #1
  59 001a 4261     		str	r2, [r0, #20]
  43:Core/Src/spi.c ****   hspi1.Init.NSS = SPI_NSS_SOFT;
  60              		.loc 1 43 3 is_stmt 1 view .LVU13
  61              		.loc 1 43 18 is_stmt 0 view .LVU14
  62 001c 4FF40072 		mov	r2, #512
  63 0020 8261     		str	r2, [r0, #24]
  44:Core/Src/spi.c ****   hspi1.Init.BaudRatePrescaler = SPI_BAUDRATEPRESCALER_8;
  64              		.loc 1 44 3 is_stmt 1 view .LVU15
  65              		.loc 1 44 32 is_stmt 0 view .LVU16
  66 0022 1022     		movs	r2, #16
  67 0024 C261     		str	r2, [r0, #28]
  45:Core/Src/spi.c ****   hspi1.Init.FirstBit = SPI_FIRSTBIT_MSB;
  68              		.loc 1 45 3 is_stmt 1 view .LVU17
  69              		.loc 1 45 23 is_stmt 0 view .LVU18
  70 0026 0362     		str	r3, [r0, #32]
ARM GAS  C:\Users\84759\AppData\Local\Temp\ccGQa3AP.s 			page 3


  46:Core/Src/spi.c ****   hspi1.Init.TIMode = SPI_TIMODE_DISABLE;
  71              		.loc 1 46 3 is_stmt 1 view .LVU19
  72              		.loc 1 46 21 is_stmt 0 view .LVU20
  73 0028 4362     		str	r3, [r0, #36]
  47:Core/Src/spi.c ****   hspi1.Init.CRCCalculation = SPI_CRCCALCULATION_DISABLE;
  74              		.loc 1 47 3 is_stmt 1 view .LVU21
  75              		.loc 1 47 29 is_stmt 0 view .LVU22
  76 002a 8362     		str	r3, [r0, #40]
  48:Core/Src/spi.c ****   hspi1.Init.CRCPolynomial = 10;
  77              		.loc 1 48 3 is_stmt 1 view .LVU23
  78              		.loc 1 48 28 is_stmt 0 view .LVU24
  79 002c 0A23     		movs	r3, #10
  80 002e C362     		str	r3, [r0, #44]
  49:Core/Src/spi.c ****   if (HAL_SPI_Init(&hspi1) != HAL_OK)
  81              		.loc 1 49 3 is_stmt 1 view .LVU25
  82              		.loc 1 49 7 is_stmt 0 view .LVU26
  83 0030 FFF7FEFF 		bl	HAL_SPI_Init
  84              	.LVL0:
  85              		.loc 1 49 6 view .LVU27
  86 0034 00B9     		cbnz	r0, .L4
  87              	.L1:
  50:Core/Src/spi.c ****   {
  51:Core/Src/spi.c ****     Error_Handler();
  52:Core/Src/spi.c ****   }
  53:Core/Src/spi.c ****   /* USER CODE BEGIN SPI1_Init 2 */
  54:Core/Src/spi.c ****   /* USER CODE END SPI1_Init 2 */
  55:Core/Src/spi.c **** }
  88              		.loc 1 55 1 view .LVU28
  89 0036 08BD     		pop	{r3, pc}
  90              	.L4:
  51:Core/Src/spi.c ****   }
  91              		.loc 1 51 5 is_stmt 1 view .LVU29
  92 0038 FFF7FEFF 		bl	Error_Handler
  93              	.LVL1:
  94              		.loc 1 55 1 is_stmt 0 view .LVU30
  95 003c FBE7     		b	.L1
  96              	.L6:
  97 003e 00BF     		.align	2
  98              	.L5:
  99 0040 00000000 		.word	.LANCHOR0
 100 0044 00300140 		.word	1073819648
 101              		.cfi_endproc
 102              	.LFE68:
 104              		.section	.text.MX_SPI2_Init,"ax",%progbits
 105              		.align	1
 106              		.global	MX_SPI2_Init
 107              		.syntax unified
 108              		.thumb
 109              		.thumb_func
 111              	MX_SPI2_Init:
 112              	.LFB69:
  56:Core/Src/spi.c **** /* SPI2 init function */
  57:Core/Src/spi.c **** void MX_SPI2_Init(void)
  58:Core/Src/spi.c **** {
 113              		.loc 1 58 1 is_stmt 1 view -0
 114              		.cfi_startproc
 115              		@ args = 0, pretend = 0, frame = 0
ARM GAS  C:\Users\84759\AppData\Local\Temp\ccGQa3AP.s 			page 4


 116              		@ frame_needed = 0, uses_anonymous_args = 0
 117 0000 08B5     		push	{r3, lr}
 118              	.LCFI1:
 119              		.cfi_def_cfa_offset 8
 120              		.cfi_offset 3, -8
 121              		.cfi_offset 14, -4
  59:Core/Src/spi.c ****   /* USER CODE BEGIN SPI2_Init 0 */
  60:Core/Src/spi.c ****   /* USER CODE END SPI2_Init 0 */
  61:Core/Src/spi.c ****   /* USER CODE BEGIN SPI2_Init 1 */
  62:Core/Src/spi.c ****   /* USER CODE END SPI2_Init 1 */
  63:Core/Src/spi.c ****   hspi2.Instance = SPI2;
 122              		.loc 1 63 3 view .LVU32
 123              		.loc 1 63 18 is_stmt 0 view .LVU33
 124 0002 0F48     		ldr	r0, .L11
 125 0004 0F4B     		ldr	r3, .L11+4
 126 0006 0360     		str	r3, [r0]
  64:Core/Src/spi.c ****   hspi2.Init.Mode = SPI_MODE_MASTER;
 127              		.loc 1 64 3 is_stmt 1 view .LVU34
 128              		.loc 1 64 19 is_stmt 0 view .LVU35
 129 0008 4FF48273 		mov	r3, #260
 130 000c 4360     		str	r3, [r0, #4]
  65:Core/Src/spi.c ****   hspi2.Init.Direction = SPI_DIRECTION_2LINES;
 131              		.loc 1 65 3 is_stmt 1 view .LVU36
 132              		.loc 1 65 24 is_stmt 0 view .LVU37
 133 000e 0023     		movs	r3, #0
 134 0010 8360     		str	r3, [r0, #8]
  66:Core/Src/spi.c ****   hspi2.Init.DataSize = SPI_DATASIZE_8BIT;
 135              		.loc 1 66 3 is_stmt 1 view .LVU38
 136              		.loc 1 66 23 is_stmt 0 view .LVU39
 137 0012 C360     		str	r3, [r0, #12]
  67:Core/Src/spi.c ****   hspi2.Init.CLKPolarity = SPI_POLARITY_HIGH;
 138              		.loc 1 67 3 is_stmt 1 view .LVU40
 139              		.loc 1 67 26 is_stmt 0 view .LVU41
 140 0014 0222     		movs	r2, #2
 141 0016 0261     		str	r2, [r0, #16]
  68:Core/Src/spi.c ****   hspi2.Init.CLKPhase = SPI_PHASE_2EDGE;
 142              		.loc 1 68 3 is_stmt 1 view .LVU42
 143              		.loc 1 68 23 is_stmt 0 view .LVU43
 144 0018 0122     		movs	r2, #1
 145 001a 4261     		str	r2, [r0, #20]
  69:Core/Src/spi.c ****   hspi2.Init.NSS = SPI_NSS_SOFT;
 146              		.loc 1 69 3 is_stmt 1 view .LVU44
 147              		.loc 1 69 18 is_stmt 0 view .LVU45
 148 001c 4FF40072 		mov	r2, #512
 149 0020 8261     		str	r2, [r0, #24]
  70:Core/Src/spi.c ****   hspi2.Init.BaudRatePrescaler = SPI_BAUDRATEPRESCALER_32;
 150              		.loc 1 70 3 is_stmt 1 view .LVU46
 151              		.loc 1 70 32 is_stmt 0 view .LVU47
 152 0022 2022     		movs	r2, #32
 153 0024 C261     		str	r2, [r0, #28]
  71:Core/Src/spi.c ****   hspi2.Init.FirstBit = SPI_FIRSTBIT_MSB;
 154              		.loc 1 71 3 is_stmt 1 view .LVU48
 155              		.loc 1 71 23 is_stmt 0 view .LVU49
 156 0026 0362     		str	r3, [r0, #32]
  72:Core/Src/spi.c ****   hspi2.Init.TIMode = SPI_TIMODE_DISABLE;
 157              		.loc 1 72 3 is_stmt 1 view .LVU50
 158              		.loc 1 72 21 is_stmt 0 view .LVU51
ARM GAS  C:\Users\84759\AppData\Local\Temp\ccGQa3AP.s 			page 5


 159 0028 4362     		str	r3, [r0, #36]
  73:Core/Src/spi.c ****   hspi2.Init.CRCCalculation = SPI_CRCCALCULATION_DISABLE;
 160              		.loc 1 73 3 is_stmt 1 view .LVU52
 161              		.loc 1 73 29 is_stmt 0 view .LVU53
 162 002a 8362     		str	r3, [r0, #40]
  74:Core/Src/spi.c ****   hspi2.Init.CRCPolynomial = 10;
 163              		.loc 1 74 3 is_stmt 1 view .LVU54
 164              		.loc 1 74 28 is_stmt 0 view .LVU55
 165 002c 0A23     		movs	r3, #10
 166 002e C362     		str	r3, [r0, #44]
  75:Core/Src/spi.c ****   if (HAL_SPI_Init(&hspi2) != HAL_OK)
 167              		.loc 1 75 3 is_stmt 1 view .LVU56
 168              		.loc 1 75 7 is_stmt 0 view .LVU57
 169 0030 FFF7FEFF 		bl	HAL_SPI_Init
 170              	.LVL2:
 171              		.loc 1 75 6 view .LVU58
 172 0034 00B9     		cbnz	r0, .L10
 173              	.L7:
  76:Core/Src/spi.c ****   {
  77:Core/Src/spi.c ****     Error_Handler();
  78:Core/Src/spi.c ****   }
  79:Core/Src/spi.c ****   /* USER CODE BEGIN SPI2_Init 2 */
  80:Core/Src/spi.c ****   /* USER CODE END SPI2_Init 2 */
  81:Core/Src/spi.c **** }
 174              		.loc 1 81 1 view .LVU59
 175 0036 08BD     		pop	{r3, pc}
 176              	.L10:
  77:Core/Src/spi.c ****   }
 177              		.loc 1 77 5 is_stmt 1 view .LVU60
 178 0038 FFF7FEFF 		bl	Error_Handler
 179              	.LVL3:
 180              		.loc 1 81 1 is_stmt 0 view .LVU61
 181 003c FBE7     		b	.L7
 182              	.L12:
 183 003e 00BF     		.align	2
 184              	.L11:
 185 0040 00000000 		.word	.LANCHOR1
 186 0044 00380040 		.word	1073756160
 187              		.cfi_endproc
 188              	.LFE69:
 190              		.section	.text.HAL_SPI_MspInit,"ax",%progbits
 191              		.align	1
 192              		.global	HAL_SPI_MspInit
 193              		.syntax unified
 194              		.thumb
 195              		.thumb_func
 197              	HAL_SPI_MspInit:
 198              	.LVL4:
 199              	.LFB70:
  82:Core/Src/spi.c **** 
  83:Core/Src/spi.c **** void HAL_SPI_MspInit(SPI_HandleTypeDef* spiHandle)
  84:Core/Src/spi.c **** {
 200              		.loc 1 84 1 is_stmt 1 view -0
 201              		.cfi_startproc
 202              		@ args = 0, pretend = 0, frame = 32
 203              		@ frame_needed = 0, uses_anonymous_args = 0
 204              		.loc 1 84 1 is_stmt 0 view .LVU63
ARM GAS  C:\Users\84759\AppData\Local\Temp\ccGQa3AP.s 			page 6


 205 0000 10B5     		push	{r4, lr}
 206              	.LCFI2:
 207              		.cfi_def_cfa_offset 8
 208              		.cfi_offset 4, -8
 209              		.cfi_offset 14, -4
 210 0002 88B0     		sub	sp, sp, #32
 211              	.LCFI3:
 212              		.cfi_def_cfa_offset 40
  85:Core/Src/spi.c **** 
  86:Core/Src/spi.c ****   GPIO_InitTypeDef GPIO_InitStruct = {0};
 213              		.loc 1 86 3 is_stmt 1 view .LVU64
 214              		.loc 1 86 20 is_stmt 0 view .LVU65
 215 0004 0023     		movs	r3, #0
 216 0006 0493     		str	r3, [sp, #16]
 217 0008 0593     		str	r3, [sp, #20]
 218 000a 0693     		str	r3, [sp, #24]
 219 000c 0793     		str	r3, [sp, #28]
  87:Core/Src/spi.c ****   if(spiHandle->Instance==SPI1)
 220              		.loc 1 87 3 is_stmt 1 view .LVU66
 221              		.loc 1 87 15 is_stmt 0 view .LVU67
 222 000e 0368     		ldr	r3, [r0]
 223              		.loc 1 87 5 view .LVU68
 224 0010 2C4A     		ldr	r2, .L19
 225 0012 9342     		cmp	r3, r2
 226 0014 04D0     		beq	.L17
  88:Core/Src/spi.c ****   {
  89:Core/Src/spi.c ****   /* USER CODE BEGIN SPI1_MspInit 0 */
  90:Core/Src/spi.c **** 
  91:Core/Src/spi.c ****   /* USER CODE END SPI1_MspInit 0 */
  92:Core/Src/spi.c ****     /* SPI1 clock enable */
  93:Core/Src/spi.c ****     __HAL_RCC_SPI1_CLK_ENABLE();
  94:Core/Src/spi.c **** 
  95:Core/Src/spi.c ****     __HAL_RCC_GPIOA_CLK_ENABLE();
  96:Core/Src/spi.c ****     /**SPI1 GPIO Configuration
  97:Core/Src/spi.c ****     PA5     ------> SPI1_SCK
  98:Core/Src/spi.c ****     PA6     ------> SPI1_MISO
  99:Core/Src/spi.c ****     PA7     ------> SPI1_MOSI
 100:Core/Src/spi.c ****     */
 101:Core/Src/spi.c ****     GPIO_InitStruct.Pin = GPIO_PIN_5|GPIO_PIN_7;
 102:Core/Src/spi.c ****     GPIO_InitStruct.Mode = GPIO_MODE_AF_PP;
 103:Core/Src/spi.c ****     GPIO_InitStruct.Speed = GPIO_SPEED_FREQ_HIGH;
 104:Core/Src/spi.c ****     HAL_GPIO_Init(GPIOA, &GPIO_InitStruct);
 105:Core/Src/spi.c **** 
 106:Core/Src/spi.c ****     GPIO_InitStruct.Pin = GPIO_PIN_6;
 107:Core/Src/spi.c ****     GPIO_InitStruct.Mode = GPIO_MODE_INPUT;
 108:Core/Src/spi.c ****     GPIO_InitStruct.Pull = GPIO_NOPULL;
 109:Core/Src/spi.c ****     HAL_GPIO_Init(GPIOA, &GPIO_InitStruct);
 110:Core/Src/spi.c **** 
 111:Core/Src/spi.c ****   /* USER CODE BEGIN SPI1_MspInit 1 */
 112:Core/Src/spi.c **** 
 113:Core/Src/spi.c ****   /* USER CODE END SPI1_MspInit 1 */
 114:Core/Src/spi.c ****   }
 115:Core/Src/spi.c ****   else if(spiHandle->Instance==SPI2)
 227              		.loc 1 115 8 is_stmt 1 view .LVU69
 228              		.loc 1 115 10 is_stmt 0 view .LVU70
 229 0016 2C4A     		ldr	r2, .L19+4
 230 0018 9342     		cmp	r3, r2
ARM GAS  C:\Users\84759\AppData\Local\Temp\ccGQa3AP.s 			page 7


 231 001a 29D0     		beq	.L18
 232              	.LVL5:
 233              	.L13:
 116:Core/Src/spi.c ****   {
 117:Core/Src/spi.c ****   /* USER CODE BEGIN SPI2_MspInit 0 */
 118:Core/Src/spi.c **** 
 119:Core/Src/spi.c ****   /* USER CODE END SPI2_MspInit 0 */
 120:Core/Src/spi.c ****     /* SPI2 clock enable */
 121:Core/Src/spi.c ****     __HAL_RCC_SPI2_CLK_ENABLE();
 122:Core/Src/spi.c **** 
 123:Core/Src/spi.c ****     __HAL_RCC_GPIOB_CLK_ENABLE();
 124:Core/Src/spi.c ****     /**SPI2 GPIO Configuration
 125:Core/Src/spi.c ****     PB13     ------> SPI2_SCK
 126:Core/Src/spi.c ****     PB14     ------> SPI2_MISO
 127:Core/Src/spi.c ****     PB15     ------> SPI2_MOSI
 128:Core/Src/spi.c ****     */
 129:Core/Src/spi.c ****     GPIO_InitStruct.Pin = GPIO_PIN_13|GPIO_PIN_15;
 130:Core/Src/spi.c ****     GPIO_InitStruct.Mode = GPIO_MODE_AF_PP;
 131:Core/Src/spi.c ****     GPIO_InitStruct.Speed = GPIO_SPEED_FREQ_HIGH;
 132:Core/Src/spi.c ****     HAL_GPIO_Init(GPIOB, &GPIO_InitStruct);
 133:Core/Src/spi.c **** 
 134:Core/Src/spi.c ****     GPIO_InitStruct.Pin = GPIO_PIN_14;
 135:Core/Src/spi.c ****     GPIO_InitStruct.Mode = GPIO_MODE_INPUT;
 136:Core/Src/spi.c ****     GPIO_InitStruct.Pull = GPIO_NOPULL;
 137:Core/Src/spi.c ****     HAL_GPIO_Init(GPIOB, &GPIO_InitStruct);
 138:Core/Src/spi.c **** 
 139:Core/Src/spi.c ****   /* USER CODE BEGIN SPI2_MspInit 1 */
 140:Core/Src/spi.c **** 
 141:Core/Src/spi.c ****   /* USER CODE END SPI2_MspInit 1 */
 142:Core/Src/spi.c ****   }
 143:Core/Src/spi.c **** }
 234              		.loc 1 143 1 view .LVU71
 235 001c 08B0     		add	sp, sp, #32
 236              	.LCFI4:
 237              		.cfi_remember_state
 238              		.cfi_def_cfa_offset 8
 239              		@ sp needed
 240 001e 10BD     		pop	{r4, pc}
 241              	.LVL6:
 242              	.L17:
 243              	.LCFI5:
 244              		.cfi_restore_state
  93:Core/Src/spi.c **** 
 245              		.loc 1 93 5 is_stmt 1 view .LVU72
 246              	.LBB2:
  93:Core/Src/spi.c **** 
 247              		.loc 1 93 5 view .LVU73
  93:Core/Src/spi.c **** 
 248              		.loc 1 93 5 view .LVU74
 249 0020 2A4B     		ldr	r3, .L19+8
 250 0022 9A69     		ldr	r2, [r3, #24]
 251 0024 42F48052 		orr	r2, r2, #4096
 252 0028 9A61     		str	r2, [r3, #24]
  93:Core/Src/spi.c **** 
 253              		.loc 1 93 5 view .LVU75
 254 002a 9A69     		ldr	r2, [r3, #24]
 255 002c 02F48052 		and	r2, r2, #4096
ARM GAS  C:\Users\84759\AppData\Local\Temp\ccGQa3AP.s 			page 8


 256 0030 0092     		str	r2, [sp]
  93:Core/Src/spi.c **** 
 257              		.loc 1 93 5 view .LVU76
 258 0032 009A     		ldr	r2, [sp]
 259              	.LBE2:
  93:Core/Src/spi.c **** 
 260              		.loc 1 93 5 view .LVU77
  95:Core/Src/spi.c ****     /**SPI1 GPIO Configuration
 261              		.loc 1 95 5 view .LVU78
 262              	.LBB3:
  95:Core/Src/spi.c ****     /**SPI1 GPIO Configuration
 263              		.loc 1 95 5 view .LVU79
  95:Core/Src/spi.c ****     /**SPI1 GPIO Configuration
 264              		.loc 1 95 5 view .LVU80
 265 0034 9A69     		ldr	r2, [r3, #24]
 266 0036 42F00402 		orr	r2, r2, #4
 267 003a 9A61     		str	r2, [r3, #24]
  95:Core/Src/spi.c ****     /**SPI1 GPIO Configuration
 268              		.loc 1 95 5 view .LVU81
 269 003c 9B69     		ldr	r3, [r3, #24]
 270 003e 03F00403 		and	r3, r3, #4
 271 0042 0193     		str	r3, [sp, #4]
  95:Core/Src/spi.c ****     /**SPI1 GPIO Configuration
 272              		.loc 1 95 5 view .LVU82
 273 0044 019B     		ldr	r3, [sp, #4]
 274              	.LBE3:
  95:Core/Src/spi.c ****     /**SPI1 GPIO Configuration
 275              		.loc 1 95 5 view .LVU83
 101:Core/Src/spi.c ****     GPIO_InitStruct.Mode = GPIO_MODE_AF_PP;
 276              		.loc 1 101 5 view .LVU84
 101:Core/Src/spi.c ****     GPIO_InitStruct.Mode = GPIO_MODE_AF_PP;
 277              		.loc 1 101 25 is_stmt 0 view .LVU85
 278 0046 A023     		movs	r3, #160
 279 0048 0493     		str	r3, [sp, #16]
 102:Core/Src/spi.c ****     GPIO_InitStruct.Speed = GPIO_SPEED_FREQ_HIGH;
 280              		.loc 1 102 5 is_stmt 1 view .LVU86
 102:Core/Src/spi.c ****     GPIO_InitStruct.Speed = GPIO_SPEED_FREQ_HIGH;
 281              		.loc 1 102 26 is_stmt 0 view .LVU87
 282 004a 0223     		movs	r3, #2
 283 004c 0593     		str	r3, [sp, #20]
 103:Core/Src/spi.c ****     HAL_GPIO_Init(GPIOA, &GPIO_InitStruct);
 284              		.loc 1 103 5 is_stmt 1 view .LVU88
 103:Core/Src/spi.c ****     HAL_GPIO_Init(GPIOA, &GPIO_InitStruct);
 285              		.loc 1 103 27 is_stmt 0 view .LVU89
 286 004e 0323     		movs	r3, #3
 287 0050 0793     		str	r3, [sp, #28]
 104:Core/Src/spi.c **** 
 288              		.loc 1 104 5 is_stmt 1 view .LVU90
 289 0052 1F4C     		ldr	r4, .L19+12
 290 0054 04A9     		add	r1, sp, #16
 291 0056 2046     		mov	r0, r4
 292              	.LVL7:
 104:Core/Src/spi.c **** 
 293              		.loc 1 104 5 is_stmt 0 view .LVU91
 294 0058 FFF7FEFF 		bl	HAL_GPIO_Init
 295              	.LVL8:
 106:Core/Src/spi.c ****     GPIO_InitStruct.Mode = GPIO_MODE_INPUT;
ARM GAS  C:\Users\84759\AppData\Local\Temp\ccGQa3AP.s 			page 9


 296              		.loc 1 106 5 is_stmt 1 view .LVU92
 106:Core/Src/spi.c ****     GPIO_InitStruct.Mode = GPIO_MODE_INPUT;
 297              		.loc 1 106 25 is_stmt 0 view .LVU93
 298 005c 4023     		movs	r3, #64
 299 005e 0493     		str	r3, [sp, #16]
 107:Core/Src/spi.c ****     GPIO_InitStruct.Pull = GPIO_NOPULL;
 300              		.loc 1 107 5 is_stmt 1 view .LVU94
 107:Core/Src/spi.c ****     GPIO_InitStruct.Pull = GPIO_NOPULL;
 301              		.loc 1 107 26 is_stmt 0 view .LVU95
 302 0060 0023     		movs	r3, #0
 303 0062 0593     		str	r3, [sp, #20]
 108:Core/Src/spi.c ****     HAL_GPIO_Init(GPIOA, &GPIO_InitStruct);
 304              		.loc 1 108 5 is_stmt 1 view .LVU96
 108:Core/Src/spi.c ****     HAL_GPIO_Init(GPIOA, &GPIO_InitStruct);
 305              		.loc 1 108 26 is_stmt 0 view .LVU97
 306 0064 0693     		str	r3, [sp, #24]
 109:Core/Src/spi.c **** 
 307              		.loc 1 109 5 is_stmt 1 view .LVU98
 308 0066 04A9     		add	r1, sp, #16
 309 0068 2046     		mov	r0, r4
 310 006a FFF7FEFF 		bl	HAL_GPIO_Init
 311              	.LVL9:
 312 006e D5E7     		b	.L13
 313              	.LVL10:
 314              	.L18:
 121:Core/Src/spi.c **** 
 315              		.loc 1 121 5 view .LVU99
 316              	.LBB4:
 121:Core/Src/spi.c **** 
 317              		.loc 1 121 5 view .LVU100
 121:Core/Src/spi.c **** 
 318              		.loc 1 121 5 view .LVU101
 319 0070 164B     		ldr	r3, .L19+8
 320 0072 DA69     		ldr	r2, [r3, #28]
 321 0074 42F48042 		orr	r2, r2, #16384
 322 0078 DA61     		str	r2, [r3, #28]
 121:Core/Src/spi.c **** 
 323              		.loc 1 121 5 view .LVU102
 324 007a DA69     		ldr	r2, [r3, #28]
 325 007c 02F48042 		and	r2, r2, #16384
 326 0080 0292     		str	r2, [sp, #8]
 121:Core/Src/spi.c **** 
 327              		.loc 1 121 5 view .LVU103
 328 0082 029A     		ldr	r2, [sp, #8]
 329              	.LBE4:
 121:Core/Src/spi.c **** 
 330              		.loc 1 121 5 view .LVU104
 123:Core/Src/spi.c ****     /**SPI2 GPIO Configuration
 331              		.loc 1 123 5 view .LVU105
 332              	.LBB5:
 123:Core/Src/spi.c ****     /**SPI2 GPIO Configuration
 333              		.loc 1 123 5 view .LVU106
 123:Core/Src/spi.c ****     /**SPI2 GPIO Configuration
 334              		.loc 1 123 5 view .LVU107
 335 0084 9A69     		ldr	r2, [r3, #24]
 336 0086 42F00802 		orr	r2, r2, #8
 337 008a 9A61     		str	r2, [r3, #24]
ARM GAS  C:\Users\84759\AppData\Local\Temp\ccGQa3AP.s 			page 10


 123:Core/Src/spi.c ****     /**SPI2 GPIO Configuration
 338              		.loc 1 123 5 view .LVU108
 339 008c 9B69     		ldr	r3, [r3, #24]
 340 008e 03F00803 		and	r3, r3, #8
 341 0092 0393     		str	r3, [sp, #12]
 123:Core/Src/spi.c ****     /**SPI2 GPIO Configuration
 342              		.loc 1 123 5 view .LVU109
 343 0094 039B     		ldr	r3, [sp, #12]
 344              	.LBE5:
 123:Core/Src/spi.c ****     /**SPI2 GPIO Configuration
 345              		.loc 1 123 5 view .LVU110
 129:Core/Src/spi.c ****     GPIO_InitStruct.Mode = GPIO_MODE_AF_PP;
 346              		.loc 1 129 5 view .LVU111
 129:Core/Src/spi.c ****     GPIO_InitStruct.Mode = GPIO_MODE_AF_PP;
 347              		.loc 1 129 25 is_stmt 0 view .LVU112
 348 0096 4FF42043 		mov	r3, #40960
 349 009a 0493     		str	r3, [sp, #16]
 130:Core/Src/spi.c ****     GPIO_InitStruct.Speed = GPIO_SPEED_FREQ_HIGH;
 350              		.loc 1 130 5 is_stmt 1 view .LVU113
 130:Core/Src/spi.c ****     GPIO_InitStruct.Speed = GPIO_SPEED_FREQ_HIGH;
 351              		.loc 1 130 26 is_stmt 0 view .LVU114
 352 009c 0223     		movs	r3, #2
 353 009e 0593     		str	r3, [sp, #20]
 131:Core/Src/spi.c ****     HAL_GPIO_Init(GPIOB, &GPIO_InitStruct);
 354              		.loc 1 131 5 is_stmt 1 view .LVU115
 131:Core/Src/spi.c ****     HAL_GPIO_Init(GPIOB, &GPIO_InitStruct);
 355              		.loc 1 131 27 is_stmt 0 view .LVU116
 356 00a0 0323     		movs	r3, #3
 357 00a2 0793     		str	r3, [sp, #28]
 132:Core/Src/spi.c **** 
 358              		.loc 1 132 5 is_stmt 1 view .LVU117
 359 00a4 0B4C     		ldr	r4, .L19+16
 360 00a6 04A9     		add	r1, sp, #16
 361 00a8 2046     		mov	r0, r4
 362              	.LVL11:
 132:Core/Src/spi.c **** 
 363              		.loc 1 132 5 is_stmt 0 view .LVU118
 364 00aa FFF7FEFF 		bl	HAL_GPIO_Init
 365              	.LVL12:
 134:Core/Src/spi.c ****     GPIO_InitStruct.Mode = GPIO_MODE_INPUT;
 366              		.loc 1 134 5 is_stmt 1 view .LVU119
 134:Core/Src/spi.c ****     GPIO_InitStruct.Mode = GPIO_MODE_INPUT;
 367              		.loc 1 134 25 is_stmt 0 view .LVU120
 368 00ae 4FF48043 		mov	r3, #16384
 369 00b2 0493     		str	r3, [sp, #16]
 135:Core/Src/spi.c ****     GPIO_InitStruct.Pull = GPIO_NOPULL;
 370              		.loc 1 135 5 is_stmt 1 view .LVU121
 135:Core/Src/spi.c ****     GPIO_InitStruct.Pull = GPIO_NOPULL;
 371              		.loc 1 135 26 is_stmt 0 view .LVU122
 372 00b4 0023     		movs	r3, #0
 373 00b6 0593     		str	r3, [sp, #20]
 136:Core/Src/spi.c ****     HAL_GPIO_Init(GPIOB, &GPIO_InitStruct);
 374              		.loc 1 136 5 is_stmt 1 view .LVU123
 136:Core/Src/spi.c ****     HAL_GPIO_Init(GPIOB, &GPIO_InitStruct);
 375              		.loc 1 136 26 is_stmt 0 view .LVU124
 376 00b8 0693     		str	r3, [sp, #24]
 137:Core/Src/spi.c **** 
ARM GAS  C:\Users\84759\AppData\Local\Temp\ccGQa3AP.s 			page 11


 377              		.loc 1 137 5 is_stmt 1 view .LVU125
 378 00ba 04A9     		add	r1, sp, #16
 379 00bc 2046     		mov	r0, r4
 380 00be FFF7FEFF 		bl	HAL_GPIO_Init
 381              	.LVL13:
 382              		.loc 1 143 1 is_stmt 0 view .LVU126
 383 00c2 ABE7     		b	.L13
 384              	.L20:
 385              		.align	2
 386              	.L19:
 387 00c4 00300140 		.word	1073819648
 388 00c8 00380040 		.word	1073756160
 389 00cc 00100240 		.word	1073876992
 390 00d0 00080140 		.word	1073809408
 391 00d4 000C0140 		.word	1073810432
 392              		.cfi_endproc
 393              	.LFE70:
 395              		.section	.text.HAL_SPI_MspDeInit,"ax",%progbits
 396              		.align	1
 397              		.global	HAL_SPI_MspDeInit
 398              		.syntax unified
 399              		.thumb
 400              		.thumb_func
 402              	HAL_SPI_MspDeInit:
 403              	.LVL14:
 404              	.LFB71:
 144:Core/Src/spi.c **** 
 145:Core/Src/spi.c **** void HAL_SPI_MspDeInit(SPI_HandleTypeDef* spiHandle)
 146:Core/Src/spi.c **** {
 405              		.loc 1 146 1 is_stmt 1 view -0
 406              		.cfi_startproc
 407              		@ args = 0, pretend = 0, frame = 0
 408              		@ frame_needed = 0, uses_anonymous_args = 0
 409              		.loc 1 146 1 is_stmt 0 view .LVU128
 410 0000 08B5     		push	{r3, lr}
 411              	.LCFI6:
 412              		.cfi_def_cfa_offset 8
 413              		.cfi_offset 3, -8
 414              		.cfi_offset 14, -4
 147:Core/Src/spi.c **** 
 148:Core/Src/spi.c ****   if(spiHandle->Instance==SPI1)
 415              		.loc 1 148 3 is_stmt 1 view .LVU129
 416              		.loc 1 148 15 is_stmt 0 view .LVU130
 417 0002 0368     		ldr	r3, [r0]
 418              		.loc 1 148 5 view .LVU131
 419 0004 0E4A     		ldr	r2, .L27
 420 0006 9342     		cmp	r3, r2
 421 0008 03D0     		beq	.L25
 149:Core/Src/spi.c ****   {
 150:Core/Src/spi.c ****   /* USER CODE BEGIN SPI1_MspDeInit 0 */
 151:Core/Src/spi.c **** 
 152:Core/Src/spi.c ****   /* USER CODE END SPI1_MspDeInit 0 */
 153:Core/Src/spi.c ****     /* Peripheral clock disable */
 154:Core/Src/spi.c ****     __HAL_RCC_SPI1_CLK_DISABLE();
 155:Core/Src/spi.c **** 
 156:Core/Src/spi.c ****     /**SPI1 GPIO Configuration
 157:Core/Src/spi.c ****     PA5     ------> SPI1_SCK
ARM GAS  C:\Users\84759\AppData\Local\Temp\ccGQa3AP.s 			page 12


 158:Core/Src/spi.c ****     PA6     ------> SPI1_MISO
 159:Core/Src/spi.c ****     PA7     ------> SPI1_MOSI
 160:Core/Src/spi.c ****     */
 161:Core/Src/spi.c ****     HAL_GPIO_DeInit(GPIOA, GPIO_PIN_5|GPIO_PIN_6|GPIO_PIN_7);
 162:Core/Src/spi.c **** 
 163:Core/Src/spi.c ****   /* USER CODE BEGIN SPI1_MspDeInit 1 */
 164:Core/Src/spi.c **** 
 165:Core/Src/spi.c ****   /* USER CODE END SPI1_MspDeInit 1 */
 166:Core/Src/spi.c ****   }
 167:Core/Src/spi.c ****   else if(spiHandle->Instance==SPI2)
 422              		.loc 1 167 8 is_stmt 1 view .LVU132
 423              		.loc 1 167 10 is_stmt 0 view .LVU133
 424 000a 0E4A     		ldr	r2, .L27+4
 425 000c 9342     		cmp	r3, r2
 426 000e 0BD0     		beq	.L26
 427              	.LVL15:
 428              	.L21:
 168:Core/Src/spi.c ****   {
 169:Core/Src/spi.c ****   /* USER CODE BEGIN SPI2_MspDeInit 0 */
 170:Core/Src/spi.c **** 
 171:Core/Src/spi.c ****   /* USER CODE END SPI2_MspDeInit 0 */
 172:Core/Src/spi.c ****     /* Peripheral clock disable */
 173:Core/Src/spi.c ****     __HAL_RCC_SPI2_CLK_DISABLE();
 174:Core/Src/spi.c **** 
 175:Core/Src/spi.c ****     /**SPI2 GPIO Configuration
 176:Core/Src/spi.c ****     PB13     ------> SPI2_SCK
 177:Core/Src/spi.c ****     PB14     ------> SPI2_MISO
 178:Core/Src/spi.c ****     PB15     ------> SPI2_MOSI
 179:Core/Src/spi.c ****     */
 180:Core/Src/spi.c ****     HAL_GPIO_DeInit(GPIOB, GPIO_PIN_13|GPIO_PIN_14|GPIO_PIN_15);
 181:Core/Src/spi.c **** 
 182:Core/Src/spi.c ****   /* USER CODE BEGIN SPI2_MspDeInit 1 */
 183:Core/Src/spi.c **** 
 184:Core/Src/spi.c ****   /* USER CODE END SPI2_MspDeInit 1 */
 185:Core/Src/spi.c ****   }
 186:Core/Src/spi.c **** }
 429              		.loc 1 186 1 view .LVU134
 430 0010 08BD     		pop	{r3, pc}
 431              	.LVL16:
 432              	.L25:
 154:Core/Src/spi.c **** 
 433              		.loc 1 154 5 is_stmt 1 view .LVU135
 434 0012 02F56042 		add	r2, r2, #57344
 435 0016 9369     		ldr	r3, [r2, #24]
 436 0018 23F48053 		bic	r3, r3, #4096
 437 001c 9361     		str	r3, [r2, #24]
 161:Core/Src/spi.c **** 
 438              		.loc 1 161 5 view .LVU136
 439 001e E021     		movs	r1, #224
 440 0020 0948     		ldr	r0, .L27+8
 441              	.LVL17:
 161:Core/Src/spi.c **** 
 442              		.loc 1 161 5 is_stmt 0 view .LVU137
 443 0022 FFF7FEFF 		bl	HAL_GPIO_DeInit
 444              	.LVL18:
 445 0026 F3E7     		b	.L21
 446              	.LVL19:
ARM GAS  C:\Users\84759\AppData\Local\Temp\ccGQa3AP.s 			page 13


 447              	.L26:
 173:Core/Src/spi.c **** 
 448              		.loc 1 173 5 is_stmt 1 view .LVU138
 449 0028 02F5EC32 		add	r2, r2, #120832
 450 002c D369     		ldr	r3, [r2, #28]
 451 002e 23F48043 		bic	r3, r3, #16384
 452 0032 D361     		str	r3, [r2, #28]
 180:Core/Src/spi.c **** 
 453              		.loc 1 180 5 view .LVU139
 454 0034 4FF46041 		mov	r1, #57344
 455 0038 0448     		ldr	r0, .L27+12
 456              	.LVL20:
 180:Core/Src/spi.c **** 
 457              		.loc 1 180 5 is_stmt 0 view .LVU140
 458 003a FFF7FEFF 		bl	HAL_GPIO_DeInit
 459              	.LVL21:
 460              		.loc 1 186 1 view .LVU141
 461 003e E7E7     		b	.L21
 462              	.L28:
 463              		.align	2
 464              	.L27:
 465 0040 00300140 		.word	1073819648
 466 0044 00380040 		.word	1073756160
 467 0048 00080140 		.word	1073809408
 468 004c 000C0140 		.word	1073810432
 469              		.cfi_endproc
 470              	.LFE71:
 472              		.section	.rodata.ResdFlashId.str1.4,"aMS",%progbits,1
 473              		.align	2
 474              	.LC0:
 475 0000 466C6173 		.ascii	"Flash ID: %02X %02X %02X\015\012\000"
 475      68204944 
 475      3A202530 
 475      32582025 
 475      30325820 
 476              		.section	.text.ResdFlashId,"ax",%progbits
 477              		.align	1
 478              		.global	ResdFlashId
 479              		.syntax unified
 480              		.thumb
 481              		.thumb_func
 483              	ResdFlashId:
 484              	.LFB72:
 187:Core/Src/spi.c **** 
 188:Core/Src/spi.c **** /* USER CODE BEGIN 1 */
 189:Core/Src/spi.c **** void ResdFlashId(void)
 190:Core/Src/spi.c **** {
 485              		.loc 1 190 1 is_stmt 1 view -0
 486              		.cfi_startproc
 487              		@ args = 0, pretend = 0, frame = 8
 488              		@ frame_needed = 0, uses_anonymous_args = 0
 489 0000 10B5     		push	{r4, lr}
 490              	.LCFI7:
 491              		.cfi_def_cfa_offset 8
 492              		.cfi_offset 4, -8
 493              		.cfi_offset 14, -4
 494 0002 84B0     		sub	sp, sp, #16
ARM GAS  C:\Users\84759\AppData\Local\Temp\ccGQa3AP.s 			page 14


 495              	.LCFI8:
 496              		.cfi_def_cfa_offset 24
 191:Core/Src/spi.c ****   uint8_t reg=0x9F;
 497              		.loc 1 191 3 view .LVU143
 498              		.loc 1 191 11 is_stmt 0 view .LVU144
 499 0004 9F23     		movs	r3, #159
 500 0006 8DF80F30 		strb	r3, [sp, #15]
 192:Core/Src/spi.c ****   uint8_t id[4]={0x00,0x00,0x00};
 501              		.loc 1 192 3 is_stmt 1 view .LVU145
 502              		.loc 1 192 11 is_stmt 0 view .LVU146
 503 000a 0022     		movs	r2, #0
 504 000c 0292     		str	r2, [sp, #8]
 193:Core/Src/spi.c ****   SPI1_CS_L;
 505              		.loc 1 193 3 is_stmt 1 view .LVU147
 506 000e 0F4C     		ldr	r4, .L31
 507 0010 1021     		movs	r1, #16
 508 0012 2046     		mov	r0, r4
 509 0014 FFF7FEFF 		bl	HAL_GPIO_WritePin
 510              	.LVL22:
 194:Core/Src/spi.c ****   HAL_SPI_TransmitReceive(&hspi1, &reg, id, 4, 1000);
 511              		.loc 1 194 3 view .LVU148
 512 0018 4FF47A73 		mov	r3, #1000
 513 001c 0093     		str	r3, [sp]
 514 001e 0423     		movs	r3, #4
 515 0020 02AA     		add	r2, sp, #8
 516 0022 0DF10F01 		add	r1, sp, #15
 517 0026 0A48     		ldr	r0, .L31+4
 518 0028 FFF7FEFF 		bl	HAL_SPI_TransmitReceive
 519              	.LVL23:
 195:Core/Src/spi.c ****   SPI1_CS_H;
 520              		.loc 1 195 3 view .LVU149
 521 002c 0122     		movs	r2, #1
 522 002e 1021     		movs	r1, #16
 523 0030 2046     		mov	r0, r4
 524 0032 FFF7FEFF 		bl	HAL_GPIO_WritePin
 525              	.LVL24:
 196:Core/Src/spi.c ****   UsbPrintf("Flash ID: %02X %02X %02X\r\n",  id[1], id[2], id[3]);
 526              		.loc 1 196 3 view .LVU150
 527 0036 9DF80B30 		ldrb	r3, [sp, #11]	@ zero_extendqisi2
 528 003a 9DF80A20 		ldrb	r2, [sp, #10]	@ zero_extendqisi2
 529 003e 9DF80910 		ldrb	r1, [sp, #9]	@ zero_extendqisi2
 530 0042 0448     		ldr	r0, .L31+8
 531 0044 FFF7FEFF 		bl	UsbPrintf
 532              	.LVL25:
 197:Core/Src/spi.c **** 
 198:Core/Src/spi.c **** }
 533              		.loc 1 198 1 is_stmt 0 view .LVU151
 534 0048 04B0     		add	sp, sp, #16
 535              	.LCFI9:
 536              		.cfi_def_cfa_offset 8
 537              		@ sp needed
 538 004a 10BD     		pop	{r4, pc}
 539              	.L32:
 540              		.align	2
 541              	.L31:
 542 004c 00080140 		.word	1073809408
 543 0050 00000000 		.word	.LANCHOR0
ARM GAS  C:\Users\84759\AppData\Local\Temp\ccGQa3AP.s 			page 15


 544 0054 00000000 		.word	.LC0
 545              		.cfi_endproc
 546              	.LFE72:
 548              		.section	.rodata.ResdRTC.str1.4,"aMS",%progbits,1
 549              		.align	2
 550              	.LC1:
 551 0000 72656420 		.ascii	"red \000"
 551      00
 552 0005 000000   		.align	2
 553              	.LC2:
 554 0008 20253032 		.ascii	" %02X\000"
 554      5800
 555 000e 0000     		.align	2
 556              	.LC3:
 557 0010 0D0A2000 		.ascii	"\015\012 \000"
 558              		.section	.text.ResdRTC,"ax",%progbits
 559              		.align	1
 560              		.global	ResdRTC
 561              		.syntax unified
 562              		.thumb
 563              		.thumb_func
 565              	ResdRTC:
 566              	.LFB73:
 199:Core/Src/spi.c **** void ResdRTC(void)
 200:Core/Src/spi.c **** {
 567              		.loc 1 200 1 is_stmt 1 view -0
 568              		.cfi_startproc
 569              		@ args = 0, pretend = 0, frame = 16
 570              		@ frame_needed = 0, uses_anonymous_args = 0
 571 0000 70B5     		push	{r4, r5, r6, lr}
 572              	.LCFI10:
 573              		.cfi_def_cfa_offset 16
 574              		.cfi_offset 4, -16
 575              		.cfi_offset 5, -12
 576              		.cfi_offset 6, -8
 577              		.cfi_offset 14, -4
 578 0002 84B0     		sub	sp, sp, #16
 579              	.LCFI11:
 580              		.cfi_def_cfa_offset 32
 201:Core/Src/spi.c ****   uint8_t reg=0xB8,i=0;
 581              		.loc 1 201 3 view .LVU153
 582              		.loc 1 201 11 is_stmt 0 view .LVU154
 583 0004 B823     		movs	r3, #184
 584 0006 8DF80F30 		strb	r3, [sp, #15]
 585              	.LVL26:
 202:Core/Src/spi.c ****   uint8_t id[9]={0x00,0x00,0x00};
 586              		.loc 1 202 3 is_stmt 1 view .LVU155
 587              		.loc 1 202 11 is_stmt 0 view .LVU156
 588 000a 0024     		movs	r4, #0
 589 000c 0194     		str	r4, [sp, #4]
 590 000e 0294     		str	r4, [sp, #8]
 591 0010 8DF80C40 		strb	r4, [sp, #12]
 203:Core/Src/spi.c ****   //25 07 29 30 24 26 82 66
 204:Core/Src/spi.c ****   SPI2_CS_H;
 592              		.loc 1 204 3 is_stmt 1 view .LVU157
 593 0014 184D     		ldr	r5, .L37
 594 0016 0122     		movs	r2, #1
ARM GAS  C:\Users\84759\AppData\Local\Temp\ccGQa3AP.s 			page 16


 595 0018 4FF48051 		mov	r1, #4096
 596 001c 2846     		mov	r0, r5
 597 001e FFF7FEFF 		bl	HAL_GPIO_WritePin
 598              	.LVL27:
 205:Core/Src/spi.c ****   //HAL_SPI_TransmitReceive(&hspi2, &reg, id, 8, 1000);
 206:Core/Src/spi.c ****   HAL_SPI_Transmit(&hspi2, &reg, 1 ,1000);
 599              		.loc 1 206 3 view .LVU158
 600 0022 164E     		ldr	r6, .L37+4
 601 0024 4FF47A73 		mov	r3, #1000
 602 0028 0122     		movs	r2, #1
 603 002a 0DF10F01 		add	r1, sp, #15
 604 002e 3046     		mov	r0, r6
 605 0030 FFF7FEFF 		bl	HAL_SPI_Transmit
 606              	.LVL28:
 207:Core/Src/spi.c ****   HAL_SPI_Receive(&hspi2, id, 8 ,1000);
 607              		.loc 1 207 3 view .LVU159
 608 0034 4FF47A73 		mov	r3, #1000
 609 0038 0822     		movs	r2, #8
 610 003a 01A9     		add	r1, sp, #4
 611 003c 3046     		mov	r0, r6
 612 003e FFF7FEFF 		bl	HAL_SPI_Receive
 613              	.LVL29:
 208:Core/Src/spi.c ****   SPI2_CS_L;
 614              		.loc 1 208 3 view .LVU160
 615 0042 2246     		mov	r2, r4
 616 0044 4FF48051 		mov	r1, #4096
 617 0048 2846     		mov	r0, r5
 618 004a FFF7FEFF 		bl	HAL_GPIO_WritePin
 619              	.LVL30:
 209:Core/Src/spi.c ****   UsbPrintf("red ");
 620              		.loc 1 209 3 view .LVU161
 621 004e 0C48     		ldr	r0, .L37+8
 622 0050 FFF7FEFF 		bl	UsbPrintf
 623              	.LVL31:
 210:Core/Src/spi.c ****   for (i=0;i<8;i++)
 624              		.loc 1 210 3 view .LVU162
 625              		.loc 1 210 3 is_stmt 0 view .LVU163
 626 0054 09E0     		b	.L34
 627              	.LVL32:
 628              	.L35:
 211:Core/Src/spi.c ****   {
 212:Core/Src/spi.c ****     UsbPrintf(" %02X", id[i]);
 629              		.loc 1 212 5 is_stmt 1 discriminator 3 view .LVU164
 630              		.loc 1 212 26 is_stmt 0 discriminator 3 view .LVU165
 631 0056 04F11003 		add	r3, r4, #16
 632 005a 6B44     		add	r3, sp, r3
 633              		.loc 1 212 5 discriminator 3 view .LVU166
 634 005c 13F80C1C 		ldrb	r1, [r3, #-12]	@ zero_extendqisi2
 635 0060 0848     		ldr	r0, .L37+12
 636 0062 FFF7FEFF 		bl	UsbPrintf
 637              	.LVL33:
 210:Core/Src/spi.c ****   for (i=0;i<8;i++)
 638              		.loc 1 210 16 is_stmt 1 discriminator 3 view .LVU167
 210:Core/Src/spi.c ****   for (i=0;i<8;i++)
 639              		.loc 1 210 17 is_stmt 0 discriminator 3 view .LVU168
 640 0066 0134     		adds	r4, r4, #1
 641              	.LVL34:
ARM GAS  C:\Users\84759\AppData\Local\Temp\ccGQa3AP.s 			page 17


 210:Core/Src/spi.c ****   for (i=0;i<8;i++)
 642              		.loc 1 210 17 discriminator 3 view .LVU169
 643 0068 E4B2     		uxtb	r4, r4
 644              	.LVL35:
 645              	.L34:
 210:Core/Src/spi.c ****   for (i=0;i<8;i++)
 646              		.loc 1 210 12 is_stmt 1 discriminator 1 view .LVU170
 210:Core/Src/spi.c ****   for (i=0;i<8;i++)
 647              		.loc 1 210 3 is_stmt 0 discriminator 1 view .LVU171
 648 006a 072C     		cmp	r4, #7
 649 006c F3D9     		bls	.L35
 213:Core/Src/spi.c ****   }
 214:Core/Src/spi.c ****   UsbPrintf("\r\n ");
 650              		.loc 1 214 3 is_stmt 1 view .LVU172
 651 006e 0648     		ldr	r0, .L37+16
 652 0070 FFF7FEFF 		bl	UsbPrintf
 653              	.LVL36:
 215:Core/Src/spi.c ****   
 216:Core/Src/spi.c ****   
 217:Core/Src/spi.c **** }
 654              		.loc 1 217 1 is_stmt 0 view .LVU173
 655 0074 04B0     		add	sp, sp, #16
 656              	.LCFI12:
 657              		.cfi_def_cfa_offset 16
 658              		@ sp needed
 659 0076 70BD     		pop	{r4, r5, r6, pc}
 660              	.LVL37:
 661              	.L38:
 662              		.loc 1 217 1 view .LVU174
 663              		.align	2
 664              	.L37:
 665 0078 000C0140 		.word	1073810432
 666 007c 00000000 		.word	.LANCHOR1
 667 0080 00000000 		.word	.LC1
 668 0084 08000000 		.word	.LC2
 669 0088 10000000 		.word	.LC3
 670              		.cfi_endproc
 671              	.LFE73:
 673              		.global	hspi2
 674              		.global	hspi1
 675              		.section	.bss.hspi1,"aw",%nobits
 676              		.align	2
 677              		.set	.LANCHOR0,. + 0
 680              	hspi1:
 681 0000 00000000 		.space	88
 681      00000000 
 681      00000000 
 681      00000000 
 681      00000000 
 682              		.section	.bss.hspi2,"aw",%nobits
 683              		.align	2
 684              		.set	.LANCHOR1,. + 0
 687              	hspi2:
 688 0000 00000000 		.space	88
 688      00000000 
 688      00000000 
 688      00000000 
ARM GAS  C:\Users\84759\AppData\Local\Temp\ccGQa3AP.s 			page 18


 688      00000000 
 689              		.text
 690              	.Letext0:
 691              		.file 2 "d:\\mingw\\gcc-arm-none-eabi-10.3-2021.10-win32\\gcc-arm-none-eabi-10.3-2021.10\\arm-none
 692              		.file 3 "d:\\mingw\\gcc-arm-none-eabi-10.3-2021.10-win32\\gcc-arm-none-eabi-10.3-2021.10\\arm-none
 693              		.file 4 "Drivers/CMSIS/Device/ST/STM32F1xx/Include/stm32f103xe.h"
 694              		.file 5 "Drivers/STM32F1xx_HAL_Driver/Inc/stm32f1xx_hal_def.h"
 695              		.file 6 "Drivers/STM32F1xx_HAL_Driver/Inc/stm32f1xx_hal_gpio.h"
 696              		.file 7 "Drivers/STM32F1xx_HAL_Driver/Inc/stm32f1xx_hal_dma.h"
 697              		.file 8 "Drivers/STM32F1xx_HAL_Driver/Inc/stm32f1xx_hal_spi.h"
 698              		.file 9 "User/Inc/multi_button.h"
 699              		.file 10 "Core/Inc/spi.h"
 700              		.file 11 "User/Inc/command.h"
 701              		.file 12 "Core/Inc/main.h"
ARM GAS  C:\Users\84759\AppData\Local\Temp\ccGQa3AP.s 			page 19


DEFINED SYMBOLS
                            *ABS*:00000000 spi.c
C:\Users\84759\AppData\Local\Temp\ccGQa3AP.s:18     .text.MX_SPI1_Init:00000000 $t
C:\Users\84759\AppData\Local\Temp\ccGQa3AP.s:24     .text.MX_SPI1_Init:00000000 MX_SPI1_Init
C:\Users\84759\AppData\Local\Temp\ccGQa3AP.s:99     .text.MX_SPI1_Init:00000040 $d
C:\Users\84759\AppData\Local\Temp\ccGQa3AP.s:105    .text.MX_SPI2_Init:00000000 $t
C:\Users\84759\AppData\Local\Temp\ccGQa3AP.s:111    .text.MX_SPI2_Init:00000000 MX_SPI2_Init
C:\Users\84759\AppData\Local\Temp\ccGQa3AP.s:185    .text.MX_SPI2_Init:00000040 $d
C:\Users\84759\AppData\Local\Temp\ccGQa3AP.s:191    .text.HAL_SPI_MspInit:00000000 $t
C:\Users\84759\AppData\Local\Temp\ccGQa3AP.s:197    .text.HAL_SPI_MspInit:00000000 HAL_SPI_MspInit
C:\Users\84759\AppData\Local\Temp\ccGQa3AP.s:387    .text.HAL_SPI_MspInit:000000c4 $d
C:\Users\84759\AppData\Local\Temp\ccGQa3AP.s:396    .text.HAL_SPI_MspDeInit:00000000 $t
C:\Users\84759\AppData\Local\Temp\ccGQa3AP.s:402    .text.HAL_SPI_MspDeInit:00000000 HAL_SPI_MspDeInit
C:\Users\84759\AppData\Local\Temp\ccGQa3AP.s:465    .text.HAL_SPI_MspDeInit:00000040 $d
C:\Users\84759\AppData\Local\Temp\ccGQa3AP.s:473    .rodata.ResdFlashId.str1.4:00000000 $d
C:\Users\84759\AppData\Local\Temp\ccGQa3AP.s:477    .text.ResdFlashId:00000000 $t
C:\Users\84759\AppData\Local\Temp\ccGQa3AP.s:483    .text.ResdFlashId:00000000 ResdFlashId
C:\Users\84759\AppData\Local\Temp\ccGQa3AP.s:542    .text.ResdFlashId:0000004c $d
C:\Users\84759\AppData\Local\Temp\ccGQa3AP.s:549    .rodata.ResdRTC.str1.4:00000000 $d
C:\Users\84759\AppData\Local\Temp\ccGQa3AP.s:559    .text.ResdRTC:00000000 $t
C:\Users\84759\AppData\Local\Temp\ccGQa3AP.s:565    .text.ResdRTC:00000000 ResdRTC
C:\Users\84759\AppData\Local\Temp\ccGQa3AP.s:665    .text.ResdRTC:00000078 $d
C:\Users\84759\AppData\Local\Temp\ccGQa3AP.s:687    .bss.hspi2:00000000 hspi2
C:\Users\84759\AppData\Local\Temp\ccGQa3AP.s:680    .bss.hspi1:00000000 hspi1
C:\Users\84759\AppData\Local\Temp\ccGQa3AP.s:676    .bss.hspi1:00000000 $d
C:\Users\84759\AppData\Local\Temp\ccGQa3AP.s:683    .bss.hspi2:00000000 $d

UNDEFINED SYMBOLS
HAL_SPI_Init
Error_Handler
HAL_GPIO_Init
HAL_GPIO_DeInit
HAL_GPIO_WritePin
HAL_SPI_TransmitReceive
UsbPrintf
HAL_SPI_Transmit
HAL_SPI_Receive
