ARM GAS  C:\Users\84759\AppData\Local\Temp\ccaUkmsH.s 			page 1


   1              		.cpu cortex-m3
   2              		.arch armv7-m
   3              		.fpu softvfp
   4              		.eabi_attribute 20, 1
   5              		.eabi_attribute 21, 1
   6              		.eabi_attribute 23, 3
   7              		.eabi_attribute 24, 1
   8              		.eabi_attribute 25, 1
   9              		.eabi_attribute 26, 1
  10              		.eabi_attribute 30, 1
  11              		.eabi_attribute 34, 1
  12              		.eabi_attribute 18, 4
  13              		.file	"tim.c"
  14              		.text
  15              	.Ltext0:
  16              		.cfi_sections	.debug_frame
  17              		.section	.text.MX_TIM2_Init,"ax",%progbits
  18              		.align	1
  19              		.global	MX_TIM2_Init
  20              		.syntax unified
  21              		.thumb
  22              		.thumb_func
  24              	MX_TIM2_Init:
  25              	.LFB68:
  26              		.file 1 "Core/Src/tim.c"
   1:Core/Src/tim.c **** /* USER CODE BEGIN Header */
   2:Core/Src/tim.c **** /**
   3:Core/Src/tim.c ****   ******************************************************************************
   4:Core/Src/tim.c ****   * @file    tim.c
   5:Core/Src/tim.c ****   * @brief   This file provides code for the configuration
   6:Core/Src/tim.c ****   *          of the TIM instances.
   7:Core/Src/tim.c ****   ******************************************************************************
   8:Core/Src/tim.c ****   * @attention
   9:Core/Src/tim.c ****   *
  10:Core/Src/tim.c ****   * Copyright (c) 2025 STMicroelectronics.
  11:Core/Src/tim.c ****   * All rights reserved.
  12:Core/Src/tim.c ****   *
  13:Core/Src/tim.c ****   * This software is licensed under terms that can be found in the LICENSE file
  14:Core/Src/tim.c ****   * in the root directory of this software component.
  15:Core/Src/tim.c ****   * If no LICENSE file comes with this software, it is provided AS-IS.
  16:Core/Src/tim.c ****   *
  17:Core/Src/tim.c ****   ******************************************************************************
  18:Core/Src/tim.c ****   */
  19:Core/Src/tim.c **** /* USER CODE END Header */
  20:Core/Src/tim.c **** /* Includes ------------------------------------------------------------------*/
  21:Core/Src/tim.c **** #include "tim.h"
  22:Core/Src/tim.c **** 
  23:Core/Src/tim.c **** /* USER CODE BEGIN 0 */
  24:Core/Src/tim.c **** 
  25:Core/Src/tim.c **** /* USER CODE END 0 */
  26:Core/Src/tim.c **** 
  27:Core/Src/tim.c **** TIM_HandleTypeDef htim2;
  28:Core/Src/tim.c **** TIM_HandleTypeDef htim3;
  29:Core/Src/tim.c **** 
  30:Core/Src/tim.c **** /* TIM2 init function */
  31:Core/Src/tim.c **** void MX_TIM2_Init(void)
  32:Core/Src/tim.c **** {
ARM GAS  C:\Users\84759\AppData\Local\Temp\ccaUkmsH.s 			page 2


  27              		.loc 1 32 1 view -0
  28              		.cfi_startproc
  29              		@ args = 0, pretend = 0, frame = 24
  30              		@ frame_needed = 0, uses_anonymous_args = 0
  31 0000 00B5     		push	{lr}
  32              	.LCFI0:
  33              		.cfi_def_cfa_offset 4
  34              		.cfi_offset 14, -4
  35 0002 87B0     		sub	sp, sp, #28
  36              	.LCFI1:
  37              		.cfi_def_cfa_offset 32
  33:Core/Src/tim.c **** 
  34:Core/Src/tim.c ****   /* USER CODE BEGIN TIM2_Init 0 */
  35:Core/Src/tim.c **** 
  36:Core/Src/tim.c ****   /* USER CODE END TIM2_Init 0 */
  37:Core/Src/tim.c **** 
  38:Core/Src/tim.c ****   TIM_ClockConfigTypeDef sClockSourceConfig = {0};
  38              		.loc 1 38 3 view .LVU1
  39              		.loc 1 38 26 is_stmt 0 view .LVU2
  40 0004 0023     		movs	r3, #0
  41 0006 0293     		str	r3, [sp, #8]
  42 0008 0393     		str	r3, [sp, #12]
  43 000a 0493     		str	r3, [sp, #16]
  44 000c 0593     		str	r3, [sp, #20]
  39:Core/Src/tim.c ****   TIM_MasterConfigTypeDef sMasterConfig = {0};
  45              		.loc 1 39 3 is_stmt 1 view .LVU3
  46              		.loc 1 39 27 is_stmt 0 view .LVU4
  47 000e 0093     		str	r3, [sp]
  48 0010 0193     		str	r3, [sp, #4]
  40:Core/Src/tim.c **** 
  41:Core/Src/tim.c ****   /* USER CODE BEGIN TIM2_Init 1 */
  42:Core/Src/tim.c **** 
  43:Core/Src/tim.c ****   /* USER CODE END TIM2_Init 1 */
  44:Core/Src/tim.c ****   htim2.Instance = TIM2;
  49              		.loc 1 44 3 is_stmt 1 view .LVU5
  50              		.loc 1 44 18 is_stmt 0 view .LVU6
  51 0012 1648     		ldr	r0, .L9
  52 0014 4FF08042 		mov	r2, #1073741824
  53 0018 0260     		str	r2, [r0]
  45:Core/Src/tim.c ****   htim2.Init.Prescaler = 7200-1;
  54              		.loc 1 45 3 is_stmt 1 view .LVU7
  55              		.loc 1 45 24 is_stmt 0 view .LVU8
  56 001a 41F61F42 		movw	r2, #7199
  57 001e 4260     		str	r2, [r0, #4]
  46:Core/Src/tim.c ****   htim2.Init.CounterMode = TIM_COUNTERMODE_UP;
  58              		.loc 1 46 3 is_stmt 1 view .LVU9
  59              		.loc 1 46 26 is_stmt 0 view .LVU10
  60 0020 8360     		str	r3, [r0, #8]
  47:Core/Src/tim.c ****   htim2.Init.Period = 50-1;
  61              		.loc 1 47 3 is_stmt 1 view .LVU11
  62              		.loc 1 47 21 is_stmt 0 view .LVU12
  63 0022 3122     		movs	r2, #49
  64 0024 C260     		str	r2, [r0, #12]
  48:Core/Src/tim.c ****   htim2.Init.ClockDivision = TIM_CLOCKDIVISION_DIV1;
  65              		.loc 1 48 3 is_stmt 1 view .LVU13
  66              		.loc 1 48 28 is_stmt 0 view .LVU14
  67 0026 0361     		str	r3, [r0, #16]
ARM GAS  C:\Users\84759\AppData\Local\Temp\ccaUkmsH.s 			page 3


  49:Core/Src/tim.c ****   htim2.Init.AutoReloadPreload = TIM_AUTORELOAD_PRELOAD_ENABLE;
  68              		.loc 1 49 3 is_stmt 1 view .LVU15
  69              		.loc 1 49 32 is_stmt 0 view .LVU16
  70 0028 8023     		movs	r3, #128
  71 002a 8361     		str	r3, [r0, #24]
  50:Core/Src/tim.c ****   if (HAL_TIM_Base_Init(&htim2) != HAL_OK)
  72              		.loc 1 50 3 is_stmt 1 view .LVU17
  73              		.loc 1 50 7 is_stmt 0 view .LVU18
  74 002c FFF7FEFF 		bl	HAL_TIM_Base_Init
  75              	.LVL0:
  76              		.loc 1 50 6 view .LVU19
  77 0030 90B9     		cbnz	r0, .L6
  78              	.L2:
  51:Core/Src/tim.c ****   {
  52:Core/Src/tim.c ****     Error_Handler();
  53:Core/Src/tim.c ****   }
  54:Core/Src/tim.c ****   sClockSourceConfig.ClockSource = TIM_CLOCKSOURCE_INTERNAL;
  79              		.loc 1 54 3 is_stmt 1 view .LVU20
  80              		.loc 1 54 34 is_stmt 0 view .LVU21
  81 0032 4FF48053 		mov	r3, #4096
  82 0036 0293     		str	r3, [sp, #8]
  55:Core/Src/tim.c ****   if (HAL_TIM_ConfigClockSource(&htim2, &sClockSourceConfig) != HAL_OK)
  83              		.loc 1 55 3 is_stmt 1 view .LVU22
  84              		.loc 1 55 7 is_stmt 0 view .LVU23
  85 0038 02A9     		add	r1, sp, #8
  86 003a 0C48     		ldr	r0, .L9
  87 003c FFF7FEFF 		bl	HAL_TIM_ConfigClockSource
  88              	.LVL1:
  89              		.loc 1 55 6 view .LVU24
  90 0040 68B9     		cbnz	r0, .L7
  91              	.L3:
  56:Core/Src/tim.c ****   {
  57:Core/Src/tim.c ****     Error_Handler();
  58:Core/Src/tim.c ****   }
  59:Core/Src/tim.c ****   sMasterConfig.MasterOutputTrigger = TIM_TRGO_RESET;
  92              		.loc 1 59 3 is_stmt 1 view .LVU25
  93              		.loc 1 59 37 is_stmt 0 view .LVU26
  94 0042 0023     		movs	r3, #0
  95 0044 0093     		str	r3, [sp]
  60:Core/Src/tim.c ****   sMasterConfig.MasterSlaveMode = TIM_MASTERSLAVEMODE_DISABLE;
  96              		.loc 1 60 3 is_stmt 1 view .LVU27
  97              		.loc 1 60 33 is_stmt 0 view .LVU28
  98 0046 0193     		str	r3, [sp, #4]
  61:Core/Src/tim.c ****   if (HAL_TIMEx_MasterConfigSynchronization(&htim2, &sMasterConfig) != HAL_OK)
  99              		.loc 1 61 3 is_stmt 1 view .LVU29
 100              		.loc 1 61 7 is_stmt 0 view .LVU30
 101 0048 6946     		mov	r1, sp
 102 004a 0848     		ldr	r0, .L9
 103 004c FFF7FEFF 		bl	HAL_TIMEx_MasterConfigSynchronization
 104              	.LVL2:
 105              		.loc 1 61 6 view .LVU31
 106 0050 40B9     		cbnz	r0, .L8
 107              	.L1:
  62:Core/Src/tim.c ****   {
  63:Core/Src/tim.c ****     Error_Handler();
  64:Core/Src/tim.c ****   }
  65:Core/Src/tim.c ****   /* USER CODE BEGIN TIM2_Init 2 */
ARM GAS  C:\Users\84759\AppData\Local\Temp\ccaUkmsH.s 			page 4


  66:Core/Src/tim.c **** 
  67:Core/Src/tim.c ****   /* USER CODE END TIM2_Init 2 */
  68:Core/Src/tim.c **** 
  69:Core/Src/tim.c **** }
 108              		.loc 1 69 1 view .LVU32
 109 0052 07B0     		add	sp, sp, #28
 110              	.LCFI2:
 111              		.cfi_remember_state
 112              		.cfi_def_cfa_offset 4
 113              		@ sp needed
 114 0054 5DF804FB 		ldr	pc, [sp], #4
 115              	.L6:
 116              	.LCFI3:
 117              		.cfi_restore_state
  52:Core/Src/tim.c ****   }
 118              		.loc 1 52 5 is_stmt 1 view .LVU33
 119 0058 FFF7FEFF 		bl	Error_Handler
 120              	.LVL3:
 121 005c E9E7     		b	.L2
 122              	.L7:
  57:Core/Src/tim.c ****   }
 123              		.loc 1 57 5 view .LVU34
 124 005e FFF7FEFF 		bl	Error_Handler
 125              	.LVL4:
 126 0062 EEE7     		b	.L3
 127              	.L8:
  63:Core/Src/tim.c ****   }
 128              		.loc 1 63 5 view .LVU35
 129 0064 FFF7FEFF 		bl	Error_Handler
 130              	.LVL5:
 131              		.loc 1 69 1 is_stmt 0 view .LVU36
 132 0068 F3E7     		b	.L1
 133              	.L10:
 134 006a 00BF     		.align	2
 135              	.L9:
 136 006c 00000000 		.word	.LANCHOR0
 137              		.cfi_endproc
 138              	.LFE68:
 140              		.section	.text.MX_TIM3_Init,"ax",%progbits
 141              		.align	1
 142              		.global	MX_TIM3_Init
 143              		.syntax unified
 144              		.thumb
 145              		.thumb_func
 147              	MX_TIM3_Init:
 148              	.LFB69:
  70:Core/Src/tim.c **** /* TIM3 init function */
  71:Core/Src/tim.c **** void MX_TIM3_Init(void)
  72:Core/Src/tim.c **** {
 149              		.loc 1 72 1 is_stmt 1 view -0
 150              		.cfi_startproc
 151              		@ args = 0, pretend = 0, frame = 40
 152              		@ frame_needed = 0, uses_anonymous_args = 0
 153 0000 00B5     		push	{lr}
 154              	.LCFI4:
 155              		.cfi_def_cfa_offset 4
 156              		.cfi_offset 14, -4
ARM GAS  C:\Users\84759\AppData\Local\Temp\ccaUkmsH.s 			page 5


 157 0002 8BB0     		sub	sp, sp, #44
 158              	.LCFI5:
 159              		.cfi_def_cfa_offset 48
  73:Core/Src/tim.c **** 
  74:Core/Src/tim.c ****   /* USER CODE BEGIN TIM3_Init 0 */
  75:Core/Src/tim.c **** 
  76:Core/Src/tim.c ****   /* USER CODE END TIM3_Init 0 */
  77:Core/Src/tim.c **** 
  78:Core/Src/tim.c ****   TIM_ClockConfigTypeDef sClockSourceConfig = {0};
 160              		.loc 1 78 3 view .LVU38
 161              		.loc 1 78 26 is_stmt 0 view .LVU39
 162 0004 0023     		movs	r3, #0
 163 0006 0693     		str	r3, [sp, #24]
 164 0008 0793     		str	r3, [sp, #28]
 165 000a 0893     		str	r3, [sp, #32]
 166 000c 0993     		str	r3, [sp, #36]
  79:Core/Src/tim.c ****   TIM_MasterConfigTypeDef sMasterConfig = {0};
 167              		.loc 1 79 3 is_stmt 1 view .LVU40
 168              		.loc 1 79 27 is_stmt 0 view .LVU41
 169 000e 0493     		str	r3, [sp, #16]
 170 0010 0593     		str	r3, [sp, #20]
  80:Core/Src/tim.c ****   TIM_IC_InitTypeDef sConfigIC = {0};
 171              		.loc 1 80 3 is_stmt 1 view .LVU42
 172              		.loc 1 80 22 is_stmt 0 view .LVU43
 173 0012 0093     		str	r3, [sp]
 174 0014 0193     		str	r3, [sp, #4]
 175 0016 0293     		str	r3, [sp, #8]
 176 0018 0393     		str	r3, [sp, #12]
  81:Core/Src/tim.c **** 
  82:Core/Src/tim.c ****   /* USER CODE BEGIN TIM3_Init 1 */
  83:Core/Src/tim.c **** 
  84:Core/Src/tim.c ****   /* USER CODE END TIM3_Init 1 */
  85:Core/Src/tim.c ****   htim3.Instance = TIM3;
 177              		.loc 1 85 3 is_stmt 1 view .LVU44
 178              		.loc 1 85 18 is_stmt 0 view .LVU45
 179 001a 2148     		ldr	r0, .L23
 180 001c 214A     		ldr	r2, .L23+4
 181 001e 0260     		str	r2, [r0]
  86:Core/Src/tim.c ****   htim3.Init.Prescaler = 7200-1;
 182              		.loc 1 86 3 is_stmt 1 view .LVU46
 183              		.loc 1 86 24 is_stmt 0 view .LVU47
 184 0020 41F61F42 		movw	r2, #7199
 185 0024 4260     		str	r2, [r0, #4]
  87:Core/Src/tim.c ****   htim3.Init.CounterMode = TIM_COUNTERMODE_UP;
 186              		.loc 1 87 3 is_stmt 1 view .LVU48
 187              		.loc 1 87 26 is_stmt 0 view .LVU49
 188 0026 8360     		str	r3, [r0, #8]
  88:Core/Src/tim.c ****   htim3.Init.Period = 10000-1;
 189              		.loc 1 88 3 is_stmt 1 view .LVU50
 190              		.loc 1 88 21 is_stmt 0 view .LVU51
 191 0028 42F20F72 		movw	r2, #9999
 192 002c C260     		str	r2, [r0, #12]
  89:Core/Src/tim.c ****   htim3.Init.ClockDivision = TIM_CLOCKDIVISION_DIV1;
 193              		.loc 1 89 3 is_stmt 1 view .LVU52
 194              		.loc 1 89 28 is_stmt 0 view .LVU53
 195 002e 0361     		str	r3, [r0, #16]
  90:Core/Src/tim.c ****   htim3.Init.AutoReloadPreload = TIM_AUTORELOAD_PRELOAD_ENABLE;
ARM GAS  C:\Users\84759\AppData\Local\Temp\ccaUkmsH.s 			page 6


 196              		.loc 1 90 3 is_stmt 1 view .LVU54
 197              		.loc 1 90 32 is_stmt 0 view .LVU55
 198 0030 8023     		movs	r3, #128
 199 0032 8361     		str	r3, [r0, #24]
  91:Core/Src/tim.c ****   if (HAL_TIM_Base_Init(&htim3) != HAL_OK)
 200              		.loc 1 91 3 is_stmt 1 view .LVU56
 201              		.loc 1 91 7 is_stmt 0 view .LVU57
 202 0034 FFF7FEFF 		bl	HAL_TIM_Base_Init
 203              	.LVL6:
 204              		.loc 1 91 6 view .LVU58
 205 0038 18BB     		cbnz	r0, .L18
 206              	.L12:
  92:Core/Src/tim.c ****   {
  93:Core/Src/tim.c ****     Error_Handler();
  94:Core/Src/tim.c ****   }
  95:Core/Src/tim.c ****   sClockSourceConfig.ClockSource = TIM_CLOCKSOURCE_INTERNAL;
 207              		.loc 1 95 3 is_stmt 1 view .LVU59
 208              		.loc 1 95 34 is_stmt 0 view .LVU60
 209 003a 4FF48053 		mov	r3, #4096
 210 003e 0693     		str	r3, [sp, #24]
  96:Core/Src/tim.c ****   if (HAL_TIM_ConfigClockSource(&htim3, &sClockSourceConfig) != HAL_OK)
 211              		.loc 1 96 3 is_stmt 1 view .LVU61
 212              		.loc 1 96 7 is_stmt 0 view .LVU62
 213 0040 06A9     		add	r1, sp, #24
 214 0042 1748     		ldr	r0, .L23
 215 0044 FFF7FEFF 		bl	HAL_TIM_ConfigClockSource
 216              	.LVL7:
 217              		.loc 1 96 6 view .LVU63
 218 0048 F0B9     		cbnz	r0, .L19
 219              	.L13:
  97:Core/Src/tim.c ****   {
  98:Core/Src/tim.c ****     Error_Handler();
  99:Core/Src/tim.c ****   }
 100:Core/Src/tim.c ****   if (HAL_TIM_IC_Init(&htim3) != HAL_OK)
 220              		.loc 1 100 3 is_stmt 1 view .LVU64
 221              		.loc 1 100 7 is_stmt 0 view .LVU65
 222 004a 1548     		ldr	r0, .L23
 223 004c FFF7FEFF 		bl	HAL_TIM_IC_Init
 224              	.LVL8:
 225              		.loc 1 100 6 view .LVU66
 226 0050 E8B9     		cbnz	r0, .L20
 227              	.L14:
 101:Core/Src/tim.c ****   {
 102:Core/Src/tim.c ****     Error_Handler();
 103:Core/Src/tim.c ****   }
 104:Core/Src/tim.c ****   sMasterConfig.MasterOutputTrigger = TIM_TRGO_RESET;
 228              		.loc 1 104 3 is_stmt 1 view .LVU67
 229              		.loc 1 104 37 is_stmt 0 view .LVU68
 230 0052 0023     		movs	r3, #0
 231 0054 0493     		str	r3, [sp, #16]
 105:Core/Src/tim.c ****   sMasterConfig.MasterSlaveMode = TIM_MASTERSLAVEMODE_DISABLE;
 232              		.loc 1 105 3 is_stmt 1 view .LVU69
 233              		.loc 1 105 33 is_stmt 0 view .LVU70
 234 0056 0593     		str	r3, [sp, #20]
 106:Core/Src/tim.c ****   if (HAL_TIMEx_MasterConfigSynchronization(&htim3, &sMasterConfig) != HAL_OK)
 235              		.loc 1 106 3 is_stmt 1 view .LVU71
 236              		.loc 1 106 7 is_stmt 0 view .LVU72
ARM GAS  C:\Users\84759\AppData\Local\Temp\ccaUkmsH.s 			page 7


 237 0058 04A9     		add	r1, sp, #16
 238 005a 1148     		ldr	r0, .L23
 239 005c FFF7FEFF 		bl	HAL_TIMEx_MasterConfigSynchronization
 240              	.LVL9:
 241              		.loc 1 106 6 view .LVU73
 242 0060 C0B9     		cbnz	r0, .L21
 243              	.L15:
 107:Core/Src/tim.c ****   {
 108:Core/Src/tim.c ****     Error_Handler();
 109:Core/Src/tim.c ****   }
 110:Core/Src/tim.c ****   sConfigIC.ICPolarity = TIM_INPUTCHANNELPOLARITY_FALLING;
 244              		.loc 1 110 3 is_stmt 1 view .LVU74
 245              		.loc 1 110 24 is_stmt 0 view .LVU75
 246 0062 0223     		movs	r3, #2
 247 0064 0093     		str	r3, [sp]
 111:Core/Src/tim.c ****   sConfigIC.ICSelection = TIM_ICSELECTION_DIRECTTI;
 248              		.loc 1 111 3 is_stmt 1 view .LVU76
 249              		.loc 1 111 25 is_stmt 0 view .LVU77
 250 0066 0123     		movs	r3, #1
 251 0068 0193     		str	r3, [sp, #4]
 112:Core/Src/tim.c ****   sConfigIC.ICPrescaler = TIM_ICPSC_DIV1;
 252              		.loc 1 112 3 is_stmt 1 view .LVU78
 253              		.loc 1 112 25 is_stmt 0 view .LVU79
 254 006a 0022     		movs	r2, #0
 255 006c 0292     		str	r2, [sp, #8]
 113:Core/Src/tim.c ****   sConfigIC.ICFilter = 15;
 256              		.loc 1 113 3 is_stmt 1 view .LVU80
 257              		.loc 1 113 22 is_stmt 0 view .LVU81
 258 006e 0F23     		movs	r3, #15
 259 0070 0393     		str	r3, [sp, #12]
 114:Core/Src/tim.c ****   if (HAL_TIM_IC_ConfigChannel(&htim3, &sConfigIC, TIM_CHANNEL_1) != HAL_OK)
 260              		.loc 1 114 3 is_stmt 1 view .LVU82
 261              		.loc 1 114 7 is_stmt 0 view .LVU83
 262 0072 6946     		mov	r1, sp
 263 0074 0A48     		ldr	r0, .L23
 264 0076 FFF7FEFF 		bl	HAL_TIM_IC_ConfigChannel
 265              	.LVL10:
 266              		.loc 1 114 6 view .LVU84
 267 007a 70B9     		cbnz	r0, .L22
 268              	.L11:
 115:Core/Src/tim.c ****   {
 116:Core/Src/tim.c ****     Error_Handler();
 117:Core/Src/tim.c ****   }
 118:Core/Src/tim.c ****   /* USER CODE BEGIN TIM3_Init 2 */
 119:Core/Src/tim.c **** 
 120:Core/Src/tim.c ****   /* USER CODE END TIM3_Init 2 */
 121:Core/Src/tim.c **** 
 122:Core/Src/tim.c **** }
 269              		.loc 1 122 1 view .LVU85
 270 007c 0BB0     		add	sp, sp, #44
 271              	.LCFI6:
 272              		.cfi_remember_state
 273              		.cfi_def_cfa_offset 4
 274              		@ sp needed
 275 007e 5DF804FB 		ldr	pc, [sp], #4
 276              	.L18:
 277              	.LCFI7:
ARM GAS  C:\Users\84759\AppData\Local\Temp\ccaUkmsH.s 			page 8


 278              		.cfi_restore_state
  93:Core/Src/tim.c ****   }
 279              		.loc 1 93 5 is_stmt 1 view .LVU86
 280 0082 FFF7FEFF 		bl	Error_Handler
 281              	.LVL11:
 282 0086 D8E7     		b	.L12
 283              	.L19:
  98:Core/Src/tim.c ****   }
 284              		.loc 1 98 5 view .LVU87
 285 0088 FFF7FEFF 		bl	Error_Handler
 286              	.LVL12:
 287 008c DDE7     		b	.L13
 288              	.L20:
 102:Core/Src/tim.c ****   }
 289              		.loc 1 102 5 view .LVU88
 290 008e FFF7FEFF 		bl	Error_Handler
 291              	.LVL13:
 292 0092 DEE7     		b	.L14
 293              	.L21:
 108:Core/Src/tim.c ****   }
 294              		.loc 1 108 5 view .LVU89
 295 0094 FFF7FEFF 		bl	Error_Handler
 296              	.LVL14:
 297 0098 E3E7     		b	.L15
 298              	.L22:
 116:Core/Src/tim.c ****   }
 299              		.loc 1 116 5 view .LVU90
 300 009a FFF7FEFF 		bl	Error_Handler
 301              	.LVL15:
 302              		.loc 1 122 1 is_stmt 0 view .LVU91
 303 009e EDE7     		b	.L11
 304              	.L24:
 305              		.align	2
 306              	.L23:
 307 00a0 00000000 		.word	.LANCHOR1
 308 00a4 00040040 		.word	1073742848
 309              		.cfi_endproc
 310              	.LFE69:
 312              		.section	.text.HAL_TIM_Base_MspInit,"ax",%progbits
 313              		.align	1
 314              		.global	HAL_TIM_Base_MspInit
 315              		.syntax unified
 316              		.thumb
 317              		.thumb_func
 319              	HAL_TIM_Base_MspInit:
 320              	.LVL16:
 321              	.LFB70:
 123:Core/Src/tim.c **** 
 124:Core/Src/tim.c **** void HAL_TIM_Base_MspInit(TIM_HandleTypeDef* tim_baseHandle)
 125:Core/Src/tim.c **** {
 322              		.loc 1 125 1 is_stmt 1 view -0
 323              		.cfi_startproc
 324              		@ args = 0, pretend = 0, frame = 32
 325              		@ frame_needed = 0, uses_anonymous_args = 0
 326              		.loc 1 125 1 is_stmt 0 view .LVU93
 327 0000 00B5     		push	{lr}
 328              	.LCFI8:
ARM GAS  C:\Users\84759\AppData\Local\Temp\ccaUkmsH.s 			page 9


 329              		.cfi_def_cfa_offset 4
 330              		.cfi_offset 14, -4
 331 0002 89B0     		sub	sp, sp, #36
 332              	.LCFI9:
 333              		.cfi_def_cfa_offset 40
 126:Core/Src/tim.c **** 
 127:Core/Src/tim.c ****   GPIO_InitTypeDef GPIO_InitStruct = {0};
 334              		.loc 1 127 3 is_stmt 1 view .LVU94
 335              		.loc 1 127 20 is_stmt 0 view .LVU95
 336 0004 0023     		movs	r3, #0
 337 0006 0493     		str	r3, [sp, #16]
 338 0008 0593     		str	r3, [sp, #20]
 339 000a 0693     		str	r3, [sp, #24]
 340 000c 0793     		str	r3, [sp, #28]
 128:Core/Src/tim.c ****   if(tim_baseHandle->Instance==TIM2)
 341              		.loc 1 128 3 is_stmt 1 view .LVU96
 342              		.loc 1 128 20 is_stmt 0 view .LVU97
 343 000e 0368     		ldr	r3, [r0]
 344              		.loc 1 128 5 view .LVU98
 345 0010 B3F1804F 		cmp	r3, #1073741824
 346 0014 05D0     		beq	.L29
 129:Core/Src/tim.c ****   {
 130:Core/Src/tim.c ****   /* USER CODE BEGIN TIM2_MspInit 0 */
 131:Core/Src/tim.c **** 
 132:Core/Src/tim.c ****   /* USER CODE END TIM2_MspInit 0 */
 133:Core/Src/tim.c ****     /* TIM2 clock enable */
 134:Core/Src/tim.c ****     __HAL_RCC_TIM2_CLK_ENABLE();
 135:Core/Src/tim.c **** 
 136:Core/Src/tim.c ****     /* TIM2 interrupt Init */
 137:Core/Src/tim.c ****     HAL_NVIC_SetPriority(TIM2_IRQn, 0, 0);
 138:Core/Src/tim.c ****     HAL_NVIC_EnableIRQ(TIM2_IRQn);
 139:Core/Src/tim.c ****   /* USER CODE BEGIN TIM2_MspInit 1 */
 140:Core/Src/tim.c **** 
 141:Core/Src/tim.c ****   /* USER CODE END TIM2_MspInit 1 */
 142:Core/Src/tim.c ****   }
 143:Core/Src/tim.c ****   else if(tim_baseHandle->Instance==TIM3)
 347              		.loc 1 143 8 is_stmt 1 view .LVU99
 348              		.loc 1 143 10 is_stmt 0 view .LVU100
 349 0016 214A     		ldr	r2, .L31
 350 0018 9342     		cmp	r3, r2
 351 001a 16D0     		beq	.L30
 352              	.LVL17:
 353              	.L25:
 144:Core/Src/tim.c ****   {
 145:Core/Src/tim.c ****   /* USER CODE BEGIN TIM3_MspInit 0 */
 146:Core/Src/tim.c **** 
 147:Core/Src/tim.c ****   /* USER CODE END TIM3_MspInit 0 */
 148:Core/Src/tim.c ****     /* TIM3 clock enable */
 149:Core/Src/tim.c ****     __HAL_RCC_TIM3_CLK_ENABLE();
 150:Core/Src/tim.c **** 
 151:Core/Src/tim.c ****     __HAL_RCC_GPIOC_CLK_ENABLE();
 152:Core/Src/tim.c ****     /**TIM3 GPIO Configuration
 153:Core/Src/tim.c ****     PC6     ------> TIM3_CH1
 154:Core/Src/tim.c ****     */
 155:Core/Src/tim.c ****     GPIO_InitStruct.Pin = INPUT_SCAN_Pin;
 156:Core/Src/tim.c ****     GPIO_InitStruct.Mode = GPIO_MODE_INPUT;
 157:Core/Src/tim.c ****     GPIO_InitStruct.Pull = GPIO_NOPULL;
ARM GAS  C:\Users\84759\AppData\Local\Temp\ccaUkmsH.s 			page 10


 158:Core/Src/tim.c ****     HAL_GPIO_Init(INPUT_SCAN_GPIO_Port, &GPIO_InitStruct);
 159:Core/Src/tim.c **** 
 160:Core/Src/tim.c ****     __HAL_AFIO_REMAP_TIM3_ENABLE();
 161:Core/Src/tim.c **** 
 162:Core/Src/tim.c ****     /* TIM3 interrupt Init */
 163:Core/Src/tim.c ****     HAL_NVIC_SetPriority(TIM3_IRQn, 0, 0);
 164:Core/Src/tim.c ****     HAL_NVIC_EnableIRQ(TIM3_IRQn);
 165:Core/Src/tim.c ****   /* USER CODE BEGIN TIM3_MspInit 1 */
 166:Core/Src/tim.c **** 
 167:Core/Src/tim.c ****   /* USER CODE END TIM3_MspInit 1 */
 168:Core/Src/tim.c ****   }
 169:Core/Src/tim.c **** }
 354              		.loc 1 169 1 view .LVU101
 355 001c 09B0     		add	sp, sp, #36
 356              	.LCFI10:
 357              		.cfi_remember_state
 358              		.cfi_def_cfa_offset 4
 359              		@ sp needed
 360 001e 5DF804FB 		ldr	pc, [sp], #4
 361              	.LVL18:
 362              	.L29:
 363              	.LCFI11:
 364              		.cfi_restore_state
 134:Core/Src/tim.c **** 
 365              		.loc 1 134 5 is_stmt 1 view .LVU102
 366              	.LBB2:
 134:Core/Src/tim.c **** 
 367              		.loc 1 134 5 view .LVU103
 134:Core/Src/tim.c **** 
 368              		.loc 1 134 5 view .LVU104
 369 0022 03F50433 		add	r3, r3, #135168
 370 0026 DA69     		ldr	r2, [r3, #28]
 371 0028 42F00102 		orr	r2, r2, #1
 372 002c DA61     		str	r2, [r3, #28]
 134:Core/Src/tim.c **** 
 373              		.loc 1 134 5 view .LVU105
 374 002e DB69     		ldr	r3, [r3, #28]
 375 0030 03F00103 		and	r3, r3, #1
 376 0034 0193     		str	r3, [sp, #4]
 134:Core/Src/tim.c **** 
 377              		.loc 1 134 5 view .LVU106
 378 0036 019B     		ldr	r3, [sp, #4]
 379              	.LBE2:
 134:Core/Src/tim.c **** 
 380              		.loc 1 134 5 view .LVU107
 137:Core/Src/tim.c ****     HAL_NVIC_EnableIRQ(TIM2_IRQn);
 381              		.loc 1 137 5 view .LVU108
 382 0038 0022     		movs	r2, #0
 383 003a 1146     		mov	r1, r2
 384 003c 1C20     		movs	r0, #28
 385              	.LVL19:
 137:Core/Src/tim.c ****     HAL_NVIC_EnableIRQ(TIM2_IRQn);
 386              		.loc 1 137 5 is_stmt 0 view .LVU109
 387 003e FFF7FEFF 		bl	HAL_NVIC_SetPriority
 388              	.LVL20:
 138:Core/Src/tim.c ****   /* USER CODE BEGIN TIM2_MspInit 1 */
 389              		.loc 1 138 5 is_stmt 1 view .LVU110
ARM GAS  C:\Users\84759\AppData\Local\Temp\ccaUkmsH.s 			page 11


 390 0042 1C20     		movs	r0, #28
 391 0044 FFF7FEFF 		bl	HAL_NVIC_EnableIRQ
 392              	.LVL21:
 393 0048 E8E7     		b	.L25
 394              	.LVL22:
 395              	.L30:
 149:Core/Src/tim.c **** 
 396              		.loc 1 149 5 view .LVU111
 397              	.LBB3:
 149:Core/Src/tim.c **** 
 398              		.loc 1 149 5 view .LVU112
 149:Core/Src/tim.c **** 
 399              		.loc 1 149 5 view .LVU113
 400 004a 154B     		ldr	r3, .L31+4
 401 004c DA69     		ldr	r2, [r3, #28]
 402 004e 42F00202 		orr	r2, r2, #2
 403 0052 DA61     		str	r2, [r3, #28]
 149:Core/Src/tim.c **** 
 404              		.loc 1 149 5 view .LVU114
 405 0054 DA69     		ldr	r2, [r3, #28]
 406 0056 02F00202 		and	r2, r2, #2
 407 005a 0292     		str	r2, [sp, #8]
 149:Core/Src/tim.c **** 
 408              		.loc 1 149 5 view .LVU115
 409 005c 029A     		ldr	r2, [sp, #8]
 410              	.LBE3:
 149:Core/Src/tim.c **** 
 411              		.loc 1 149 5 view .LVU116
 151:Core/Src/tim.c ****     /**TIM3 GPIO Configuration
 412              		.loc 1 151 5 view .LVU117
 413              	.LBB4:
 151:Core/Src/tim.c ****     /**TIM3 GPIO Configuration
 414              		.loc 1 151 5 view .LVU118
 151:Core/Src/tim.c ****     /**TIM3 GPIO Configuration
 415              		.loc 1 151 5 view .LVU119
 416 005e 9A69     		ldr	r2, [r3, #24]
 417 0060 42F01002 		orr	r2, r2, #16
 418 0064 9A61     		str	r2, [r3, #24]
 151:Core/Src/tim.c ****     /**TIM3 GPIO Configuration
 419              		.loc 1 151 5 view .LVU120
 420 0066 9B69     		ldr	r3, [r3, #24]
 421 0068 03F01003 		and	r3, r3, #16
 422 006c 0393     		str	r3, [sp, #12]
 151:Core/Src/tim.c ****     /**TIM3 GPIO Configuration
 423              		.loc 1 151 5 view .LVU121
 424 006e 039B     		ldr	r3, [sp, #12]
 425              	.LBE4:
 151:Core/Src/tim.c ****     /**TIM3 GPIO Configuration
 426              		.loc 1 151 5 view .LVU122
 155:Core/Src/tim.c ****     GPIO_InitStruct.Mode = GPIO_MODE_INPUT;
 427              		.loc 1 155 5 view .LVU123
 155:Core/Src/tim.c ****     GPIO_InitStruct.Mode = GPIO_MODE_INPUT;
 428              		.loc 1 155 25 is_stmt 0 view .LVU124
 429 0070 4023     		movs	r3, #64
 430 0072 0493     		str	r3, [sp, #16]
 156:Core/Src/tim.c ****     GPIO_InitStruct.Pull = GPIO_NOPULL;
 431              		.loc 1 156 5 is_stmt 1 view .LVU125
ARM GAS  C:\Users\84759\AppData\Local\Temp\ccaUkmsH.s 			page 12


 157:Core/Src/tim.c ****     HAL_GPIO_Init(INPUT_SCAN_GPIO_Port, &GPIO_InitStruct);
 432              		.loc 1 157 5 view .LVU126
 158:Core/Src/tim.c **** 
 433              		.loc 1 158 5 view .LVU127
 434 0074 04A9     		add	r1, sp, #16
 435 0076 0B48     		ldr	r0, .L31+8
 436              	.LVL23:
 158:Core/Src/tim.c **** 
 437              		.loc 1 158 5 is_stmt 0 view .LVU128
 438 0078 FFF7FEFF 		bl	HAL_GPIO_Init
 439              	.LVL24:
 160:Core/Src/tim.c **** 
 440              		.loc 1 160 5 is_stmt 1 view .LVU129
 441              	.LBB5:
 160:Core/Src/tim.c **** 
 442              		.loc 1 160 5 view .LVU130
 443 007c 0A4A     		ldr	r2, .L31+12
 444 007e 5368     		ldr	r3, [r2, #4]
 445              	.LVL25:
 160:Core/Src/tim.c **** 
 446              		.loc 1 160 5 view .LVU131
 160:Core/Src/tim.c **** 
 447              		.loc 1 160 5 view .LVU132
 160:Core/Src/tim.c **** 
 448              		.loc 1 160 5 view .LVU133
 449 0080 43F0E063 		orr	r3, r3, #117440512
 450              	.LVL26:
 160:Core/Src/tim.c **** 
 451              		.loc 1 160 5 is_stmt 0 view .LVU134
 452 0084 43F44063 		orr	r3, r3, #3072
 453              	.LVL27:
 160:Core/Src/tim.c **** 
 454              		.loc 1 160 5 is_stmt 1 view .LVU135
 455 0088 5360     		str	r3, [r2, #4]
 456              	.LBE5:
 160:Core/Src/tim.c **** 
 457              		.loc 1 160 5 view .LVU136
 163:Core/Src/tim.c ****     HAL_NVIC_EnableIRQ(TIM3_IRQn);
 458              		.loc 1 163 5 view .LVU137
 459 008a 0022     		movs	r2, #0
 460 008c 1146     		mov	r1, r2
 461 008e 1D20     		movs	r0, #29
 462 0090 FFF7FEFF 		bl	HAL_NVIC_SetPriority
 463              	.LVL28:
 164:Core/Src/tim.c ****   /* USER CODE BEGIN TIM3_MspInit 1 */
 464              		.loc 1 164 5 view .LVU138
 465 0094 1D20     		movs	r0, #29
 466 0096 FFF7FEFF 		bl	HAL_NVIC_EnableIRQ
 467              	.LVL29:
 468              		.loc 1 169 1 is_stmt 0 view .LVU139
 469 009a BFE7     		b	.L25
 470              	.L32:
 471              		.align	2
 472              	.L31:
 473 009c 00040040 		.word	1073742848
 474 00a0 00100240 		.word	1073876992
 475 00a4 00100140 		.word	1073811456
ARM GAS  C:\Users\84759\AppData\Local\Temp\ccaUkmsH.s 			page 13


 476 00a8 00000140 		.word	1073807360
 477              		.cfi_endproc
 478              	.LFE70:
 480              		.section	.text.HAL_TIM_Base_MspDeInit,"ax",%progbits
 481              		.align	1
 482              		.global	HAL_TIM_Base_MspDeInit
 483              		.syntax unified
 484              		.thumb
 485              		.thumb_func
 487              	HAL_TIM_Base_MspDeInit:
 488              	.LVL30:
 489              	.LFB71:
 170:Core/Src/tim.c **** 
 171:Core/Src/tim.c **** void HAL_TIM_Base_MspDeInit(TIM_HandleTypeDef* tim_baseHandle)
 172:Core/Src/tim.c **** {
 490              		.loc 1 172 1 is_stmt 1 view -0
 491              		.cfi_startproc
 492              		@ args = 0, pretend = 0, frame = 0
 493              		@ frame_needed = 0, uses_anonymous_args = 0
 494              		.loc 1 172 1 is_stmt 0 view .LVU141
 495 0000 08B5     		push	{r3, lr}
 496              	.LCFI12:
 497              		.cfi_def_cfa_offset 8
 498              		.cfi_offset 3, -8
 499              		.cfi_offset 14, -4
 173:Core/Src/tim.c **** 
 174:Core/Src/tim.c ****   if(tim_baseHandle->Instance==TIM2)
 500              		.loc 1 174 3 is_stmt 1 view .LVU142
 501              		.loc 1 174 20 is_stmt 0 view .LVU143
 502 0002 0368     		ldr	r3, [r0]
 503              		.loc 1 174 5 view .LVU144
 504 0004 B3F1804F 		cmp	r3, #1073741824
 505 0008 03D0     		beq	.L37
 175:Core/Src/tim.c ****   {
 176:Core/Src/tim.c ****   /* USER CODE BEGIN TIM2_MspDeInit 0 */
 177:Core/Src/tim.c **** 
 178:Core/Src/tim.c ****   /* USER CODE END TIM2_MspDeInit 0 */
 179:Core/Src/tim.c ****     /* Peripheral clock disable */
 180:Core/Src/tim.c ****     __HAL_RCC_TIM2_CLK_DISABLE();
 181:Core/Src/tim.c **** 
 182:Core/Src/tim.c ****     /* TIM2 interrupt Deinit */
 183:Core/Src/tim.c ****     HAL_NVIC_DisableIRQ(TIM2_IRQn);
 184:Core/Src/tim.c ****   /* USER CODE BEGIN TIM2_MspDeInit 1 */
 185:Core/Src/tim.c **** 
 186:Core/Src/tim.c ****   /* USER CODE END TIM2_MspDeInit 1 */
 187:Core/Src/tim.c ****   }
 188:Core/Src/tim.c ****   else if(tim_baseHandle->Instance==TIM3)
 506              		.loc 1 188 8 is_stmt 1 view .LVU145
 507              		.loc 1 188 10 is_stmt 0 view .LVU146
 508 000a 0D4A     		ldr	r2, .L39
 509 000c 9342     		cmp	r3, r2
 510 000e 09D0     		beq	.L38
 511              	.LVL31:
 512              	.L33:
 189:Core/Src/tim.c ****   {
 190:Core/Src/tim.c ****   /* USER CODE BEGIN TIM3_MspDeInit 0 */
 191:Core/Src/tim.c **** 
ARM GAS  C:\Users\84759\AppData\Local\Temp\ccaUkmsH.s 			page 14


 192:Core/Src/tim.c ****   /* USER CODE END TIM3_MspDeInit 0 */
 193:Core/Src/tim.c ****     /* Peripheral clock disable */
 194:Core/Src/tim.c ****     __HAL_RCC_TIM3_CLK_DISABLE();
 195:Core/Src/tim.c **** 
 196:Core/Src/tim.c ****     /**TIM3 GPIO Configuration
 197:Core/Src/tim.c ****     PC6     ------> TIM3_CH1
 198:Core/Src/tim.c ****     */
 199:Core/Src/tim.c ****     HAL_GPIO_DeInit(INPUT_SCAN_GPIO_Port, INPUT_SCAN_Pin);
 200:Core/Src/tim.c **** 
 201:Core/Src/tim.c ****     /* TIM3 interrupt Deinit */
 202:Core/Src/tim.c ****     HAL_NVIC_DisableIRQ(TIM3_IRQn);
 203:Core/Src/tim.c ****   /* USER CODE BEGIN TIM3_MspDeInit 1 */
 204:Core/Src/tim.c **** 
 205:Core/Src/tim.c ****   /* USER CODE END TIM3_MspDeInit 1 */
 206:Core/Src/tim.c ****   }
 207:Core/Src/tim.c **** }
 513              		.loc 1 207 1 view .LVU147
 514 0010 08BD     		pop	{r3, pc}
 515              	.LVL32:
 516              	.L37:
 180:Core/Src/tim.c **** 
 517              		.loc 1 180 5 is_stmt 1 view .LVU148
 518 0012 0C4A     		ldr	r2, .L39+4
 519 0014 D369     		ldr	r3, [r2, #28]
 520 0016 23F00103 		bic	r3, r3, #1
 521 001a D361     		str	r3, [r2, #28]
 183:Core/Src/tim.c ****   /* USER CODE BEGIN TIM2_MspDeInit 1 */
 522              		.loc 1 183 5 view .LVU149
 523 001c 1C20     		movs	r0, #28
 524              	.LVL33:
 183:Core/Src/tim.c ****   /* USER CODE BEGIN TIM2_MspDeInit 1 */
 525              		.loc 1 183 5 is_stmt 0 view .LVU150
 526 001e FFF7FEFF 		bl	HAL_NVIC_DisableIRQ
 527              	.LVL34:
 528 0022 F5E7     		b	.L33
 529              	.LVL35:
 530              	.L38:
 194:Core/Src/tim.c **** 
 531              		.loc 1 194 5 is_stmt 1 view .LVU151
 532 0024 02F50332 		add	r2, r2, #134144
 533 0028 D369     		ldr	r3, [r2, #28]
 534 002a 23F00203 		bic	r3, r3, #2
 535 002e D361     		str	r3, [r2, #28]
 199:Core/Src/tim.c **** 
 536              		.loc 1 199 5 view .LVU152
 537 0030 4021     		movs	r1, #64
 538 0032 0548     		ldr	r0, .L39+8
 539              	.LVL36:
 199:Core/Src/tim.c **** 
 540              		.loc 1 199 5 is_stmt 0 view .LVU153
 541 0034 FFF7FEFF 		bl	HAL_GPIO_DeInit
 542              	.LVL37:
 202:Core/Src/tim.c ****   /* USER CODE BEGIN TIM3_MspDeInit 1 */
 543              		.loc 1 202 5 is_stmt 1 view .LVU154
 544 0038 1D20     		movs	r0, #29
 545 003a FFF7FEFF 		bl	HAL_NVIC_DisableIRQ
 546              	.LVL38:
ARM GAS  C:\Users\84759\AppData\Local\Temp\ccaUkmsH.s 			page 15


 547              		.loc 1 207 1 is_stmt 0 view .LVU155
 548 003e E7E7     		b	.L33
 549              	.L40:
 550              		.align	2
 551              	.L39:
 552 0040 00040040 		.word	1073742848
 553 0044 00100240 		.word	1073876992
 554 0048 00100140 		.word	1073811456
 555              		.cfi_endproc
 556              	.LFE71:
 558              		.global	__aeabi_i2f
 559              		.global	__aeabi_fdiv
 560              		.global	__aeabi_f2d
 561              		.section	.rodata.Get_freq.str1.4,"aMS",%progbits,1
 562              		.align	2
 563              	.LC0:
 564 0000 48696768 		.ascii	"High Time is : %.1f s\015\012\000"
 564      2054696D 
 564      65206973 
 564      203A2025 
 564      2E316620 
 565              		.section	.text.Get_freq,"ax",%progbits
 566              		.align	1
 567              		.global	Get_freq
 568              		.syntax unified
 569              		.thumb
 570              		.thumb_func
 572              	Get_freq:
 573              	.LFB72:
 208:Core/Src/tim.c **** 
 209:Core/Src/tim.c **** /* USER CODE BEGIN 1 */
 210:Core/Src/tim.c **** 
 211:Core/Src/tim.c **** uint8_t state=0;
 212:Core/Src/tim.c **** uint16_t cap_val[2]={0};
 213:Core/Src/tim.c **** long high_time=0;
 214:Core/Src/tim.c **** uint16_t count=0;
 215:Core/Src/tim.c **** void Get_freq(void)
 216:Core/Src/tim.c **** {
 574              		.loc 1 216 1 is_stmt 1 view -0
 575              		.cfi_startproc
 576              		@ args = 0, pretend = 0, frame = 0
 577              		@ frame_needed = 0, uses_anonymous_args = 0
 578 0000 10B5     		push	{r4, lr}
 579              	.LCFI13:
 580              		.cfi_def_cfa_offset 8
 581              		.cfi_offset 4, -8
 582              		.cfi_offset 14, -4
 217:Core/Src/tim.c ****   if(state==0)
 583              		.loc 1 217 3 view .LVU157
 584              		.loc 1 217 11 is_stmt 0 view .LVU158
 585 0002 194B     		ldr	r3, .L47
 586 0004 1B78     		ldrb	r3, [r3]	@ zero_extendqisi2
 587              		.loc 1 217 5 view .LVU159
 588 0006 13B1     		cbz	r3, .L45
 218:Core/Src/tim.c ****   {
 219:Core/Src/tim.c ****     HAL_TIM_IC_Start_IT(&htim3,TIM_CHANNEL_1);
 220:Core/Src/tim.c ****     __HAL_TIM_SET_CAPTUREPOLARITY(&htim3,TIM_CHANNEL_1,TIM_INPUTCHANNELPOLARITY_RISING);
ARM GAS  C:\Users\84759\AppData\Local\Temp\ccaUkmsH.s 			page 16


 221:Core/Src/tim.c ****     count=0;
 222:Core/Src/tim.c ****   }
 223:Core/Src/tim.c ****   else if(state==2)
 589              		.loc 1 223 8 is_stmt 1 view .LVU160
 590              		.loc 1 223 10 is_stmt 0 view .LVU161
 591 0008 022B     		cmp	r3, #2
 592 000a 10D0     		beq	.L46
 593              	.L41:
 224:Core/Src/tim.c ****   {
 225:Core/Src/tim.c ****     high_time=10000*count+cap_val[1]-cap_val[0];
 226:Core/Src/tim.c ****     UsbPrintf("High Time is : %.1f s\r\n",(float)high_time/10000);
 227:Core/Src/tim.c ****     state=0;
 228:Core/Src/tim.c ****   }
 229:Core/Src/tim.c **** }
 594              		.loc 1 229 1 view .LVU162
 595 000c 10BD     		pop	{r4, pc}
 596              	.L45:
 219:Core/Src/tim.c ****     __HAL_TIM_SET_CAPTUREPOLARITY(&htim3,TIM_CHANNEL_1,TIM_INPUTCHANNELPOLARITY_RISING);
 597              		.loc 1 219 5 is_stmt 1 view .LVU163
 598 000e 174C     		ldr	r4, .L47+4
 599 0010 0021     		movs	r1, #0
 600 0012 2046     		mov	r0, r4
 601 0014 FFF7FEFF 		bl	HAL_TIM_IC_Start_IT
 602              	.LVL39:
 220:Core/Src/tim.c ****     count=0;
 603              		.loc 1 220 5 view .LVU164
 220:Core/Src/tim.c ****     count=0;
 604              		.loc 1 220 5 view .LVU165
 605 0018 2368     		ldr	r3, [r4]
 606 001a 1A6A     		ldr	r2, [r3, #32]
 607 001c 22F00A02 		bic	r2, r2, #10
 608 0020 1A62     		str	r2, [r3, #32]
 220:Core/Src/tim.c ****     count=0;
 609              		.loc 1 220 5 view .LVU166
 610 0022 1A6A     		ldr	r2, [r3, #32]
 611 0024 1A62     		str	r2, [r3, #32]
 220:Core/Src/tim.c ****     count=0;
 612              		.loc 1 220 5 view .LVU167
 221:Core/Src/tim.c ****   }
 613              		.loc 1 221 5 view .LVU168
 221:Core/Src/tim.c ****   }
 614              		.loc 1 221 10 is_stmt 0 view .LVU169
 615 0026 124B     		ldr	r3, .L47+8
 616 0028 0022     		movs	r2, #0
 617 002a 1A80     		strh	r2, [r3]	@ movhi
 618 002c EEE7     		b	.L41
 619              	.L46:
 225:Core/Src/tim.c ****     UsbPrintf("High Time is : %.1f s\r\n",(float)high_time/10000);
 620              		.loc 1 225 5 is_stmt 1 view .LVU170
 225:Core/Src/tim.c ****     UsbPrintf("High Time is : %.1f s\r\n",(float)high_time/10000);
 621              		.loc 1 225 20 is_stmt 0 view .LVU171
 622 002e 104B     		ldr	r3, .L47+8
 623 0030 1A88     		ldrh	r2, [r3]
 225:Core/Src/tim.c ****     UsbPrintf("High Time is : %.1f s\r\n",(float)high_time/10000);
 624              		.loc 1 225 34 view .LVU172
 625 0032 104B     		ldr	r3, .L47+12
 626 0034 5888     		ldrh	r0, [r3, #2]
ARM GAS  C:\Users\84759\AppData\Local\Temp\ccaUkmsH.s 			page 17


 225:Core/Src/tim.c ****     UsbPrintf("High Time is : %.1f s\r\n",(float)high_time/10000);
 627              		.loc 1 225 26 view .LVU173
 628 0036 42F21071 		movw	r1, #10000
 629 003a 01FB0200 		mla	r0, r1, r2, r0
 225:Core/Src/tim.c ****     UsbPrintf("High Time is : %.1f s\r\n",(float)high_time/10000);
 630              		.loc 1 225 45 view .LVU174
 631 003e 1B88     		ldrh	r3, [r3]
 225:Core/Src/tim.c ****     UsbPrintf("High Time is : %.1f s\r\n",(float)high_time/10000);
 632              		.loc 1 225 37 view .LVU175
 633 0040 C01A     		subs	r0, r0, r3
 225:Core/Src/tim.c ****     UsbPrintf("High Time is : %.1f s\r\n",(float)high_time/10000);
 634              		.loc 1 225 14 view .LVU176
 635 0042 0D4B     		ldr	r3, .L47+16
 636 0044 1860     		str	r0, [r3]
 226:Core/Src/tim.c ****     state=0;
 637              		.loc 1 226 5 is_stmt 1 view .LVU177
 226:Core/Src/tim.c ****     state=0;
 638              		.loc 1 226 43 is_stmt 0 view .LVU178
 639 0046 FFF7FEFF 		bl	__aeabi_i2f
 640              	.LVL40:
 226:Core/Src/tim.c ****     state=0;
 641              		.loc 1 226 59 view .LVU179
 642 004a 0C49     		ldr	r1, .L47+20
 643 004c FFF7FEFF 		bl	__aeabi_fdiv
 644              	.LVL41:
 226:Core/Src/tim.c ****     state=0;
 645              		.loc 1 226 5 view .LVU180
 646 0050 FFF7FEFF 		bl	__aeabi_f2d
 647              	.LVL42:
 648 0054 0246     		mov	r2, r0
 649 0056 0B46     		mov	r3, r1
 650 0058 0948     		ldr	r0, .L47+24
 651 005a FFF7FEFF 		bl	UsbPrintf
 652              	.LVL43:
 227:Core/Src/tim.c ****   }
 653              		.loc 1 227 5 is_stmt 1 view .LVU181
 227:Core/Src/tim.c ****   }
 654              		.loc 1 227 10 is_stmt 0 view .LVU182
 655 005e 024B     		ldr	r3, .L47
 656 0060 0022     		movs	r2, #0
 657 0062 1A70     		strb	r2, [r3]
 658              		.loc 1 229 1 view .LVU183
 659 0064 D2E7     		b	.L41
 660              	.L48:
 661 0066 00BF     		.align	2
 662              	.L47:
 663 0068 00000000 		.word	.LANCHOR2
 664 006c 00000000 		.word	.LANCHOR1
 665 0070 00000000 		.word	.LANCHOR3
 666 0074 00000000 		.word	.LANCHOR4
 667 0078 00000000 		.word	.LANCHOR5
 668 007c 00401C46 		.word	1176256512
 669 0080 00000000 		.word	.LC0
 670              		.cfi_endproc
 671              	.LFE72:
 673              		.section	.text.HAL_TIM_IC_CaptureCallback,"ax",%progbits
 674              		.align	1
ARM GAS  C:\Users\84759\AppData\Local\Temp\ccaUkmsH.s 			page 18


 675              		.global	HAL_TIM_IC_CaptureCallback
 676              		.syntax unified
 677              		.thumb
 678              		.thumb_func
 680              	HAL_TIM_IC_CaptureCallback:
 681              	.LVL44:
 682              	.LFB73:
 230:Core/Src/tim.c **** 
 231:Core/Src/tim.c **** /* ˛¶»ńÖĐ¶Ď»Řµ÷şŻĘý */
 232:Core/Src/tim.c **** void HAL_TIM_IC_CaptureCallback(TIM_HandleTypeDef *htim)
 233:Core/Src/tim.c **** {
 683              		.loc 1 233 1 is_stmt 1 view -0
 684              		.cfi_startproc
 685              		@ args = 0, pretend = 0, frame = 0
 686              		@ frame_needed = 0, uses_anonymous_args = 0
 234:Core/Src/tim.c **** 	if(htim==&htim3)
 687              		.loc 1 234 2 view .LVU185
 688              		.loc 1 234 4 is_stmt 0 view .LVU186
 689 0000 164B     		ldr	r3, .L59
 690 0002 8342     		cmp	r3, r0
 691 0004 00D0     		beq	.L56
 692 0006 7047     		bx	lr
 693              	.L56:
 233:Core/Src/tim.c **** 	if(htim==&htim3)
 694              		.loc 1 233 1 view .LVU187
 695 0008 10B5     		push	{r4, lr}
 696              	.LCFI14:
 697              		.cfi_def_cfa_offset 8
 698              		.cfi_offset 4, -8
 699              		.cfi_offset 14, -4
 235:Core/Src/tim.c **** 	{
 236:Core/Src/tim.c **** 		if(state==0)
 700              		.loc 1 236 3 is_stmt 1 view .LVU188
 701              		.loc 1 236 11 is_stmt 0 view .LVU189
 702 000a 154B     		ldr	r3, .L59+4
 703 000c 1B78     		ldrb	r3, [r3]	@ zero_extendqisi2
 704              		.loc 1 236 5 view .LVU190
 705 000e 13B1     		cbz	r3, .L57
 237:Core/Src/tim.c **** 		{
 238:Core/Src/tim.c **** 			cap_val[0]=HAL_TIM_ReadCapturedValue(&htim3,TIM_CHANNEL_1);
 239:Core/Src/tim.c **** 			__HAL_TIM_SET_CAPTUREPOLARITY(&htim3,TIM_CHANNEL_1,TIM_INPUTCHANNELPOLARITY_FALLING);
 240:Core/Src/tim.c **** 			state=1;
 241:Core/Src/tim.c **** 		}
 242:Core/Src/tim.c **** 		else if(state==1)
 706              		.loc 1 242 8 is_stmt 1 view .LVU191
 707              		.loc 1 242 10 is_stmt 0 view .LVU192
 708 0010 012B     		cmp	r3, #1
 709 0012 14D0     		beq	.L58
 710              	.LVL45:
 711              	.L49:
 243:Core/Src/tim.c **** 		{
 244:Core/Src/tim.c **** 			cap_val[1]=HAL_TIM_ReadCapturedValue(&htim3,TIM_CHANNEL_1);
 245:Core/Src/tim.c **** 			HAL_TIM_IC_Stop_IT(&htim3,TIM_CHANNEL_1);
 246:Core/Src/tim.c **** 			state=2;
 247:Core/Src/tim.c **** 		}
 248:Core/Src/tim.c **** 	}
 249:Core/Src/tim.c **** }
ARM GAS  C:\Users\84759\AppData\Local\Temp\ccaUkmsH.s 			page 19


 712              		.loc 1 249 1 view .LVU193
 713 0014 10BD     		pop	{r4, pc}
 714              	.LVL46:
 715              	.L57:
 238:Core/Src/tim.c **** 			__HAL_TIM_SET_CAPTUREPOLARITY(&htim3,TIM_CHANNEL_1,TIM_INPUTCHANNELPOLARITY_FALLING);
 716              		.loc 1 238 4 is_stmt 1 view .LVU194
 238:Core/Src/tim.c **** 			__HAL_TIM_SET_CAPTUREPOLARITY(&htim3,TIM_CHANNEL_1,TIM_INPUTCHANNELPOLARITY_FALLING);
 717              		.loc 1 238 15 is_stmt 0 view .LVU195
 718 0016 114C     		ldr	r4, .L59
 719 0018 0021     		movs	r1, #0
 720 001a 2046     		mov	r0, r4
 721              	.LVL47:
 238:Core/Src/tim.c **** 			__HAL_TIM_SET_CAPTUREPOLARITY(&htim3,TIM_CHANNEL_1,TIM_INPUTCHANNELPOLARITY_FALLING);
 722              		.loc 1 238 15 view .LVU196
 723 001c FFF7FEFF 		bl	HAL_TIM_ReadCapturedValue
 724              	.LVL48:
 238:Core/Src/tim.c **** 			__HAL_TIM_SET_CAPTUREPOLARITY(&htim3,TIM_CHANNEL_1,TIM_INPUTCHANNELPOLARITY_FALLING);
 725              		.loc 1 238 14 view .LVU197
 726 0020 104B     		ldr	r3, .L59+8
 727 0022 1880     		strh	r0, [r3]	@ movhi
 239:Core/Src/tim.c **** 			state=1;
 728              		.loc 1 239 4 is_stmt 1 view .LVU198
 239:Core/Src/tim.c **** 			state=1;
 729              		.loc 1 239 4 view .LVU199
 730 0024 2368     		ldr	r3, [r4]
 731 0026 1A6A     		ldr	r2, [r3, #32]
 732 0028 22F00A02 		bic	r2, r2, #10
 733 002c 1A62     		str	r2, [r3, #32]
 239:Core/Src/tim.c **** 			state=1;
 734              		.loc 1 239 4 view .LVU200
 735 002e 1A6A     		ldr	r2, [r3, #32]
 736 0030 42F00202 		orr	r2, r2, #2
 737 0034 1A62     		str	r2, [r3, #32]
 239:Core/Src/tim.c **** 			state=1;
 738              		.loc 1 239 4 view .LVU201
 240:Core/Src/tim.c **** 		}
 739              		.loc 1 240 4 view .LVU202
 240:Core/Src/tim.c **** 		}
 740              		.loc 1 240 9 is_stmt 0 view .LVU203
 741 0036 0A4B     		ldr	r3, .L59+4
 742 0038 0122     		movs	r2, #1
 743 003a 1A70     		strb	r2, [r3]
 744 003c EAE7     		b	.L49
 745              	.LVL49:
 746              	.L58:
 244:Core/Src/tim.c **** 			HAL_TIM_IC_Stop_IT(&htim3,TIM_CHANNEL_1);
 747              		.loc 1 244 4 is_stmt 1 view .LVU204
 244:Core/Src/tim.c **** 			HAL_TIM_IC_Stop_IT(&htim3,TIM_CHANNEL_1);
 748              		.loc 1 244 15 is_stmt 0 view .LVU205
 749 003e 074C     		ldr	r4, .L59
 750 0040 0021     		movs	r1, #0
 751 0042 2046     		mov	r0, r4
 752              	.LVL50:
 244:Core/Src/tim.c **** 			HAL_TIM_IC_Stop_IT(&htim3,TIM_CHANNEL_1);
 753              		.loc 1 244 15 view .LVU206
 754 0044 FFF7FEFF 		bl	HAL_TIM_ReadCapturedValue
 755              	.LVL51:
ARM GAS  C:\Users\84759\AppData\Local\Temp\ccaUkmsH.s 			page 20


 244:Core/Src/tim.c **** 			HAL_TIM_IC_Stop_IT(&htim3,TIM_CHANNEL_1);
 756              		.loc 1 244 14 view .LVU207
 757 0048 064B     		ldr	r3, .L59+8
 758 004a 5880     		strh	r0, [r3, #2]	@ movhi
 245:Core/Src/tim.c **** 			state=2;
 759              		.loc 1 245 4 is_stmt 1 view .LVU208
 760 004c 0021     		movs	r1, #0
 761 004e 2046     		mov	r0, r4
 762 0050 FFF7FEFF 		bl	HAL_TIM_IC_Stop_IT
 763              	.LVL52:
 246:Core/Src/tim.c **** 		}
 764              		.loc 1 246 4 view .LVU209
 246:Core/Src/tim.c **** 		}
 765              		.loc 1 246 9 is_stmt 0 view .LVU210
 766 0054 024B     		ldr	r3, .L59+4
 767 0056 0222     		movs	r2, #2
 768 0058 1A70     		strb	r2, [r3]
 769              		.loc 1 249 1 view .LVU211
 770 005a DBE7     		b	.L49
 771              	.L60:
 772              		.align	2
 773              	.L59:
 774 005c 00000000 		.word	.LANCHOR1
 775 0060 00000000 		.word	.LANCHOR2
 776 0064 00000000 		.word	.LANCHOR4
 777              		.cfi_endproc
 778              	.LFE73:
 780              		.section	.text.HAL_TIM_PeriodElapsedCallback,"ax",%progbits
 781              		.align	1
 782              		.global	HAL_TIM_PeriodElapsedCallback
 783              		.syntax unified
 784              		.thumb
 785              		.thumb_func
 787              	HAL_TIM_PeriodElapsedCallback:
 788              	.LVL53:
 789              	.LFB74:
 250:Core/Src/tim.c ****  
 251:Core/Src/tim.c **** /* Ňçłö´¦ŔíşŻĘý */
 252:Core/Src/tim.c **** // void HAL_TIM_PeriodElapsedCallback(TIM_HandleTypeDef *htim)
 253:Core/Src/tim.c **** // {
 254:Core/Src/tim.c **** 	
 255:Core/Src/tim.c **** // }
 256:Core/Src/tim.c **** 
 257:Core/Src/tim.c **** void HAL_TIM_PeriodElapsedCallback(TIM_HandleTypeDef *htim)
 258:Core/Src/tim.c **** {
 790              		.loc 1 258 1 is_stmt 1 view -0
 791              		.cfi_startproc
 792              		@ args = 0, pretend = 0, frame = 0
 793              		@ frame_needed = 0, uses_anonymous_args = 0
 794              		.loc 1 258 1 is_stmt 0 view .LVU213
 795 0000 10B5     		push	{r4, lr}
 796              	.LCFI15:
 797              		.cfi_def_cfa_offset 8
 798              		.cfi_offset 4, -8
 799              		.cfi_offset 14, -4
 800 0002 0446     		mov	r4, r0
 259:Core/Src/tim.c ****     if (htim == (&htim2))
ARM GAS  C:\Users\84759\AppData\Local\Temp\ccaUkmsH.s 			page 21


 801              		.loc 1 259 5 is_stmt 1 view .LVU214
 802              		.loc 1 259 8 is_stmt 0 view .LVU215
 803 0004 074B     		ldr	r3, .L67
 804 0006 9842     		cmp	r0, r3
 805 0008 03D0     		beq	.L65
 806              	.LVL54:
 807              	.L62:
 260:Core/Src/tim.c ****     {
 261:Core/Src/tim.c ****         button_ticks();
 262:Core/Src/tim.c ****         //UsbPrintf(" CLICK\r\n");
 263:Core/Src/tim.c ****     }
 264:Core/Src/tim.c ****     if(htim==&htim3)
 808              		.loc 1 264 5 is_stmt 1 view .LVU216
 809              		.loc 1 264 7 is_stmt 0 view .LVU217
 810 000a 074B     		ldr	r3, .L67+4
 811 000c 9C42     		cmp	r4, r3
 812 000e 03D0     		beq	.L66
 813              	.L61:
 265:Core/Src/tim.c ****     {
 266:Core/Src/tim.c ****       count++;
 267:Core/Src/tim.c ****     }
 268:Core/Src/tim.c **** }
 814              		.loc 1 268 1 view .LVU218
 815 0010 10BD     		pop	{r4, pc}
 816              	.LVL55:
 817              	.L65:
 261:Core/Src/tim.c ****         //UsbPrintf(" CLICK\r\n");
 818              		.loc 1 261 9 is_stmt 1 view .LVU219
 819 0012 FFF7FEFF 		bl	button_ticks
 820              	.LVL56:
 261:Core/Src/tim.c ****         //UsbPrintf(" CLICK\r\n");
 821              		.loc 1 261 9 is_stmt 0 view .LVU220
 822 0016 F8E7     		b	.L62
 823              	.L66:
 266:Core/Src/tim.c ****     }
 824              		.loc 1 266 7 is_stmt 1 view .LVU221
 266:Core/Src/tim.c ****     }
 825              		.loc 1 266 12 is_stmt 0 view .LVU222
 826 0018 044A     		ldr	r2, .L67+8
 827 001a 1388     		ldrh	r3, [r2]
 828 001c 0133     		adds	r3, r3, #1
 829 001e 1380     		strh	r3, [r2]	@ movhi
 830              		.loc 1 268 1 view .LVU223
 831 0020 F6E7     		b	.L61
 832              	.L68:
 833 0022 00BF     		.align	2
 834              	.L67:
 835 0024 00000000 		.word	.LANCHOR0
 836 0028 00000000 		.word	.LANCHOR1
 837 002c 00000000 		.word	.LANCHOR3
 838              		.cfi_endproc
 839              	.LFE74:
 841              		.global	count
 842              		.global	high_time
 843              		.global	cap_val
 844              		.global	state
 845              		.global	htim3
ARM GAS  C:\Users\84759\AppData\Local\Temp\ccaUkmsH.s 			page 22


 846              		.global	htim2
 847              		.section	.bss.cap_val,"aw",%nobits
 848              		.align	2
 849              		.set	.LANCHOR4,. + 0
 852              	cap_val:
 853 0000 00000000 		.space	4
 854              		.section	.bss.count,"aw",%nobits
 855              		.align	1
 856              		.set	.LANCHOR3,. + 0
 859              	count:
 860 0000 0000     		.space	2
 861              		.section	.bss.high_time,"aw",%nobits
 862              		.align	2
 863              		.set	.LANCHOR5,. + 0
 866              	high_time:
 867 0000 00000000 		.space	4
 868              		.section	.bss.htim2,"aw",%nobits
 869              		.align	2
 870              		.set	.LANCHOR0,. + 0
 873              	htim2:
 874 0000 00000000 		.space	72
 874      00000000 
 874      00000000 
 874      00000000 
 874      00000000 
 875              		.section	.bss.htim3,"aw",%nobits
 876              		.align	2
 877              		.set	.LANCHOR1,. + 0
 880              	htim3:
 881 0000 00000000 		.space	72
 881      00000000 
 881      00000000 
 881      00000000 
 881      00000000 
 882              		.section	.bss.state,"aw",%nobits
 883              		.set	.LANCHOR2,. + 0
 886              	state:
 887 0000 00       		.space	1
 888              		.text
 889              	.Letext0:
 890              		.file 2 "d:\\mingw\\gcc-arm-none-eabi-10.3-2021.10-win32\\gcc-arm-none-eabi-10.3-2021.10\\arm-none
 891              		.file 3 "d:\\mingw\\gcc-arm-none-eabi-10.3-2021.10-win32\\gcc-arm-none-eabi-10.3-2021.10\\arm-none
 892              		.file 4 "Drivers/CMSIS/Device/ST/STM32F1xx/Include/stm32f103xe.h"
 893              		.file 5 "Drivers/STM32F1xx_HAL_Driver/Inc/stm32f1xx_hal_def.h"
 894              		.file 6 "Drivers/STM32F1xx_HAL_Driver/Inc/stm32f1xx_hal_gpio.h"
 895              		.file 7 "Drivers/STM32F1xx_HAL_Driver/Inc/stm32f1xx_hal_dma.h"
 896              		.file 8 "Drivers/STM32F1xx_HAL_Driver/Inc/stm32f1xx_hal_tim.h"
 897              		.file 9 "User/Inc/multi_button.h"
 898              		.file 10 "Core/Inc/tim.h"
 899              		.file 11 "User/Inc/command.h"
 900              		.file 12 "Drivers/STM32F1xx_HAL_Driver/Inc/stm32f1xx_hal_cortex.h"
 901              		.file 13 "Drivers/STM32F1xx_HAL_Driver/Inc/stm32f1xx_hal_tim_ex.h"
 902              		.file 14 "Core/Inc/main.h"
ARM GAS  C:\Users\84759\AppData\Local\Temp\ccaUkmsH.s 			page 23


DEFINED SYMBOLS
                            *ABS*:00000000 tim.c
C:\Users\84759\AppData\Local\Temp\ccaUkmsH.s:18     .text.MX_TIM2_Init:00000000 $t
C:\Users\84759\AppData\Local\Temp\ccaUkmsH.s:24     .text.MX_TIM2_Init:00000000 MX_TIM2_Init
C:\Users\84759\AppData\Local\Temp\ccaUkmsH.s:136    .text.MX_TIM2_Init:0000006c $d
C:\Users\84759\AppData\Local\Temp\ccaUkmsH.s:141    .text.MX_TIM3_Init:00000000 $t
C:\Users\84759\AppData\Local\Temp\ccaUkmsH.s:147    .text.MX_TIM3_Init:00000000 MX_TIM3_Init
C:\Users\84759\AppData\Local\Temp\ccaUkmsH.s:307    .text.MX_TIM3_Init:000000a0 $d
C:\Users\84759\AppData\Local\Temp\ccaUkmsH.s:313    .text.HAL_TIM_Base_MspInit:00000000 $t
C:\Users\84759\AppData\Local\Temp\ccaUkmsH.s:319    .text.HAL_TIM_Base_MspInit:00000000 HAL_TIM_Base_MspInit
C:\Users\84759\AppData\Local\Temp\ccaUkmsH.s:473    .text.HAL_TIM_Base_MspInit:0000009c $d
C:\Users\84759\AppData\Local\Temp\ccaUkmsH.s:481    .text.HAL_TIM_Base_MspDeInit:00000000 $t
C:\Users\84759\AppData\Local\Temp\ccaUkmsH.s:487    .text.HAL_TIM_Base_MspDeInit:00000000 HAL_TIM_Base_MspDeInit
C:\Users\84759\AppData\Local\Temp\ccaUkmsH.s:552    .text.HAL_TIM_Base_MspDeInit:00000040 $d
C:\Users\84759\AppData\Local\Temp\ccaUkmsH.s:562    .rodata.Get_freq.str1.4:00000000 $d
C:\Users\84759\AppData\Local\Temp\ccaUkmsH.s:566    .text.Get_freq:00000000 $t
C:\Users\84759\AppData\Local\Temp\ccaUkmsH.s:572    .text.Get_freq:00000000 Get_freq
C:\Users\84759\AppData\Local\Temp\ccaUkmsH.s:663    .text.Get_freq:00000068 $d
C:\Users\84759\AppData\Local\Temp\ccaUkmsH.s:674    .text.HAL_TIM_IC_CaptureCallback:00000000 $t
C:\Users\84759\AppData\Local\Temp\ccaUkmsH.s:680    .text.HAL_TIM_IC_CaptureCallback:00000000 HAL_TIM_IC_CaptureCallback
C:\Users\84759\AppData\Local\Temp\ccaUkmsH.s:774    .text.HAL_TIM_IC_CaptureCallback:0000005c $d
C:\Users\84759\AppData\Local\Temp\ccaUkmsH.s:781    .text.HAL_TIM_PeriodElapsedCallback:00000000 $t
C:\Users\84759\AppData\Local\Temp\ccaUkmsH.s:787    .text.HAL_TIM_PeriodElapsedCallback:00000000 HAL_TIM_PeriodElapsedCallback
C:\Users\84759\AppData\Local\Temp\ccaUkmsH.s:835    .text.HAL_TIM_PeriodElapsedCallback:00000024 $d
C:\Users\84759\AppData\Local\Temp\ccaUkmsH.s:859    .bss.count:00000000 count
C:\Users\84759\AppData\Local\Temp\ccaUkmsH.s:866    .bss.high_time:00000000 high_time
C:\Users\84759\AppData\Local\Temp\ccaUkmsH.s:852    .bss.cap_val:00000000 cap_val
C:\Users\84759\AppData\Local\Temp\ccaUkmsH.s:886    .bss.state:00000000 state
C:\Users\84759\AppData\Local\Temp\ccaUkmsH.s:880    .bss.htim3:00000000 htim3
C:\Users\84759\AppData\Local\Temp\ccaUkmsH.s:873    .bss.htim2:00000000 htim2
C:\Users\84759\AppData\Local\Temp\ccaUkmsH.s:848    .bss.cap_val:00000000 $d
C:\Users\84759\AppData\Local\Temp\ccaUkmsH.s:855    .bss.count:00000000 $d
C:\Users\84759\AppData\Local\Temp\ccaUkmsH.s:862    .bss.high_time:00000000 $d
C:\Users\84759\AppData\Local\Temp\ccaUkmsH.s:869    .bss.htim2:00000000 $d
C:\Users\84759\AppData\Local\Temp\ccaUkmsH.s:876    .bss.htim3:00000000 $d
C:\Users\84759\AppData\Local\Temp\ccaUkmsH.s:887    .bss.state:00000000 $d

UNDEFINED SYMBOLS
HAL_TIM_Base_Init
HAL_TIM_ConfigClockSource
HAL_TIMEx_MasterConfigSynchronization
Error_Handler
HAL_TIM_IC_Init
HAL_TIM_IC_ConfigChannel
HAL_NVIC_SetPriority
HAL_NVIC_EnableIRQ
HAL_GPIO_Init
HAL_NVIC_DisableIRQ
HAL_GPIO_DeInit
__aeabi_i2f
__aeabi_fdiv
__aeabi_f2d
HAL_TIM_IC_Start_IT
UsbPrintf
HAL_TIM_ReadCapturedValue
HAL_TIM_IC_Stop_IT
button_ticks
ARM GAS  C:\Users\84759\AppData\Local\Temp\ccaUkmsH.s 			page 24


