ARM GAS  C:\Users\84759\AppData\Local\Temp\ccYlI1x2.s 			page 1


   1              		.cpu cortex-m3
   2              		.arch armv7-m
   3              		.fpu softvfp
   4              		.eabi_attribute 20, 1
   5              		.eabi_attribute 21, 1
   6              		.eabi_attribute 23, 3
   7              		.eabi_attribute 24, 1
   8              		.eabi_attribute 25, 1
   9              		.eabi_attribute 26, 1
  10              		.eabi_attribute 30, 1
  11              		.eabi_attribute 34, 1
  12              		.eabi_attribute 18, 4
  13              		.file	"usart.c"
  14              		.text
  15              	.Ltext0:
  16              		.cfi_sections	.debug_frame
  17              		.section	.text.MX_USART1_UART_Init,"ax",%progbits
  18              		.align	1
  19              		.global	MX_USART1_UART_Init
  20              		.syntax unified
  21              		.thumb
  22              		.thumb_func
  24              	MX_USART1_UART_Init:
  25              	.LFB65:
  26              		.file 1 "Core/Src/usart.c"
   1:Core/Src/usart.c **** /* USER CODE BEGIN Header */
   2:Core/Src/usart.c **** /**
   3:Core/Src/usart.c ****   ******************************************************************************
   4:Core/Src/usart.c ****   * @file    usart.c
   5:Core/Src/usart.c ****   * @brief   This file provides code for the configuration
   6:Core/Src/usart.c ****   *          of the USART instances.
   7:Core/Src/usart.c ****   ******************************************************************************
   8:Core/Src/usart.c ****   * @attention
   9:Core/Src/usart.c ****   *
  10:Core/Src/usart.c ****   * Copyright (c) 2025 STMicroelectronics.
  11:Core/Src/usart.c ****   * All rights reserved.
  12:Core/Src/usart.c ****   *
  13:Core/Src/usart.c ****   * This software is licensed under terms that can be found in the LICENSE file
  14:Core/Src/usart.c ****   * in the root directory of this software component.
  15:Core/Src/usart.c ****   * If no LICENSE file comes with this software, it is provided AS-IS.
  16:Core/Src/usart.c ****   *
  17:Core/Src/usart.c ****   ******************************************************************************
  18:Core/Src/usart.c ****   */
  19:Core/Src/usart.c **** /* USER CODE END Header */
  20:Core/Src/usart.c **** /* Includes ------------------------------------------------------------------*/
  21:Core/Src/usart.c **** #include "usart.h"
  22:Core/Src/usart.c **** 
  23:Core/Src/usart.c **** /* USER CODE BEGIN 0 */
  24:Core/Src/usart.c **** volatile uint8_t rx_len = 0;  //˝ÓĘŐŇ»ÖˇĘýľÝµÄł¤¶Č
  25:Core/Src/usart.c **** volatile uint8_t recv_end_flag = 0; //Ň»ÖˇĘýľÝ˝ÓĘŐÍęłÉ±ęÖľ
  26:Core/Src/usart.c **** uint8_t rx_buffer[256]={0};  //˝ÓĘŐĘýľÝ»ş´ćĘý×é
  27:Core/Src/usart.c **** 
  28:Core/Src/usart.c **** /* USER CODE END 0 */
  29:Core/Src/usart.c **** 
  30:Core/Src/usart.c **** UART_HandleTypeDef huart1;
  31:Core/Src/usart.c **** UART_HandleTypeDef huart2;
  32:Core/Src/usart.c **** DMA_HandleTypeDef hdma_usart1_rx;
ARM GAS  C:\Users\84759\AppData\Local\Temp\ccYlI1x2.s 			page 2


  33:Core/Src/usart.c **** DMA_HandleTypeDef hdma_usart1_tx;
  34:Core/Src/usart.c **** 
  35:Core/Src/usart.c **** /* USART1 init function */
  36:Core/Src/usart.c **** 
  37:Core/Src/usart.c **** void MX_USART1_UART_Init(void)
  38:Core/Src/usart.c **** {
  27              		.loc 1 38 1 view -0
  28              		.cfi_startproc
  29              		@ args = 0, pretend = 0, frame = 0
  30              		@ frame_needed = 0, uses_anonymous_args = 0
  31 0000 08B5     		push	{r3, lr}
  32              	.LCFI0:
  33              		.cfi_def_cfa_offset 8
  34              		.cfi_offset 3, -8
  35              		.cfi_offset 14, -4
  39:Core/Src/usart.c **** 
  40:Core/Src/usart.c ****   /* USER CODE BEGIN USART1_Init 0 */
  41:Core/Src/usart.c **** 
  42:Core/Src/usart.c ****   /* USER CODE END USART1_Init 0 */
  43:Core/Src/usart.c **** 
  44:Core/Src/usart.c ****   /* USER CODE BEGIN USART1_Init 1 */
  45:Core/Src/usart.c **** 
  46:Core/Src/usart.c ****   /* USER CODE END USART1_Init 1 */
  47:Core/Src/usart.c ****   huart1.Instance = USART1;
  36              		.loc 1 47 3 view .LVU1
  37              		.loc 1 47 19 is_stmt 0 view .LVU2
  38 0002 1048     		ldr	r0, .L5
  39 0004 104B     		ldr	r3, .L5+4
  40 0006 0360     		str	r3, [r0]
  48:Core/Src/usart.c ****   huart1.Init.BaudRate = 921600;
  41              		.loc 1 48 3 is_stmt 1 view .LVU3
  42              		.loc 1 48 24 is_stmt 0 view .LVU4
  43 0008 4FF46123 		mov	r3, #921600
  44 000c 4360     		str	r3, [r0, #4]
  49:Core/Src/usart.c ****   huart1.Init.WordLength = UART_WORDLENGTH_8B;
  45              		.loc 1 49 3 is_stmt 1 view .LVU5
  46              		.loc 1 49 26 is_stmt 0 view .LVU6
  47 000e 0023     		movs	r3, #0
  48 0010 8360     		str	r3, [r0, #8]
  50:Core/Src/usart.c ****   huart1.Init.StopBits = UART_STOPBITS_1;
  49              		.loc 1 50 3 is_stmt 1 view .LVU7
  50              		.loc 1 50 24 is_stmt 0 view .LVU8
  51 0012 C360     		str	r3, [r0, #12]
  51:Core/Src/usart.c ****   huart1.Init.Parity = UART_PARITY_NONE;
  52              		.loc 1 51 3 is_stmt 1 view .LVU9
  53              		.loc 1 51 22 is_stmt 0 view .LVU10
  54 0014 0361     		str	r3, [r0, #16]
  52:Core/Src/usart.c ****   huart1.Init.Mode = UART_MODE_TX_RX;
  55              		.loc 1 52 3 is_stmt 1 view .LVU11
  56              		.loc 1 52 20 is_stmt 0 view .LVU12
  57 0016 0C22     		movs	r2, #12
  58 0018 4261     		str	r2, [r0, #20]
  53:Core/Src/usart.c ****   huart1.Init.HwFlowCtl = UART_HWCONTROL_NONE;
  59              		.loc 1 53 3 is_stmt 1 view .LVU13
  60              		.loc 1 53 25 is_stmt 0 view .LVU14
  61 001a 8361     		str	r3, [r0, #24]
  54:Core/Src/usart.c ****   huart1.Init.OverSampling = UART_OVERSAMPLING_16;
ARM GAS  C:\Users\84759\AppData\Local\Temp\ccYlI1x2.s 			page 3


  62              		.loc 1 54 3 is_stmt 1 view .LVU15
  63              		.loc 1 54 28 is_stmt 0 view .LVU16
  64 001c C361     		str	r3, [r0, #28]
  55:Core/Src/usart.c ****   if (HAL_UART_Init(&huart1) != HAL_OK)
  65              		.loc 1 55 3 is_stmt 1 view .LVU17
  66              		.loc 1 55 7 is_stmt 0 view .LVU18
  67 001e FFF7FEFF 		bl	HAL_UART_Init
  68              	.LVL0:
  69              		.loc 1 55 6 view .LVU19
  70 0022 58B9     		cbnz	r0, .L4
  71              	.L2:
  56:Core/Src/usart.c ****   {
  57:Core/Src/usart.c ****     Error_Handler();
  58:Core/Src/usart.c ****   }
  59:Core/Src/usart.c ****   /* USER CODE BEGIN USART1_Init 2 */
  60:Core/Src/usart.c ****  // __HAL_UART_ENABLE_IT(&huart1, UART_IT_RXNE); //ĘąÄÜIDLEÖĐ¶Ď
  61:Core/Src/usart.c **** 	__HAL_UART_ENABLE_IT(&huart1, UART_IT_IDLE); //ĘąÄÜIDLEÖĐ¶Ď
  72              		.loc 1 61 2 is_stmt 1 view .LVU20
  73 0024 0748     		ldr	r0, .L5
  74 0026 0268     		ldr	r2, [r0]
  75 0028 D368     		ldr	r3, [r2, #12]
  76 002a 43F01003 		orr	r3, r3, #16
  77 002e D360     		str	r3, [r2, #12]
  62:Core/Src/usart.c ****   //DMA˝ÓĘŐşŻĘýŁ¬´ËľäŇ»¶¨ŇŞĽÓŁ¬˛»ĽÓ˝ÓĘŐ˛»µ˝µÚŇ»´Î´«˝řŔ´µÄĘµĘýľÝŁ¬ĘÇżŐµÄŁ¬ÇŇ´ËĘ±˝ÓĘŐµ˝µÄĘýľÝł¤¶ČÎŞ»ş
  63:Core/Src/usart.c **** 	HAL_UART_Receive_DMA(&huart1,rx_buffer,BUFFER_SIZE);
  78              		.loc 1 63 2 view .LVU21
  79 0030 4FF48072 		mov	r2, #256
  80 0034 0549     		ldr	r1, .L5+8
  81 0036 FFF7FEFF 		bl	HAL_UART_Receive_DMA
  82              	.LVL1:
  64:Core/Src/usart.c ****   /* USER CODE END USART1_Init 2 */
  65:Core/Src/usart.c **** 
  66:Core/Src/usart.c **** }
  83              		.loc 1 66 1 is_stmt 0 view .LVU22
  84 003a 08BD     		pop	{r3, pc}
  85              	.L4:
  57:Core/Src/usart.c ****   }
  86              		.loc 1 57 5 is_stmt 1 view .LVU23
  87 003c FFF7FEFF 		bl	Error_Handler
  88              	.LVL2:
  89 0040 F0E7     		b	.L2
  90              	.L6:
  91 0042 00BF     		.align	2
  92              	.L5:
  93 0044 00000000 		.word	.LANCHOR0
  94 0048 00380140 		.word	1073821696
  95 004c 00000000 		.word	.LANCHOR1
  96              		.cfi_endproc
  97              	.LFE65:
  99              		.section	.text.MX_USART2_UART_Init,"ax",%progbits
 100              		.align	1
 101              		.global	MX_USART2_UART_Init
 102              		.syntax unified
 103              		.thumb
 104              		.thumb_func
 106              	MX_USART2_UART_Init:
 107              	.LFB66:
ARM GAS  C:\Users\84759\AppData\Local\Temp\ccYlI1x2.s 			page 4


  67:Core/Src/usart.c **** /* USART2 init function */
  68:Core/Src/usart.c **** 
  69:Core/Src/usart.c **** void MX_USART2_UART_Init(void)
  70:Core/Src/usart.c **** {
 108              		.loc 1 70 1 view -0
 109              		.cfi_startproc
 110              		@ args = 0, pretend = 0, frame = 0
 111              		@ frame_needed = 0, uses_anonymous_args = 0
 112 0000 08B5     		push	{r3, lr}
 113              	.LCFI1:
 114              		.cfi_def_cfa_offset 8
 115              		.cfi_offset 3, -8
 116              		.cfi_offset 14, -4
  71:Core/Src/usart.c **** 
  72:Core/Src/usart.c ****   /* USER CODE BEGIN USART2_Init 0 */
  73:Core/Src/usart.c **** 
  74:Core/Src/usart.c ****   /* USER CODE END USART2_Init 0 */
  75:Core/Src/usart.c **** 
  76:Core/Src/usart.c ****   /* USER CODE BEGIN USART2_Init 1 */
  77:Core/Src/usart.c **** 
  78:Core/Src/usart.c ****   /* USER CODE END USART2_Init 1 */
  79:Core/Src/usart.c ****   huart2.Instance = USART2;
 117              		.loc 1 79 3 view .LVU25
 118              		.loc 1 79 19 is_stmt 0 view .LVU26
 119 0002 0A48     		ldr	r0, .L11
 120 0004 0A4B     		ldr	r3, .L11+4
 121 0006 0360     		str	r3, [r0]
  80:Core/Src/usart.c ****   huart2.Init.BaudRate = 115200;
 122              		.loc 1 80 3 is_stmt 1 view .LVU27
 123              		.loc 1 80 24 is_stmt 0 view .LVU28
 124 0008 4FF4E133 		mov	r3, #115200
 125 000c 4360     		str	r3, [r0, #4]
  81:Core/Src/usart.c ****   huart2.Init.WordLength = UART_WORDLENGTH_8B;
 126              		.loc 1 81 3 is_stmt 1 view .LVU29
 127              		.loc 1 81 26 is_stmt 0 view .LVU30
 128 000e 0023     		movs	r3, #0
 129 0010 8360     		str	r3, [r0, #8]
  82:Core/Src/usart.c ****   huart2.Init.StopBits = UART_STOPBITS_1;
 130              		.loc 1 82 3 is_stmt 1 view .LVU31
 131              		.loc 1 82 24 is_stmt 0 view .LVU32
 132 0012 C360     		str	r3, [r0, #12]
  83:Core/Src/usart.c ****   huart2.Init.Parity = UART_PARITY_NONE;
 133              		.loc 1 83 3 is_stmt 1 view .LVU33
 134              		.loc 1 83 22 is_stmt 0 view .LVU34
 135 0014 0361     		str	r3, [r0, #16]
  84:Core/Src/usart.c ****   huart2.Init.Mode = UART_MODE_TX_RX;
 136              		.loc 1 84 3 is_stmt 1 view .LVU35
 137              		.loc 1 84 20 is_stmt 0 view .LVU36
 138 0016 0C22     		movs	r2, #12
 139 0018 4261     		str	r2, [r0, #20]
  85:Core/Src/usart.c ****   huart2.Init.HwFlowCtl = UART_HWCONTROL_NONE;
 140              		.loc 1 85 3 is_stmt 1 view .LVU37
 141              		.loc 1 85 25 is_stmt 0 view .LVU38
 142 001a 8361     		str	r3, [r0, #24]
  86:Core/Src/usart.c ****   huart2.Init.OverSampling = UART_OVERSAMPLING_16;
 143              		.loc 1 86 3 is_stmt 1 view .LVU39
 144              		.loc 1 86 28 is_stmt 0 view .LVU40
ARM GAS  C:\Users\84759\AppData\Local\Temp\ccYlI1x2.s 			page 5


 145 001c C361     		str	r3, [r0, #28]
  87:Core/Src/usart.c ****   if (HAL_UART_Init(&huart2) != HAL_OK)
 146              		.loc 1 87 3 is_stmt 1 view .LVU41
 147              		.loc 1 87 7 is_stmt 0 view .LVU42
 148 001e FFF7FEFF 		bl	HAL_UART_Init
 149              	.LVL3:
 150              		.loc 1 87 6 view .LVU43
 151 0022 00B9     		cbnz	r0, .L10
 152              	.L7:
  88:Core/Src/usart.c ****   {
  89:Core/Src/usart.c ****     Error_Handler();
  90:Core/Src/usart.c ****   }
  91:Core/Src/usart.c ****   /* USER CODE BEGIN USART2_Init 2 */
  92:Core/Src/usart.c **** 
  93:Core/Src/usart.c ****   /* USER CODE END USART2_Init 2 */
  94:Core/Src/usart.c **** 
  95:Core/Src/usart.c **** }
 153              		.loc 1 95 1 view .LVU44
 154 0024 08BD     		pop	{r3, pc}
 155              	.L10:
  89:Core/Src/usart.c ****   }
 156              		.loc 1 89 5 is_stmt 1 view .LVU45
 157 0026 FFF7FEFF 		bl	Error_Handler
 158              	.LVL4:
 159              		.loc 1 95 1 is_stmt 0 view .LVU46
 160 002a FBE7     		b	.L7
 161              	.L12:
 162              		.align	2
 163              	.L11:
 164 002c 00000000 		.word	.LANCHOR2
 165 0030 00440040 		.word	1073759232
 166              		.cfi_endproc
 167              	.LFE66:
 169              		.section	.text.HAL_UART_MspInit,"ax",%progbits
 170              		.align	1
 171              		.global	HAL_UART_MspInit
 172              		.syntax unified
 173              		.thumb
 174              		.thumb_func
 176              	HAL_UART_MspInit:
 177              	.LVL5:
 178              	.LFB67:
  96:Core/Src/usart.c **** 
  97:Core/Src/usart.c **** void HAL_UART_MspInit(UART_HandleTypeDef* uartHandle)
  98:Core/Src/usart.c **** {
 179              		.loc 1 98 1 is_stmt 1 view -0
 180              		.cfi_startproc
 181              		@ args = 0, pretend = 0, frame = 32
 182              		@ frame_needed = 0, uses_anonymous_args = 0
 183              		.loc 1 98 1 is_stmt 0 view .LVU48
 184 0000 70B5     		push	{r4, r5, r6, lr}
 185              	.LCFI2:
 186              		.cfi_def_cfa_offset 16
 187              		.cfi_offset 4, -16
 188              		.cfi_offset 5, -12
 189              		.cfi_offset 6, -8
 190              		.cfi_offset 14, -4
ARM GAS  C:\Users\84759\AppData\Local\Temp\ccYlI1x2.s 			page 6


 191 0002 88B0     		sub	sp, sp, #32
 192              	.LCFI3:
 193              		.cfi_def_cfa_offset 48
  99:Core/Src/usart.c **** 
 100:Core/Src/usart.c ****   GPIO_InitTypeDef GPIO_InitStruct = {0};
 194              		.loc 1 100 3 is_stmt 1 view .LVU49
 195              		.loc 1 100 20 is_stmt 0 view .LVU50
 196 0004 0023     		movs	r3, #0
 197 0006 0493     		str	r3, [sp, #16]
 198 0008 0593     		str	r3, [sp, #20]
 199 000a 0693     		str	r3, [sp, #24]
 200 000c 0793     		str	r3, [sp, #28]
 101:Core/Src/usart.c ****   if(uartHandle->Instance==USART1)
 201              		.loc 1 101 3 is_stmt 1 view .LVU51
 202              		.loc 1 101 16 is_stmt 0 view .LVU52
 203 000e 0368     		ldr	r3, [r0]
 204              		.loc 1 101 5 view .LVU53
 205 0010 4C4A     		ldr	r2, .L23
 206 0012 9342     		cmp	r3, r2
 207 0014 04D0     		beq	.L19
 102:Core/Src/usart.c ****   {
 103:Core/Src/usart.c ****   /* USER CODE BEGIN USART1_MspInit 0 */
 104:Core/Src/usart.c **** 
 105:Core/Src/usart.c ****   /* USER CODE END USART1_MspInit 0 */
 106:Core/Src/usart.c ****     /* USART1 clock enable */
 107:Core/Src/usart.c ****     __HAL_RCC_USART1_CLK_ENABLE();
 108:Core/Src/usart.c **** 
 109:Core/Src/usart.c ****     __HAL_RCC_GPIOA_CLK_ENABLE();
 110:Core/Src/usart.c ****     /**USART1 GPIO Configuration
 111:Core/Src/usart.c ****     PA9     ------> USART1_TX
 112:Core/Src/usart.c ****     PA10     ------> USART1_RX
 113:Core/Src/usart.c ****     */
 114:Core/Src/usart.c ****     GPIO_InitStruct.Pin = GPIO_PIN_9;
 115:Core/Src/usart.c ****     GPIO_InitStruct.Mode = GPIO_MODE_AF_PP;
 116:Core/Src/usart.c ****     GPIO_InitStruct.Speed = GPIO_SPEED_FREQ_HIGH;
 117:Core/Src/usart.c ****     HAL_GPIO_Init(GPIOA, &GPIO_InitStruct);
 118:Core/Src/usart.c **** 
 119:Core/Src/usart.c ****     GPIO_InitStruct.Pin = GPIO_PIN_10;
 120:Core/Src/usart.c ****     GPIO_InitStruct.Mode = GPIO_MODE_INPUT;
 121:Core/Src/usart.c ****     GPIO_InitStruct.Pull = GPIO_NOPULL;
 122:Core/Src/usart.c ****     HAL_GPIO_Init(GPIOA, &GPIO_InitStruct);
 123:Core/Src/usart.c **** 
 124:Core/Src/usart.c ****     /* USART1 DMA Init */
 125:Core/Src/usart.c ****     /* USART1_RX Init */
 126:Core/Src/usart.c ****     hdma_usart1_rx.Instance = DMA1_Channel5;
 127:Core/Src/usart.c ****     hdma_usart1_rx.Init.Direction = DMA_PERIPH_TO_MEMORY;
 128:Core/Src/usart.c ****     hdma_usart1_rx.Init.PeriphInc = DMA_PINC_DISABLE;
 129:Core/Src/usart.c ****     hdma_usart1_rx.Init.MemInc = DMA_MINC_ENABLE;
 130:Core/Src/usart.c ****     hdma_usart1_rx.Init.PeriphDataAlignment = DMA_PDATAALIGN_BYTE;
 131:Core/Src/usart.c ****     hdma_usart1_rx.Init.MemDataAlignment = DMA_MDATAALIGN_BYTE;
 132:Core/Src/usart.c ****     hdma_usart1_rx.Init.Mode = DMA_NORMAL;
 133:Core/Src/usart.c ****     hdma_usart1_rx.Init.Priority = DMA_PRIORITY_MEDIUM;
 134:Core/Src/usart.c ****     if (HAL_DMA_Init(&hdma_usart1_rx) != HAL_OK)
 135:Core/Src/usart.c ****     {
 136:Core/Src/usart.c ****       Error_Handler();
 137:Core/Src/usart.c ****     }
 138:Core/Src/usart.c **** 
ARM GAS  C:\Users\84759\AppData\Local\Temp\ccYlI1x2.s 			page 7


 139:Core/Src/usart.c ****     __HAL_LINKDMA(uartHandle,hdmarx,hdma_usart1_rx);
 140:Core/Src/usart.c **** 
 141:Core/Src/usart.c ****     /* USART1_TX Init */
 142:Core/Src/usart.c ****     hdma_usart1_tx.Instance = DMA1_Channel4;
 143:Core/Src/usart.c ****     hdma_usart1_tx.Init.Direction = DMA_MEMORY_TO_PERIPH;
 144:Core/Src/usart.c ****     hdma_usart1_tx.Init.PeriphInc = DMA_PINC_DISABLE;
 145:Core/Src/usart.c ****     hdma_usart1_tx.Init.MemInc = DMA_MINC_ENABLE;
 146:Core/Src/usart.c ****     hdma_usart1_tx.Init.PeriphDataAlignment = DMA_PDATAALIGN_BYTE;
 147:Core/Src/usart.c ****     hdma_usart1_tx.Init.MemDataAlignment = DMA_MDATAALIGN_BYTE;
 148:Core/Src/usart.c ****     hdma_usart1_tx.Init.Mode = DMA_NORMAL;
 149:Core/Src/usart.c ****     hdma_usart1_tx.Init.Priority = DMA_PRIORITY_MEDIUM;
 150:Core/Src/usart.c ****     if (HAL_DMA_Init(&hdma_usart1_tx) != HAL_OK)
 151:Core/Src/usart.c ****     {
 152:Core/Src/usart.c ****       Error_Handler();
 153:Core/Src/usart.c ****     }
 154:Core/Src/usart.c **** 
 155:Core/Src/usart.c ****     __HAL_LINKDMA(uartHandle,hdmatx,hdma_usart1_tx);
 156:Core/Src/usart.c **** 
 157:Core/Src/usart.c ****     /* USART1 interrupt Init */
 158:Core/Src/usart.c ****     HAL_NVIC_SetPriority(USART1_IRQn, 0, 0);
 159:Core/Src/usart.c ****     HAL_NVIC_EnableIRQ(USART1_IRQn);
 160:Core/Src/usart.c ****   /* USER CODE BEGIN USART1_MspInit 1 */
 161:Core/Src/usart.c **** 
 162:Core/Src/usart.c ****   /* USER CODE END USART1_MspInit 1 */
 163:Core/Src/usart.c ****   }
 164:Core/Src/usart.c ****   else if(uartHandle->Instance==USART2)
 208              		.loc 1 164 8 is_stmt 1 view .LVU54
 209              		.loc 1 164 10 is_stmt 0 view .LVU55
 210 0016 4C4A     		ldr	r2, .L23+4
 211 0018 9342     		cmp	r3, r2
 212 001a 62D0     		beq	.L20
 213              	.LVL6:
 214              	.L13:
 165:Core/Src/usart.c ****   {
 166:Core/Src/usart.c ****   /* USER CODE BEGIN USART2_MspInit 0 */
 167:Core/Src/usart.c **** 
 168:Core/Src/usart.c ****   /* USER CODE END USART2_MspInit 0 */
 169:Core/Src/usart.c ****     /* USART2 clock enable */
 170:Core/Src/usart.c ****     __HAL_RCC_USART2_CLK_ENABLE();
 171:Core/Src/usart.c **** 
 172:Core/Src/usart.c ****     __HAL_RCC_GPIOA_CLK_ENABLE();
 173:Core/Src/usart.c ****     /**USART2 GPIO Configuration
 174:Core/Src/usart.c ****     PA2     ------> USART2_TX
 175:Core/Src/usart.c ****     PA3     ------> USART2_RX
 176:Core/Src/usart.c ****     */
 177:Core/Src/usart.c ****     GPIO_InitStruct.Pin = GPIO_PIN_2;
 178:Core/Src/usart.c ****     GPIO_InitStruct.Mode = GPIO_MODE_AF_PP;
 179:Core/Src/usart.c ****     GPIO_InitStruct.Speed = GPIO_SPEED_FREQ_HIGH;
 180:Core/Src/usart.c ****     HAL_GPIO_Init(GPIOA, &GPIO_InitStruct);
 181:Core/Src/usart.c **** 
 182:Core/Src/usart.c ****     GPIO_InitStruct.Pin = GPIO_PIN_3;
 183:Core/Src/usart.c ****     GPIO_InitStruct.Mode = GPIO_MODE_INPUT;
 184:Core/Src/usart.c ****     GPIO_InitStruct.Pull = GPIO_NOPULL;
 185:Core/Src/usart.c ****     HAL_GPIO_Init(GPIOA, &GPIO_InitStruct);
 186:Core/Src/usart.c **** 
 187:Core/Src/usart.c ****     /* USART2 interrupt Init */
 188:Core/Src/usart.c ****     HAL_NVIC_SetPriority(USART2_IRQn, 0, 0);
ARM GAS  C:\Users\84759\AppData\Local\Temp\ccYlI1x2.s 			page 8


 189:Core/Src/usart.c ****     HAL_NVIC_EnableIRQ(USART2_IRQn);
 190:Core/Src/usart.c ****   /* USER CODE BEGIN USART2_MspInit 1 */
 191:Core/Src/usart.c **** 
 192:Core/Src/usart.c ****   /* USER CODE END USART2_MspInit 1 */
 193:Core/Src/usart.c ****   }
 194:Core/Src/usart.c **** }
 215              		.loc 1 194 1 view .LVU56
 216 001c 08B0     		add	sp, sp, #32
 217              	.LCFI4:
 218              		.cfi_remember_state
 219              		.cfi_def_cfa_offset 16
 220              		@ sp needed
 221 001e 70BD     		pop	{r4, r5, r6, pc}
 222              	.LVL7:
 223              	.L19:
 224              	.LCFI5:
 225              		.cfi_restore_state
 226              		.loc 1 194 1 view .LVU57
 227 0020 0446     		mov	r4, r0
 107:Core/Src/usart.c **** 
 228              		.loc 1 107 5 is_stmt 1 view .LVU58
 229              	.LBB2:
 107:Core/Src/usart.c **** 
 230              		.loc 1 107 5 view .LVU59
 107:Core/Src/usart.c **** 
 231              		.loc 1 107 5 view .LVU60
 232 0022 4A4B     		ldr	r3, .L23+8
 233 0024 9A69     		ldr	r2, [r3, #24]
 234 0026 42F48042 		orr	r2, r2, #16384
 235 002a 9A61     		str	r2, [r3, #24]
 107:Core/Src/usart.c **** 
 236              		.loc 1 107 5 view .LVU61
 237 002c 9A69     		ldr	r2, [r3, #24]
 238 002e 02F48042 		and	r2, r2, #16384
 239 0032 0092     		str	r2, [sp]
 107:Core/Src/usart.c **** 
 240              		.loc 1 107 5 view .LVU62
 241 0034 009A     		ldr	r2, [sp]
 242              	.LBE2:
 107:Core/Src/usart.c **** 
 243              		.loc 1 107 5 view .LVU63
 109:Core/Src/usart.c ****     /**USART1 GPIO Configuration
 244              		.loc 1 109 5 view .LVU64
 245              	.LBB3:
 109:Core/Src/usart.c ****     /**USART1 GPIO Configuration
 246              		.loc 1 109 5 view .LVU65
 109:Core/Src/usart.c ****     /**USART1 GPIO Configuration
 247              		.loc 1 109 5 view .LVU66
 248 0036 9A69     		ldr	r2, [r3, #24]
 249 0038 42F00402 		orr	r2, r2, #4
 250 003c 9A61     		str	r2, [r3, #24]
 109:Core/Src/usart.c ****     /**USART1 GPIO Configuration
 251              		.loc 1 109 5 view .LVU67
 252 003e 9B69     		ldr	r3, [r3, #24]
 253 0040 03F00403 		and	r3, r3, #4
 254 0044 0193     		str	r3, [sp, #4]
 109:Core/Src/usart.c ****     /**USART1 GPIO Configuration
ARM GAS  C:\Users\84759\AppData\Local\Temp\ccYlI1x2.s 			page 9


 255              		.loc 1 109 5 view .LVU68
 256 0046 019B     		ldr	r3, [sp, #4]
 257              	.LBE3:
 109:Core/Src/usart.c ****     /**USART1 GPIO Configuration
 258              		.loc 1 109 5 view .LVU69
 114:Core/Src/usart.c ****     GPIO_InitStruct.Mode = GPIO_MODE_AF_PP;
 259              		.loc 1 114 5 view .LVU70
 114:Core/Src/usart.c ****     GPIO_InitStruct.Mode = GPIO_MODE_AF_PP;
 260              		.loc 1 114 25 is_stmt 0 view .LVU71
 261 0048 4FF40073 		mov	r3, #512
 262 004c 0493     		str	r3, [sp, #16]
 115:Core/Src/usart.c ****     GPIO_InitStruct.Speed = GPIO_SPEED_FREQ_HIGH;
 263              		.loc 1 115 5 is_stmt 1 view .LVU72
 115:Core/Src/usart.c ****     GPIO_InitStruct.Speed = GPIO_SPEED_FREQ_HIGH;
 264              		.loc 1 115 26 is_stmt 0 view .LVU73
 265 004e 0223     		movs	r3, #2
 266 0050 0593     		str	r3, [sp, #20]
 116:Core/Src/usart.c ****     HAL_GPIO_Init(GPIOA, &GPIO_InitStruct);
 267              		.loc 1 116 5 is_stmt 1 view .LVU74
 116:Core/Src/usart.c ****     HAL_GPIO_Init(GPIOA, &GPIO_InitStruct);
 268              		.loc 1 116 27 is_stmt 0 view .LVU75
 269 0052 0323     		movs	r3, #3
 270 0054 0793     		str	r3, [sp, #28]
 117:Core/Src/usart.c **** 
 271              		.loc 1 117 5 is_stmt 1 view .LVU76
 272 0056 3E4E     		ldr	r6, .L23+12
 273 0058 04A9     		add	r1, sp, #16
 274 005a 3046     		mov	r0, r6
 275              	.LVL8:
 117:Core/Src/usart.c **** 
 276              		.loc 1 117 5 is_stmt 0 view .LVU77
 277 005c FFF7FEFF 		bl	HAL_GPIO_Init
 278              	.LVL9:
 119:Core/Src/usart.c ****     GPIO_InitStruct.Mode = GPIO_MODE_INPUT;
 279              		.loc 1 119 5 is_stmt 1 view .LVU78
 119:Core/Src/usart.c ****     GPIO_InitStruct.Mode = GPIO_MODE_INPUT;
 280              		.loc 1 119 25 is_stmt 0 view .LVU79
 281 0060 4FF48063 		mov	r3, #1024
 282 0064 0493     		str	r3, [sp, #16]
 120:Core/Src/usart.c ****     GPIO_InitStruct.Pull = GPIO_NOPULL;
 283              		.loc 1 120 5 is_stmt 1 view .LVU80
 120:Core/Src/usart.c ****     GPIO_InitStruct.Pull = GPIO_NOPULL;
 284              		.loc 1 120 26 is_stmt 0 view .LVU81
 285 0066 0025     		movs	r5, #0
 286 0068 0595     		str	r5, [sp, #20]
 121:Core/Src/usart.c ****     HAL_GPIO_Init(GPIOA, &GPIO_InitStruct);
 287              		.loc 1 121 5 is_stmt 1 view .LVU82
 121:Core/Src/usart.c ****     HAL_GPIO_Init(GPIOA, &GPIO_InitStruct);
 288              		.loc 1 121 26 is_stmt 0 view .LVU83
 289 006a 0695     		str	r5, [sp, #24]
 122:Core/Src/usart.c **** 
 290              		.loc 1 122 5 is_stmt 1 view .LVU84
 291 006c 04A9     		add	r1, sp, #16
 292 006e 3046     		mov	r0, r6
 293 0070 FFF7FEFF 		bl	HAL_GPIO_Init
 294              	.LVL10:
 126:Core/Src/usart.c ****     hdma_usart1_rx.Init.Direction = DMA_PERIPH_TO_MEMORY;
ARM GAS  C:\Users\84759\AppData\Local\Temp\ccYlI1x2.s 			page 10


 295              		.loc 1 126 5 view .LVU85
 126:Core/Src/usart.c ****     hdma_usart1_rx.Init.Direction = DMA_PERIPH_TO_MEMORY;
 296              		.loc 1 126 29 is_stmt 0 view .LVU86
 297 0074 3748     		ldr	r0, .L23+16
 298 0076 384B     		ldr	r3, .L23+20
 299 0078 0360     		str	r3, [r0]
 127:Core/Src/usart.c ****     hdma_usart1_rx.Init.PeriphInc = DMA_PINC_DISABLE;
 300              		.loc 1 127 5 is_stmt 1 view .LVU87
 127:Core/Src/usart.c ****     hdma_usart1_rx.Init.PeriphInc = DMA_PINC_DISABLE;
 301              		.loc 1 127 35 is_stmt 0 view .LVU88
 302 007a 4560     		str	r5, [r0, #4]
 128:Core/Src/usart.c ****     hdma_usart1_rx.Init.MemInc = DMA_MINC_ENABLE;
 303              		.loc 1 128 5 is_stmt 1 view .LVU89
 128:Core/Src/usart.c ****     hdma_usart1_rx.Init.MemInc = DMA_MINC_ENABLE;
 304              		.loc 1 128 35 is_stmt 0 view .LVU90
 305 007c 8560     		str	r5, [r0, #8]
 129:Core/Src/usart.c ****     hdma_usart1_rx.Init.PeriphDataAlignment = DMA_PDATAALIGN_BYTE;
 306              		.loc 1 129 5 is_stmt 1 view .LVU91
 129:Core/Src/usart.c ****     hdma_usart1_rx.Init.PeriphDataAlignment = DMA_PDATAALIGN_BYTE;
 307              		.loc 1 129 32 is_stmt 0 view .LVU92
 308 007e 8023     		movs	r3, #128
 309 0080 C360     		str	r3, [r0, #12]
 130:Core/Src/usart.c ****     hdma_usart1_rx.Init.MemDataAlignment = DMA_MDATAALIGN_BYTE;
 310              		.loc 1 130 5 is_stmt 1 view .LVU93
 130:Core/Src/usart.c ****     hdma_usart1_rx.Init.MemDataAlignment = DMA_MDATAALIGN_BYTE;
 311              		.loc 1 130 45 is_stmt 0 view .LVU94
 312 0082 0561     		str	r5, [r0, #16]
 131:Core/Src/usart.c ****     hdma_usart1_rx.Init.Mode = DMA_NORMAL;
 313              		.loc 1 131 5 is_stmt 1 view .LVU95
 131:Core/Src/usart.c ****     hdma_usart1_rx.Init.Mode = DMA_NORMAL;
 314              		.loc 1 131 42 is_stmt 0 view .LVU96
 315 0084 4561     		str	r5, [r0, #20]
 132:Core/Src/usart.c ****     hdma_usart1_rx.Init.Priority = DMA_PRIORITY_MEDIUM;
 316              		.loc 1 132 5 is_stmt 1 view .LVU97
 132:Core/Src/usart.c ****     hdma_usart1_rx.Init.Priority = DMA_PRIORITY_MEDIUM;
 317              		.loc 1 132 30 is_stmt 0 view .LVU98
 318 0086 8561     		str	r5, [r0, #24]
 133:Core/Src/usart.c ****     if (HAL_DMA_Init(&hdma_usart1_rx) != HAL_OK)
 319              		.loc 1 133 5 is_stmt 1 view .LVU99
 133:Core/Src/usart.c ****     if (HAL_DMA_Init(&hdma_usart1_rx) != HAL_OK)
 320              		.loc 1 133 34 is_stmt 0 view .LVU100
 321 0088 4FF48053 		mov	r3, #4096
 322 008c C361     		str	r3, [r0, #28]
 134:Core/Src/usart.c ****     {
 323              		.loc 1 134 5 is_stmt 1 view .LVU101
 134:Core/Src/usart.c ****     {
 324              		.loc 1 134 9 is_stmt 0 view .LVU102
 325 008e FFF7FEFF 		bl	HAL_DMA_Init
 326              	.LVL11:
 134:Core/Src/usart.c ****     {
 327              		.loc 1 134 8 view .LVU103
 328 0092 00BB     		cbnz	r0, .L21
 329              	.L15:
 139:Core/Src/usart.c **** 
 330              		.loc 1 139 5 is_stmt 1 view .LVU104
 139:Core/Src/usart.c **** 
 331              		.loc 1 139 5 view .LVU105
ARM GAS  C:\Users\84759\AppData\Local\Temp\ccYlI1x2.s 			page 11


 332 0094 2F4B     		ldr	r3, .L23+16
 333 0096 E363     		str	r3, [r4, #60]
 139:Core/Src/usart.c **** 
 334              		.loc 1 139 5 view .LVU106
 335 0098 5C62     		str	r4, [r3, #36]
 139:Core/Src/usart.c **** 
 336              		.loc 1 139 5 view .LVU107
 142:Core/Src/usart.c ****     hdma_usart1_tx.Init.Direction = DMA_MEMORY_TO_PERIPH;
 337              		.loc 1 142 5 view .LVU108
 142:Core/Src/usart.c ****     hdma_usart1_tx.Init.Direction = DMA_MEMORY_TO_PERIPH;
 338              		.loc 1 142 29 is_stmt 0 view .LVU109
 339 009a 3048     		ldr	r0, .L23+24
 340 009c 304B     		ldr	r3, .L23+28
 341 009e 0360     		str	r3, [r0]
 143:Core/Src/usart.c ****     hdma_usart1_tx.Init.PeriphInc = DMA_PINC_DISABLE;
 342              		.loc 1 143 5 is_stmt 1 view .LVU110
 143:Core/Src/usart.c ****     hdma_usart1_tx.Init.PeriphInc = DMA_PINC_DISABLE;
 343              		.loc 1 143 35 is_stmt 0 view .LVU111
 344 00a0 1023     		movs	r3, #16
 345 00a2 4360     		str	r3, [r0, #4]
 144:Core/Src/usart.c ****     hdma_usart1_tx.Init.MemInc = DMA_MINC_ENABLE;
 346              		.loc 1 144 5 is_stmt 1 view .LVU112
 144:Core/Src/usart.c ****     hdma_usart1_tx.Init.MemInc = DMA_MINC_ENABLE;
 347              		.loc 1 144 35 is_stmt 0 view .LVU113
 348 00a4 0023     		movs	r3, #0
 349 00a6 8360     		str	r3, [r0, #8]
 145:Core/Src/usart.c ****     hdma_usart1_tx.Init.PeriphDataAlignment = DMA_PDATAALIGN_BYTE;
 350              		.loc 1 145 5 is_stmt 1 view .LVU114
 145:Core/Src/usart.c ****     hdma_usart1_tx.Init.PeriphDataAlignment = DMA_PDATAALIGN_BYTE;
 351              		.loc 1 145 32 is_stmt 0 view .LVU115
 352 00a8 8022     		movs	r2, #128
 353 00aa C260     		str	r2, [r0, #12]
 146:Core/Src/usart.c ****     hdma_usart1_tx.Init.MemDataAlignment = DMA_MDATAALIGN_BYTE;
 354              		.loc 1 146 5 is_stmt 1 view .LVU116
 146:Core/Src/usart.c ****     hdma_usart1_tx.Init.MemDataAlignment = DMA_MDATAALIGN_BYTE;
 355              		.loc 1 146 45 is_stmt 0 view .LVU117
 356 00ac 0361     		str	r3, [r0, #16]
 147:Core/Src/usart.c ****     hdma_usart1_tx.Init.Mode = DMA_NORMAL;
 357              		.loc 1 147 5 is_stmt 1 view .LVU118
 147:Core/Src/usart.c ****     hdma_usart1_tx.Init.Mode = DMA_NORMAL;
 358              		.loc 1 147 42 is_stmt 0 view .LVU119
 359 00ae 4361     		str	r3, [r0, #20]
 148:Core/Src/usart.c ****     hdma_usart1_tx.Init.Priority = DMA_PRIORITY_MEDIUM;
 360              		.loc 1 148 5 is_stmt 1 view .LVU120
 148:Core/Src/usart.c ****     hdma_usart1_tx.Init.Priority = DMA_PRIORITY_MEDIUM;
 361              		.loc 1 148 30 is_stmt 0 view .LVU121
 362 00b0 8361     		str	r3, [r0, #24]
 149:Core/Src/usart.c ****     if (HAL_DMA_Init(&hdma_usart1_tx) != HAL_OK)
 363              		.loc 1 149 5 is_stmt 1 view .LVU122
 149:Core/Src/usart.c ****     if (HAL_DMA_Init(&hdma_usart1_tx) != HAL_OK)
 364              		.loc 1 149 34 is_stmt 0 view .LVU123
 365 00b2 4FF48053 		mov	r3, #4096
 366 00b6 C361     		str	r3, [r0, #28]
 150:Core/Src/usart.c ****     {
 367              		.loc 1 150 5 is_stmt 1 view .LVU124
 150:Core/Src/usart.c ****     {
 368              		.loc 1 150 9 is_stmt 0 view .LVU125
ARM GAS  C:\Users\84759\AppData\Local\Temp\ccYlI1x2.s 			page 12


 369 00b8 FFF7FEFF 		bl	HAL_DMA_Init
 370              	.LVL12:
 150:Core/Src/usart.c ****     {
 371              		.loc 1 150 8 view .LVU126
 372 00bc 70B9     		cbnz	r0, .L22
 373              	.L16:
 155:Core/Src/usart.c **** 
 374              		.loc 1 155 5 is_stmt 1 view .LVU127
 155:Core/Src/usart.c **** 
 375              		.loc 1 155 5 view .LVU128
 376 00be 274B     		ldr	r3, .L23+24
 377 00c0 A363     		str	r3, [r4, #56]
 155:Core/Src/usart.c **** 
 378              		.loc 1 155 5 view .LVU129
 379 00c2 5C62     		str	r4, [r3, #36]
 155:Core/Src/usart.c **** 
 380              		.loc 1 155 5 view .LVU130
 158:Core/Src/usart.c ****     HAL_NVIC_EnableIRQ(USART1_IRQn);
 381              		.loc 1 158 5 view .LVU131
 382 00c4 0022     		movs	r2, #0
 383 00c6 1146     		mov	r1, r2
 384 00c8 2520     		movs	r0, #37
 385 00ca FFF7FEFF 		bl	HAL_NVIC_SetPriority
 386              	.LVL13:
 159:Core/Src/usart.c ****   /* USER CODE BEGIN USART1_MspInit 1 */
 387              		.loc 1 159 5 view .LVU132
 388 00ce 2520     		movs	r0, #37
 389 00d0 FFF7FEFF 		bl	HAL_NVIC_EnableIRQ
 390              	.LVL14:
 391 00d4 A2E7     		b	.L13
 392              	.L21:
 136:Core/Src/usart.c ****     }
 393              		.loc 1 136 7 view .LVU133
 394 00d6 FFF7FEFF 		bl	Error_Handler
 395              	.LVL15:
 396 00da DBE7     		b	.L15
 397              	.L22:
 152:Core/Src/usart.c ****     }
 398              		.loc 1 152 7 view .LVU134
 399 00dc FFF7FEFF 		bl	Error_Handler
 400              	.LVL16:
 401 00e0 EDE7     		b	.L16
 402              	.LVL17:
 403              	.L20:
 170:Core/Src/usart.c **** 
 404              		.loc 1 170 5 view .LVU135
 405              	.LBB4:
 170:Core/Src/usart.c **** 
 406              		.loc 1 170 5 view .LVU136
 170:Core/Src/usart.c **** 
 407              		.loc 1 170 5 view .LVU137
 408 00e2 1A4B     		ldr	r3, .L23+8
 409 00e4 DA69     		ldr	r2, [r3, #28]
 410 00e6 42F40032 		orr	r2, r2, #131072
 411 00ea DA61     		str	r2, [r3, #28]
 170:Core/Src/usart.c **** 
 412              		.loc 1 170 5 view .LVU138
ARM GAS  C:\Users\84759\AppData\Local\Temp\ccYlI1x2.s 			page 13


 413 00ec DA69     		ldr	r2, [r3, #28]
 414 00ee 02F40032 		and	r2, r2, #131072
 415 00f2 0292     		str	r2, [sp, #8]
 170:Core/Src/usart.c **** 
 416              		.loc 1 170 5 view .LVU139
 417 00f4 029A     		ldr	r2, [sp, #8]
 418              	.LBE4:
 170:Core/Src/usart.c **** 
 419              		.loc 1 170 5 view .LVU140
 172:Core/Src/usart.c ****     /**USART2 GPIO Configuration
 420              		.loc 1 172 5 view .LVU141
 421              	.LBB5:
 172:Core/Src/usart.c ****     /**USART2 GPIO Configuration
 422              		.loc 1 172 5 view .LVU142
 172:Core/Src/usart.c ****     /**USART2 GPIO Configuration
 423              		.loc 1 172 5 view .LVU143
 424 00f6 9A69     		ldr	r2, [r3, #24]
 425 00f8 42F00402 		orr	r2, r2, #4
 426 00fc 9A61     		str	r2, [r3, #24]
 172:Core/Src/usart.c ****     /**USART2 GPIO Configuration
 427              		.loc 1 172 5 view .LVU144
 428 00fe 9B69     		ldr	r3, [r3, #24]
 429 0100 03F00403 		and	r3, r3, #4
 430 0104 0393     		str	r3, [sp, #12]
 172:Core/Src/usart.c ****     /**USART2 GPIO Configuration
 431              		.loc 1 172 5 view .LVU145
 432 0106 039B     		ldr	r3, [sp, #12]
 433              	.LBE5:
 172:Core/Src/usart.c ****     /**USART2 GPIO Configuration
 434              		.loc 1 172 5 view .LVU146
 177:Core/Src/usart.c ****     GPIO_InitStruct.Mode = GPIO_MODE_AF_PP;
 435              		.loc 1 177 5 view .LVU147
 177:Core/Src/usart.c ****     GPIO_InitStruct.Mode = GPIO_MODE_AF_PP;
 436              		.loc 1 177 25 is_stmt 0 view .LVU148
 437 0108 0423     		movs	r3, #4
 438 010a 0493     		str	r3, [sp, #16]
 178:Core/Src/usart.c ****     GPIO_InitStruct.Speed = GPIO_SPEED_FREQ_HIGH;
 439              		.loc 1 178 5 is_stmt 1 view .LVU149
 178:Core/Src/usart.c ****     GPIO_InitStruct.Speed = GPIO_SPEED_FREQ_HIGH;
 440              		.loc 1 178 26 is_stmt 0 view .LVU150
 441 010c 0223     		movs	r3, #2
 442 010e 0593     		str	r3, [sp, #20]
 179:Core/Src/usart.c ****     HAL_GPIO_Init(GPIOA, &GPIO_InitStruct);
 443              		.loc 1 179 5 is_stmt 1 view .LVU151
 179:Core/Src/usart.c ****     HAL_GPIO_Init(GPIOA, &GPIO_InitStruct);
 444              		.loc 1 179 27 is_stmt 0 view .LVU152
 445 0110 0323     		movs	r3, #3
 446 0112 0793     		str	r3, [sp, #28]
 180:Core/Src/usart.c **** 
 447              		.loc 1 180 5 is_stmt 1 view .LVU153
 448 0114 0E4D     		ldr	r5, .L23+12
 449 0116 04A9     		add	r1, sp, #16
 450 0118 2846     		mov	r0, r5
 451              	.LVL18:
 180:Core/Src/usart.c **** 
 452              		.loc 1 180 5 is_stmt 0 view .LVU154
 453 011a FFF7FEFF 		bl	HAL_GPIO_Init
ARM GAS  C:\Users\84759\AppData\Local\Temp\ccYlI1x2.s 			page 14


 454              	.LVL19:
 182:Core/Src/usart.c ****     GPIO_InitStruct.Mode = GPIO_MODE_INPUT;
 455              		.loc 1 182 5 is_stmt 1 view .LVU155
 182:Core/Src/usart.c ****     GPIO_InitStruct.Mode = GPIO_MODE_INPUT;
 456              		.loc 1 182 25 is_stmt 0 view .LVU156
 457 011e 0823     		movs	r3, #8
 458 0120 0493     		str	r3, [sp, #16]
 183:Core/Src/usart.c ****     GPIO_InitStruct.Pull = GPIO_NOPULL;
 459              		.loc 1 183 5 is_stmt 1 view .LVU157
 183:Core/Src/usart.c ****     GPIO_InitStruct.Pull = GPIO_NOPULL;
 460              		.loc 1 183 26 is_stmt 0 view .LVU158
 461 0122 0024     		movs	r4, #0
 462 0124 0594     		str	r4, [sp, #20]
 184:Core/Src/usart.c ****     HAL_GPIO_Init(GPIOA, &GPIO_InitStruct);
 463              		.loc 1 184 5 is_stmt 1 view .LVU159
 184:Core/Src/usart.c ****     HAL_GPIO_Init(GPIOA, &GPIO_InitStruct);
 464              		.loc 1 184 26 is_stmt 0 view .LVU160
 465 0126 0694     		str	r4, [sp, #24]
 185:Core/Src/usart.c **** 
 466              		.loc 1 185 5 is_stmt 1 view .LVU161
 467 0128 04A9     		add	r1, sp, #16
 468 012a 2846     		mov	r0, r5
 469 012c FFF7FEFF 		bl	HAL_GPIO_Init
 470              	.LVL20:
 188:Core/Src/usart.c ****     HAL_NVIC_EnableIRQ(USART2_IRQn);
 471              		.loc 1 188 5 view .LVU162
 472 0130 2246     		mov	r2, r4
 473 0132 2146     		mov	r1, r4
 474 0134 2620     		movs	r0, #38
 475 0136 FFF7FEFF 		bl	HAL_NVIC_SetPriority
 476              	.LVL21:
 189:Core/Src/usart.c ****   /* USER CODE BEGIN USART2_MspInit 1 */
 477              		.loc 1 189 5 view .LVU163
 478 013a 2620     		movs	r0, #38
 479 013c FFF7FEFF 		bl	HAL_NVIC_EnableIRQ
 480              	.LVL22:
 481              		.loc 1 194 1 is_stmt 0 view .LVU164
 482 0140 6CE7     		b	.L13
 483              	.L24:
 484 0142 00BF     		.align	2
 485              	.L23:
 486 0144 00380140 		.word	1073821696
 487 0148 00440040 		.word	1073759232
 488 014c 00100240 		.word	1073876992
 489 0150 00080140 		.word	1073809408
 490 0154 00000000 		.word	.LANCHOR3
 491 0158 58000240 		.word	1073872984
 492 015c 00000000 		.word	.LANCHOR4
 493 0160 44000240 		.word	1073872964
 494              		.cfi_endproc
 495              	.LFE67:
 497              		.section	.text.HAL_UART_MspDeInit,"ax",%progbits
 498              		.align	1
 499              		.global	HAL_UART_MspDeInit
 500              		.syntax unified
 501              		.thumb
 502              		.thumb_func
ARM GAS  C:\Users\84759\AppData\Local\Temp\ccYlI1x2.s 			page 15


 504              	HAL_UART_MspDeInit:
 505              	.LVL23:
 506              	.LFB68:
 195:Core/Src/usart.c **** 
 196:Core/Src/usart.c **** void HAL_UART_MspDeInit(UART_HandleTypeDef* uartHandle)
 197:Core/Src/usart.c **** {
 507              		.loc 1 197 1 is_stmt 1 view -0
 508              		.cfi_startproc
 509              		@ args = 0, pretend = 0, frame = 0
 510              		@ frame_needed = 0, uses_anonymous_args = 0
 511              		.loc 1 197 1 is_stmt 0 view .LVU166
 512 0000 10B5     		push	{r4, lr}
 513              	.LCFI6:
 514              		.cfi_def_cfa_offset 8
 515              		.cfi_offset 4, -8
 516              		.cfi_offset 14, -4
 198:Core/Src/usart.c **** 
 199:Core/Src/usart.c ****   if(uartHandle->Instance==USART1)
 517              		.loc 1 199 3 is_stmt 1 view .LVU167
 518              		.loc 1 199 16 is_stmt 0 view .LVU168
 519 0002 0368     		ldr	r3, [r0]
 520              		.loc 1 199 5 view .LVU169
 521 0004 154A     		ldr	r2, .L31
 522 0006 9342     		cmp	r3, r2
 523 0008 03D0     		beq	.L29
 200:Core/Src/usart.c ****   {
 201:Core/Src/usart.c ****   /* USER CODE BEGIN USART1_MspDeInit 0 */
 202:Core/Src/usart.c **** 
 203:Core/Src/usart.c ****   /* USER CODE END USART1_MspDeInit 0 */
 204:Core/Src/usart.c ****     /* Peripheral clock disable */
 205:Core/Src/usart.c ****     __HAL_RCC_USART1_CLK_DISABLE();
 206:Core/Src/usart.c **** 
 207:Core/Src/usart.c ****     /**USART1 GPIO Configuration
 208:Core/Src/usart.c ****     PA9     ------> USART1_TX
 209:Core/Src/usart.c ****     PA10     ------> USART1_RX
 210:Core/Src/usart.c ****     */
 211:Core/Src/usart.c ****     HAL_GPIO_DeInit(GPIOA, GPIO_PIN_9|GPIO_PIN_10);
 212:Core/Src/usart.c **** 
 213:Core/Src/usart.c ****     /* USART1 DMA DeInit */
 214:Core/Src/usart.c ****     HAL_DMA_DeInit(uartHandle->hdmarx);
 215:Core/Src/usart.c ****     HAL_DMA_DeInit(uartHandle->hdmatx);
 216:Core/Src/usart.c **** 
 217:Core/Src/usart.c ****     /* USART1 interrupt Deinit */
 218:Core/Src/usart.c ****     HAL_NVIC_DisableIRQ(USART1_IRQn);
 219:Core/Src/usart.c ****   /* USER CODE BEGIN USART1_MspDeInit 1 */
 220:Core/Src/usart.c **** 
 221:Core/Src/usart.c ****   /* USER CODE END USART1_MspDeInit 1 */
 222:Core/Src/usart.c ****   }
 223:Core/Src/usart.c ****   else if(uartHandle->Instance==USART2)
 524              		.loc 1 223 8 is_stmt 1 view .LVU170
 525              		.loc 1 223 10 is_stmt 0 view .LVU171
 526 000a 154A     		ldr	r2, .L31+4
 527 000c 9342     		cmp	r3, r2
 528 000e 16D0     		beq	.L30
 529              	.LVL24:
 530              	.L25:
 224:Core/Src/usart.c ****   {
ARM GAS  C:\Users\84759\AppData\Local\Temp\ccYlI1x2.s 			page 16


 225:Core/Src/usart.c ****   /* USER CODE BEGIN USART2_MspDeInit 0 */
 226:Core/Src/usart.c **** 
 227:Core/Src/usart.c ****   /* USER CODE END USART2_MspDeInit 0 */
 228:Core/Src/usart.c ****     /* Peripheral clock disable */
 229:Core/Src/usart.c ****     __HAL_RCC_USART2_CLK_DISABLE();
 230:Core/Src/usart.c **** 
 231:Core/Src/usart.c ****     /**USART2 GPIO Configuration
 232:Core/Src/usart.c ****     PA2     ------> USART2_TX
 233:Core/Src/usart.c ****     PA3     ------> USART2_RX
 234:Core/Src/usart.c ****     */
 235:Core/Src/usart.c ****     HAL_GPIO_DeInit(GPIOA, GPIO_PIN_2|GPIO_PIN_3);
 236:Core/Src/usart.c **** 
 237:Core/Src/usart.c ****     /* USART2 interrupt Deinit */
 238:Core/Src/usart.c ****     HAL_NVIC_DisableIRQ(USART2_IRQn);
 239:Core/Src/usart.c ****   /* USER CODE BEGIN USART2_MspDeInit 1 */
 240:Core/Src/usart.c **** 
 241:Core/Src/usart.c ****   /* USER CODE END USART2_MspDeInit 1 */
 242:Core/Src/usart.c ****   }
 243:Core/Src/usart.c **** }
 531              		.loc 1 243 1 view .LVU172
 532 0010 10BD     		pop	{r4, pc}
 533              	.LVL25:
 534              	.L29:
 535              		.loc 1 243 1 view .LVU173
 536 0012 0446     		mov	r4, r0
 205:Core/Src/usart.c **** 
 537              		.loc 1 205 5 is_stmt 1 view .LVU174
 538 0014 02F55842 		add	r2, r2, #55296
 539 0018 9369     		ldr	r3, [r2, #24]
 540 001a 23F48043 		bic	r3, r3, #16384
 541 001e 9361     		str	r3, [r2, #24]
 211:Core/Src/usart.c **** 
 542              		.loc 1 211 5 view .LVU175
 543 0020 4FF4C061 		mov	r1, #1536
 544 0024 0F48     		ldr	r0, .L31+8
 545              	.LVL26:
 211:Core/Src/usart.c **** 
 546              		.loc 1 211 5 is_stmt 0 view .LVU176
 547 0026 FFF7FEFF 		bl	HAL_GPIO_DeInit
 548              	.LVL27:
 214:Core/Src/usart.c ****     HAL_DMA_DeInit(uartHandle->hdmatx);
 549              		.loc 1 214 5 is_stmt 1 view .LVU177
 550 002a E06B     		ldr	r0, [r4, #60]
 551 002c FFF7FEFF 		bl	HAL_DMA_DeInit
 552              	.LVL28:
 215:Core/Src/usart.c **** 
 553              		.loc 1 215 5 view .LVU178
 554 0030 A06B     		ldr	r0, [r4, #56]
 555 0032 FFF7FEFF 		bl	HAL_DMA_DeInit
 556              	.LVL29:
 218:Core/Src/usart.c ****   /* USER CODE BEGIN USART1_MspDeInit 1 */
 557              		.loc 1 218 5 view .LVU179
 558 0036 2520     		movs	r0, #37
 559 0038 FFF7FEFF 		bl	HAL_NVIC_DisableIRQ
 560              	.LVL30:
 561 003c E8E7     		b	.L25
 562              	.LVL31:
ARM GAS  C:\Users\84759\AppData\Local\Temp\ccYlI1x2.s 			page 17


 563              	.L30:
 229:Core/Src/usart.c **** 
 564              		.loc 1 229 5 view .LVU180
 565 003e 02F5E632 		add	r2, r2, #117760
 566 0042 D369     		ldr	r3, [r2, #28]
 567 0044 23F40033 		bic	r3, r3, #131072
 568 0048 D361     		str	r3, [r2, #28]
 235:Core/Src/usart.c **** 
 569              		.loc 1 235 5 view .LVU181
 570 004a 0C21     		movs	r1, #12
 571 004c 0548     		ldr	r0, .L31+8
 572              	.LVL32:
 235:Core/Src/usart.c **** 
 573              		.loc 1 235 5 is_stmt 0 view .LVU182
 574 004e FFF7FEFF 		bl	HAL_GPIO_DeInit
 575              	.LVL33:
 238:Core/Src/usart.c ****   /* USER CODE BEGIN USART2_MspDeInit 1 */
 576              		.loc 1 238 5 is_stmt 1 view .LVU183
 577 0052 2620     		movs	r0, #38
 578 0054 FFF7FEFF 		bl	HAL_NVIC_DisableIRQ
 579              	.LVL34:
 580              		.loc 1 243 1 is_stmt 0 view .LVU184
 581 0058 DAE7     		b	.L25
 582              	.L32:
 583 005a 00BF     		.align	2
 584              	.L31:
 585 005c 00380140 		.word	1073821696
 586 0060 00440040 		.word	1073759232
 587 0064 00080140 		.word	1073809408
 588              		.cfi_endproc
 589              	.LFE68:
 591              		.section	.text.DMA_Usart_Send,"ax",%progbits
 592              		.align	1
 593              		.global	DMA_Usart_Send
 594              		.syntax unified
 595              		.thumb
 596              		.thumb_func
 598              	DMA_Usart_Send:
 599              	.LVL35:
 600              	.LFB69:
 244:Core/Src/usart.c **** 
 245:Core/Src/usart.c **** /* USER CODE BEGIN 1 */
 246:Core/Src/usart.c **** /*
 247:Core/Src/usart.c **** ***************************************************************************************************
 248:Core/Src/usart.c **** * şŻ Ęý Ăű: DMA_Usart_Send
 249:Core/Src/usart.c **** * ą¦ÄÜËµĂ÷: ´®żÚ·˘ËÍą¦ÄÜşŻĘý
 250:Core/Src/usart.c **** * ĐÎ  ˛Î: bufŁ¬len
 251:Core/Src/usart.c **** * ·µ »Ř Öµ: ÎŢ
 252:Core/Src/usart.c **** ***************************************************************************************************
 253:Core/Src/usart.c **** */
 254:Core/Src/usart.c **** void DMA_Usart_Send(uint8_t *buf,uint8_t len)//´®żÚ·˘ËÍ·â×°
 255:Core/Src/usart.c **** {
 601              		.loc 1 255 1 is_stmt 1 view -0
 602              		.cfi_startproc
 603              		@ args = 0, pretend = 0, frame = 0
 604              		@ frame_needed = 0, uses_anonymous_args = 0
 605              		.loc 1 255 1 is_stmt 0 view .LVU186
ARM GAS  C:\Users\84759\AppData\Local\Temp\ccYlI1x2.s 			page 18


 606 0000 08B5     		push	{r3, lr}
 607              	.LCFI7:
 608              		.cfi_def_cfa_offset 8
 609              		.cfi_offset 3, -8
 610              		.cfi_offset 14, -4
 611 0002 0A46     		mov	r2, r1
 256:Core/Src/usart.c ****  if(HAL_UART_Transmit_DMA(&huart1, buf,len)!= HAL_OK)   //ĹĐ¶ĎĘÇ·ń·˘ËÍŐýłŁŁ¬ČçąűłöĎÖŇěłŁÔň˝řČëŇěłŁÖ
 612              		.loc 1 256 2 is_stmt 1 view .LVU187
 613              		.loc 1 256 5 is_stmt 0 view .LVU188
 614 0004 0146     		mov	r1, r0
 615              	.LVL36:
 616              		.loc 1 256 5 view .LVU189
 617 0006 0448     		ldr	r0, .L37
 618              	.LVL37:
 619              		.loc 1 256 5 view .LVU190
 620 0008 FFF7FEFF 		bl	HAL_UART_Transmit_DMA
 621              	.LVL38:
 622              		.loc 1 256 4 view .LVU191
 623 000c 00B9     		cbnz	r0, .L36
 624              	.L33:
 257:Core/Src/usart.c ****   {
 258:Core/Src/usart.c ****    Error_Handler();
 259:Core/Src/usart.c ****   }
 260:Core/Src/usart.c **** 
 261:Core/Src/usart.c **** }
 625              		.loc 1 261 1 view .LVU192
 626 000e 08BD     		pop	{r3, pc}
 627              	.L36:
 258:Core/Src/usart.c ****   }
 628              		.loc 1 258 4 is_stmt 1 view .LVU193
 629 0010 FFF7FEFF 		bl	Error_Handler
 630              	.LVL39:
 631              		.loc 1 261 1 is_stmt 0 view .LVU194
 632 0014 FBE7     		b	.L33
 633              	.L38:
 634 0016 00BF     		.align	2
 635              	.L37:
 636 0018 00000000 		.word	.LANCHOR0
 637              		.cfi_endproc
 638              	.LFE69:
 640              		.section	.text.DMA_Usart1_Read,"ax",%progbits
 641              		.align	1
 642              		.global	DMA_Usart1_Read
 643              		.syntax unified
 644              		.thumb
 645              		.thumb_func
 647              	DMA_Usart1_Read:
 648              	.LVL40:
 649              	.LFB70:
 262:Core/Src/usart.c **** /*
 263:Core/Src/usart.c **** ***************************************************************************************************
 264:Core/Src/usart.c **** * şŻ Ęý Ăű: DMA_Usart1_Read
 265:Core/Src/usart.c **** * ą¦ÄÜËµĂ÷: ´®żÚ˝ÓĘŐą¦ÄÜşŻĘý
 266:Core/Src/usart.c **** * ĐÎ  ˛Î: Data,len
 267:Core/Src/usart.c **** * ·µ »Ř Öµ: ÎŢ
 268:Core/Src/usart.c **** ***************************************************************************************************
 269:Core/Src/usart.c **** */
ARM GAS  C:\Users\84759\AppData\Local\Temp\ccYlI1x2.s 			page 19


 270:Core/Src/usart.c **** void DMA_Usart1_Read(uint8_t *Data,uint8_t len)//´®żÚ˝ÓĘŐ·â×°
 271:Core/Src/usart.c **** {
 650              		.loc 1 271 1 is_stmt 1 view -0
 651              		.cfi_startproc
 652              		@ args = 0, pretend = 0, frame = 0
 653              		@ frame_needed = 0, uses_anonymous_args = 0
 654              		.loc 1 271 1 is_stmt 0 view .LVU196
 655 0000 08B5     		push	{r3, lr}
 656              	.LCFI8:
 657              		.cfi_def_cfa_offset 8
 658              		.cfi_offset 3, -8
 659              		.cfi_offset 14, -4
 660 0002 0A46     		mov	r2, r1
 272:Core/Src/usart.c **** 	HAL_UART_Receive_DMA(&huart1,Data,len);//ÖŘĐÂ´ňżŞDMA˝ÓĘŐ
 661              		.loc 1 272 2 is_stmt 1 view .LVU197
 662 0004 0146     		mov	r1, r0
 663              	.LVL41:
 664              		.loc 1 272 2 is_stmt 0 view .LVU198
 665 0006 0248     		ldr	r0, .L41
 666              	.LVL42:
 667              		.loc 1 272 2 view .LVU199
 668 0008 FFF7FEFF 		bl	HAL_UART_Receive_DMA
 669              	.LVL43:
 273:Core/Src/usart.c **** }
 670              		.loc 1 273 1 view .LVU200
 671 000c 08BD     		pop	{r3, pc}
 672              	.L42:
 673 000e 00BF     		.align	2
 674              	.L41:
 675 0010 00000000 		.word	.LANCHOR0
 676              		.cfi_endproc
 677              	.LFE70:
 679              		.global	hdma_usart1_tx
 680              		.global	hdma_usart1_rx
 681              		.global	huart2
 682              		.global	huart1
 683              		.global	rx_buffer
 684              		.global	recv_end_flag
 685              		.global	rx_len
 686              		.section	.bss.hdma_usart1_rx,"aw",%nobits
 687              		.align	2
 688              		.set	.LANCHOR3,. + 0
 691              	hdma_usart1_rx:
 692 0000 00000000 		.space	68
 692      00000000 
 692      00000000 
 692      00000000 
 692      00000000 
 693              		.section	.bss.hdma_usart1_tx,"aw",%nobits
 694              		.align	2
 695              		.set	.LANCHOR4,. + 0
 698              	hdma_usart1_tx:
 699 0000 00000000 		.space	68
 699      00000000 
 699      00000000 
 699      00000000 
 699      00000000 
ARM GAS  C:\Users\84759\AppData\Local\Temp\ccYlI1x2.s 			page 20


 700              		.section	.bss.huart1,"aw",%nobits
 701              		.align	2
 702              		.set	.LANCHOR0,. + 0
 705              	huart1:
 706 0000 00000000 		.space	72
 706      00000000 
 706      00000000 
 706      00000000 
 706      00000000 
 707              		.section	.bss.huart2,"aw",%nobits
 708              		.align	2
 709              		.set	.LANCHOR2,. + 0
 712              	huart2:
 713 0000 00000000 		.space	72
 713      00000000 
 713      00000000 
 713      00000000 
 713      00000000 
 714              		.section	.bss.recv_end_flag,"aw",%nobits
 717              	recv_end_flag:
 718 0000 00       		.space	1
 719              		.section	.bss.rx_buffer,"aw",%nobits
 720              		.align	2
 721              		.set	.LANCHOR1,. + 0
 724              	rx_buffer:
 725 0000 00000000 		.space	256
 725      00000000 
 725      00000000 
 725      00000000 
 725      00000000 
 726              		.section	.bss.rx_len,"aw",%nobits
 729              	rx_len:
 730 0000 00       		.space	1
 731              		.text
 732              	.Letext0:
 733              		.file 2 "d:\\mingw\\gcc-arm-none-eabi-10.3-2021.10-win32\\gcc-arm-none-eabi-10.3-2021.10\\arm-none
 734              		.file 3 "d:\\mingw\\gcc-arm-none-eabi-10.3-2021.10-win32\\gcc-arm-none-eabi-10.3-2021.10\\arm-none
 735              		.file 4 "Drivers/CMSIS/Device/ST/STM32F1xx/Include/stm32f103xe.h"
 736              		.file 5 "Drivers/STM32F1xx_HAL_Driver/Inc/stm32f1xx_hal_def.h"
 737              		.file 6 "Drivers/STM32F1xx_HAL_Driver/Inc/stm32f1xx_hal_gpio.h"
 738              		.file 7 "Drivers/STM32F1xx_HAL_Driver/Inc/stm32f1xx_hal_dma.h"
 739              		.file 8 "Drivers/STM32F1xx_HAL_Driver/Inc/stm32f1xx_hal_uart.h"
 740              		.file 9 "Core/Inc/usart.h"
 741              		.file 10 "Core/Inc/main.h"
 742              		.file 11 "Drivers/STM32F1xx_HAL_Driver/Inc/stm32f1xx_hal_cortex.h"
ARM GAS  C:\Users\84759\AppData\Local\Temp\ccYlI1x2.s 			page 21


DEFINED SYMBOLS
                            *ABS*:00000000 usart.c
C:\Users\84759\AppData\Local\Temp\ccYlI1x2.s:18     .text.MX_USART1_UART_Init:00000000 $t
C:\Users\84759\AppData\Local\Temp\ccYlI1x2.s:24     .text.MX_USART1_UART_Init:00000000 MX_USART1_UART_Init
C:\Users\84759\AppData\Local\Temp\ccYlI1x2.s:93     .text.MX_USART1_UART_Init:00000044 $d
C:\Users\84759\AppData\Local\Temp\ccYlI1x2.s:100    .text.MX_USART2_UART_Init:00000000 $t
C:\Users\84759\AppData\Local\Temp\ccYlI1x2.s:106    .text.MX_USART2_UART_Init:00000000 MX_USART2_UART_Init
C:\Users\84759\AppData\Local\Temp\ccYlI1x2.s:164    .text.MX_USART2_UART_Init:0000002c $d
C:\Users\84759\AppData\Local\Temp\ccYlI1x2.s:170    .text.HAL_UART_MspInit:00000000 $t
C:\Users\84759\AppData\Local\Temp\ccYlI1x2.s:176    .text.HAL_UART_MspInit:00000000 HAL_UART_MspInit
C:\Users\84759\AppData\Local\Temp\ccYlI1x2.s:486    .text.HAL_UART_MspInit:00000144 $d
C:\Users\84759\AppData\Local\Temp\ccYlI1x2.s:498    .text.HAL_UART_MspDeInit:00000000 $t
C:\Users\84759\AppData\Local\Temp\ccYlI1x2.s:504    .text.HAL_UART_MspDeInit:00000000 HAL_UART_MspDeInit
C:\Users\84759\AppData\Local\Temp\ccYlI1x2.s:585    .text.HAL_UART_MspDeInit:0000005c $d
C:\Users\84759\AppData\Local\Temp\ccYlI1x2.s:592    .text.DMA_Usart_Send:00000000 $t
C:\Users\84759\AppData\Local\Temp\ccYlI1x2.s:598    .text.DMA_Usart_Send:00000000 DMA_Usart_Send
C:\Users\84759\AppData\Local\Temp\ccYlI1x2.s:636    .text.DMA_Usart_Send:00000018 $d
C:\Users\84759\AppData\Local\Temp\ccYlI1x2.s:641    .text.DMA_Usart1_Read:00000000 $t
C:\Users\84759\AppData\Local\Temp\ccYlI1x2.s:647    .text.DMA_Usart1_Read:00000000 DMA_Usart1_Read
C:\Users\84759\AppData\Local\Temp\ccYlI1x2.s:675    .text.DMA_Usart1_Read:00000010 $d
C:\Users\84759\AppData\Local\Temp\ccYlI1x2.s:698    .bss.hdma_usart1_tx:00000000 hdma_usart1_tx
C:\Users\84759\AppData\Local\Temp\ccYlI1x2.s:691    .bss.hdma_usart1_rx:00000000 hdma_usart1_rx
C:\Users\84759\AppData\Local\Temp\ccYlI1x2.s:712    .bss.huart2:00000000 huart2
C:\Users\84759\AppData\Local\Temp\ccYlI1x2.s:705    .bss.huart1:00000000 huart1
C:\Users\84759\AppData\Local\Temp\ccYlI1x2.s:724    .bss.rx_buffer:00000000 rx_buffer
C:\Users\84759\AppData\Local\Temp\ccYlI1x2.s:717    .bss.recv_end_flag:00000000 recv_end_flag
C:\Users\84759\AppData\Local\Temp\ccYlI1x2.s:729    .bss.rx_len:00000000 rx_len
C:\Users\84759\AppData\Local\Temp\ccYlI1x2.s:687    .bss.hdma_usart1_rx:00000000 $d
C:\Users\84759\AppData\Local\Temp\ccYlI1x2.s:694    .bss.hdma_usart1_tx:00000000 $d
C:\Users\84759\AppData\Local\Temp\ccYlI1x2.s:701    .bss.huart1:00000000 $d
C:\Users\84759\AppData\Local\Temp\ccYlI1x2.s:708    .bss.huart2:00000000 $d
C:\Users\84759\AppData\Local\Temp\ccYlI1x2.s:718    .bss.recv_end_flag:00000000 $d
C:\Users\84759\AppData\Local\Temp\ccYlI1x2.s:720    .bss.rx_buffer:00000000 $d
C:\Users\84759\AppData\Local\Temp\ccYlI1x2.s:730    .bss.rx_len:00000000 $d

UNDEFINED SYMBOLS
HAL_UART_Init
HAL_UART_Receive_DMA
Error_Handler
HAL_GPIO_Init
HAL_DMA_Init
HAL_NVIC_SetPriority
HAL_NVIC_EnableIRQ
HAL_GPIO_DeInit
HAL_DMA_DeInit
HAL_NVIC_DisableIRQ
HAL_UART_Transmit_DMA
