ARM GAS  C:\Users\84759\AppData\Local\Temp\cc3tPJWf.s 			page 1


   1              		.cpu cortex-m3
   2              		.arch armv7-m
   3              		.fpu softvfp
   4              		.eabi_attribute 20, 1
   5              		.eabi_attribute 21, 1
   6              		.eabi_attribute 23, 3
   7              		.eabi_attribute 24, 1
   8              		.eabi_attribute 25, 1
   9              		.eabi_attribute 26, 1
  10              		.eabi_attribute 30, 1
  11              		.eabi_attribute 34, 1
  12              		.eabi_attribute 18, 4
  13              		.file	"usart.c"
  14              		.text
  15              	.Ltext0:
  16              		.cfi_sections	.debug_frame
  17              		.section	.text.MX_USART1_UART_Init,"ax",%progbits
  18              		.align	1
  19              		.global	MX_USART1_UART_Init
  20              		.syntax unified
  21              		.thumb
  22              		.thumb_func
  24              	MX_USART1_UART_Init:
  25              	.LFB68:
  26              		.file 1 "Core/Src/usart.c"
   1:Core/Src/usart.c **** /*
   2:Core/Src/usart.c ****  * @Author: lchunqi 847597316@qq.com
   3:Core/Src/usart.c ****  * @Date: 2026-03-09 17:40:54
   4:Core/Src/usart.c ****  * @LastEditors: lchunqi 847597316@qq.com
   5:Core/Src/usart.c ****  * @LastEditTime: 2026-03-19 11:11:56
   6:Core/Src/usart.c ****  * @FilePath: \Fatfs - test\Core\Src\usart.c
   7:Core/Src/usart.c ****  * @Description: ŐâĘÇÄ¬ČĎÉčÖĂ,ÇëÉčÖĂ`customMade`, ´ňżŞkoroFileHeader˛éż´ĹäÖĂ ˝řĐĐÉčÖĂ: https://gith
   8:Core/Src/usart.c ****  */
   9:Core/Src/usart.c **** /* USER CODE BEGIN Header */
  10:Core/Src/usart.c **** /**
  11:Core/Src/usart.c ****   ******************************************************************************
  12:Core/Src/usart.c ****   * @file    usart.c
  13:Core/Src/usart.c ****   * @brief   This file provides code for the configuration
  14:Core/Src/usart.c ****   *          of the USART instances.
  15:Core/Src/usart.c ****   ******************************************************************************
  16:Core/Src/usart.c ****   * @attention
  17:Core/Src/usart.c ****   *
  18:Core/Src/usart.c ****   * Copyright (c) 2026 STMicroelectronics.
  19:Core/Src/usart.c ****   * All rights reserved.
  20:Core/Src/usart.c ****   *
  21:Core/Src/usart.c ****   * This software is licensed under terms that can be found in the LICENSE file
  22:Core/Src/usart.c ****   * in the root directory of this software component.
  23:Core/Src/usart.c ****   * If no LICENSE file comes with this software, it is provided AS-IS.
  24:Core/Src/usart.c ****   *
  25:Core/Src/usart.c ****   ******************************************************************************
  26:Core/Src/usart.c ****   */
  27:Core/Src/usart.c **** /* USER CODE END Header */
  28:Core/Src/usart.c **** /* Includes ------------------------------------------------------------------*/
  29:Core/Src/usart.c **** #include "usart.h"
  30:Core/Src/usart.c **** 
  31:Core/Src/usart.c **** /* USER CODE BEGIN 0 */
  32:Core/Src/usart.c **** 
ARM GAS  C:\Users\84759\AppData\Local\Temp\cc3tPJWf.s 			page 2


  33:Core/Src/usart.c **** /* USER CODE END 0 */
  34:Core/Src/usart.c **** 
  35:Core/Src/usart.c **** UART_HandleTypeDef huart1;
  36:Core/Src/usart.c **** UART_HandleTypeDef huart2;
  37:Core/Src/usart.c **** UART_RingBufTypeDef uart2_rx_ringbuf={0};
  38:Core/Src/usart.c **** /* USART1 init function */
  39:Core/Src/usart.c **** 
  40:Core/Src/usart.c **** void MX_USART1_UART_Init(void)
  41:Core/Src/usart.c **** {
  27              		.loc 1 41 1 view -0
  28              		.cfi_startproc
  29              		@ args = 0, pretend = 0, frame = 0
  30              		@ frame_needed = 0, uses_anonymous_args = 0
  31 0000 08B5     		push	{r3, lr}
  32              	.LCFI0:
  33              		.cfi_def_cfa_offset 8
  34              		.cfi_offset 3, -8
  35              		.cfi_offset 14, -4
  42:Core/Src/usart.c **** 
  43:Core/Src/usart.c ****   /* USER CODE BEGIN USART1_Init 0 */
  44:Core/Src/usart.c **** 
  45:Core/Src/usart.c ****   /* USER CODE END USART1_Init 0 */
  46:Core/Src/usart.c **** 
  47:Core/Src/usart.c ****   /* USER CODE BEGIN USART1_Init 1 */
  48:Core/Src/usart.c **** 
  49:Core/Src/usart.c ****   /* USER CODE END USART1_Init 1 */
  50:Core/Src/usart.c ****   huart1.Instance = USART1;
  36              		.loc 1 50 3 view .LVU1
  37              		.loc 1 50 19 is_stmt 0 view .LVU2
  38 0002 0A48     		ldr	r0, .L5
  39 0004 0A4B     		ldr	r3, .L5+4
  40 0006 0360     		str	r3, [r0]
  51:Core/Src/usart.c ****   huart1.Init.BaudRate = 115200;
  41              		.loc 1 51 3 is_stmt 1 view .LVU3
  42              		.loc 1 51 24 is_stmt 0 view .LVU4
  43 0008 4FF4E133 		mov	r3, #115200
  44 000c 4360     		str	r3, [r0, #4]
  52:Core/Src/usart.c ****   huart1.Init.WordLength = UART_WORDLENGTH_8B;
  45              		.loc 1 52 3 is_stmt 1 view .LVU5
  46              		.loc 1 52 26 is_stmt 0 view .LVU6
  47 000e 0023     		movs	r3, #0
  48 0010 8360     		str	r3, [r0, #8]
  53:Core/Src/usart.c ****   huart1.Init.StopBits = UART_STOPBITS_1;
  49              		.loc 1 53 3 is_stmt 1 view .LVU7
  50              		.loc 1 53 24 is_stmt 0 view .LVU8
  51 0012 C360     		str	r3, [r0, #12]
  54:Core/Src/usart.c ****   huart1.Init.Parity = UART_PARITY_NONE;
  52              		.loc 1 54 3 is_stmt 1 view .LVU9
  53              		.loc 1 54 22 is_stmt 0 view .LVU10
  54 0014 0361     		str	r3, [r0, #16]
  55:Core/Src/usart.c ****   huart1.Init.Mode = UART_MODE_TX_RX;
  55              		.loc 1 55 3 is_stmt 1 view .LVU11
  56              		.loc 1 55 20 is_stmt 0 view .LVU12
  57 0016 0C22     		movs	r2, #12
  58 0018 4261     		str	r2, [r0, #20]
  56:Core/Src/usart.c ****   huart1.Init.HwFlowCtl = UART_HWCONTROL_NONE;
  59              		.loc 1 56 3 is_stmt 1 view .LVU13
ARM GAS  C:\Users\84759\AppData\Local\Temp\cc3tPJWf.s 			page 3


  60              		.loc 1 56 25 is_stmt 0 view .LVU14
  61 001a 8361     		str	r3, [r0, #24]
  57:Core/Src/usart.c ****   huart1.Init.OverSampling = UART_OVERSAMPLING_16;
  62              		.loc 1 57 3 is_stmt 1 view .LVU15
  63              		.loc 1 57 28 is_stmt 0 view .LVU16
  64 001c C361     		str	r3, [r0, #28]
  58:Core/Src/usart.c ****   if (HAL_UART_Init(&huart1) != HAL_OK)
  65              		.loc 1 58 3 is_stmt 1 view .LVU17
  66              		.loc 1 58 7 is_stmt 0 view .LVU18
  67 001e FFF7FEFF 		bl	HAL_UART_Init
  68              	.LVL0:
  69              		.loc 1 58 6 view .LVU19
  70 0022 00B9     		cbnz	r0, .L4
  71              	.L1:
  59:Core/Src/usart.c ****   {
  60:Core/Src/usart.c ****     Error_Handler();
  61:Core/Src/usart.c ****   }
  62:Core/Src/usart.c ****   /* USER CODE BEGIN USART1_Init 2 */
  63:Core/Src/usart.c ****   
  64:Core/Src/usart.c ****   /* USER CODE END USART1_Init 2 */
  65:Core/Src/usart.c **** 
  66:Core/Src/usart.c **** }
  72              		.loc 1 66 1 view .LVU20
  73 0024 08BD     		pop	{r3, pc}
  74              	.L4:
  60:Core/Src/usart.c ****   }
  75              		.loc 1 60 5 is_stmt 1 view .LVU21
  76 0026 FFF7FEFF 		bl	Error_Handler
  77              	.LVL1:
  78              		.loc 1 66 1 is_stmt 0 view .LVU22
  79 002a FBE7     		b	.L1
  80              	.L6:
  81              		.align	2
  82              	.L5:
  83 002c 00000000 		.word	.LANCHOR0
  84 0030 00380140 		.word	1073821696
  85              		.cfi_endproc
  86              	.LFE68:
  88              		.section	.text.MX_USART2_UART_Init,"ax",%progbits
  89              		.align	1
  90              		.global	MX_USART2_UART_Init
  91              		.syntax unified
  92              		.thumb
  93              		.thumb_func
  95              	MX_USART2_UART_Init:
  96              	.LFB69:
  67:Core/Src/usart.c **** 
  68:Core/Src/usart.c **** void MX_USART2_UART_Init(void)
  69:Core/Src/usart.c **** {
  97              		.loc 1 69 1 is_stmt 1 view -0
  98              		.cfi_startproc
  99              		@ args = 0, pretend = 0, frame = 0
 100              		@ frame_needed = 0, uses_anonymous_args = 0
 101 0000 08B5     		push	{r3, lr}
 102              	.LCFI1:
 103              		.cfi_def_cfa_offset 8
 104              		.cfi_offset 3, -8
ARM GAS  C:\Users\84759\AppData\Local\Temp\cc3tPJWf.s 			page 4


 105              		.cfi_offset 14, -4
  70:Core/Src/usart.c ****   huart2.Instance = USART2;
 106              		.loc 1 70 3 view .LVU24
 107              		.loc 1 70 19 is_stmt 0 view .LVU25
 108 0002 0F48     		ldr	r0, .L11
 109 0004 0F4B     		ldr	r3, .L11+4
 110 0006 0360     		str	r3, [r0]
  71:Core/Src/usart.c ****   huart2.Init.BaudRate = 115200;
 111              		.loc 1 71 3 is_stmt 1 view .LVU26
 112              		.loc 1 71 24 is_stmt 0 view .LVU27
 113 0008 4FF4E133 		mov	r3, #115200
 114 000c 4360     		str	r3, [r0, #4]
  72:Core/Src/usart.c ****   huart2.Init.WordLength = UART_WORDLENGTH_8B;
 115              		.loc 1 72 3 is_stmt 1 view .LVU28
 116              		.loc 1 72 26 is_stmt 0 view .LVU29
 117 000e 0023     		movs	r3, #0
 118 0010 8360     		str	r3, [r0, #8]
  73:Core/Src/usart.c ****   huart2.Init.StopBits = UART_STOPBITS_1;
 119              		.loc 1 73 3 is_stmt 1 view .LVU30
 120              		.loc 1 73 24 is_stmt 0 view .LVU31
 121 0012 C360     		str	r3, [r0, #12]
  74:Core/Src/usart.c ****   huart2.Init.Parity = UART_PARITY_NONE;
 122              		.loc 1 74 3 is_stmt 1 view .LVU32
 123              		.loc 1 74 22 is_stmt 0 view .LVU33
 124 0014 0361     		str	r3, [r0, #16]
  75:Core/Src/usart.c ****   huart2.Init.Mode = UART_MODE_TX_RX;
 125              		.loc 1 75 3 is_stmt 1 view .LVU34
 126              		.loc 1 75 20 is_stmt 0 view .LVU35
 127 0016 0C22     		movs	r2, #12
 128 0018 4261     		str	r2, [r0, #20]
  76:Core/Src/usart.c ****   huart2.Init.HwFlowCtl = UART_HWCONTROL_NONE;
 129              		.loc 1 76 3 is_stmt 1 view .LVU36
 130              		.loc 1 76 25 is_stmt 0 view .LVU37
 131 001a 8361     		str	r3, [r0, #24]
  77:Core/Src/usart.c ****   huart2.Init.OverSampling = UART_OVERSAMPLING_16;
 132              		.loc 1 77 3 is_stmt 1 view .LVU38
 133              		.loc 1 77 28 is_stmt 0 view .LVU39
 134 001c C361     		str	r3, [r0, #28]
  78:Core/Src/usart.c ****   
  79:Core/Src/usart.c ****   if (HAL_UART_Init(&huart2) != HAL_OK)
 135              		.loc 1 79 3 is_stmt 1 view .LVU40
 136              		.loc 1 79 7 is_stmt 0 view .LVU41
 137 001e FFF7FEFF 		bl	HAL_UART_Init
 138              	.LVL2:
 139              		.loc 1 79 6 view .LVU42
 140 0022 48B9     		cbnz	r0, .L10
 141              	.L8:
  80:Core/Src/usart.c ****   {
  81:Core/Src/usart.c ****     Error_Handler();
  82:Core/Src/usart.c ****   }
  83:Core/Src/usart.c ****   HAL_UART_Receive_IT(&huart2, &uart2_rx_ringbuf.buffer[uart2_rx_ringbuf.head], 1);
 142              		.loc 1 83 3 is_stmt 1 view .LVU43
 143              		.loc 1 83 73 is_stmt 0 view .LVU44
 144 0024 0849     		ldr	r1, .L11+8
 145 0026 B1F80031 		ldrh	r3, [r1, #256]
 146 002a 9BB2     		uxth	r3, r3
 147              		.loc 1 83 3 view .LVU45
ARM GAS  C:\Users\84759\AppData\Local\Temp\cc3tPJWf.s 			page 5


 148 002c 0122     		movs	r2, #1
 149 002e 1944     		add	r1, r1, r3
 150 0030 0348     		ldr	r0, .L11
 151 0032 FFF7FEFF 		bl	HAL_UART_Receive_IT
 152              	.LVL3:
  84:Core/Src/usart.c **** }
 153              		.loc 1 84 1 view .LVU46
 154 0036 08BD     		pop	{r3, pc}
 155              	.L10:
  81:Core/Src/usart.c ****   }
 156              		.loc 1 81 5 is_stmt 1 view .LVU47
 157 0038 FFF7FEFF 		bl	Error_Handler
 158              	.LVL4:
 159 003c F2E7     		b	.L8
 160              	.L12:
 161 003e 00BF     		.align	2
 162              	.L11:
 163 0040 00000000 		.word	.LANCHOR1
 164 0044 00440040 		.word	1073759232
 165 0048 00000000 		.word	.LANCHOR2
 166              		.cfi_endproc
 167              	.LFE69:
 169              		.section	.text.UART2_ReadByte,"ax",%progbits
 170              		.align	1
 171              		.global	UART2_ReadByte
 172              		.syntax unified
 173              		.thumb
 174              		.thumb_func
 176              	UART2_ReadByte:
 177              	.LVL5:
 178              	.LFB70:
  85:Core/Src/usart.c **** 
  86:Core/Src/usart.c **** // ==============================
  87:Core/Src/usart.c **** // USART2 »·ĐÎ»şłĺÇř ¶Á×Ö˝Ú
  88:Core/Src/usart.c **** // ==============================
  89:Core/Src/usart.c **** uint8_t UART2_ReadByte(uint8_t *byte)
  90:Core/Src/usart.c **** {
 179              		.loc 1 90 1 view -0
 180              		.cfi_startproc
 181              		@ args = 0, pretend = 0, frame = 0
 182              		@ frame_needed = 0, uses_anonymous_args = 0
 183              		@ link register save eliminated.
  91:Core/Src/usart.c ****     if (byte == NULL) return 0;
 184              		.loc 1 91 5 view .LVU49
 185              		.loc 1 91 8 is_stmt 0 view .LVU50
 186 0000 E0B1     		cbz	r0, .L15
  92:Core/Src/usart.c **** 
  93:Core/Src/usart.c ****     if (uart2_rx_ringbuf.head == uart2_rx_ringbuf.tail)
 187              		.loc 1 93 5 is_stmt 1 view .LVU51
 188              		.loc 1 93 25 is_stmt 0 view .LVU52
 189 0002 104B     		ldr	r3, .L17
 190 0004 B3F80021 		ldrh	r2, [r3, #256]
 191 0008 92B2     		uxth	r2, r2
 192              		.loc 1 93 50 view .LVU53
 193 000a B3F80231 		ldrh	r3, [r3, #258]
 194 000e 9BB2     		uxth	r3, r3
 195              		.loc 1 93 8 view .LVU54
ARM GAS  C:\Users\84759\AppData\Local\Temp\cc3tPJWf.s 			page 6


 196 0010 9A42     		cmp	r2, r3
 197 0012 15D0     		beq	.L16
  94:Core/Src/usart.c ****         return 0;
  95:Core/Src/usart.c **** 
  96:Core/Src/usart.c ****     *byte = uart2_rx_ringbuf.buffer[uart2_rx_ringbuf.tail];
 198              		.loc 1 96 5 is_stmt 1 view .LVU55
 199              		.loc 1 96 53 is_stmt 0 view .LVU56
 200 0014 0B4A     		ldr	r2, .L17
 201 0016 B2F80231 		ldrh	r3, [r2, #258]
 202 001a 9BB2     		uxth	r3, r3
 203              		.loc 1 96 36 view .LVU57
 204 001c D35C     		ldrb	r3, [r2, r3]	@ zero_extendqisi2
 205              		.loc 1 96 11 view .LVU58
 206 001e 0370     		strb	r3, [r0]
  97:Core/Src/usart.c ****     uart2_rx_ringbuf.tail = (uart2_rx_ringbuf.tail + 1) % UART2_RX_BUF_SIZE;
 207              		.loc 1 97 5 is_stmt 1 view .LVU59
 208              		.loc 1 97 46 is_stmt 0 view .LVU60
 209 0020 B2F80231 		ldrh	r3, [r2, #258]
 210 0024 9BB2     		uxth	r3, r3
 211              		.loc 1 97 52 view .LVU61
 212 0026 0133     		adds	r3, r3, #1
 213              		.loc 1 97 57 view .LVU62
 214 0028 5942     		rsbs	r1, r3, #0
 215 002a DBB2     		uxtb	r3, r3
 216 002c C9B2     		uxtb	r1, r1
 217 002e 58BF     		it	pl
 218 0030 4B42     		rsbpl	r3, r1, #0
 219              		.loc 1 97 27 view .LVU63
 220 0032 9BB2     		uxth	r3, r3
 221 0034 A2F80231 		strh	r3, [r2, #258]	@ movhi
  98:Core/Src/usart.c ****     return 1;
 222              		.loc 1 98 5 is_stmt 1 view .LVU64
 223              		.loc 1 98 12 is_stmt 0 view .LVU65
 224 0038 0120     		movs	r0, #1
 225              	.LVL6:
 226              		.loc 1 98 12 view .LVU66
 227 003a 7047     		bx	lr
 228              	.LVL7:
 229              	.L15:
  91:Core/Src/usart.c **** 
 230              		.loc 1 91 30 view .LVU67
 231 003c 0020     		movs	r0, #0
 232              	.LVL8:
  91:Core/Src/usart.c **** 
 233              		.loc 1 91 30 view .LVU68
 234 003e 7047     		bx	lr
 235              	.LVL9:
 236              	.L16:
  94:Core/Src/usart.c **** 
 237              		.loc 1 94 16 view .LVU69
 238 0040 0020     		movs	r0, #0
 239              	.LVL10:
  99:Core/Src/usart.c **** }
 240              		.loc 1 99 1 view .LVU70
 241 0042 7047     		bx	lr
 242              	.L18:
 243              		.align	2
ARM GAS  C:\Users\84759\AppData\Local\Temp\cc3tPJWf.s 			page 7


 244              	.L17:
 245 0044 00000000 		.word	.LANCHOR2
 246              		.cfi_endproc
 247              	.LFE70:
 249              		.section	.text.UART2_ReadLine,"ax",%progbits
 250              		.align	1
 251              		.global	UART2_ReadLine
 252              		.syntax unified
 253              		.thumb
 254              		.thumb_func
 256              	UART2_ReadLine:
 257              	.LVL11:
 258              	.LFB71:
 100:Core/Src/usart.c **** 
 101:Core/Src/usart.c **** // ==============================
 102:Core/Src/usart.c **** // USART2 ¶ÁŇ»ĐĐŁ¨Óöµ˝ \n ÍŁÖąŁ©
 103:Core/Src/usart.c **** // ==============================
 104:Core/Src/usart.c **** // ĐŢ¸´°ćŁşµČ´ýŐűĐĐ˝ÓĘŐŁ¨Ö±µ˝»»ĐĐ·ű/ł¬Ę±Ł¬˛»ÔŮ·Ö¶ÎŁ©
 105:Core/Src/usart.c **** uint16_t UART2_ReadLine(uint8_t *buf, uint16_t max_len)
 106:Core/Src/usart.c **** {
 259              		.loc 1 106 1 is_stmt 1 view -0
 260              		.cfi_startproc
 261              		@ args = 0, pretend = 0, frame = 8
 262              		@ frame_needed = 0, uses_anonymous_args = 0
 263              		.loc 1 106 1 is_stmt 0 view .LVU72
 264 0000 2DE9F041 		push	{r4, r5, r6, r7, r8, lr}
 265              	.LCFI2:
 266              		.cfi_def_cfa_offset 24
 267              		.cfi_offset 4, -24
 268              		.cfi_offset 5, -20
 269              		.cfi_offset 6, -16
 270              		.cfi_offset 7, -12
 271              		.cfi_offset 8, -8
 272              		.cfi_offset 14, -4
 273 0004 82B0     		sub	sp, sp, #8
 274              	.LCFI3:
 275              		.cfi_def_cfa_offset 32
 276 0006 8046     		mov	r8, r0
 277 0008 0E46     		mov	r6, r1
 107:Core/Src/usart.c ****     uint16_t len = 0;
 278              		.loc 1 107 5 is_stmt 1 view .LVU73
 279              	.LVL12:
 108:Core/Src/usart.c ****     uint8_t ch;
 280              		.loc 1 108 5 view .LVU74
 109:Core/Src/usart.c ****     uint32_t timeout = 0;
 281              		.loc 1 109 5 view .LVU75
 110:Core/Src/usart.c ****     uint8_t has_valid_data = 0; // ±ęĽÇĘÇ·ńÓĐÓĐĐ§ĘýľÝŁ¨·ÇżŐĐĐŁ©
 282              		.loc 1 110 5 view .LVU76
 111:Core/Src/usart.c **** 
 112:Core/Src/usart.c ****     memset(buf, 0, max_len);
 283              		.loc 1 112 5 view .LVU77
 284 000a 0A46     		mov	r2, r1
 285 000c 0021     		movs	r1, #0
 286              	.LVL13:
 287              		.loc 1 112 5 is_stmt 0 view .LVU78
 288 000e FFF7FEFF 		bl	memset
 289              	.LVL14:
ARM GAS  C:\Users\84759\AppData\Local\Temp\cc3tPJWf.s 			page 8


 113:Core/Src/usart.c **** 
 114:Core/Src/usart.c ****     while (len < max_len - 1)
 290              		.loc 1 114 5 is_stmt 1 view .LVU79
 110:Core/Src/usart.c **** 
 291              		.loc 1 110 13 is_stmt 0 view .LVU80
 292 0012 0027     		movs	r7, #0
 109:Core/Src/usart.c ****     uint8_t has_valid_data = 0; // ±ęĽÇĘÇ·ńÓĐÓĐĐ§ĘýľÝŁ¨·ÇżŐĐĐŁ©
 293              		.loc 1 109 14 view .LVU81
 294 0014 3D46     		mov	r5, r7
 107:Core/Src/usart.c ****     uint8_t ch;
 295              		.loc 1 107 14 view .LVU82
 296 0016 3C46     		mov	r4, r7
 297              		.loc 1 114 11 view .LVU83
 298 0018 05E0     		b	.L20
 299              	.LVL15:
 300              	.L21:
 115:Core/Src/usart.c ****     {
 116:Core/Src/usart.c ****         if (UART2_ReadByte(&ch))
 117:Core/Src/usart.c ****         {
 118:Core/Src/usart.c ****             timeout = 0;
 119:Core/Src/usart.c **** 
 120:Core/Src/usart.c ****             // ĚřąýżŞÍ·µÄ\r\nŁ¨±ÜĂâżŐĐĐŁ©
 121:Core/Src/usart.c ****             if (len == 0 && (ch == '\r' || ch == '\n'))
 122:Core/Src/usart.c ****             {
 123:Core/Src/usart.c ****                 continue;
 124:Core/Src/usart.c ****             }
 125:Core/Src/usart.c **** 
 126:Core/Src/usart.c ****             // Óöµ˝\r\nÇŇŇŃÓĐÓĐĐ§ĘýľÝ ˇú ˝áĘř
 127:Core/Src/usart.c ****             if ((ch == '\r' || ch == '\n') && has_valid_data)
 128:Core/Src/usart.c ****             {
 129:Core/Src/usart.c ****                 break;
 130:Core/Src/usart.c ****             }
 131:Core/Src/usart.c **** 
 132:Core/Src/usart.c ****             // ÓĐĐ§ĘýľÝ´ćČë»şłĺÇř
 133:Core/Src/usart.c ****             if (ch != '\r' && ch != '\n')
 134:Core/Src/usart.c ****             {
 135:Core/Src/usart.c ****                 buf[len++] = ch;
 136:Core/Src/usart.c ****                 has_valid_data = 1; // ±ęĽÇÓĐÓĐĐ§ĘýľÝ
 137:Core/Src/usart.c ****             }
 138:Core/Src/usart.c ****         }
 139:Core/Src/usart.c ****         else
 140:Core/Src/usart.c ****         {
 141:Core/Src/usart.c ****             timeout++;
 301              		.loc 1 141 13 is_stmt 1 view .LVU84
 302              		.loc 1 141 20 is_stmt 0 view .LVU85
 303 001a 0135     		adds	r5, r5, #1
 304              	.LVL16:
 142:Core/Src/usart.c ****             HAL_Delay(1);
 305              		.loc 1 142 13 is_stmt 1 view .LVU86
 306 001c 0120     		movs	r0, #1
 307 001e FFF7FEFF 		bl	HAL_Delay
 308              	.LVL17:
 143:Core/Src/usart.c ****             if (timeout > 200)
 309              		.loc 1 143 13 view .LVU87
 310              		.loc 1 143 16 is_stmt 0 view .LVU88
 311 0022 C82D     		cmp	r5, #200
 312 0024 29D8     		bhi	.L26
ARM GAS  C:\Users\84759\AppData\Local\Temp\cc3tPJWf.s 			page 9


 313              	.LVL18:
 314              	.L20:
 114:Core/Src/usart.c ****     {
 315              		.loc 1 114 11 is_stmt 1 view .LVU89
 114:Core/Src/usart.c ****     {
 316              		.loc 1 114 26 is_stmt 0 view .LVU90
 317 0026 731E     		subs	r3, r6, #1
 114:Core/Src/usart.c ****     {
 318              		.loc 1 114 11 view .LVU91
 319 0028 9C42     		cmp	r4, r3
 320 002a 26DA     		bge	.L26
 116:Core/Src/usart.c ****         {
 321              		.loc 1 116 9 is_stmt 1 view .LVU92
 116:Core/Src/usart.c ****         {
 322              		.loc 1 116 13 is_stmt 0 view .LVU93
 323 002c 0DF10700 		add	r0, sp, #7
 324 0030 FFF7FEFF 		bl	UART2_ReadByte
 325              	.LVL19:
 116:Core/Src/usart.c ****         {
 326              		.loc 1 116 12 view .LVU94
 327 0034 0028     		cmp	r0, #0
 328 0036 F0D0     		beq	.L21
 118:Core/Src/usart.c **** 
 329              		.loc 1 118 13 is_stmt 1 view .LVU95
 330              	.LVL20:
 121:Core/Src/usart.c ****             {
 331              		.loc 1 121 13 view .LVU96
 121:Core/Src/usart.c ****             {
 332              		.loc 1 121 16 is_stmt 0 view .LVU97
 333 0038 2CB9     		cbnz	r4, .L22
 121:Core/Src/usart.c ****             {
 334              		.loc 1 121 33 discriminator 1 view .LVU98
 335 003a 9DF80730 		ldrb	r3, [sp, #7]	@ zero_extendqisi2
 121:Core/Src/usart.c ****             {
 336              		.loc 1 121 26 discriminator 1 view .LVU99
 337 003e 0D2B     		cmp	r3, #13
 338 0040 13D0     		beq	.L29
 121:Core/Src/usart.c ****             {
 339              		.loc 1 121 41 discriminator 2 view .LVU100
 340 0042 0A2B     		cmp	r3, #10
 341 0044 13D0     		beq	.L30
 342              	.L22:
 127:Core/Src/usart.c ****             {
 343              		.loc 1 127 13 is_stmt 1 view .LVU101
 127:Core/Src/usart.c ****             {
 344              		.loc 1 127 21 is_stmt 0 view .LVU102
 345 0046 9DF80730 		ldrb	r3, [sp, #7]	@ zero_extendqisi2
 127:Core/Src/usart.c ****             {
 346              		.loc 1 127 16 view .LVU103
 347 004a 0D2B     		cmp	r3, #13
 348 004c 01D0     		beq	.L24
 127:Core/Src/usart.c ****             {
 349              		.loc 1 127 29 discriminator 2 view .LVU104
 350 004e 0A2B     		cmp	r3, #10
 351 0050 00D1     		bne	.L25
 352              	.L24:
 127:Core/Src/usart.c ****             {
ARM GAS  C:\Users\84759\AppData\Local\Temp\cc3tPJWf.s 			page 10


 353              		.loc 1 127 44 discriminator 3 view .LVU105
 354 0052 97B9     		cbnz	r7, .L26
 355              	.L25:
 133:Core/Src/usart.c ****             {
 356              		.loc 1 133 13 is_stmt 1 view .LVU106
 133:Core/Src/usart.c ****             {
 357              		.loc 1 133 16 is_stmt 0 view .LVU107
 358 0054 0D2B     		cmp	r3, #13
 359 0056 0CD0     		beq	.L31
 133:Core/Src/usart.c ****             {
 360              		.loc 1 133 28 discriminator 1 view .LVU108
 361 0058 0A2B     		cmp	r3, #10
 362 005a 0CD0     		beq	.L32
 135:Core/Src/usart.c ****                 has_valid_data = 1; // ±ęĽÇÓĐÓĐĐ§ĘýľÝ
 363              		.loc 1 135 17 is_stmt 1 view .LVU109
 135:Core/Src/usart.c ****                 has_valid_data = 1; // ±ęĽÇÓĐÓĐĐ§ĘýľÝ
 364              		.loc 1 135 24 is_stmt 0 view .LVU110
 365 005c 621C     		adds	r2, r4, #1
 366              	.LVL21:
 135:Core/Src/usart.c ****                 has_valid_data = 1; // ±ęĽÇÓĐÓĐĐ§ĘýľÝ
 367              		.loc 1 135 28 view .LVU111
 368 005e 08F80430 		strb	r3, [r8, r4]
 136:Core/Src/usart.c ****             }
 369              		.loc 1 136 17 is_stmt 1 view .LVU112
 370              	.LVL22:
 135:Core/Src/usart.c ****                 has_valid_data = 1; // ±ęĽÇÓĐÓĐĐ§ĘýľÝ
 371              		.loc 1 135 24 is_stmt 0 view .LVU113
 372 0062 94B2     		uxth	r4, r2
 136:Core/Src/usart.c ****             }
 373              		.loc 1 136 32 view .LVU114
 374 0064 0127     		movs	r7, #1
 118:Core/Src/usart.c **** 
 375              		.loc 1 118 21 view .LVU115
 376 0066 0025     		movs	r5, #0
 377 0068 DDE7     		b	.L20
 378              	.LVL23:
 379              	.L29:
 118:Core/Src/usart.c **** 
 380              		.loc 1 118 21 view .LVU116
 381 006a 0025     		movs	r5, #0
 382 006c DBE7     		b	.L20
 383              	.L30:
 384 006e 0025     		movs	r5, #0
 385 0070 D9E7     		b	.L20
 386              	.L31:
 387 0072 0025     		movs	r5, #0
 388 0074 D7E7     		b	.L20
 389              	.L32:
 390 0076 0025     		movs	r5, #0
 391 0078 D5E7     		b	.L20
 392              	.LVL24:
 393              	.L26:
 144:Core/Src/usart.c ****             {
 145:Core/Src/usart.c ****                 break;
 146:Core/Src/usart.c ****             }
 147:Core/Src/usart.c ****         }
 148:Core/Src/usart.c ****     }
ARM GAS  C:\Users\84759\AppData\Local\Temp\cc3tPJWf.s 			page 11


 149:Core/Src/usart.c **** 
 150:Core/Src/usart.c ****     buf[len] = '\0';
 394              		.loc 1 150 5 is_stmt 1 view .LVU117
 395              		.loc 1 150 14 is_stmt 0 view .LVU118
 396 007a 0023     		movs	r3, #0
 397 007c 08F80430 		strb	r3, [r8, r4]
 151:Core/Src/usart.c ****     // ˝ö·µ»ŘÓĐÓĐĐ§ĘýľÝµÄł¤¶ČŁ¨żŐĐĐ·µ»Ř0Ł©
 152:Core/Src/usart.c ****     return has_valid_data ? len : 0;
 398              		.loc 1 152 5 is_stmt 1 view .LVU119
 399              		.loc 1 152 33 is_stmt 0 view .LVU120
 400 0080 07B9     		cbnz	r7, .L28
 401 0082 1C46     		mov	r4, r3
 402              	.LVL25:
 403              	.L28:
 153:Core/Src/usart.c **** }
 404              		.loc 1 153 1 discriminator 4 view .LVU121
 405 0084 2046     		mov	r0, r4
 406 0086 02B0     		add	sp, sp, #8
 407              	.LCFI4:
 408              		.cfi_def_cfa_offset 24
 409              		@ sp needed
 410 0088 BDE8F081 		pop	{r4, r5, r6, r7, r8, pc}
 411              		.loc 1 153 1 discriminator 4 view .LVU122
 412              		.cfi_endproc
 413              	.LFE71:
 415              		.section	.text.UART2_RingBuf_Read,"ax",%progbits
 416              		.align	1
 417              		.global	UART2_RingBuf_Read
 418              		.syntax unified
 419              		.thumb
 420              		.thumb_func
 422              	UART2_RingBuf_Read:
 423              	.LVL26:
 424              	.LFB72:
 154:Core/Src/usart.c **** 
 155:Core/Src/usart.c **** // ¶ÁČˇ¶ŕ¸ö×Ö˝ÚŁ¨·µ»ŘĘµĽĘ¶ÁČˇµÄł¤¶ČŁ©
 156:Core/Src/usart.c **** uint16_t UART2_RingBuf_Read(uint8_t *buf, uint16_t len)
 157:Core/Src/usart.c **** {
 425              		.loc 1 157 1 is_stmt 1 view -0
 426              		.cfi_startproc
 427              		@ args = 0, pretend = 0, frame = 0
 428              		@ frame_needed = 0, uses_anonymous_args = 0
 158:Core/Src/usart.c ****     if (buf == NULL || len == 0) return 0;
 429              		.loc 1 158 5 view .LVU124
 430              		.loc 1 158 8 is_stmt 0 view .LVU125
 431 0000 48B3     		cbz	r0, .L38
 432 0002 8446     		mov	ip, r0
 433              		.loc 1 158 21 discriminator 2 view .LVU126
 434 0004 49B3     		cbz	r1, .L39
 159:Core/Src/usart.c ****     
 160:Core/Src/usart.c ****     uint16_t read_len = 0;
 435              		.loc 1 160 14 view .LVU127
 436 0006 0020     		movs	r0, #0
 437              	.LVL27:
 161:Core/Src/usart.c ****     while (read_len < len && uart2_rx_ringbuf.head != uart2_rx_ringbuf.tail)
 438              		.loc 1 161 11 is_stmt 1 view .LVU128
 439 0008 8842     		cmp	r0, r1
ARM GAS  C:\Users\84759\AppData\Local\Temp\cc3tPJWf.s 			page 12


 440 000a 28D2     		bcs	.L46
 157:Core/Src/usart.c ****     if (buf == NULL || len == 0) return 0;
 441              		.loc 1 157 1 is_stmt 0 view .LVU129
 442 000c 00B5     		push	{lr}
 443              	.LCFI5:
 444              		.cfi_def_cfa_offset 4
 445              		.cfi_offset 14, -4
 446              	.L42:
 447              		.loc 1 161 46 discriminator 1 view .LVU130
 448 000e 144B     		ldr	r3, .L47
 449 0010 B3F80021 		ldrh	r2, [r3, #256]
 450 0014 92B2     		uxth	r2, r2
 451              		.loc 1 161 71 discriminator 1 view .LVU131
 452 0016 B3F80231 		ldrh	r3, [r3, #258]
 453 001a 9BB2     		uxth	r3, r3
 454              		.loc 1 161 27 discriminator 1 view .LVU132
 455 001c 9A42     		cmp	r2, r3
 456 001e 18D0     		beq	.L35
 162:Core/Src/usart.c ****     {
 163:Core/Src/usart.c ****         buf[read_len++] = uart2_rx_ringbuf.buffer[uart2_rx_ringbuf.tail];
 457              		.loc 1 163 9 is_stmt 1 view .LVU133
 458              		.loc 1 163 67 is_stmt 0 view .LVU134
 459 0020 0F4A     		ldr	r2, .L47
 460 0022 B2F80231 		ldrh	r3, [r2, #258]
 461 0026 9BB2     		uxth	r3, r3
 462              		.loc 1 163 21 view .LVU135
 463 0028 00F1010E 		add	lr, r0, #1
 464              	.LVL28:
 465              		.loc 1 163 50 view .LVU136
 466 002c D35C     		ldrb	r3, [r2, r3]	@ zero_extendqisi2
 467              		.loc 1 163 25 view .LVU137
 468 002e 0CF80030 		strb	r3, [ip, r0]
 164:Core/Src/usart.c ****         uart2_rx_ringbuf.tail = (uart2_rx_ringbuf.tail + 1) % UART2_RX_BUF_SIZE;
 469              		.loc 1 164 9 is_stmt 1 view .LVU138
 470              		.loc 1 164 50 is_stmt 0 view .LVU139
 471 0032 B2F80231 		ldrh	r3, [r2, #258]
 472 0036 9BB2     		uxth	r3, r3
 473              		.loc 1 164 56 view .LVU140
 474 0038 0133     		adds	r3, r3, #1
 475              		.loc 1 164 61 view .LVU141
 476 003a 5842     		rsbs	r0, r3, #0
 477 003c DBB2     		uxtb	r3, r3
 478 003e C0B2     		uxtb	r0, r0
 479 0040 58BF     		it	pl
 480 0042 4342     		rsbpl	r3, r0, #0
 481              		.loc 1 164 31 view .LVU142
 482 0044 9BB2     		uxth	r3, r3
 483 0046 A2F80231 		strh	r3, [r2, #258]	@ movhi
 163:Core/Src/usart.c ****         uart2_rx_ringbuf.tail = (uart2_rx_ringbuf.tail + 1) % UART2_RX_BUF_SIZE;
 484              		.loc 1 163 21 view .LVU143
 485 004a 1FFA8EF0 		uxth	r0, lr
 486              	.LVL29:
 161:Core/Src/usart.c ****     {
 487              		.loc 1 161 11 is_stmt 1 view .LVU144
 488 004e 8842     		cmp	r0, r1
 489 0050 DDD3     		bcc	.L42
 490              	.L35:
ARM GAS  C:\Users\84759\AppData\Local\Temp\cc3tPJWf.s 			page 13


 165:Core/Src/usart.c ****     }
 166:Core/Src/usart.c ****     
 167:Core/Src/usart.c ****     return read_len;
 168:Core/Src/usart.c **** }
 491              		.loc 1 168 1 is_stmt 0 view .LVU145
 492 0052 5DF804FB 		ldr	pc, [sp], #4
 493              	.LVL30:
 494              	.L38:
 495              	.LCFI6:
 496              		.cfi_def_cfa_offset 0
 497              		.cfi_restore 14
 158:Core/Src/usart.c ****     
 498              		.loc 1 158 41 view .LVU146
 499 0056 0020     		movs	r0, #0
 500              	.LVL31:
 158:Core/Src/usart.c ****     
 501              		.loc 1 158 41 view .LVU147
 502 0058 7047     		bx	lr
 503              	.LVL32:
 504              	.L39:
 158:Core/Src/usart.c ****     
 505              		.loc 1 158 41 view .LVU148
 506 005a 0846     		mov	r0, r1
 507              	.LVL33:
 158:Core/Src/usart.c ****     
 508              		.loc 1 158 41 view .LVU149
 509 005c 7047     		bx	lr
 510              	.LVL34:
 511              	.L46:
 512              		.loc 1 168 1 view .LVU150
 513 005e 7047     		bx	lr
 514              	.L48:
 515              		.align	2
 516              	.L47:
 517 0060 00000000 		.word	.LANCHOR2
 518              		.cfi_endproc
 519              	.LFE72:
 521              		.section	.text.HAL_UART_MspInit,"ax",%progbits
 522              		.align	1
 523              		.global	HAL_UART_MspInit
 524              		.syntax unified
 525              		.thumb
 526              		.thumb_func
 528              	HAL_UART_MspInit:
 529              	.LVL35:
 530              	.LFB73:
 169:Core/Src/usart.c **** 
 170:Core/Src/usart.c **** void HAL_UART_MspInit(UART_HandleTypeDef* uartHandle)
 171:Core/Src/usart.c **** {
 531              		.loc 1 171 1 is_stmt 1 view -0
 532              		.cfi_startproc
 533              		@ args = 0, pretend = 0, frame = 32
 534              		@ frame_needed = 0, uses_anonymous_args = 0
 535              		.loc 1 171 1 is_stmt 0 view .LVU152
 536 0000 30B5     		push	{r4, r5, lr}
 537              	.LCFI7:
 538              		.cfi_def_cfa_offset 12
ARM GAS  C:\Users\84759\AppData\Local\Temp\cc3tPJWf.s 			page 14


 539              		.cfi_offset 4, -12
 540              		.cfi_offset 5, -8
 541              		.cfi_offset 14, -4
 542 0002 89B0     		sub	sp, sp, #36
 543              	.LCFI8:
 544              		.cfi_def_cfa_offset 48
 172:Core/Src/usart.c **** 
 173:Core/Src/usart.c ****   GPIO_InitTypeDef GPIO_InitStruct = {0};
 545              		.loc 1 173 3 is_stmt 1 view .LVU153
 546              		.loc 1 173 20 is_stmt 0 view .LVU154
 547 0004 0023     		movs	r3, #0
 548 0006 0493     		str	r3, [sp, #16]
 549 0008 0593     		str	r3, [sp, #20]
 550 000a 0693     		str	r3, [sp, #24]
 551 000c 0793     		str	r3, [sp, #28]
 174:Core/Src/usart.c ****   if(uartHandle->Instance==USART1)
 552              		.loc 1 174 3 is_stmt 1 view .LVU155
 553              		.loc 1 174 16 is_stmt 0 view .LVU156
 554 000e 0368     		ldr	r3, [r0]
 555              		.loc 1 174 5 view .LVU157
 556 0010 344A     		ldr	r2, .L55
 557 0012 9342     		cmp	r3, r2
 558 0014 04D0     		beq	.L53
 175:Core/Src/usart.c ****   {
 176:Core/Src/usart.c ****   /* USER CODE BEGIN USART1_MspInit 0 */
 177:Core/Src/usart.c **** 
 178:Core/Src/usart.c ****   /* USER CODE END USART1_MspInit 0 */
 179:Core/Src/usart.c ****     /* USART1 clock enable */
 180:Core/Src/usart.c ****     __HAL_RCC_USART1_CLK_ENABLE();
 181:Core/Src/usart.c **** 
 182:Core/Src/usart.c ****     __HAL_RCC_GPIOA_CLK_ENABLE();
 183:Core/Src/usart.c ****     /**USART1 GPIO Configuration
 184:Core/Src/usart.c ****     PA9     ------> USART1_TX
 185:Core/Src/usart.c ****     PA10     ------> USART1_RX
 186:Core/Src/usart.c ****     */
 187:Core/Src/usart.c ****     GPIO_InitStruct.Pin = GPIO_PIN_9;
 188:Core/Src/usart.c ****     GPIO_InitStruct.Mode = GPIO_MODE_AF_PP;
 189:Core/Src/usart.c ****     GPIO_InitStruct.Speed = GPIO_SPEED_FREQ_HIGH;
 190:Core/Src/usart.c ****     HAL_GPIO_Init(GPIOA, &GPIO_InitStruct);
 191:Core/Src/usart.c **** 
 192:Core/Src/usart.c ****     GPIO_InitStruct.Pin = GPIO_PIN_10;
 193:Core/Src/usart.c ****     GPIO_InitStruct.Mode = GPIO_MODE_INPUT;
 194:Core/Src/usart.c ****     GPIO_InitStruct.Pull = GPIO_NOPULL;
 195:Core/Src/usart.c ****     HAL_GPIO_Init(GPIOA, &GPIO_InitStruct);
 196:Core/Src/usart.c **** 
 197:Core/Src/usart.c ****   /* USER CODE BEGIN USART1_MspInit 1 */
 198:Core/Src/usart.c ****     HAL_NVIC_SetPriority(USART1_IRQn, 0, 0);
 199:Core/Src/usart.c ****     HAL_NVIC_EnableIRQ(USART1_IRQn);
 200:Core/Src/usart.c ****   /* USER CODE END USART1_MspInit 1 */
 201:Core/Src/usart.c ****   }else if(uartHandle->Instance == USART2)
 559              		.loc 1 201 9 is_stmt 1 view .LVU158
 560              		.loc 1 201 11 is_stmt 0 view .LVU159
 561 0016 344A     		ldr	r2, .L55+4
 562 0018 9342     		cmp	r3, r2
 563 001a 33D0     		beq	.L54
 564              	.LVL36:
 565              	.L49:
ARM GAS  C:\Users\84759\AppData\Local\Temp\cc3tPJWf.s 			page 15


 202:Core/Src/usart.c ****   {
 203:Core/Src/usart.c ****     // żŞĘ±ÖÓ
 204:Core/Src/usart.c ****     __HAL_RCC_USART2_CLK_ENABLE();
 205:Core/Src/usart.c ****     __HAL_RCC_GPIOA_CLK_ENABLE();
 206:Core/Src/usart.c **** 
 207:Core/Src/usart.c ****     // USART2 ¶ÔÓ¦Ňý˝Ĺ
 208:Core/Src/usart.c ****     // PA2 ˇú TX
 209:Core/Src/usart.c ****     // PA3 ˇú RX
 210:Core/Src/usart.c ****     GPIO_InitStruct.Pin = GPIO_PIN_2;
 211:Core/Src/usart.c ****     GPIO_InitStruct.Mode = GPIO_MODE_AF_PP;
 212:Core/Src/usart.c ****     GPIO_InitStruct.Speed = GPIO_SPEED_FREQ_HIGH;
 213:Core/Src/usart.c ****     HAL_GPIO_Init(GPIOA, &GPIO_InitStruct);
 214:Core/Src/usart.c **** 
 215:Core/Src/usart.c ****     GPIO_InitStruct.Pin = GPIO_PIN_3;
 216:Core/Src/usart.c ****     GPIO_InitStruct.Mode = GPIO_MODE_INPUT;
 217:Core/Src/usart.c ****     GPIO_InitStruct.Pull = GPIO_NOPULL;
 218:Core/Src/usart.c ****     HAL_GPIO_Init(GPIOA, &GPIO_InitStruct);
 219:Core/Src/usart.c **** 
 220:Core/Src/usart.c ****     // żŞÖĐ¶ĎŁ¨żÉŃˇŁ©
 221:Core/Src/usart.c ****     HAL_NVIC_SetPriority(USART2_IRQn, 1, 0);
 222:Core/Src/usart.c ****     HAL_NVIC_EnableIRQ(USART2_IRQn);
 223:Core/Src/usart.c ****   }
 224:Core/Src/usart.c **** }
 566              		.loc 1 224 1 view .LVU160
 567 001c 09B0     		add	sp, sp, #36
 568              	.LCFI9:
 569              		.cfi_remember_state
 570              		.cfi_def_cfa_offset 12
 571              		@ sp needed
 572 001e 30BD     		pop	{r4, r5, pc}
 573              	.LVL37:
 574              	.L53:
 575              	.LCFI10:
 576              		.cfi_restore_state
 180:Core/Src/usart.c **** 
 577              		.loc 1 180 5 is_stmt 1 view .LVU161
 578              	.LBB2:
 180:Core/Src/usart.c **** 
 579              		.loc 1 180 5 view .LVU162
 180:Core/Src/usart.c **** 
 580              		.loc 1 180 5 view .LVU163
 581 0020 324B     		ldr	r3, .L55+8
 582 0022 9A69     		ldr	r2, [r3, #24]
 583 0024 42F48042 		orr	r2, r2, #16384
 584 0028 9A61     		str	r2, [r3, #24]
 180:Core/Src/usart.c **** 
 585              		.loc 1 180 5 view .LVU164
 586 002a 9A69     		ldr	r2, [r3, #24]
 587 002c 02F48042 		and	r2, r2, #16384
 588 0030 0092     		str	r2, [sp]
 180:Core/Src/usart.c **** 
 589              		.loc 1 180 5 view .LVU165
 590 0032 009A     		ldr	r2, [sp]
 591              	.LBE2:
 180:Core/Src/usart.c **** 
 592              		.loc 1 180 5 view .LVU166
 182:Core/Src/usart.c ****     /**USART1 GPIO Configuration
ARM GAS  C:\Users\84759\AppData\Local\Temp\cc3tPJWf.s 			page 16


 593              		.loc 1 182 5 view .LVU167
 594              	.LBB3:
 182:Core/Src/usart.c ****     /**USART1 GPIO Configuration
 595              		.loc 1 182 5 view .LVU168
 182:Core/Src/usart.c ****     /**USART1 GPIO Configuration
 596              		.loc 1 182 5 view .LVU169
 597 0034 9A69     		ldr	r2, [r3, #24]
 598 0036 42F00402 		orr	r2, r2, #4
 599 003a 9A61     		str	r2, [r3, #24]
 182:Core/Src/usart.c ****     /**USART1 GPIO Configuration
 600              		.loc 1 182 5 view .LVU170
 601 003c 9B69     		ldr	r3, [r3, #24]
 602 003e 03F00403 		and	r3, r3, #4
 603 0042 0193     		str	r3, [sp, #4]
 182:Core/Src/usart.c ****     /**USART1 GPIO Configuration
 604              		.loc 1 182 5 view .LVU171
 605 0044 019B     		ldr	r3, [sp, #4]
 606              	.LBE3:
 182:Core/Src/usart.c ****     /**USART1 GPIO Configuration
 607              		.loc 1 182 5 view .LVU172
 187:Core/Src/usart.c ****     GPIO_InitStruct.Mode = GPIO_MODE_AF_PP;
 608              		.loc 1 187 5 view .LVU173
 187:Core/Src/usart.c ****     GPIO_InitStruct.Mode = GPIO_MODE_AF_PP;
 609              		.loc 1 187 25 is_stmt 0 view .LVU174
 610 0046 4FF40073 		mov	r3, #512
 611 004a 0493     		str	r3, [sp, #16]
 188:Core/Src/usart.c ****     GPIO_InitStruct.Speed = GPIO_SPEED_FREQ_HIGH;
 612              		.loc 1 188 5 is_stmt 1 view .LVU175
 188:Core/Src/usart.c ****     GPIO_InitStruct.Speed = GPIO_SPEED_FREQ_HIGH;
 613              		.loc 1 188 26 is_stmt 0 view .LVU176
 614 004c 0223     		movs	r3, #2
 615 004e 0593     		str	r3, [sp, #20]
 189:Core/Src/usart.c ****     HAL_GPIO_Init(GPIOA, &GPIO_InitStruct);
 616              		.loc 1 189 5 is_stmt 1 view .LVU177
 189:Core/Src/usart.c ****     HAL_GPIO_Init(GPIOA, &GPIO_InitStruct);
 617              		.loc 1 189 27 is_stmt 0 view .LVU178
 618 0050 0323     		movs	r3, #3
 619 0052 0793     		str	r3, [sp, #28]
 190:Core/Src/usart.c **** 
 620              		.loc 1 190 5 is_stmt 1 view .LVU179
 621 0054 264D     		ldr	r5, .L55+12
 622 0056 04A9     		add	r1, sp, #16
 623 0058 2846     		mov	r0, r5
 624              	.LVL38:
 190:Core/Src/usart.c **** 
 625              		.loc 1 190 5 is_stmt 0 view .LVU180
 626 005a FFF7FEFF 		bl	HAL_GPIO_Init
 627              	.LVL39:
 192:Core/Src/usart.c ****     GPIO_InitStruct.Mode = GPIO_MODE_INPUT;
 628              		.loc 1 192 5 is_stmt 1 view .LVU181
 192:Core/Src/usart.c ****     GPIO_InitStruct.Mode = GPIO_MODE_INPUT;
 629              		.loc 1 192 25 is_stmt 0 view .LVU182
 630 005e 4FF48063 		mov	r3, #1024
 631 0062 0493     		str	r3, [sp, #16]
 193:Core/Src/usart.c ****     GPIO_InitStruct.Pull = GPIO_NOPULL;
 632              		.loc 1 193 5 is_stmt 1 view .LVU183
 193:Core/Src/usart.c ****     GPIO_InitStruct.Pull = GPIO_NOPULL;
ARM GAS  C:\Users\84759\AppData\Local\Temp\cc3tPJWf.s 			page 17


 633              		.loc 1 193 26 is_stmt 0 view .LVU184
 634 0064 0024     		movs	r4, #0
 635 0066 0594     		str	r4, [sp, #20]
 194:Core/Src/usart.c ****     HAL_GPIO_Init(GPIOA, &GPIO_InitStruct);
 636              		.loc 1 194 5 is_stmt 1 view .LVU185
 194:Core/Src/usart.c ****     HAL_GPIO_Init(GPIOA, &GPIO_InitStruct);
 637              		.loc 1 194 26 is_stmt 0 view .LVU186
 638 0068 0694     		str	r4, [sp, #24]
 195:Core/Src/usart.c **** 
 639              		.loc 1 195 5 is_stmt 1 view .LVU187
 640 006a 04A9     		add	r1, sp, #16
 641 006c 2846     		mov	r0, r5
 642 006e FFF7FEFF 		bl	HAL_GPIO_Init
 643              	.LVL40:
 198:Core/Src/usart.c ****     HAL_NVIC_EnableIRQ(USART1_IRQn);
 644              		.loc 1 198 5 view .LVU188
 645 0072 2246     		mov	r2, r4
 646 0074 2146     		mov	r1, r4
 647 0076 2520     		movs	r0, #37
 648 0078 FFF7FEFF 		bl	HAL_NVIC_SetPriority
 649              	.LVL41:
 199:Core/Src/usart.c ****   /* USER CODE END USART1_MspInit 1 */
 650              		.loc 1 199 5 view .LVU189
 651 007c 2520     		movs	r0, #37
 652 007e FFF7FEFF 		bl	HAL_NVIC_EnableIRQ
 653              	.LVL42:
 654 0082 CBE7     		b	.L49
 655              	.LVL43:
 656              	.L54:
 204:Core/Src/usart.c ****     __HAL_RCC_GPIOA_CLK_ENABLE();
 657              		.loc 1 204 5 view .LVU190
 658              	.LBB4:
 204:Core/Src/usart.c ****     __HAL_RCC_GPIOA_CLK_ENABLE();
 659              		.loc 1 204 5 view .LVU191
 204:Core/Src/usart.c ****     __HAL_RCC_GPIOA_CLK_ENABLE();
 660              		.loc 1 204 5 view .LVU192
 661 0084 194B     		ldr	r3, .L55+8
 662 0086 DA69     		ldr	r2, [r3, #28]
 663 0088 42F40032 		orr	r2, r2, #131072
 664 008c DA61     		str	r2, [r3, #28]
 204:Core/Src/usart.c ****     __HAL_RCC_GPIOA_CLK_ENABLE();
 665              		.loc 1 204 5 view .LVU193
 666 008e DA69     		ldr	r2, [r3, #28]
 667 0090 02F40032 		and	r2, r2, #131072
 668 0094 0292     		str	r2, [sp, #8]
 204:Core/Src/usart.c ****     __HAL_RCC_GPIOA_CLK_ENABLE();
 669              		.loc 1 204 5 view .LVU194
 670 0096 029A     		ldr	r2, [sp, #8]
 671              	.LBE4:
 204:Core/Src/usart.c ****     __HAL_RCC_GPIOA_CLK_ENABLE();
 672              		.loc 1 204 5 view .LVU195
 205:Core/Src/usart.c **** 
 673              		.loc 1 205 5 view .LVU196
 674              	.LBB5:
 205:Core/Src/usart.c **** 
 675              		.loc 1 205 5 view .LVU197
 205:Core/Src/usart.c **** 
ARM GAS  C:\Users\84759\AppData\Local\Temp\cc3tPJWf.s 			page 18


 676              		.loc 1 205 5 view .LVU198
 677 0098 9A69     		ldr	r2, [r3, #24]
 678 009a 42F00402 		orr	r2, r2, #4
 679 009e 9A61     		str	r2, [r3, #24]
 205:Core/Src/usart.c **** 
 680              		.loc 1 205 5 view .LVU199
 681 00a0 9B69     		ldr	r3, [r3, #24]
 682 00a2 03F00403 		and	r3, r3, #4
 683 00a6 0393     		str	r3, [sp, #12]
 205:Core/Src/usart.c **** 
 684              		.loc 1 205 5 view .LVU200
 685 00a8 039B     		ldr	r3, [sp, #12]
 686              	.LBE5:
 205:Core/Src/usart.c **** 
 687              		.loc 1 205 5 view .LVU201
 210:Core/Src/usart.c ****     GPIO_InitStruct.Mode = GPIO_MODE_AF_PP;
 688              		.loc 1 210 5 view .LVU202
 210:Core/Src/usart.c ****     GPIO_InitStruct.Mode = GPIO_MODE_AF_PP;
 689              		.loc 1 210 25 is_stmt 0 view .LVU203
 690 00aa 0423     		movs	r3, #4
 691 00ac 0493     		str	r3, [sp, #16]
 211:Core/Src/usart.c ****     GPIO_InitStruct.Speed = GPIO_SPEED_FREQ_HIGH;
 692              		.loc 1 211 5 is_stmt 1 view .LVU204
 211:Core/Src/usart.c ****     GPIO_InitStruct.Speed = GPIO_SPEED_FREQ_HIGH;
 693              		.loc 1 211 26 is_stmt 0 view .LVU205
 694 00ae 0223     		movs	r3, #2
 695 00b0 0593     		str	r3, [sp, #20]
 212:Core/Src/usart.c ****     HAL_GPIO_Init(GPIOA, &GPIO_InitStruct);
 696              		.loc 1 212 5 is_stmt 1 view .LVU206
 212:Core/Src/usart.c ****     HAL_GPIO_Init(GPIOA, &GPIO_InitStruct);
 697              		.loc 1 212 27 is_stmt 0 view .LVU207
 698 00b2 0323     		movs	r3, #3
 699 00b4 0793     		str	r3, [sp, #28]
 213:Core/Src/usart.c **** 
 700              		.loc 1 213 5 is_stmt 1 view .LVU208
 701 00b6 0E4D     		ldr	r5, .L55+12
 702 00b8 04A9     		add	r1, sp, #16
 703 00ba 2846     		mov	r0, r5
 704              	.LVL44:
 213:Core/Src/usart.c **** 
 705              		.loc 1 213 5 is_stmt 0 view .LVU209
 706 00bc FFF7FEFF 		bl	HAL_GPIO_Init
 707              	.LVL45:
 215:Core/Src/usart.c ****     GPIO_InitStruct.Mode = GPIO_MODE_INPUT;
 708              		.loc 1 215 5 is_stmt 1 view .LVU210
 215:Core/Src/usart.c ****     GPIO_InitStruct.Mode = GPIO_MODE_INPUT;
 709              		.loc 1 215 25 is_stmt 0 view .LVU211
 710 00c0 0823     		movs	r3, #8
 711 00c2 0493     		str	r3, [sp, #16]
 216:Core/Src/usart.c ****     GPIO_InitStruct.Pull = GPIO_NOPULL;
 712              		.loc 1 216 5 is_stmt 1 view .LVU212
 216:Core/Src/usart.c ****     GPIO_InitStruct.Pull = GPIO_NOPULL;
 713              		.loc 1 216 26 is_stmt 0 view .LVU213
 714 00c4 0024     		movs	r4, #0
 715 00c6 0594     		str	r4, [sp, #20]
 217:Core/Src/usart.c ****     HAL_GPIO_Init(GPIOA, &GPIO_InitStruct);
 716              		.loc 1 217 5 is_stmt 1 view .LVU214
ARM GAS  C:\Users\84759\AppData\Local\Temp\cc3tPJWf.s 			page 19


 217:Core/Src/usart.c ****     HAL_GPIO_Init(GPIOA, &GPIO_InitStruct);
 717              		.loc 1 217 26 is_stmt 0 view .LVU215
 718 00c8 0694     		str	r4, [sp, #24]
 218:Core/Src/usart.c **** 
 719              		.loc 1 218 5 is_stmt 1 view .LVU216
 720 00ca 04A9     		add	r1, sp, #16
 721 00cc 2846     		mov	r0, r5
 722 00ce FFF7FEFF 		bl	HAL_GPIO_Init
 723              	.LVL46:
 221:Core/Src/usart.c ****     HAL_NVIC_EnableIRQ(USART2_IRQn);
 724              		.loc 1 221 5 view .LVU217
 725 00d2 2246     		mov	r2, r4
 726 00d4 0121     		movs	r1, #1
 727 00d6 2620     		movs	r0, #38
 728 00d8 FFF7FEFF 		bl	HAL_NVIC_SetPriority
 729              	.LVL47:
 222:Core/Src/usart.c ****   }
 730              		.loc 1 222 5 view .LVU218
 731 00dc 2620     		movs	r0, #38
 732 00de FFF7FEFF 		bl	HAL_NVIC_EnableIRQ
 733              	.LVL48:
 734              		.loc 1 224 1 is_stmt 0 view .LVU219
 735 00e2 9BE7     		b	.L49
 736              	.L56:
 737              		.align	2
 738              	.L55:
 739 00e4 00380140 		.word	1073821696
 740 00e8 00440040 		.word	1073759232
 741 00ec 00100240 		.word	1073876992
 742 00f0 00080140 		.word	1073809408
 743              		.cfi_endproc
 744              	.LFE73:
 746              		.section	.text.HAL_UART_MspDeInit,"ax",%progbits
 747              		.align	1
 748              		.global	HAL_UART_MspDeInit
 749              		.syntax unified
 750              		.thumb
 751              		.thumb_func
 753              	HAL_UART_MspDeInit:
 754              	.LVL49:
 755              	.LFB74:
 225:Core/Src/usart.c **** 
 226:Core/Src/usart.c **** 
 227:Core/Src/usart.c **** 
 228:Core/Src/usart.c **** /* USER CODE BEGIN 1 */
 229:Core/Src/usart.c **** void HAL_UART_MspDeInit(UART_HandleTypeDef* uartHandle)
 230:Core/Src/usart.c **** {
 756              		.loc 1 230 1 is_stmt 1 view -0
 757              		.cfi_startproc
 758              		@ args = 0, pretend = 0, frame = 0
 759              		@ frame_needed = 0, uses_anonymous_args = 0
 760              		.loc 1 230 1 is_stmt 0 view .LVU221
 761 0000 08B5     		push	{r3, lr}
 762              	.LCFI11:
 763              		.cfi_def_cfa_offset 8
 764              		.cfi_offset 3, -8
 765              		.cfi_offset 14, -4
ARM GAS  C:\Users\84759\AppData\Local\Temp\cc3tPJWf.s 			page 20


 231:Core/Src/usart.c ****   if(uartHandle->Instance == USART1)
 766              		.loc 1 231 3 is_stmt 1 view .LVU222
 767              		.loc 1 231 16 is_stmt 0 view .LVU223
 768 0002 0368     		ldr	r3, [r0]
 769              		.loc 1 231 5 view .LVU224
 770 0004 114A     		ldr	r2, .L63
 771 0006 9342     		cmp	r3, r2
 772 0008 03D0     		beq	.L61
 232:Core/Src/usart.c ****   {
 233:Core/Src/usart.c ****     __HAL_RCC_USART1_CLK_DISABLE();
 234:Core/Src/usart.c ****     HAL_GPIO_DeInit(GPIOA, GPIO_PIN_9|GPIO_PIN_10);
 235:Core/Src/usart.c ****     HAL_NVIC_DisableIRQ(USART1_IRQn);
 236:Core/Src/usart.c ****   }
 237:Core/Src/usart.c ****   else if(uartHandle->Instance == USART2)
 773              		.loc 1 237 8 is_stmt 1 view .LVU225
 774              		.loc 1 237 10 is_stmt 0 view .LVU226
 775 000a 114A     		ldr	r2, .L63+4
 776 000c 9342     		cmp	r3, r2
 777 000e 0FD0     		beq	.L62
 778              	.LVL50:
 779              	.L57:
 238:Core/Src/usart.c ****   {
 239:Core/Src/usart.c ****     __HAL_RCC_USART2_CLK_DISABLE();
 240:Core/Src/usart.c ****     HAL_GPIO_DeInit(GPIOA, GPIO_PIN_2|GPIO_PIN_3);
 241:Core/Src/usart.c ****     HAL_NVIC_DisableIRQ(USART2_IRQn);
 242:Core/Src/usart.c ****   }
 243:Core/Src/usart.c **** }
 780              		.loc 1 243 1 view .LVU227
 781 0010 08BD     		pop	{r3, pc}
 782              	.LVL51:
 783              	.L61:
 233:Core/Src/usart.c ****     HAL_GPIO_DeInit(GPIOA, GPIO_PIN_9|GPIO_PIN_10);
 784              		.loc 1 233 5 is_stmt 1 view .LVU228
 785 0012 02F55842 		add	r2, r2, #55296
 786 0016 9369     		ldr	r3, [r2, #24]
 787 0018 23F48043 		bic	r3, r3, #16384
 788 001c 9361     		str	r3, [r2, #24]
 234:Core/Src/usart.c ****     HAL_NVIC_DisableIRQ(USART1_IRQn);
 789              		.loc 1 234 5 view .LVU229
 790 001e 4FF4C061 		mov	r1, #1536
 791 0022 0C48     		ldr	r0, .L63+8
 792              	.LVL52:
 234:Core/Src/usart.c ****     HAL_NVIC_DisableIRQ(USART1_IRQn);
 793              		.loc 1 234 5 is_stmt 0 view .LVU230
 794 0024 FFF7FEFF 		bl	HAL_GPIO_DeInit
 795              	.LVL53:
 235:Core/Src/usart.c ****   }
 796              		.loc 1 235 5 is_stmt 1 view .LVU231
 797 0028 2520     		movs	r0, #37
 798 002a FFF7FEFF 		bl	HAL_NVIC_DisableIRQ
 799              	.LVL54:
 800 002e EFE7     		b	.L57
 801              	.LVL55:
 802              	.L62:
 239:Core/Src/usart.c ****     HAL_GPIO_DeInit(GPIOA, GPIO_PIN_2|GPIO_PIN_3);
 803              		.loc 1 239 5 view .LVU232
 804 0030 02F5E632 		add	r2, r2, #117760
ARM GAS  C:\Users\84759\AppData\Local\Temp\cc3tPJWf.s 			page 21


 805 0034 D369     		ldr	r3, [r2, #28]
 806 0036 23F40033 		bic	r3, r3, #131072
 807 003a D361     		str	r3, [r2, #28]
 240:Core/Src/usart.c ****     HAL_NVIC_DisableIRQ(USART2_IRQn);
 808              		.loc 1 240 5 view .LVU233
 809 003c 0C21     		movs	r1, #12
 810 003e 0548     		ldr	r0, .L63+8
 811              	.LVL56:
 240:Core/Src/usart.c ****     HAL_NVIC_DisableIRQ(USART2_IRQn);
 812              		.loc 1 240 5 is_stmt 0 view .LVU234
 813 0040 FFF7FEFF 		bl	HAL_GPIO_DeInit
 814              	.LVL57:
 241:Core/Src/usart.c ****   }
 815              		.loc 1 241 5 is_stmt 1 view .LVU235
 816 0044 2620     		movs	r0, #38
 817 0046 FFF7FEFF 		bl	HAL_NVIC_DisableIRQ
 818              	.LVL58:
 819              		.loc 1 243 1 is_stmt 0 view .LVU236
 820 004a E1E7     		b	.L57
 821              	.L64:
 822              		.align	2
 823              	.L63:
 824 004c 00380140 		.word	1073821696
 825 0050 00440040 		.word	1073759232
 826 0054 00080140 		.word	1073809408
 827              		.cfi_endproc
 828              	.LFE74:
 830              		.global	uart2_rx_ringbuf
 831              		.global	huart2
 832              		.global	huart1
 833              		.section	.bss.huart1,"aw",%nobits
 834              		.align	2
 835              		.set	.LANCHOR0,. + 0
 838              	huart1:
 839 0000 00000000 		.space	72
 839      00000000 
 839      00000000 
 839      00000000 
 839      00000000 
 840              		.section	.bss.huart2,"aw",%nobits
 841              		.align	2
 842              		.set	.LANCHOR1,. + 0
 845              	huart2:
 846 0000 00000000 		.space	72
 846      00000000 
 846      00000000 
 846      00000000 
 846      00000000 
 847              		.section	.bss.uart2_rx_ringbuf,"aw",%nobits
 848              		.align	2
 849              		.set	.LANCHOR2,. + 0
 852              	uart2_rx_ringbuf:
 853 0000 00000000 		.space	260
 853      00000000 
 853      00000000 
 853      00000000 
 853      00000000 
ARM GAS  C:\Users\84759\AppData\Local\Temp\cc3tPJWf.s 			page 22


 854              		.text
 855              	.Letext0:
 856              		.file 2 "d:\\mingw\\gcc-arm-none-eabi-10.3-2021.10-win32\\gcc-arm-none-eabi-10.3-2021.10\\arm-none
 857              		.file 3 "d:\\mingw\\gcc-arm-none-eabi-10.3-2021.10-win32\\gcc-arm-none-eabi-10.3-2021.10\\arm-none
 858              		.file 4 "Drivers/CMSIS/Device/ST/STM32F1xx/Include/stm32f103xe.h"
 859              		.file 5 "Drivers/STM32F1xx_HAL_Driver/Inc/stm32f1xx_hal_def.h"
 860              		.file 6 "Drivers/STM32F1xx_HAL_Driver/Inc/stm32f1xx_hal_gpio.h"
 861              		.file 7 "Drivers/STM32F1xx_HAL_Driver/Inc/stm32f1xx_hal_dma.h"
 862              		.file 8 "Drivers/STM32F1xx_HAL_Driver/Inc/stm32f1xx_hal_uart.h"
 863              		.file 9 "Core/Inc/usart.h"
 864              		.file 10 "Drivers/STM32F1xx_HAL_Driver/Inc/stm32f1xx_hal_cortex.h"
 865              		.file 11 "Drivers/STM32F1xx_HAL_Driver/Inc/stm32f1xx_hal.h"
 866              		.file 12 "Core/Inc/main.h"
 867              		.file 13 "<built-in>"
ARM GAS  C:\Users\84759\AppData\Local\Temp\cc3tPJWf.s 			page 23


DEFINED SYMBOLS
                            *ABS*:00000000 usart.c
C:\Users\84759\AppData\Local\Temp\cc3tPJWf.s:18     .text.MX_USART1_UART_Init:00000000 $t
C:\Users\84759\AppData\Local\Temp\cc3tPJWf.s:24     .text.MX_USART1_UART_Init:00000000 MX_USART1_UART_Init
C:\Users\84759\AppData\Local\Temp\cc3tPJWf.s:83     .text.MX_USART1_UART_Init:0000002c $d
C:\Users\84759\AppData\Local\Temp\cc3tPJWf.s:89     .text.MX_USART2_UART_Init:00000000 $t
C:\Users\84759\AppData\Local\Temp\cc3tPJWf.s:95     .text.MX_USART2_UART_Init:00000000 MX_USART2_UART_Init
C:\Users\84759\AppData\Local\Temp\cc3tPJWf.s:163    .text.MX_USART2_UART_Init:00000040 $d
C:\Users\84759\AppData\Local\Temp\cc3tPJWf.s:170    .text.UART2_ReadByte:00000000 $t
C:\Users\84759\AppData\Local\Temp\cc3tPJWf.s:176    .text.UART2_ReadByte:00000000 UART2_ReadByte
C:\Users\84759\AppData\Local\Temp\cc3tPJWf.s:245    .text.UART2_ReadByte:00000044 $d
C:\Users\84759\AppData\Local\Temp\cc3tPJWf.s:250    .text.UART2_ReadLine:00000000 $t
C:\Users\84759\AppData\Local\Temp\cc3tPJWf.s:256    .text.UART2_ReadLine:00000000 UART2_ReadLine
C:\Users\84759\AppData\Local\Temp\cc3tPJWf.s:416    .text.UART2_RingBuf_Read:00000000 $t
C:\Users\84759\AppData\Local\Temp\cc3tPJWf.s:422    .text.UART2_RingBuf_Read:00000000 UART2_RingBuf_Read
C:\Users\84759\AppData\Local\Temp\cc3tPJWf.s:517    .text.UART2_RingBuf_Read:00000060 $d
C:\Users\84759\AppData\Local\Temp\cc3tPJWf.s:522    .text.HAL_UART_MspInit:00000000 $t
C:\Users\84759\AppData\Local\Temp\cc3tPJWf.s:528    .text.HAL_UART_MspInit:00000000 HAL_UART_MspInit
C:\Users\84759\AppData\Local\Temp\cc3tPJWf.s:739    .text.HAL_UART_MspInit:000000e4 $d
C:\Users\84759\AppData\Local\Temp\cc3tPJWf.s:747    .text.HAL_UART_MspDeInit:00000000 $t
C:\Users\84759\AppData\Local\Temp\cc3tPJWf.s:753    .text.HAL_UART_MspDeInit:00000000 HAL_UART_MspDeInit
C:\Users\84759\AppData\Local\Temp\cc3tPJWf.s:824    .text.HAL_UART_MspDeInit:0000004c $d
C:\Users\84759\AppData\Local\Temp\cc3tPJWf.s:852    .bss.uart2_rx_ringbuf:00000000 uart2_rx_ringbuf
C:\Users\84759\AppData\Local\Temp\cc3tPJWf.s:845    .bss.huart2:00000000 huart2
C:\Users\84759\AppData\Local\Temp\cc3tPJWf.s:838    .bss.huart1:00000000 huart1
C:\Users\84759\AppData\Local\Temp\cc3tPJWf.s:834    .bss.huart1:00000000 $d
C:\Users\84759\AppData\Local\Temp\cc3tPJWf.s:841    .bss.huart2:00000000 $d
C:\Users\84759\AppData\Local\Temp\cc3tPJWf.s:848    .bss.uart2_rx_ringbuf:00000000 $d

UNDEFINED SYMBOLS
HAL_UART_Init
Error_Handler
HAL_UART_Receive_IT
memset
HAL_Delay
HAL_GPIO_Init
HAL_NVIC_SetPriority
HAL_NVIC_EnableIRQ
HAL_GPIO_DeInit
HAL_NVIC_DisableIRQ
