ARM GAS  C:\Users\84759\AppData\Local\Temp\ccyxDnjF.s 			page 1


   1              		.cpu cortex-m3
   2              		.arch armv7-m
   3              		.fpu softvfp
   4              		.eabi_attribute 20, 1
   5              		.eabi_attribute 21, 1
   6              		.eabi_attribute 23, 3
   7              		.eabi_attribute 24, 1
   8              		.eabi_attribute 25, 1
   9              		.eabi_attribute 26, 1
  10              		.eabi_attribute 30, 1
  11              		.eabi_attribute 34, 1
  12              		.eabi_attribute 18, 4
  13              		.file	"user_diskio.c"
  14              		.text
  15              	.Ltext0:
  16              		.cfi_sections	.debug_frame
  17              		.section	.text.USER_status,"ax",%progbits
  18              		.align	1
  19              		.global	USER_status
  20              		.syntax unified
  21              		.thumb
  22              		.thumb_func
  24              	USER_status:
  25              	.LVL0:
  26              	.LFB69:
  27              		.file 1 "FATFS/Target/user_diskio.c"
   1:FATFS/Target/user_diskio.c **** /* Includes ------------------------------------------------------------------*/
   2:FATFS/Target/user_diskio.c **** #include <string.h>
   3:FATFS/Target/user_diskio.c **** #include <stdarg.h>
   4:FATFS/Target/user_diskio.c **** #include "ff_gen_drv.h"
   5:FATFS/Target/user_diskio.c **** #include "usart.h"
   6:FATFS/Target/user_diskio.c **** #include "flash.h"
   7:FATFS/Target/user_diskio.c **** #include "user_diskio.h"
   8:FATFS/Target/user_diskio.c **** 
   9:FATFS/Target/user_diskio.c **** /* Private variables ---------------------------------------------------------*/
  10:FATFS/Target/user_diskio.c **** static volatile DSTATUS Stat = STA_NOINIT;
  11:FATFS/Target/user_diskio.c **** 
  12:FATFS/Target/user_diskio.c **** /* ´®żÚ´ňÓˇ */
  13:FATFS/Target/user_diskio.c **** #define ENABLE_DISKIO_PRINT     0
  14:FATFS/Target/user_diskio.c **** #if ENABLE_DISKIO_PRINT
  15:FATFS/Target/user_diskio.c **** #define Diskio_Print(fmt, ...)  UsbPrintf(fmt, ##__VA_ARGS__)
  16:FATFS/Target/user_diskio.c **** #else
  17:FATFS/Target/user_diskio.c **** #define Diskio_Print(fmt, ...)  do {} while(0)
  18:FATFS/Target/user_diskio.c **** #endif
  19:FATFS/Target/user_diskio.c **** 
  20:FATFS/Target/user_diskio.c **** /* Private function prototypes -----------------------------------------------*/
  21:FATFS/Target/user_diskio.c **** DSTATUS USER_initialize (BYTE pdrv);
  22:FATFS/Target/user_diskio.c **** DSTATUS USER_status (BYTE pdrv);
  23:FATFS/Target/user_diskio.c **** DRESULT USER_read (BYTE pdrv, BYTE *buff, DWORD sector, UINT count);
  24:FATFS/Target/user_diskio.c **** #if _USE_WRITE == 1
  25:FATFS/Target/user_diskio.c **** DRESULT USER_write (BYTE pdrv, const BYTE *buff, DWORD sector, UINT count);
  26:FATFS/Target/user_diskio.c **** #endif
  27:FATFS/Target/user_diskio.c **** #if _USE_IOCTL == 1
  28:FATFS/Target/user_diskio.c **** DRESULT USER_ioctl (BYTE pdrv, BYTE cmd, void *buff);
  29:FATFS/Target/user_diskio.c **** #endif
  30:FATFS/Target/user_diskio.c **** 
  31:FATFS/Target/user_diskio.c **** Diskio_drvTypeDef  USER_Driver =
ARM GAS  C:\Users\84759\AppData\Local\Temp\ccyxDnjF.s 			page 2


  32:FATFS/Target/user_diskio.c **** {
  33:FATFS/Target/user_diskio.c ****   USER_initialize,
  34:FATFS/Target/user_diskio.c ****   USER_status,
  35:FATFS/Target/user_diskio.c ****   USER_read,
  36:FATFS/Target/user_diskio.c **** #if  _USE_WRITE
  37:FATFS/Target/user_diskio.c ****   USER_write,
  38:FATFS/Target/user_diskio.c **** #endif
  39:FATFS/Target/user_diskio.c **** #if  _USE_IOCTL == 1
  40:FATFS/Target/user_diskio.c ****   USER_ioctl,
  41:FATFS/Target/user_diskio.c **** #endif
  42:FATFS/Target/user_diskio.c **** };
  43:FATFS/Target/user_diskio.c **** 
  44:FATFS/Target/user_diskio.c **** DSTATUS USER_initialize (BYTE pdrv)
  45:FATFS/Target/user_diskio.c **** {
  46:FATFS/Target/user_diskio.c ****     Diskio_Print("[DiskIO] łőĘĽ»ŻÉč±¸Łş%d\r\n", pdrv);
  47:FATFS/Target/user_diskio.c ****     switch (pdrv)
  48:FATFS/Target/user_diskio.c ****     {
  49:FATFS/Target/user_diskio.c ****       case DEV_FLASH:
  50:FATFS/Target/user_diskio.c ****         // ŐćŐýłőĘĽ»ŻŁş×ÔĽě + ˝âłýĐ´±Ł»¤
  51:FATFS/Target/user_diskio.c ****         if (W25Q64_SelfTest() != 0)
  52:FATFS/Target/user_diskio.c ****         {
  53:FATFS/Target/user_diskio.c ****             Stat = STA_NOINIT;
  54:FATFS/Target/user_diskio.c ****             Diskio_Print("[DiskIO] W25Q64 ×ÔĽěĘ§°Ü\r\n");
  55:FATFS/Target/user_diskio.c ****             return Stat;
  56:FATFS/Target/user_diskio.c ****         }
  57:FATFS/Target/user_diskio.c ****         Stat = USER_status(DEV_FLASH);
  58:FATFS/Target/user_diskio.c ****         if (!(Stat & STA_NOINIT))
  59:FATFS/Target/user_diskio.c ****         {
  60:FATFS/Target/user_diskio.c ****             Diskio_Print("[DiskIO] łőĘĽ»ŻłÉą¦\r\n");
  61:FATFS/Target/user_diskio.c ****         }
  62:FATFS/Target/user_diskio.c ****         break;
  63:FATFS/Target/user_diskio.c **** 
  64:FATFS/Target/user_diskio.c ****       default:
  65:FATFS/Target/user_diskio.c ****         Stat = STA_NOINIT;
  66:FATFS/Target/user_diskio.c ****         Diskio_Print("[DiskIO] ÎŢĐ§Éč±¸\r\n");
  67:FATFS/Target/user_diskio.c ****     }
  68:FATFS/Target/user_diskio.c ****     return Stat;
  69:FATFS/Target/user_diskio.c **** }
  70:FATFS/Target/user_diskio.c **** 
  71:FATFS/Target/user_diskio.c **** DSTATUS USER_status (BYTE pdrv)
  72:FATFS/Target/user_diskio.c **** {
  28              		.loc 1 72 1 view -0
  29              		.cfi_startproc
  30              		@ args = 0, pretend = 0, frame = 0
  31              		@ frame_needed = 0, uses_anonymous_args = 0
  32              		.loc 1 72 1 is_stmt 0 view .LVU1
  33 0000 08B5     		push	{r3, lr}
  34              	.LCFI0:
  35              		.cfi_def_cfa_offset 8
  36              		.cfi_offset 3, -8
  37              		.cfi_offset 14, -4
  73:FATFS/Target/user_diskio.c ****     switch (pdrv)
  38              		.loc 1 73 5 is_stmt 1 view .LVU2
  39 0002 28B1     		cbz	r0, .L7
  74:FATFS/Target/user_diskio.c ****     {
  75:FATFS/Target/user_diskio.c ****       case DEV_FLASH:
  76:FATFS/Target/user_diskio.c ****       {
ARM GAS  C:\Users\84759\AppData\Local\Temp\ccyxDnjF.s 			page 3


  77:FATFS/Target/user_diskio.c ****         uint32_t dev_id = W25Q64_ReadDeviceID();
  78:FATFS/Target/user_diskio.c ****         if (dev_id == W25Q64_DEVICE_ID || dev_id == 0xEF16)
  79:FATFS/Target/user_diskio.c ****         {
  80:FATFS/Target/user_diskio.c ****             Stat &= ~STA_NOINIT;
  81:FATFS/Target/user_diskio.c ****         }
  82:FATFS/Target/user_diskio.c ****         else
  83:FATFS/Target/user_diskio.c ****         {
  84:FATFS/Target/user_diskio.c ****             Stat = STA_NOINIT;
  85:FATFS/Target/user_diskio.c ****             Diskio_Print("[DiskIO] W25Q64 ID˛»ĆĄĹä\r\n");
  86:FATFS/Target/user_diskio.c ****         }
  87:FATFS/Target/user_diskio.c ****         break;
  88:FATFS/Target/user_diskio.c ****       }
  89:FATFS/Target/user_diskio.c ****       default:
  90:FATFS/Target/user_diskio.c ****         Stat = STA_NOINIT;
  40              		.loc 1 90 9 view .LVU3
  41              		.loc 1 90 14 is_stmt 0 view .LVU4
  42 0004 0C4B     		ldr	r3, .L8
  43 0006 0122     		movs	r2, #1
  44 0008 1A70     		strb	r2, [r3]
  45              	.LVL1:
  46              	.L5:
  91:FATFS/Target/user_diskio.c ****     }
  92:FATFS/Target/user_diskio.c ****     return Stat;
  47              		.loc 1 92 5 is_stmt 1 view .LVU5
  48              		.loc 1 92 12 is_stmt 0 view .LVU6
  49 000a 0B4B     		ldr	r3, .L8
  50 000c 1878     		ldrb	r0, [r3]	@ zero_extendqisi2
  93:FATFS/Target/user_diskio.c **** }
  51              		.loc 1 93 1 view .LVU7
  52 000e 08BD     		pop	{r3, pc}
  53              	.LVL2:
  54              	.L7:
  55              	.LBB2:
  77:FATFS/Target/user_diskio.c ****         if (dev_id == W25Q64_DEVICE_ID || dev_id == 0xEF16)
  56              		.loc 1 77 9 is_stmt 1 view .LVU8
  77:FATFS/Target/user_diskio.c ****         if (dev_id == W25Q64_DEVICE_ID || dev_id == 0xEF16)
  57              		.loc 1 77 27 is_stmt 0 view .LVU9
  58 0010 FFF7FEFF 		bl	W25Q64_ReadDeviceID
  59              	.LVL3:
  78:FATFS/Target/user_diskio.c ****         {
  60              		.loc 1 78 9 is_stmt 1 view .LVU10
  78:FATFS/Target/user_diskio.c ****         {
  61              		.loc 1 78 12 is_stmt 0 view .LVU11
  62 0014 094B     		ldr	r3, .L8+4
  63 0016 9842     		cmp	r0, r3
  64 0018 07D0     		beq	.L3
  78:FATFS/Target/user_diskio.c ****         {
  65              		.loc 1 78 40 discriminator 1 view .LVU12
  66 001a 4EF61673 		movw	r3, #61206
  67 001e 9842     		cmp	r0, r3
  68 0020 03D0     		beq	.L3
  84:FATFS/Target/user_diskio.c ****             Diskio_Print("[DiskIO] W25Q64 ID˛»ĆĄĹä\r\n");
  69              		.loc 1 84 13 is_stmt 1 view .LVU13
  84:FATFS/Target/user_diskio.c ****             Diskio_Print("[DiskIO] W25Q64 ID˛»ĆĄĹä\r\n");
  70              		.loc 1 84 18 is_stmt 0 view .LVU14
  71 0022 054B     		ldr	r3, .L8
  72 0024 0122     		movs	r2, #1
ARM GAS  C:\Users\84759\AppData\Local\Temp\ccyxDnjF.s 			page 4


  73 0026 1A70     		strb	r2, [r3]
  74 0028 EFE7     		b	.L5
  75              	.L3:
  80:FATFS/Target/user_diskio.c ****         }
  76              		.loc 1 80 13 is_stmt 1 view .LVU15
  80:FATFS/Target/user_diskio.c ****         }
  77              		.loc 1 80 18 is_stmt 0 view .LVU16
  78 002a 034A     		ldr	r2, .L8
  79 002c 1378     		ldrb	r3, [r2]	@ zero_extendqisi2
  80 002e 03F0FE03 		and	r3, r3, #254
  81 0032 1370     		strb	r3, [r2]
  82 0034 E9E7     		b	.L5
  83              	.L9:
  84 0036 00BF     		.align	2
  85              	.L8:
  86 0038 00000000 		.word	.LANCHOR0
  87 003c 1740EF00 		.word	15679511
  88              	.LBE2:
  89              		.cfi_endproc
  90              	.LFE69:
  92              		.section	.text.USER_initialize,"ax",%progbits
  93              		.align	1
  94              		.global	USER_initialize
  95              		.syntax unified
  96              		.thumb
  97              		.thumb_func
  99              	USER_initialize:
 100              	.LVL4:
 101              	.LFB68:
  45:FATFS/Target/user_diskio.c ****     Diskio_Print("[DiskIO] łőĘĽ»ŻÉč±¸Łş%d\r\n", pdrv);
 102              		.loc 1 45 1 is_stmt 1 view -0
 103              		.cfi_startproc
 104              		@ args = 0, pretend = 0, frame = 0
 105              		@ frame_needed = 0, uses_anonymous_args = 0
  45:FATFS/Target/user_diskio.c ****     Diskio_Print("[DiskIO] łőĘĽ»ŻÉč±¸Łş%d\r\n", pdrv);
 106              		.loc 1 45 1 is_stmt 0 view .LVU18
 107 0000 08B5     		push	{r3, lr}
 108              	.LCFI1:
 109              		.cfi_def_cfa_offset 8
 110              		.cfi_offset 3, -8
 111              		.cfi_offset 14, -4
  46:FATFS/Target/user_diskio.c ****     switch (pdrv)
 112              		.loc 1 46 5 is_stmt 1 view .LVU19
  46:FATFS/Target/user_diskio.c ****     switch (pdrv)
 113              		.loc 1 46 5 view .LVU20
  46:FATFS/Target/user_diskio.c ****     switch (pdrv)
 114              		.loc 1 46 5 view .LVU21
  47:FATFS/Target/user_diskio.c ****     {
 115              		.loc 1 47 5 view .LVU22
 116 0002 30B1     		cbz	r0, .L16
  65:FATFS/Target/user_diskio.c ****         Diskio_Print("[DiskIO] ÎŢĐ§Éč±¸\r\n");
 117              		.loc 1 65 9 view .LVU23
  65:FATFS/Target/user_diskio.c ****         Diskio_Print("[DiskIO] ÎŢĐ§Éč±¸\r\n");
 118              		.loc 1 65 14 is_stmt 0 view .LVU24
 119 0004 0B4B     		ldr	r3, .L17
 120 0006 0122     		movs	r2, #1
 121 0008 1A70     		strb	r2, [r3]
ARM GAS  C:\Users\84759\AppData\Local\Temp\ccyxDnjF.s 			page 5


 122              	.LVL5:
 123              	.L14:
  66:FATFS/Target/user_diskio.c ****     }
 124              		.loc 1 66 9 is_stmt 1 view .LVU25
  66:FATFS/Target/user_diskio.c ****     }
 125              		.loc 1 66 9 view .LVU26
  66:FATFS/Target/user_diskio.c ****     }
 126              		.loc 1 66 9 view .LVU27
  68:FATFS/Target/user_diskio.c **** }
 127              		.loc 1 68 5 view .LVU28
  68:FATFS/Target/user_diskio.c **** }
 128              		.loc 1 68 12 is_stmt 0 view .LVU29
 129 000a 0A4B     		ldr	r3, .L17
 130 000c 1878     		ldrb	r0, [r3]	@ zero_extendqisi2
 131 000e C0B2     		uxtb	r0, r0
 132              	.L13:
  69:FATFS/Target/user_diskio.c **** 
 133              		.loc 1 69 1 view .LVU30
 134 0010 08BD     		pop	{r3, pc}
 135              	.LVL6:
 136              	.L16:
  51:FATFS/Target/user_diskio.c ****         {
 137              		.loc 1 51 9 is_stmt 1 view .LVU31
  51:FATFS/Target/user_diskio.c ****         {
 138              		.loc 1 51 13 is_stmt 0 view .LVU32
 139 0012 FFF7FEFF 		bl	W25Q64_SelfTest
 140              	.LVL7:
  51:FATFS/Target/user_diskio.c ****         {
 141              		.loc 1 51 12 view .LVU33
 142 0016 28B1     		cbz	r0, .L12
  53:FATFS/Target/user_diskio.c ****             Diskio_Print("[DiskIO] W25Q64 ×ÔĽěĘ§°Ü\r\n");
 143              		.loc 1 53 13 is_stmt 1 view .LVU34
  53:FATFS/Target/user_diskio.c ****             Diskio_Print("[DiskIO] W25Q64 ×ÔĽěĘ§°Ü\r\n");
 144              		.loc 1 53 18 is_stmt 0 view .LVU35
 145 0018 064B     		ldr	r3, .L17
 146 001a 0122     		movs	r2, #1
 147 001c 1A70     		strb	r2, [r3]
  54:FATFS/Target/user_diskio.c ****             return Stat;
 148              		.loc 1 54 13 is_stmt 1 view .LVU36
  54:FATFS/Target/user_diskio.c ****             return Stat;
 149              		.loc 1 54 13 view .LVU37
  54:FATFS/Target/user_diskio.c ****             return Stat;
 150              		.loc 1 54 13 view .LVU38
  55:FATFS/Target/user_diskio.c ****         }
 151              		.loc 1 55 13 view .LVU39
  55:FATFS/Target/user_diskio.c ****         }
 152              		.loc 1 55 20 is_stmt 0 view .LVU40
 153 001e 1878     		ldrb	r0, [r3]	@ zero_extendqisi2
 154 0020 C0B2     		uxtb	r0, r0
 155 0022 F5E7     		b	.L13
 156              	.L12:
  57:FATFS/Target/user_diskio.c ****         if (!(Stat & STA_NOINIT))
 157              		.loc 1 57 9 is_stmt 1 view .LVU41
  57:FATFS/Target/user_diskio.c ****         if (!(Stat & STA_NOINIT))
 158              		.loc 1 57 16 is_stmt 0 view .LVU42
 159 0024 0020     		movs	r0, #0
 160 0026 FFF7FEFF 		bl	USER_status
ARM GAS  C:\Users\84759\AppData\Local\Temp\ccyxDnjF.s 			page 6


 161              	.LVL8:
  57:FATFS/Target/user_diskio.c ****         if (!(Stat & STA_NOINIT))
 162              		.loc 1 57 14 view .LVU43
 163 002a 024B     		ldr	r3, .L17
 164 002c 1870     		strb	r0, [r3]
  58:FATFS/Target/user_diskio.c ****         {
 165              		.loc 1 58 9 is_stmt 1 view .LVU44
  58:FATFS/Target/user_diskio.c ****         {
 166              		.loc 1 58 20 is_stmt 0 view .LVU45
 167 002e 1B78     		ldrb	r3, [r3]	@ zero_extendqisi2
  60:FATFS/Target/user_diskio.c ****         }
 168              		.loc 1 60 13 is_stmt 1 view .LVU46
  60:FATFS/Target/user_diskio.c ****         }
 169              		.loc 1 60 13 view .LVU47
  60:FATFS/Target/user_diskio.c ****         }
 170              		.loc 1 60 13 view .LVU48
  62:FATFS/Target/user_diskio.c **** 
 171              		.loc 1 62 9 view .LVU49
 172 0030 EBE7     		b	.L14
 173              	.L18:
 174 0032 00BF     		.align	2
 175              	.L17:
 176 0034 00000000 		.word	.LANCHOR0
 177              		.cfi_endproc
 178              	.LFE68:
 180              		.section	.text.USER_read,"ax",%progbits
 181              		.align	1
 182              		.global	USER_read
 183              		.syntax unified
 184              		.thumb
 185              		.thumb_func
 187              	USER_read:
 188              	.LVL9:
 189              	.LFB70:
  94:FATFS/Target/user_diskio.c **** 
  95:FATFS/Target/user_diskio.c **** DRESULT USER_read (BYTE pdrv, BYTE *buff, DWORD sector, UINT count)
  96:FATFS/Target/user_diskio.c **** {
 190              		.loc 1 96 1 view -0
 191              		.cfi_startproc
 192              		@ args = 0, pretend = 0, frame = 0
 193              		@ frame_needed = 0, uses_anonymous_args = 0
  97:FATFS/Target/user_diskio.c ****     Diskio_Print("[DiskIO] ¶ÁČˇŁş%lu ÉČÇřŁ¬%u ¸ö\r\n", sector, count);
 194              		.loc 1 97 5 view .LVU51
 195              		.loc 1 97 5 view .LVU52
 196              		.loc 1 97 5 view .LVU53
  98:FATFS/Target/user_diskio.c **** 
  99:FATFS/Target/user_diskio.c ****     if (pdrv != DEV_FLASH || buff == NULL || count == 0)
 197              		.loc 1 99 5 view .LVU54
 198              		.loc 1 99 8 is_stmt 0 view .LVU55
 199 0000 D8B9     		cbnz	r0, .L21
  96:FATFS/Target/user_diskio.c ****     Diskio_Print("[DiskIO] ¶ÁČˇŁş%lu ÉČÇřŁ¬%u ¸ö\r\n", sector, count);
 200              		.loc 1 96 1 discriminator 1 view .LVU56
 201 0002 70B5     		push	{r4, r5, r6, lr}
 202              	.LCFI2:
 203              		.cfi_def_cfa_offset 16
 204              		.cfi_offset 4, -16
 205              		.cfi_offset 5, -12
ARM GAS  C:\Users\84759\AppData\Local\Temp\ccyxDnjF.s 			page 7


 206              		.cfi_offset 6, -8
 207              		.cfi_offset 14, -4
 208 0004 0D46     		mov	r5, r1
 209 0006 1646     		mov	r6, r2
 210 0008 1C46     		mov	r4, r3
 211              		.loc 1 99 27 discriminator 1 view .LVU57
 212 000a C1B1     		cbz	r1, .L22
 213              		.loc 1 99 43 discriminator 2 view .LVU58
 214 000c CBB1     		cbz	r3, .L23
 100:FATFS/Target/user_diskio.c ****         return RES_PARERR;
 101:FATFS/Target/user_diskio.c **** 
 102:FATFS/Target/user_diskio.c ****     if (USER_status(DEV_FLASH) & STA_NOINIT)
 215              		.loc 1 102 5 is_stmt 1 view .LVU59
 216              		.loc 1 102 9 is_stmt 0 view .LVU60
 217 000e FFF7FEFF 		bl	USER_status
 218              	.LVL10:
 219              		.loc 1 102 8 view .LVU61
 220 0012 10F0010F 		tst	r0, #1
 221 0016 16D1     		bne	.L24
 103:FATFS/Target/user_diskio.c ****         return RES_NOTRDY;
 104:FATFS/Target/user_diskio.c **** 
 105:FATFS/Target/user_diskio.c ****     if (sector >= W25Q64_TOTAL_LOGIC_SECTOR || (sector + count) > W25Q64_TOTAL_LOGIC_SECTOR)
 222              		.loc 1 105 5 is_stmt 1 view .LVU62
 223              		.loc 1 105 8 is_stmt 0 view .LVU63
 224 0018 B6F5006F 		cmp	r6, #2048
 225 001c 15D2     		bcs	.L25
 226              		.loc 1 105 56 discriminator 1 view .LVU64
 227 001e A319     		adds	r3, r4, r6
 228              		.loc 1 105 45 discriminator 1 view .LVU65
 229 0020 B3F5006F 		cmp	r3, #2048
 230 0024 01D9     		bls	.L32
 106:FATFS/Target/user_diskio.c ****     {
 107:FATFS/Target/user_diskio.c ****         Diskio_Print("[DiskIO] ¶ÁČˇÔ˝˝ç\r\n");
 108:FATFS/Target/user_diskio.c ****         return RES_ERROR;
 231              		.loc 1 108 16 view .LVU66
 232 0026 0120     		movs	r0, #1
 233 0028 0CE0     		b	.L20
 234              	.L32:
 109:FATFS/Target/user_diskio.c ****     }
 110:FATFS/Target/user_diskio.c **** 
 111:FATFS/Target/user_diskio.c ****     uint32_t addr = sector * W25Q64_LOGIC_SECTOR_SIZE;
 235              		.loc 1 111 5 is_stmt 1 view .LVU67
 236              	.LVL11:
 112:FATFS/Target/user_diskio.c ****     uint32_t len  = count  * W25Q64_LOGIC_SECTOR_SIZE;
 237              		.loc 1 112 5 view .LVU68
 113:FATFS/Target/user_diskio.c **** 
 114:FATFS/Target/user_diskio.c ****     // ¶ÁČˇ·µ»ŘÖµĹĐ¶Ď
 115:FATFS/Target/user_diskio.c ****     if (W25Q64_ReadData(addr, buff, len) != 0)
 238              		.loc 1 115 5 view .LVU69
 239              		.loc 1 115 9 is_stmt 0 view .LVU70
 240 002a 2203     		lsls	r2, r4, #12
 241              	.LVL12:
 242              		.loc 1 115 9 view .LVU71
 243 002c 2946     		mov	r1, r5
 244 002e 3003     		lsls	r0, r6, #12
 245              	.LVL13:
 246              		.loc 1 115 9 view .LVU72
ARM GAS  C:\Users\84759\AppData\Local\Temp\ccyxDnjF.s 			page 8


 247 0030 FFF7FEFF 		bl	W25Q64_ReadData
 248              	.LVL14:
 249              		.loc 1 115 8 view .LVU73
 250 0034 30B1     		cbz	r0, .L20
 116:FATFS/Target/user_diskio.c ****     {
 117:FATFS/Target/user_diskio.c ****         Diskio_Print("[DiskIO] ¶ÁČˇĘ§°Ü\r\n");
 118:FATFS/Target/user_diskio.c ****         return RES_ERROR;
 251              		.loc 1 118 16 view .LVU74
 252 0036 0120     		movs	r0, #1
 253 0038 04E0     		b	.L20
 254              	.LVL15:
 255              	.L21:
 256              	.LCFI3:
 257              		.cfi_def_cfa_offset 0
 258              		.cfi_restore 4
 259              		.cfi_restore 5
 260              		.cfi_restore 6
 261              		.cfi_restore 14
 100:FATFS/Target/user_diskio.c **** 
 262              		.loc 1 100 16 view .LVU75
 263 003a 0420     		movs	r0, #4
 264              	.LVL16:
 119:FATFS/Target/user_diskio.c ****     }
 120:FATFS/Target/user_diskio.c **** 
 121:FATFS/Target/user_diskio.c ****     Diskio_Print("[DiskIO] ¶ÁČˇłÉą¦\r\n");
 122:FATFS/Target/user_diskio.c ****     return RES_OK;
 123:FATFS/Target/user_diskio.c **** }
 265              		.loc 1 123 1 view .LVU76
 266 003c 7047     		bx	lr
 267              	.LVL17:
 268              	.L22:
 269              	.LCFI4:
 270              		.cfi_def_cfa_offset 16
 271              		.cfi_offset 4, -16
 272              		.cfi_offset 5, -12
 273              		.cfi_offset 6, -8
 274              		.cfi_offset 14, -4
 100:FATFS/Target/user_diskio.c **** 
 275              		.loc 1 100 16 view .LVU77
 276 003e 0420     		movs	r0, #4
 277              	.LVL18:
 100:FATFS/Target/user_diskio.c **** 
 278              		.loc 1 100 16 view .LVU78
 279 0040 00E0     		b	.L20
 280              	.LVL19:
 281              	.L23:
 100:FATFS/Target/user_diskio.c **** 
 282              		.loc 1 100 16 view .LVU79
 283 0042 0420     		movs	r0, #4
 284              	.LVL20:
 285              	.L20:
 286              		.loc 1 123 1 view .LVU80
 287 0044 70BD     		pop	{r4, r5, r6, pc}
 288              	.LVL21:
 289              	.L24:
 103:FATFS/Target/user_diskio.c **** 
 290              		.loc 1 103 16 view .LVU81
ARM GAS  C:\Users\84759\AppData\Local\Temp\ccyxDnjF.s 			page 9


 291 0046 0320     		movs	r0, #3
 292 0048 FCE7     		b	.L20
 293              	.L25:
 108:FATFS/Target/user_diskio.c ****     }
 294              		.loc 1 108 16 view .LVU82
 295 004a 0120     		movs	r0, #1
 296 004c FAE7     		b	.L20
 297              		.cfi_endproc
 298              	.LFE70:
 300              		.section	.text.USER_ioctl,"ax",%progbits
 301              		.align	1
 302              		.global	USER_ioctl
 303              		.syntax unified
 304              		.thumb
 305              		.thumb_func
 307              	USER_ioctl:
 308              	.LVL22:
 309              	.LFB72:
 124:FATFS/Target/user_diskio.c **** 
 125:FATFS/Target/user_diskio.c **** #if _USE_WRITE == 1
 126:FATFS/Target/user_diskio.c **** DRESULT USER_write(BYTE pdrv, const BYTE *buff, DWORD sector, UINT count)
 127:FATFS/Target/user_diskio.c **** {
 128:FATFS/Target/user_diskio.c ****     if (pdrv != DEV_FLASH || buff == NULL || count == 0)
 129:FATFS/Target/user_diskio.c ****         return RES_PARERR;
 130:FATFS/Target/user_diskio.c **** 
 131:FATFS/Target/user_diskio.c ****     if (USER_status(DEV_FLASH) & STA_NOINIT)
 132:FATFS/Target/user_diskio.c ****         return RES_NOTRDY;
 133:FATFS/Target/user_diskio.c **** 
 134:FATFS/Target/user_diskio.c ****     if (sector >= W25Q64_TOTAL_LOGIC_SECTOR || (sector + count) > W25Q64_TOTAL_LOGIC_SECTOR)
 135:FATFS/Target/user_diskio.c ****         return RES_ERROR;
 136:FATFS/Target/user_diskio.c **** 
 137:FATFS/Target/user_diskio.c ****     // ÖđÉČÇřĐ´ČëŁ¨FatFS ÄżÂĽ/FAT ±ŘĐëĂż´Î¶Ľ˛ÁłýĐ´ČëŁˇŁ©
 138:FATFS/Target/user_diskio.c ****     for (UINT i = 0; i < count; i++)
 139:FATFS/Target/user_diskio.c ****     {
 140:FATFS/Target/user_diskio.c ****         DWORD cur_sec = sector + i;
 141:FATFS/Target/user_diskio.c ****         uint32_t addr = cur_sec * W25Q64_LOGIC_SECTOR_SIZE;
 142:FATFS/Target/user_diskio.c ****         const uint8_t *src = buff + i * W25Q64_LOGIC_SECTOR_SIZE;
 143:FATFS/Target/user_diskio.c **** 
 144:FATFS/Target/user_diskio.c ****         // ==============================
 145:FATFS/Target/user_diskio.c ****         // ? ĐŢ¸´ŁşĂż´ÎĐ´Čë¶Ľ±ŘĐë˛ÁłýŁˇ
 146:FATFS/Target/user_diskio.c ****         // ČĄµô sector_erase_flag ĹĐ¶ĎŁˇ
 147:FATFS/Target/user_diskio.c ****         // ==============================
 148:FATFS/Target/user_diskio.c ****         W25Q64_EraseSector(addr);
 149:FATFS/Target/user_diskio.c **** 
 150:FATFS/Target/user_diskio.c ****         // ·ÖŇłĐ´Čë 4KB
 151:FATFS/Target/user_diskio.c ****         for (uint16_t j = 0; j < W25Q64_LOGIC_SECTOR_SIZE; j += W25Q64_PAGE_SIZE)
 152:FATFS/Target/user_diskio.c ****         {
 153:FATFS/Target/user_diskio.c ****             if (W25Q64_PageWrite(addr + j, src + j, W25Q64_PAGE_SIZE) != 0)
 154:FATFS/Target/user_diskio.c ****             {
 155:FATFS/Target/user_diskio.c ****                 return RES_ERROR;
 156:FATFS/Target/user_diskio.c ****             }
 157:FATFS/Target/user_diskio.c ****         }
 158:FATFS/Target/user_diskio.c ****         W25Q64_WaitBusy();
 159:FATFS/Target/user_diskio.c ****     }
 160:FATFS/Target/user_diskio.c **** 
 161:FATFS/Target/user_diskio.c ****     disk_ioctl(0, CTRL_SYNC, NULL);
 162:FATFS/Target/user_diskio.c ****     return RES_OK;
ARM GAS  C:\Users\84759\AppData\Local\Temp\ccyxDnjF.s 			page 10


 163:FATFS/Target/user_diskio.c **** }
 164:FATFS/Target/user_diskio.c **** #endif
 165:FATFS/Target/user_diskio.c **** 
 166:FATFS/Target/user_diskio.c **** #if _USE_IOCTL == 1
 167:FATFS/Target/user_diskio.c **** DRESULT USER_ioctl (BYTE pdrv, BYTE cmd, void *buff)
 168:FATFS/Target/user_diskio.c **** {
 310              		.loc 1 168 1 is_stmt 1 view -0
 311              		.cfi_startproc
 312              		@ args = 0, pretend = 0, frame = 0
 313              		@ frame_needed = 0, uses_anonymous_args = 0
 314              		.loc 1 168 1 is_stmt 0 view .LVU84
 315 0000 70B5     		push	{r4, r5, r6, lr}
 316              	.LCFI5:
 317              		.cfi_def_cfa_offset 16
 318              		.cfi_offset 4, -16
 319              		.cfi_offset 5, -12
 320              		.cfi_offset 6, -8
 321              		.cfi_offset 14, -4
 169:FATFS/Target/user_diskio.c ****     if (pdrv != DEV_FLASH) return RES_PARERR;
 322              		.loc 1 169 5 is_stmt 1 view .LVU85
 323              		.loc 1 169 8 is_stmt 0 view .LVU86
 324 0002 98BB     		cbnz	r0, .L45
 325 0004 0E46     		mov	r6, r1
 326 0006 1446     		mov	r4, r2
 170:FATFS/Target/user_diskio.c ****     if (USER_status(DEV_FLASH) & STA_NOINIT) return RES_NOTRDY;
 327              		.loc 1 170 5 is_stmt 1 view .LVU87
 328              		.loc 1 170 9 is_stmt 0 view .LVU88
 329 0008 FFF7FEFF 		bl	USER_status
 330              	.LVL23:
 331              		.loc 1 170 8 view .LVU89
 332 000c 10F00105 		ands	r5, r0, #1
 333 0010 2FD1     		bne	.L46
 171:FATFS/Target/user_diskio.c ****     if (!buff && cmd != CTRL_SYNC) return RES_PARERR;
 334              		.loc 1 171 5 is_stmt 1 view .LVU90
 335              		.loc 1 171 8 is_stmt 0 view .LVU91
 336 0012 44B1     		cbz	r4, .L50
 337              	.L35:
 172:FATFS/Target/user_diskio.c **** 
 173:FATFS/Target/user_diskio.c ****     DRESULT res = RES_OK;
 338              		.loc 1 173 5 is_stmt 1 view .LVU92
 339              	.LVL24:
 174:FATFS/Target/user_diskio.c **** 
 175:FATFS/Target/user_diskio.c ****     switch (cmd)
 340              		.loc 1 175 5 view .LVU93
 341 0014 092E     		cmp	r6, #9
 342 0016 2ED8     		bhi	.L48
 343 0018 DFE806F0 		tbb	[pc, r6]
 344              	.L37:
 345 001c 09       		.byte	(.L41-.L37)/2
 346 001d 0D       		.byte	(.L40-.L37)/2
 347 001e 11       		.byte	(.L39-.L37)/2
 348 001f 15       		.byte	(.L38-.L37)/2
 349 0020 2D       		.byte	(.L48-.L37)/2
 350 0021 2D       		.byte	(.L48-.L37)/2
 351 0022 2D       		.byte	(.L48-.L37)/2
 352 0023 2D       		.byte	(.L48-.L37)/2
 353 0024 2D       		.byte	(.L48-.L37)/2
ARM GAS  C:\Users\84759\AppData\Local\Temp\ccyxDnjF.s 			page 11


 354 0025 18       		.byte	(.L36-.L37)/2
 355              	.LVL25:
 356              		.p2align 1
 357              	.L50:
 171:FATFS/Target/user_diskio.c **** 
 358              		.loc 1 171 15 is_stmt 0 discriminator 1 view .LVU94
 359 0026 002E     		cmp	r6, #0
 360 0028 F4D0     		beq	.L35
 171:FATFS/Target/user_diskio.c **** 
 361              		.loc 1 171 43 view .LVU95
 362 002a 0425     		movs	r5, #4
 363 002c 1FE0     		b	.L34
 364              	.LVL26:
 365              	.L41:
 176:FATFS/Target/user_diskio.c ****     {
 177:FATFS/Target/user_diskio.c ****         case CTRL_SYNC:
 178:FATFS/Target/user_diskio.c ****             W25Q64_WaitBusy();
 366              		.loc 1 178 13 is_stmt 1 view .LVU96
 367 002e FFF7FEFF 		bl	W25Q64_WaitBusy
 368              	.LVL27:
 179:FATFS/Target/user_diskio.c ****             break;
 369              		.loc 1 179 13 view .LVU97
 173:FATFS/Target/user_diskio.c **** 
 370              		.loc 1 173 13 is_stmt 0 view .LVU98
 371 0032 3546     		mov	r5, r6
 372              		.loc 1 179 13 view .LVU99
 373 0034 1BE0     		b	.L34
 374              	.L40:
 180:FATFS/Target/user_diskio.c **** 
 181:FATFS/Target/user_diskio.c ****         case GET_SECTOR_COUNT:
 182:FATFS/Target/user_diskio.c ****             *(DWORD*)buff = W25Q64_TOTAL_LOGIC_SECTOR;
 375              		.loc 1 182 13 is_stmt 1 view .LVU100
 376              		.loc 1 182 27 is_stmt 0 view .LVU101
 377 0036 4FF40063 		mov	r3, #2048
 378 003a 2360     		str	r3, [r4]
 183:FATFS/Target/user_diskio.c ****             break;
 379              		.loc 1 183 13 is_stmt 1 view .LVU102
 380 003c 17E0     		b	.L34
 381              	.L39:
 184:FATFS/Target/user_diskio.c **** 
 185:FATFS/Target/user_diskio.c ****         case GET_SECTOR_SIZE:
 186:FATFS/Target/user_diskio.c ****             *(WORD*)buff = W25Q64_LOGIC_SECTOR_SIZE;
 382              		.loc 1 186 13 view .LVU103
 383              		.loc 1 186 26 is_stmt 0 view .LVU104
 384 003e 4FF48053 		mov	r3, #4096
 385 0042 2380     		strh	r3, [r4]	@ movhi
 187:FATFS/Target/user_diskio.c ****             break;
 386              		.loc 1 187 13 is_stmt 1 view .LVU105
 387 0044 13E0     		b	.L34
 388              	.L38:
 188:FATFS/Target/user_diskio.c **** 
 189:FATFS/Target/user_diskio.c ****         case GET_BLOCK_SIZE:
 190:FATFS/Target/user_diskio.c ****             *(DWORD*)buff = 1;
 389              		.loc 1 190 13 view .LVU106
 390              		.loc 1 190 27 is_stmt 0 view .LVU107
 391 0046 0123     		movs	r3, #1
 392 0048 2360     		str	r3, [r4]
ARM GAS  C:\Users\84759\AppData\Local\Temp\ccyxDnjF.s 			page 12


 191:FATFS/Target/user_diskio.c ****             break;
 393              		.loc 1 191 13 is_stmt 1 view .LVU108
 394 004a 10E0     		b	.L34
 395              	.L36:
 396              	.LBB3:
 192:FATFS/Target/user_diskio.c **** 
 193:FATFS/Target/user_diskio.c ****         case CTRL_ERASE_SECTOR:
 194:FATFS/Target/user_diskio.c ****         {
 195:FATFS/Target/user_diskio.c ****             // ĹúÁż˛ÁłýŁ¨FatFs ¸ńĘ˝»ŻÓĂŁ©
 196:FATFS/Target/user_diskio.c ****             DWORD *sectors = (DWORD*)buff;
 397              		.loc 1 196 13 view .LVU109
 398              	.LVL28:
 197:FATFS/Target/user_diskio.c ****             for (DWORD s = sectors[0]; s <= sectors[1]; s++)
 399              		.loc 1 197 13 view .LVU110
 400              	.LBB4:
 401              		.loc 1 197 18 view .LVU111
 402              		.loc 1 197 24 is_stmt 0 view .LVU112
 403 004c 2668     		ldr	r6, [r4]
 404              	.LVL29:
 405              		.loc 1 197 13 view .LVU113
 406 004e 00E0     		b	.L42
 407              	.L43:
 408              		.loc 1 197 57 is_stmt 1 discriminator 2 view .LVU114
 409              		.loc 1 197 58 is_stmt 0 discriminator 2 view .LVU115
 410 0050 0136     		adds	r6, r6, #1
 411              	.LVL30:
 412              	.L42:
 413              		.loc 1 197 40 is_stmt 1 discriminator 1 view .LVU116
 414              		.loc 1 197 52 is_stmt 0 discriminator 1 view .LVU117
 415 0052 6368     		ldr	r3, [r4, #4]
 416              		.loc 1 197 13 discriminator 1 view .LVU118
 417 0054 B342     		cmp	r3, r6
 418 0056 06D3     		bcc	.L51
 198:FATFS/Target/user_diskio.c ****             {
 199:FATFS/Target/user_diskio.c ****                 if (s >= W25Q64_TOTAL_LOGIC_SECTOR) continue;
 419              		.loc 1 199 17 is_stmt 1 view .LVU119
 420              		.loc 1 199 20 is_stmt 0 view .LVU120
 421 0058 B6F5006F 		cmp	r6, #2048
 422 005c F8D2     		bcs	.L43
 200:FATFS/Target/user_diskio.c ****                 W25Q64_EraseSector(s * W25Q64_LOGIC_SECTOR_SIZE);
 423              		.loc 1 200 17 is_stmt 1 view .LVU121
 424 005e 3003     		lsls	r0, r6, #12
 425 0060 FFF7FEFF 		bl	W25Q64_EraseSector
 426              	.LVL31:
 427 0064 F4E7     		b	.L43
 428              	.L51:
 429              	.LBE4:
 201:FATFS/Target/user_diskio.c ****             }
 202:FATFS/Target/user_diskio.c ****             W25Q64_WaitBusy();
 430              		.loc 1 202 13 view .LVU122
 431 0066 FFF7FEFF 		bl	W25Q64_WaitBusy
 432              	.LVL32:
 203:FATFS/Target/user_diskio.c ****             break;
 433              		.loc 1 203 13 view .LVU123
 434 006a 00E0     		b	.L34
 435              	.LVL33:
 436              	.L45:
ARM GAS  C:\Users\84759\AppData\Local\Temp\ccyxDnjF.s 			page 13


 437              		.loc 1 203 13 is_stmt 0 view .LVU124
 438              	.LBE3:
 169:FATFS/Target/user_diskio.c ****     if (USER_status(DEV_FLASH) & STA_NOINIT) return RES_NOTRDY;
 439              		.loc 1 169 35 view .LVU125
 440 006c 0425     		movs	r5, #4
 441              	.LVL34:
 442              	.L34:
 204:FATFS/Target/user_diskio.c ****         }
 205:FATFS/Target/user_diskio.c **** 
 206:FATFS/Target/user_diskio.c ****         default:
 207:FATFS/Target/user_diskio.c ****             res = RES_PARERR;
 208:FATFS/Target/user_diskio.c ****             break;
 209:FATFS/Target/user_diskio.c ****     }
 210:FATFS/Target/user_diskio.c ****     return res;
 211:FATFS/Target/user_diskio.c **** }
 443              		.loc 1 211 1 view .LVU126
 444 006e 2846     		mov	r0, r5
 445 0070 70BD     		pop	{r4, r5, r6, pc}
 446              	.LVL35:
 447              	.L46:
 170:FATFS/Target/user_diskio.c ****     if (!buff && cmd != CTRL_SYNC) return RES_PARERR;
 448              		.loc 1 170 53 view .LVU127
 449 0072 0325     		movs	r5, #3
 450 0074 FBE7     		b	.L34
 451              	.LVL36:
 452              	.L48:
 175:FATFS/Target/user_diskio.c ****     {
 453              		.loc 1 175 5 view .LVU128
 454 0076 0425     		movs	r5, #4
 455 0078 F9E7     		b	.L34
 456              		.cfi_endproc
 457              	.LFE72:
 459              		.section	.text.USER_write,"ax",%progbits
 460              		.align	1
 461              		.global	USER_write
 462              		.syntax unified
 463              		.thumb
 464              		.thumb_func
 466              	USER_write:
 467              	.LVL37:
 468              	.LFB71:
 127:FATFS/Target/user_diskio.c ****     if (pdrv != DEV_FLASH || buff == NULL || count == 0)
 469              		.loc 1 127 1 is_stmt 1 view -0
 470              		.cfi_startproc
 471              		@ args = 0, pretend = 0, frame = 0
 472              		@ frame_needed = 0, uses_anonymous_args = 0
 127:FATFS/Target/user_diskio.c ****     if (pdrv != DEV_FLASH || buff == NULL || count == 0)
 473              		.loc 1 127 1 is_stmt 0 view .LVU130
 474 0000 2DE9F84F 		push	{r3, r4, r5, r6, r7, r8, r9, r10, fp, lr}
 475              	.LCFI6:
 476              		.cfi_def_cfa_offset 40
 477              		.cfi_offset 3, -40
 478              		.cfi_offset 4, -36
 479              		.cfi_offset 5, -32
 480              		.cfi_offset 6, -28
 481              		.cfi_offset 7, -24
 482              		.cfi_offset 8, -20
ARM GAS  C:\Users\84759\AppData\Local\Temp\ccyxDnjF.s 			page 14


 483              		.cfi_offset 9, -16
 484              		.cfi_offset 10, -12
 485              		.cfi_offset 11, -8
 486              		.cfi_offset 14, -4
 128:FATFS/Target/user_diskio.c ****         return RES_PARERR;
 487              		.loc 1 128 5 is_stmt 1 view .LVU131
 128:FATFS/Target/user_diskio.c ****         return RES_PARERR;
 488              		.loc 1 128 8 is_stmt 0 view .LVU132
 489 0004 D0BB     		cbnz	r0, .L58
 490 0006 0D46     		mov	r5, r1
 491 0008 1746     		mov	r7, r2
 492 000a 1E46     		mov	r6, r3
 128:FATFS/Target/user_diskio.c ****         return RES_PARERR;
 493              		.loc 1 128 27 discriminator 1 view .LVU133
 494 000c C9B3     		cbz	r1, .L59
 128:FATFS/Target/user_diskio.c ****         return RES_PARERR;
 495              		.loc 1 128 43 discriminator 2 view .LVU134
 496 000e DBB3     		cbz	r3, .L60
 131:FATFS/Target/user_diskio.c ****         return RES_NOTRDY;
 497              		.loc 1 131 5 is_stmt 1 view .LVU135
 131:FATFS/Target/user_diskio.c ****         return RES_NOTRDY;
 498              		.loc 1 131 9 is_stmt 0 view .LVU136
 499 0010 FFF7FEFF 		bl	USER_status
 500              	.LVL38:
 131:FATFS/Target/user_diskio.c ****         return RES_NOTRDY;
 501              		.loc 1 131 8 view .LVU137
 502 0014 10F00108 		ands	r8, r0, #1
 503 0018 3BD1     		bne	.L61
 134:FATFS/Target/user_diskio.c ****         return RES_ERROR;
 504              		.loc 1 134 5 is_stmt 1 view .LVU138
 134:FATFS/Target/user_diskio.c ****         return RES_ERROR;
 505              		.loc 1 134 8 is_stmt 0 view .LVU139
 506 001a B7F5006F 		cmp	r7, #2048
 507 001e 3BD2     		bcs	.L62
 134:FATFS/Target/user_diskio.c ****         return RES_ERROR;
 508              		.loc 1 134 56 discriminator 1 view .LVU140
 509 0020 F319     		adds	r3, r6, r7
 134:FATFS/Target/user_diskio.c ****         return RES_ERROR;
 510              		.loc 1 134 45 discriminator 1 view .LVU141
 511 0022 B3F5006F 		cmp	r3, #2048
 512 0026 3AD8     		bhi	.L63
 513              	.LBB5:
 138:FATFS/Target/user_diskio.c ****     {
 514              		.loc 1 138 15 view .LVU142
 515 0028 4FF0000B 		mov	fp, #0
 516 002c 03E0     		b	.L54
 517              	.LVL39:
 518              	.L67:
 519              	.LBB6:
 158:FATFS/Target/user_diskio.c ****     }
 520              		.loc 1 158 9 is_stmt 1 discriminator 2 view .LVU143
 521 002e FFF7FEFF 		bl	W25Q64_WaitBusy
 522              	.LVL40:
 523              	.LBE6:
 138:FATFS/Target/user_diskio.c ****     {
 524              		.loc 1 138 33 discriminator 2 view .LVU144
 138:FATFS/Target/user_diskio.c ****     {
ARM GAS  C:\Users\84759\AppData\Local\Temp\ccyxDnjF.s 			page 15


 525              		.loc 1 138 34 is_stmt 0 discriminator 2 view .LVU145
 526 0032 0BF1010B 		add	fp, fp, #1
 527              	.LVL41:
 528              	.L54:
 138:FATFS/Target/user_diskio.c ****     {
 529              		.loc 1 138 22 is_stmt 1 discriminator 1 view .LVU146
 138:FATFS/Target/user_diskio.c ****     {
 530              		.loc 1 138 5 is_stmt 0 discriminator 1 view .LVU147
 531 0036 B345     		cmp	fp, r6
 532 0038 1AD2     		bcs	.L66
 533              	.LBB9:
 140:FATFS/Target/user_diskio.c ****         uint32_t addr = cur_sec * W25Q64_LOGIC_SECTOR_SIZE;
 534              		.loc 1 140 9 is_stmt 1 view .LVU148
 140:FATFS/Target/user_diskio.c ****         uint32_t addr = cur_sec * W25Q64_LOGIC_SECTOR_SIZE;
 535              		.loc 1 140 15 is_stmt 0 view .LVU149
 536 003a 0BEB0709 		add	r9, fp, r7
 537              	.LVL42:
 141:FATFS/Target/user_diskio.c ****         const uint8_t *src = buff + i * W25Q64_LOGIC_SECTOR_SIZE;
 538              		.loc 1 141 9 is_stmt 1 view .LVU150
 141:FATFS/Target/user_diskio.c ****         const uint8_t *src = buff + i * W25Q64_LOGIC_SECTOR_SIZE;
 539              		.loc 1 141 18 is_stmt 0 view .LVU151
 540 003e 4FEA0939 		lsl	r9, r9, #12
 541              	.LVL43:
 142:FATFS/Target/user_diskio.c **** 
 542              		.loc 1 142 9 is_stmt 1 view .LVU152
 142:FATFS/Target/user_diskio.c **** 
 543              		.loc 1 142 39 is_stmt 0 view .LVU153
 544 0042 4FEA0B3A 		lsl	r10, fp, #12
 545              	.LVL44:
 148:FATFS/Target/user_diskio.c **** 
 546              		.loc 1 148 9 is_stmt 1 view .LVU154
 547 0046 4846     		mov	r0, r9
 548 0048 FFF7FEFF 		bl	W25Q64_EraseSector
 549              	.LVL45:
 151:FATFS/Target/user_diskio.c ****         {
 550              		.loc 1 151 9 view .LVU155
 551              	.LBB7:
 151:FATFS/Target/user_diskio.c ****         {
 552              		.loc 1 151 14 view .LVU156
 151:FATFS/Target/user_diskio.c ****         {
 553              		.loc 1 151 23 is_stmt 0 view .LVU157
 554 004c 0024     		movs	r4, #0
 555              	.LVL46:
 556              	.L55:
 151:FATFS/Target/user_diskio.c ****         {
 557              		.loc 1 151 30 is_stmt 1 discriminator 1 view .LVU158
 151:FATFS/Target/user_diskio.c ****         {
 558              		.loc 1 151 9 is_stmt 0 discriminator 1 view .LVU159
 559 004e B4F5805F 		cmp	r4, #4096
 560 0052 ECD2     		bcs	.L67
 153:FATFS/Target/user_diskio.c ****             {
 561              		.loc 1 153 13 is_stmt 1 view .LVU160
 153:FATFS/Target/user_diskio.c ****             {
 562              		.loc 1 153 17 is_stmt 0 view .LVU161
 563 0054 0AEB0401 		add	r1, r10, r4
 564 0058 4FF48072 		mov	r2, #256
 565 005c 2944     		add	r1, r1, r5
ARM GAS  C:\Users\84759\AppData\Local\Temp\ccyxDnjF.s 			page 16


 566 005e 04EB0900 		add	r0, r4, r9
 567 0062 FFF7FEFF 		bl	W25Q64_PageWrite
 568              	.LVL47:
 153:FATFS/Target/user_diskio.c ****             {
 569              		.loc 1 153 16 view .LVU162
 570 0066 E8B9     		cbnz	r0, .L64
 151:FATFS/Target/user_diskio.c ****         {
 571              		.loc 1 151 60 is_stmt 1 discriminator 2 view .LVU163
 151:FATFS/Target/user_diskio.c ****         {
 572              		.loc 1 151 62 is_stmt 0 discriminator 2 view .LVU164
 573 0068 04F58074 		add	r4, r4, #256
 574              	.LVL48:
 151:FATFS/Target/user_diskio.c ****         {
 575              		.loc 1 151 62 discriminator 2 view .LVU165
 576 006c A4B2     		uxth	r4, r4
 577              	.LVL49:
 151:FATFS/Target/user_diskio.c ****         {
 578              		.loc 1 151 62 discriminator 2 view .LVU166
 579 006e EEE7     		b	.L55
 580              	.LVL50:
 581              	.L66:
 151:FATFS/Target/user_diskio.c ****         {
 582              		.loc 1 151 62 discriminator 2 view .LVU167
 583              	.LBE7:
 584              	.LBE9:
 585              	.LBE5:
 161:FATFS/Target/user_diskio.c ****     return RES_OK;
 586              		.loc 1 161 5 is_stmt 1 view .LVU168
 587 0070 0022     		movs	r2, #0
 588 0072 1146     		mov	r1, r2
 589 0074 1046     		mov	r0, r2
 590 0076 FFF7FEFF 		bl	disk_ioctl
 591              	.LVL51:
 162:FATFS/Target/user_diskio.c **** }
 592              		.loc 1 162 5 view .LVU169
 162:FATFS/Target/user_diskio.c **** }
 593              		.loc 1 162 12 is_stmt 0 view .LVU170
 594 007a 07E0     		b	.L53
 595              	.LVL52:
 596              	.L58:
 129:FATFS/Target/user_diskio.c **** 
 597              		.loc 1 129 16 view .LVU171
 598 007c 4FF00408 		mov	r8, #4
 599 0080 04E0     		b	.L53
 600              	.L59:
 129:FATFS/Target/user_diskio.c **** 
 601              		.loc 1 129 16 view .LVU172
 602 0082 4FF00408 		mov	r8, #4
 603 0086 01E0     		b	.L53
 604              	.L60:
 605 0088 4FF00408 		mov	r8, #4
 606              	.LVL53:
 607              	.L53:
 163:FATFS/Target/user_diskio.c **** #endif
 608              		.loc 1 163 1 view .LVU173
 609 008c 4046     		mov	r0, r8
 610 008e BDE8F88F 		pop	{r3, r4, r5, r6, r7, r8, r9, r10, fp, pc}
ARM GAS  C:\Users\84759\AppData\Local\Temp\ccyxDnjF.s 			page 17


 611              	.LVL54:
 612              	.L61:
 132:FATFS/Target/user_diskio.c **** 
 613              		.loc 1 132 16 view .LVU174
 614 0092 4FF00308 		mov	r8, #3
 615 0096 F9E7     		b	.L53
 616              	.L62:
 135:FATFS/Target/user_diskio.c **** 
 617              		.loc 1 135 16 view .LVU175
 618 0098 4FF00108 		mov	r8, #1
 619 009c F6E7     		b	.L53
 620              	.L63:
 621 009e 4FF00108 		mov	r8, #1
 622 00a2 F3E7     		b	.L53
 623              	.LVL55:
 624              	.L64:
 625              	.LBB11:
 626              	.LBB10:
 627              	.LBB8:
 155:FATFS/Target/user_diskio.c ****             }
 628              		.loc 1 155 24 view .LVU176
 629 00a4 4FF00108 		mov	r8, #1
 630 00a8 F0E7     		b	.L53
 631              	.LBE8:
 632              	.LBE10:
 633              	.LBE11:
 634              		.cfi_endproc
 635              	.LFE71:
 637              		.global	USER_Driver
 638              		.section	.data.Stat,"aw"
 639              		.set	.LANCHOR0,. + 0
 642              	Stat:
 643 0000 01       		.byte	1
 644              		.section	.data.USER_Driver,"aw"
 645              		.align	2
 648              	USER_Driver:
 649 0000 00000000 		.word	USER_initialize
 650 0004 00000000 		.word	USER_status
 651 0008 00000000 		.word	USER_read
 652 000c 00000000 		.word	USER_write
 653 0010 00000000 		.word	USER_ioctl
 654              		.text
 655              	.Letext0:
 656              		.file 2 "d:\\mingw\\gcc-arm-none-eabi-10.3-2021.10-win32\\gcc-arm-none-eabi-10.3-2021.10\\arm-none
 657              		.file 3 "Middlewares/Third_Party/FatFs/src/integer.h"
 658              		.file 4 "Middlewares/Third_Party/FatFs/src/diskio.h"
 659              		.file 5 "d:\\mingw\\gcc-arm-none-eabi-10.3-2021.10-win32\\gcc-arm-none-eabi-10.3-2021.10\\arm-none
 660              		.file 6 "Middlewares/Third_Party/FatFs/src/ff_gen_drv.h"
 661              		.file 7 "FATFS/Target/user_diskio.h"
 662              		.file 8 "User/Inc/flash.h"
ARM GAS  C:\Users\84759\AppData\Local\Temp\ccyxDnjF.s 			page 18


DEFINED SYMBOLS
                            *ABS*:00000000 user_diskio.c
C:\Users\84759\AppData\Local\Temp\ccyxDnjF.s:18     .text.USER_status:00000000 $t
C:\Users\84759\AppData\Local\Temp\ccyxDnjF.s:24     .text.USER_status:00000000 USER_status
C:\Users\84759\AppData\Local\Temp\ccyxDnjF.s:86     .text.USER_status:00000038 $d
C:\Users\84759\AppData\Local\Temp\ccyxDnjF.s:93     .text.USER_initialize:00000000 $t
C:\Users\84759\AppData\Local\Temp\ccyxDnjF.s:99     .text.USER_initialize:00000000 USER_initialize
C:\Users\84759\AppData\Local\Temp\ccyxDnjF.s:176    .text.USER_initialize:00000034 $d
C:\Users\84759\AppData\Local\Temp\ccyxDnjF.s:181    .text.USER_read:00000000 $t
C:\Users\84759\AppData\Local\Temp\ccyxDnjF.s:187    .text.USER_read:00000000 USER_read
C:\Users\84759\AppData\Local\Temp\ccyxDnjF.s:301    .text.USER_ioctl:00000000 $t
C:\Users\84759\AppData\Local\Temp\ccyxDnjF.s:307    .text.USER_ioctl:00000000 USER_ioctl
C:\Users\84759\AppData\Local\Temp\ccyxDnjF.s:345    .text.USER_ioctl:0000001c $d
C:\Users\84759\AppData\Local\Temp\ccyxDnjF.s:356    .text.USER_ioctl:00000026 $t
C:\Users\84759\AppData\Local\Temp\ccyxDnjF.s:460    .text.USER_write:00000000 $t
C:\Users\84759\AppData\Local\Temp\ccyxDnjF.s:466    .text.USER_write:00000000 USER_write
C:\Users\84759\AppData\Local\Temp\ccyxDnjF.s:648    .data.USER_Driver:00000000 USER_Driver
C:\Users\84759\AppData\Local\Temp\ccyxDnjF.s:642    .data.Stat:00000000 Stat
C:\Users\84759\AppData\Local\Temp\ccyxDnjF.s:645    .data.USER_Driver:00000000 $d

UNDEFINED SYMBOLS
W25Q64_ReadDeviceID
W25Q64_SelfTest
W25Q64_ReadData
W25Q64_WaitBusy
W25Q64_EraseSector
W25Q64_PageWrite
disk_ioctl
