ARM GAS  C:\Users\84759\AppData\Local\Temp\ccDemNcb.s 			page 1


   1              		.cpu cortex-m3
   2              		.arch armv7-m
   3              		.fpu softvfp
   4              		.eabi_attribute 20, 1
   5              		.eabi_attribute 21, 1
   6              		.eabi_attribute 23, 3
   7              		.eabi_attribute 24, 1
   8              		.eabi_attribute 25, 1
   9              		.eabi_attribute 26, 1
  10              		.eabi_attribute 30, 1
  11              		.eabi_attribute 34, 1
  12              		.eabi_attribute 18, 4
  13              		.file	"flash.c"
  14              		.text
  15              	.Ltext0:
  16              		.cfi_sections	.debug_frame
  17              		.section	.text.SPI1_ReadWriteByte,"ax",%progbits
  18              		.align	1
  19              		.syntax unified
  20              		.thumb
  21              		.thumb_func
  23              	SPI1_ReadWriteByte:
  24              	.LVL0:
  25              	.LFB68:
  26              		.file 1 "Core/Src/flash.c"
   1:Core/Src/flash.c **** 
   2:Core/Src/flash.c **** #include "main.h"
   3:Core/Src/flash.c **** #include <string.h>
   4:Core/Src/flash.c **** #include "flash.h"
   5:Core/Src/flash.c **** #include <stdint.h>
   6:Core/Src/flash.c **** #include <spi.h>
   7:Core/Src/flash.c **** 
   8:Core/Src/flash.c **** /*
   9:Core/Src/flash.c **** //--------------------------------
  10:Core/Src/flash.c **** // flash_read_data函数和flash_write_data函数是最底层的函数
  11:Core/Src/flash.c **** // 可以对25Q64系列的flash进行读写操作
  12:Core/Src/flash.c **** // 但是要注意的是，读和写的长度不能超过页，否则会数据出错
  13:Core/Src/flash.c **** // 另外的封装函数固定读取某些部分的数据，在设计的时候就避免了数据越界
  14:Core/Src/flash.c **** //------------------------------
  15:Core/Src/flash.c **** #define ERASE_SECTOR_ADDR   0x20                   // 
  16:Core/Src/flash.c **** #define ERASE_BLOCK_ADDR    0xd8                    //
  17:Core/Src/flash.c **** #define ERASE_CHIP_ADDR     0xC7                    // 
  18:Core/Src/flash.c **** 
  19:Core/Src/flash.c **** extern SPI_HandleTypeDef hspi1;
  20:Core/Src/flash.c **** #define W25Q64SPI hspi1
  21:Core/Src/flash.c **** uint8_t w25x_read_id = 0x90;                    // 
  22:Core/Src/flash.c **** uint8_t check_addr   = 0x05;                    // 
  23:Core/Src/flash.c **** uint8_t enable_write = 0x06;                    // 
  24:Core/Src/flash.c **** uint8_t write_addr   = 0x02;                    // 
  25:Core/Src/flash.c **** uint8_t read_addr    = 0x03;                    //
  26:Core/Src/flash.c **** uint8_t g_bufferSector[SECTOR_SIZE];
  27:Core/Src/flash.c **** 
  28:Core/Src/flash.c **** 
  29:Core/Src/flash.c **** int CheckBusy(void)
  30:Core/Src/flash.c **** {
  31:Core/Src/flash.c ****     uint8_t status = 1;
  32:Core/Src/flash.c ****     int timeCount = 0;
ARM GAS  C:\Users\84759\AppData\Local\Temp\ccDemNcb.s 			page 2


  33:Core/Src/flash.c **** 
  34:Core/Src/flash.c ****     for (timeCount = 0; timeCount < 20; timeCount++) {
  35:Core/Src/flash.c ****         CS_LOW;
  36:Core/Src/flash.c ****         HAL_SPI_Transmit(&W25Q64SPI, &check_addr, 1, 10);
  37:Core/Src/flash.c ****         HAL_SPI_Receive(&W25Q64SPI, &status, 1, 10);
  38:Core/Src/flash.c ****         CS_HIGH;
  39:Core/Src/flash.c ****         if ((status & 0x01) == 0) { return 1; }
  40:Core/Src/flash.c ****         HAL_Delay(1);
  41:Core/Src/flash.c ****     }
  42:Core/Src/flash.c ****     return 0;
  43:Core/Src/flash.c **** }
  44:Core/Src/flash.c **** 
  45:Core/Src/flash.c **** uint16_t flash1_device_id(void)
  46:Core/Src/flash.c **** {
  47:Core/Src/flash.c ****     uint8_t buff[5] = {0,0,0,0,0};
  48:Core/Src/flash.c ****     uint16_t deviceId = 0;
  49:Core/Src/flash.c ****     CS_LOW;
  50:Core/Src/flash.c ****     HAL_SPI_Transmit(&W25Q64SPI, &w25x_read_id, 1, 10);
  51:Core/Src/flash.c ****     HAL_SPI_Receive(&W25Q64SPI, buff, 5, 10);
  52:Core/Src/flash.c ****     CS_HIGH;
  53:Core/Src/flash.c ****     UsbPrintf("flash ID is 0x%x%x\n", buff[3], buff[4]);
  54:Core/Src/flash.c ****     deviceId = buff[3];
  55:Core/Src/flash.c ****     deviceId = deviceId * 256 + buff[4];
  56:Core/Src/flash.c ****     return deviceId; 
  57:Core/Src/flash.c **** }
  58:Core/Src/flash.c **** 
  59:Core/Src/flash.c **** void address_32_to_8(uint32_t address, uint8_t* addr8)
  60:Core/Src/flash.c **** {
  61:Core/Src/flash.c ****     int i;
  62:Core/Src/flash.c ****     for (i = 2; i >= 0; i--) {
  63:Core/Src/flash.c ****         addr8[i] = address % 256;
  64:Core/Src/flash.c ****         address = address / 256;
  65:Core/Src/flash.c ****     }
  66:Core/Src/flash.c **** }
  67:Core/Src/flash.c **** 
  68:Core/Src/flash.c **** int flash_erase(uint32_t address, uint8_t mode)
  69:Core/Src/flash.c **** {
  70:Core/Src/flash.c ****     uint8_t erase_address;
  71:Core/Src/flash.c ****     uint8_t addr[3] = {0};
  72:Core/Src/flash.c **** 
  73:Core/Src/flash.c ****     address_32_to_8(address, addr);
  74:Core/Src/flash.c ****     if (CheckBusy() <= 0) {
  75:Core/Src/flash.c ****         return -1;
  76:Core/Src/flash.c ****     }
  77:Core/Src/flash.c ****     CS_LOW;
  78:Core/Src/flash.c ****     HAL_SPI_Transmit(&W25Q64SPI, &enable_write, 1, 10);
  79:Core/Src/flash.c ****     CS_HIGH;
  80:Core/Src/flash.c ****     switch (mode) {
  81:Core/Src/flash.c ****         case 0:
  82:Core/Src/flash.c ****             erase_address = ERASE_CHIP_ADDR;
  83:Core/Src/flash.c ****             break;
  84:Core/Src/flash.c ****         case 1:
  85:Core/Src/flash.c ****             erase_address = ERASE_BLOCK_ADDR;
  86:Core/Src/flash.c ****             break;
  87:Core/Src/flash.c ****         case 2:
  88:Core/Src/flash.c ****             erase_address = ERASE_SECTOR_ADDR;
  89:Core/Src/flash.c ****             break;
ARM GAS  C:\Users\84759\AppData\Local\Temp\ccDemNcb.s 			page 3


  90:Core/Src/flash.c ****         default:
  91:Core/Src/flash.c ****             return 0;
  92:Core/Src/flash.c ****             break;
  93:Core/Src/flash.c ****     }
  94:Core/Src/flash.c ****     
  95:Core/Src/flash.c ****     CS_LOW;
  96:Core/Src/flash.c ****     HAL_SPI_Transmit(&W25Q64SPI, &erase_address, 1, 10);//
  97:Core/Src/flash.c ****     if (mode != 0) {                                    // 
  98:Core/Src/flash.c ****         HAL_SPI_Transmit(&W25Q64SPI, addr, 3, 10);      //
  99:Core/Src/flash.c ****     }
 100:Core/Src/flash.c ****     CS_HIGH;
 101:Core/Src/flash.c ****     return 1;
 102:Core/Src/flash.c **** }
 103:Core/Src/flash.c **** 
 104:Core/Src/flash.c **** int flash_write_data(uint32_t address, uint8_t* buffer, uint16_t size)
 105:Core/Src/flash.c **** {
 106:Core/Src/flash.c ****     uint8_t addr[3] = {0};
 107:Core/Src/flash.c **** 
 108:Core/Src/flash.c ****     if (address >= FLASH_END_ADDR || size > PAGE_SIZE) {
 109:Core/Src/flash.c ****         return 0;
 110:Core/Src/flash.c ****     }
 111:Core/Src/flash.c ****     if (CheckBusy() == 0) { return 0;  }
 112:Core/Src/flash.c ****     address_32_to_8(address, addr);
 113:Core/Src/flash.c ****     CS_LOW;
 114:Core/Src/flash.c ****     HAL_SPI_Transmit(&W25Q64SPI, &enable_write, 1, 10);//
 115:Core/Src/flash.c ****     CS_HIGH;
 116:Core/Src/flash.c ****     if (CheckBusy() <= 0) {
 117:Core/Src/flash.c ****         return -1;
 118:Core/Src/flash.c ****     } 
 119:Core/Src/flash.c **** 
 120:Core/Src/flash.c ****     CS_LOW;
 121:Core/Src/flash.c ****     HAL_SPI_Transmit(&W25Q64SPI, &write_addr, 1, 10);//
 122:Core/Src/flash.c ****     HAL_SPI_Transmit(&W25Q64SPI, addr, 3, 10);//
 123:Core/Src/flash.c ****     HAL_SPI_Transmit(&W25Q64SPI, buffer, size, 10);//
 124:Core/Src/flash.c ****     CS_HIGH;
 125:Core/Src/flash.c ****     return 1;
 126:Core/Src/flash.c **** }
 127:Core/Src/flash.c **** 
 128:Core/Src/flash.c **** int flash_read_data(uint32_t address, uint8_t* buffer, uint16_t length)
 129:Core/Src/flash.c **** {
 130:Core/Src/flash.c ****     uint8_t addr[3] = {0};
 131:Core/Src/flash.c ****     if (address >= FLASH_END_ADDR || length > PAGE_SIZE) {
 132:Core/Src/flash.c ****         return 0;
 133:Core/Src/flash.c ****     }
 134:Core/Src/flash.c ****     if (CheckBusy() == 0) { return 0;  }
 135:Core/Src/flash.c ****     address_32_to_8(address, addr);
 136:Core/Src/flash.c ****     CS_LOW;
 137:Core/Src/flash.c ****     HAL_SPI_Transmit(&W25Q64SPI, &read_addr, 1, 10);
 138:Core/Src/flash.c ****     HAL_SPI_Transmit(&W25Q64SPI,addr, 3, 10);
 139:Core/Src/flash.c ****     HAL_SPI_Receive(&W25Q64SPI, buffer, length, 50);
 140:Core/Src/flash.c ****     CS_HIGH;
 141:Core/Src/flash.c ****     return 1;
 142:Core/Src/flash.c **** }
 143:Core/Src/flash.c **** 
 144:Core/Src/flash.c **** void float_to_uint8(uint8_t* target, float* source)
 145:Core/Src/flash.c **** {
 146:Core/Src/flash.c ****     uint32_t sum = 0;
ARM GAS  C:\Users\84759\AppData\Local\Temp\ccDemNcb.s 			page 4


 147:Core/Src/flash.c ****     int i;
 148:Core/Src/flash.c ****     sum = *((uint32_t *)source);
 149:Core/Src/flash.c ****     for (i = 3; i >= 0; i--) {
 150:Core/Src/flash.c ****         target[i] = sum % 256;
 151:Core/Src/flash.c ****         sum = sum >> 8;
 152:Core/Src/flash.c ****     }
 153:Core/Src/flash.c **** }
 154:Core/Src/flash.c **** void uint8_to_float(float* target, uint8_t* source)
 155:Core/Src/flash.c **** {
 156:Core/Src/flash.c ****     uint32_t sum = 0;
 157:Core/Src/flash.c ****     int i;
 158:Core/Src/flash.c ****     for (i = 0; i < 4; i++) {
 159:Core/Src/flash.c ****         sum = (sum << 8) + source[i];
 160:Core/Src/flash.c ****     }
 161:Core/Src/flash.c ****     if (sum == 0xffffffff) {
 162:Core/Src/flash.c ****         *target = -16777215;
 163:Core/Src/flash.c ****     } else {
 164:Core/Src/flash.c ****         *target = *((float*)&sum);
 165:Core/Src/flash.c ****     }
 166:Core/Src/flash.c **** }
 167:Core/Src/flash.c **** 
 168:Core/Src/flash.c **** int flash_test_flag_manage(uint8_t* buffer, TestFlagList handle, TestFlagHandle mode)
 169:Core/Src/flash.c **** {
 170:Core/Src/flash.c ****     uint32_t address;
 171:Core/Src/flash.c ****     int i;
 172:Core/Src/flash.c ****     uint8_t writeBuffer[PAGE_SIZE * 6] = {0xff};
 173:Core/Src/flash.c ****     switch (mode) {
 174:Core/Src/flash.c ****         case FLASH_FLAG_READ:
 175:Core/Src/flash.c ****             address = TEST_FALG_START_ADDR + handle * PAGE_SIZE;
 176:Core/Src/flash.c ****             flash_read_data(address, buffer, MAX_CHIP_NUMBER);
 177:Core/Src/flash.c ****         break;
 178:Core/Src/flash.c ****         case FLASH_FLAG_WRITE_ADD:
 179:Core/Src/flash.c ****             address = TEST_FALG_START_ADDR + handle * PAGE_SIZE;
 180:Core/Src/flash.c ****             flash_write_data(address, buffer, MAX_CHIP_NUMBER);
 181:Core/Src/flash.c ****         break;
 182:Core/Src/flash.c ****         case FLASH_FLAG_WRITE_COVER:
 183:Core/Src/flash.c ****             for (i = 0; i < 6; i++) {
 184:Core/Src/flash.c ****                 flash_read_data(TEST_FALG_START_ADDR + i * PAGE_SIZE, writeBuffer + i * PAGE_SIZE, 
 185:Core/Src/flash.c ****             }
 186:Core/Src/flash.c ****             for (i = 0; i < MAX_CHIP_NUMBER; i++) {
 187:Core/Src/flash.c ****                 writeBuffer[PAGE_SIZE * handle + i] = buffer[i];
 188:Core/Src/flash.c ****             }
 189:Core/Src/flash.c ****             HAL_Delay(5);
 190:Core/Src/flash.c **** 
 191:Core/Src/flash.c ****             flash_erase(TEST_FALG_START_ADDR, 2);//erase the sector    
 192:Core/Src/flash.c ****             HAL_Delay(50);
 193:Core/Src/flash.c **** 
 194:Core/Src/flash.c ****             for (i = 0; i < 6; i++) {
 195:Core/Src/flash.c ****                 flash_write_data(TEST_FALG_START_ADDR + i * PAGE_SIZE, writeBuffer+ i * PAGE_SIZE, 
 196:Core/Src/flash.c ****                 HAL_Delay(5);
 197:Core/Src/flash.c ****             }
 198:Core/Src/flash.c ****         break;
 199:Core/Src/flash.c ****         default:
 200:Core/Src/flash.c ****         break;
 201:Core/Src/flash.c ****     }
 202:Core/Src/flash.c **** 
 203:Core/Src/flash.c ****     return 1;
ARM GAS  C:\Users\84759\AppData\Local\Temp\ccDemNcb.s 			page 5


 204:Core/Src/flash.c **** }
 205:Core/Src/flash.c **** 
 206:Core/Src/flash.c **** void flash_test_data_read(TestResult* result, uint8_t rtcNumber, TestResultList handle)
 207:Core/Src/flash.c **** {
 208:Core/Src/flash.c ****     uint32_t address;
 209:Core/Src/flash.c ****     uint8_t buffer[4] = {0};
 210:Core/Src/flash.c ****     int i;
 211:Core/Src/flash.c ****     if (rtcNumber < 1 || rtcNumber > MAX_CHIP_NUMBER) {
 212:Core/Src/flash.c ****         return;
 213:Core/Src/flash.c ****     }
 214:Core/Src/flash.c ****     address = TEST_RESULT_START_ADDR + (rtcNumber - 1) * TEST_RESULT_ONE_SIZE + handle;
 215:Core/Src/flash.c ****     switch (handle) {
 216:Core/Src/flash.c ****         case CHIP_ID:
 217:Core/Src/flash.c ****             flash_read_data(address, result->chipID, 8);
 218:Core/Src/flash.c ****         break;
 219:Core/Src/flash.c ****         case TEST_DOT_TEMP:
 220:Core/Src/flash.c ****             for (i = 0; i < MAX_TEST_DOT_NUMBER; i++) {
 221:Core/Src/flash.c ****                 flash_read_data(address, buffer, 4);
 222:Core/Src/flash.c ****                 uint8_to_float(&(result->testDotTemp[i]), buffer);
 223:Core/Src/flash.c ****                 address  += 4;
 224:Core/Src/flash.c ****             }
 225:Core/Src/flash.c ****         break;
 226:Core/Src/flash.c ****         case TEST_DOT_CAP:
 227:Core/Src/flash.c ****             for (i = 0; i < MAX_TEST_DOT_NUMBER; i++) {
 228:Core/Src/flash.c ****                 flash_read_data(address, buffer, 4);
 229:Core/Src/flash.c ****                 uint8_to_float(&(result->testDotCap[i]), buffer);
 230:Core/Src/flash.c ****                 address  += 4;
 231:Core/Src/flash.c ****             }
 232:Core/Src/flash.c ****         break;
 233:Core/Src/flash.c ****         case SET_TEMP:
 234:Core/Src/flash.c ****             flash_read_data(address, &(result->setTemp), 1);
 235:Core/Src/flash.c ****         break;
 236:Core/Src/flash.c ****         case TEMP_CONFIG:
 237:Core/Src/flash.c ****             flash_read_data(address, &(result->tempConfig), 1);
 238:Core/Src/flash.c ****         break;
 239:Core/Src/flash.c ****         case START_TIME_HOT:
 240:Core/Src/flash.c ****             flash_read_data(address, buffer, 2);
 241:Core/Src/flash.c ****             result->startTimeHot = buffer[0] * 256 + buffer[1];
 242:Core/Src/flash.c ****         break;
 243:Core/Src/flash.c ****         case START_TIME_COLD:
 244:Core/Src/flash.c ****             flash_read_data(address, buffer, 2);
 245:Core/Src/flash.c ****             result->startTimeCold = buffer[0] * 256 + buffer[1];
 246:Core/Src/flash.c ****         break;
 247:Core/Src/flash.c ****         case ERROR_TIME_HOT:
 248:Core/Src/flash.c ****             flash_read_data(address, &(result->errorTimeHot), 1);
 249:Core/Src/flash.c ****         break;
 250:Core/Src/flash.c ****         case ERROR_TIME_COLD:
 251:Core/Src/flash.c ****             flash_read_data(address, &(result->errorTimeCold), 1);
 252:Core/Src/flash.c ****         break;
 253:Core/Src/flash.c ****         case CALCUL_FLAG:
 254:Core/Src/flash.c ****             flash_read_data(address, &(result->calculFlag), 1);
 255:Core/Src/flash.c ****         break;
 256:Core/Src/flash.c ****         case TEMP_LOAD_FLAG:
 257:Core/Src/flash.c ****             flash_read_data(address, &(result->tempLoadFlag), 1);
 258:Core/Src/flash.c ****         break;
 259:Core/Src/flash.c ****         case TEST_CENTER:
 260:Core/Src/flash.c ****             flash_read_data(address, buffer, 4);
ARM GAS  C:\Users\84759\AppData\Local\Temp\ccDemNcb.s 			page 6


 261:Core/Src/flash.c ****             uint8_to_float(&(result->testCenter[0]), buffer);
 262:Core/Src/flash.c ****             flash_read_data(address + 4, buffer, 4);
 263:Core/Src/flash.c ****             uint8_to_float(&(result->testCenter[1]), buffer);
 264:Core/Src/flash.c ****         break;
 265:Core/Src/flash.c ****         case MACHINE_TEST_ALL:
 266:Core/Src/flash.c ****             flash_read_data(address + MACHINE_I_VDD, buffer, 2);
 267:Core/Src/flash.c ****             result->machine.Ivdd = buffer[0] * 256 + buffer[1];
 268:Core/Src/flash.c ****             flash_read_data(address + MACHINE_I_VBAT, buffer, 2);
 269:Core/Src/flash.c ****             result->machine.Ivbat = buffer[0] * 256 + buffer[1];
 270:Core/Src/flash.c ****             flash_read_data(address + MACHINE_CONFIG_9, &(result->machine.config9), 1);
 271:Core/Src/flash.c ****             flash_read_data(address + MACHINE_CONFIG_C, &(result->machine.configC), 1);
 272:Core/Src/flash.c ****             flash_read_data(address + MACHINE_SYSTEM_TEMP, &(result->machine.sysTemp), 1);
 273:Core/Src/flash.c ****             flash_read_data(address + MACHINE_RTC_TEMP, &(result->machine.rtcTemp), 1);
 274:Core/Src/flash.c ****             flash_read_data(address + MACHINE_TEST_FREQ, buffer, 4);
 275:Core/Src/flash.c ****             uint8_to_float(&(result->machine.testFreq), buffer);
 276:Core/Src/flash.c ****             flash_read_data(address + MACHINE_VBAT_2V5, buffer, 2);
 277:Core/Src/flash.c ****             result->machine.vbat_2V5 = buffer[0] * 256 + buffer[1];
 278:Core/Src/flash.c ****             flash_read_data(address + MACHINE_CHARGE, buffer, 2);
 279:Core/Src/flash.c ****             result->machine.charge = buffer[0] * 256 + buffer[1];
 280:Core/Src/flash.c ****         break;
 281:Core/Src/flash.c ****         case CAP_CALCULATE:
 282:Core/Src/flash.c ****             flash_read_data(address, result->capCalcul, 151);
 283:Core/Src/flash.c ****         break;
 284:Core/Src/flash.c ****         case TEST_DATA_ALL:
 285:Core/Src/flash.c ****             for (i = 0; i <= CAP_CALCULATE; i++) {
 286:Core/Src/flash.c ****                 flash_test_data_read(result, rtcNumber, i);
 287:Core/Src/flash.c ****             }
 288:Core/Src/flash.c ****         break;
 289:Core/Src/flash.c ****         default: break;
 290:Core/Src/flash.c ****     }
 291:Core/Src/flash.c **** }
 292:Core/Src/flash.c **** 
 293:Core/Src/flash.c **** void flash_test_data_write_add(TestResult* result, uint8_t rtcNumber, TestResultList handle)
 294:Core/Src/flash.c **** {
 295:Core/Src/flash.c ****     uint32_t address;
 296:Core/Src/flash.c ****     uint8_t buffer[4] = {0};
 297:Core/Src/flash.c ****     uint8_t machineBuffer[FALSH_MACHINE_DATA_LENGTH] = {0};
 298:Core/Src/flash.c ****     int i;
 299:Core/Src/flash.c ****     if (rtcNumber < 1 || rtcNumber > MAX_CHIP_NUMBER) {
 300:Core/Src/flash.c ****         return;
 301:Core/Src/flash.c ****     }
 302:Core/Src/flash.c ****     address = TEST_RESULT_START_ADDR + (rtcNumber - 1) * TEST_RESULT_ONE_SIZE + handle;
 303:Core/Src/flash.c ****     switch (handle) {
 304:Core/Src/flash.c ****         case CHIP_ID:
 305:Core/Src/flash.c ****             flash_write_data(address, result->chipID, 8);
 306:Core/Src/flash.c ****         break;
 307:Core/Src/flash.c ****         case TEST_DOT_TEMP:
 308:Core/Src/flash.c ****             for (i = 0; i < MAX_TEST_DOT_NUMBER; i++) {
 309:Core/Src/flash.c ****                 float_to_uint8(buffer, &(result->testDotTemp[i]));
 310:Core/Src/flash.c ****                 flash_write_data(address, buffer, 4);
 311:Core/Src/flash.c ****                 address += 4;
 312:Core/Src/flash.c ****             }
 313:Core/Src/flash.c ****         break;
 314:Core/Src/flash.c ****         case TEST_DOT_CAP:
 315:Core/Src/flash.c ****             for (i = 0; i < MAX_TEST_DOT_NUMBER; i++) {
 316:Core/Src/flash.c ****                 float_to_uint8(buffer, &(result->testDotCap[i]));
 317:Core/Src/flash.c ****                 flash_write_data(address, buffer, 4);
ARM GAS  C:\Users\84759\AppData\Local\Temp\ccDemNcb.s 			page 7


 318:Core/Src/flash.c ****                 address += 4;
 319:Core/Src/flash.c ****             }
 320:Core/Src/flash.c ****         break;
 321:Core/Src/flash.c ****         case SET_TEMP:
 322:Core/Src/flash.c ****             flash_write_data(address, &(result->setTemp), 1);
 323:Core/Src/flash.c ****         break;
 324:Core/Src/flash.c ****         case TEMP_CONFIG:
 325:Core/Src/flash.c ****             flash_write_data(address, &(result->tempConfig), 1);
 326:Core/Src/flash.c ****         break;
 327:Core/Src/flash.c ****         case START_TIME_HOT:
 328:Core/Src/flash.c ****             buffer[0] = result->startTimeHot / 256;
 329:Core/Src/flash.c ****             buffer[1] = result->startTimeHot % 256;
 330:Core/Src/flash.c ****             flash_write_data(address, buffer, 2);
 331:Core/Src/flash.c ****         break;
 332:Core/Src/flash.c ****         case START_TIME_COLD:
 333:Core/Src/flash.c ****             buffer[0] = result->startTimeCold / 256;
 334:Core/Src/flash.c ****             buffer[1] = result->startTimeCold % 256;
 335:Core/Src/flash.c ****             flash_write_data(address, buffer, 2);
 336:Core/Src/flash.c ****         break;
 337:Core/Src/flash.c ****         case ERROR_TIME_HOT:
 338:Core/Src/flash.c ****             flash_write_data(address, &(result->errorTimeHot), 1);
 339:Core/Src/flash.c ****         break;
 340:Core/Src/flash.c ****         case ERROR_TIME_COLD:
 341:Core/Src/flash.c ****             flash_write_data(address, &(result->errorTimeCold), 1);
 342:Core/Src/flash.c ****         break;
 343:Core/Src/flash.c ****         case CALCUL_FLAG:
 344:Core/Src/flash.c ****             flash_write_data(address, &(result->calculFlag), 1);
 345:Core/Src/flash.c ****         break;
 346:Core/Src/flash.c ****         case TEMP_LOAD_FLAG:
 347:Core/Src/flash.c ****             flash_write_data(address, &(result->tempLoadFlag), 1);
 348:Core/Src/flash.c ****         break;
 349:Core/Src/flash.c ****         case TEST_CENTER:
 350:Core/Src/flash.c ****             for (i = 0; i < 2; i++) {
 351:Core/Src/flash.c ****                 float_to_uint8(buffer, &(result->testCenter[i]));
 352:Core/Src/flash.c ****                 flash_write_data(address, buffer, 4);
 353:Core/Src/flash.c ****                 address += 4;
 354:Core/Src/flash.c ****             }
 355:Core/Src/flash.c ****         break;
 356:Core/Src/flash.c ****         case MACHINE_TEST_ALL:
 357:Core/Src/flash.c ****             machineBuffer[MACHINE_I_VDD] = result->machine.Ivdd / 256;
 358:Core/Src/flash.c ****             machineBuffer[MACHINE_I_VDD + 1] = result->machine.Ivdd % 256;
 359:Core/Src/flash.c ****             machineBuffer[MACHINE_I_VBAT] = result->machine.Ivbat / 256;
 360:Core/Src/flash.c ****             machineBuffer[MACHINE_I_VBAT + 1] = result->machine.Ivbat % 256;
 361:Core/Src/flash.c ****             machineBuffer[MACHINE_CONFIG_9] = result->machine.config9;
 362:Core/Src/flash.c ****             machineBuffer[MACHINE_CONFIG_C] = result->machine.configC;
 363:Core/Src/flash.c ****             machineBuffer[MACHINE_SYSTEM_TEMP] = result->machine.sysTemp;
 364:Core/Src/flash.c ****             machineBuffer[MACHINE_RTC_TEMP] = result->machine.rtcTemp;
 365:Core/Src/flash.c ****             float_to_uint8(buffer, &(result->machine.testFreq));
 366:Core/Src/flash.c ****             for (i = 0; i < 4; i++) {
 367:Core/Src/flash.c ****                machineBuffer[MACHINE_TEST_FREQ + i] = buffer[i]; 
 368:Core/Src/flash.c ****             }
 369:Core/Src/flash.c ****             machineBuffer[MACHINE_VBAT_2V5] = result->machine.vbat_2V5 / 256;
 370:Core/Src/flash.c ****             machineBuffer[MACHINE_VBAT_2V5 + 1] = result->machine.vbat_2V5 % 256;
 371:Core/Src/flash.c ****             machineBuffer[MACHINE_CHARGE] = result->machine.charge / 256;
 372:Core/Src/flash.c ****             machineBuffer[MACHINE_CHARGE + 1] = result->machine.charge % 256;
 373:Core/Src/flash.c ****             flash_write_data(address, machineBuffer, FALSH_MACHINE_DATA_LENGTH);
 374:Core/Src/flash.c ****         break;
ARM GAS  C:\Users\84759\AppData\Local\Temp\ccDemNcb.s 			page 8


 375:Core/Src/flash.c ****         case CAP_CALCULATE:
 376:Core/Src/flash.c ****             flash_write_data(address, result->capCalcul, 151);
 377:Core/Src/flash.c ****         break;
 378:Core/Src/flash.c ****         case TEST_DATA_ALL:
 379:Core/Src/flash.c ****             for (i = 0; i <= CAP_CALCULATE; i++) {
 380:Core/Src/flash.c ****                 flash_test_data_write_add(result, rtcNumber, i);
 381:Core/Src/flash.c ****             }
 382:Core/Src/flash.c ****         break;
 383:Core/Src/flash.c ****         default: break;
 384:Core/Src/flash.c ****     }
 385:Core/Src/flash.c **** }
 386:Core/Src/flash.c **** 
 387:Core/Src/flash.c **** #define CHIP_SECTOR_NUMBER     7 //MAX_CHIP_NUMBER / 8
 388:Core/Src/flash.c **** void flash_test_data_clear(FlashClearMode mode)
 389:Core/Src/flash.c **** {
 390:Core/Src/flash.c ****     int i, j, k;
 391:Core/Src/flash.c ****     uint32_t address;
 392:Core/Src/flash.c ****     uint32_t range;
 393:Core/Src/flash.c **** 
 394:Core/Src/flash.c ****     for (k = 0; k < CHIP_SECTOR_NUMBER; k++) {
 395:Core/Src/flash.c ****         memset(g_bufferSector, 0xff, SECTOR_SIZE);
 396:Core/Src/flash.c ****         address = TEST_RESULT_START_ADDR + SECTOR_SIZE * k;
 397:Core/Src/flash.c ****         for (i = 0; i < PAGES_IN_SECTOR; i++) {
 398:Core/Src/flash.c ****             flash_read_data(address + (PAGE_SIZE * i), g_bufferSector + (PAGE_SIZE * i), PAGE_SIZE)
 399:Core/Src/flash.c ****         }
 400:Core/Src/flash.c ****         for (i = 0; i < (SECTOR_SIZE / TEST_RESULT_ONE_SIZE); i++) {//每个sector有8个芯片
 401:Core/Src/flash.c ****             switch (mode) {
 402:Core/Src/flash.c ****                 case FLASH_CLEAR_DOT_1:
 403:Core/Src/flash.c ****                 case FLASH_CLEAR_DOT_3://-10度和60度两个点需要把中心电容对应的误差值清零
 404:Core/Src/flash.c ****                     range = i * TEST_RESULT_ONE_SIZE + TEST_CENTER + (mode / 2) * 4;
 405:Core/Src/flash.c ****                     for (j = 0; j < 4; j++) {
 406:Core/Src/flash.c ****                         g_bufferSector[range + j] = 0xff;
 407:Core/Src/flash.c ****                     }
 408:Core/Src/flash.c ****                 case FLASH_CLEAR_DOT_0:
 409:Core/Src/flash.c ****                 case FLASH_CLEAR_DOT_2:
 410:Core/Src/flash.c ****                 case FLASH_CLEAR_DOT_4:
 411:Core/Src/flash.c ****                     range = i * TEST_RESULT_ONE_SIZE + TEST_DOT_TEMP + mode * 4;
 412:Core/Src/flash.c ****                     for (j = 0; j < 4; j++) {
 413:Core/Src/flash.c ****                         g_bufferSector[range + j] = 0xff;
 414:Core/Src/flash.c ****                     }
 415:Core/Src/flash.c ****                     range = i * TEST_RESULT_ONE_SIZE + TEST_DOT_CAP + mode * 4;
 416:Core/Src/flash.c ****                     for (j = 0; j < 4; j++) {
 417:Core/Src/flash.c ****                         g_bufferSector[range + j] = 0xff;
 418:Core/Src/flash.c ****                     }
 419:Core/Src/flash.c ****                 break;
 420:Core/Src/flash.c ****                 case FLASH_CLEAR_CALCUL:
 421:Core/Src/flash.c ****                     range = i * TEST_RESULT_ONE_SIZE + CAP_CALCULATE;
 422:Core/Src/flash.c ****                     for (j = 0; j < 151; j++) {
 423:Core/Src/flash.c ****                         g_bufferSector[range + j] = 0xff;
 424:Core/Src/flash.c ****                     }
 425:Core/Src/flash.c ****                 break;
 426:Core/Src/flash.c ****                 case FLASH_CLEAR_MACHINE:
 427:Core/Src/flash.c ****                     range = i * TEST_RESULT_ONE_SIZE + MACHINE_TEST_ALL;
 428:Core/Src/flash.c ****                     for (j = 0; j < FALSH_MACHINE_DATA_LENGTH; j++) {
 429:Core/Src/flash.c ****                         g_bufferSector[range + j] = 0xff;
 430:Core/Src/flash.c ****                     }
 431:Core/Src/flash.c ****                 break;
ARM GAS  C:\Users\84759\AppData\Local\Temp\ccDemNcb.s 			page 9


 432:Core/Src/flash.c ****                 default: break;
 433:Core/Src/flash.c ****             }
 434:Core/Src/flash.c ****         }
 435:Core/Src/flash.c ****         flash_erase(address, 2);//erase the sector    
 436:Core/Src/flash.c ****         HAL_Delay(20);
 437:Core/Src/flash.c ****         for (i = 0; i < PAGES_IN_SECTOR; i++) {
 438:Core/Src/flash.c ****             flash_write_data(address + (PAGE_SIZE * i), g_bufferSector + (PAGE_SIZE * i), PAGE_SIZE
 439:Core/Src/flash.c ****             HAL_Delay(5);
 440:Core/Src/flash.c ****         }
 441:Core/Src/flash.c ****     }
 442:Core/Src/flash.c ****     
 443:Core/Src/flash.c **** }
 444:Core/Src/flash.c **** 
 445:Core/Src/flash.c **** 
 446:Core/Src/flash.c **** void test_data_printf(uint8_t mode, TestResult result) 
 447:Core/Src/flash.c **** {
 448:Core/Src/flash.c ****     int i;
 449:Core/Src/flash.c ****     uint8_t k;
 450:Core/Src/flash.c **** 		switch (mode) {
 451:Core/Src/flash.c **** 			case 0://all printf
 452:Core/Src/flash.c ****                 for (k = 1; k < 6; k++) {
 453:Core/Src/flash.c ****                     test_data_printf(k, result);
 454:Core/Src/flash.c ****                 }
 455:Core/Src/flash.c **** 			break;
 456:Core/Src/flash.c **** 			case 1:
 457:Core/Src/flash.c **** 				UsbPrintf("ID:%02X%02X%02X%02X%02X%02X%02X%02X\n", result.chipID[0], result.chipID[1], 
 458:Core/Src/flash.c **** 				result.chipID[2], result.chipID[3], result.chipID[4], result.chipID[5], result.chipID[6], resul
 459:Core/Src/flash.c **** 			break;
 460:Core/Src/flash.c **** 			case 2:
 461:Core/Src/flash.c **** 				UsbPrintf("cap adjust tset:\n");
 462:Core/Src/flash.c **** 				for (i = 0; i < MAX_TEST_DOT_NUMBER; i++) {
 463:Core/Src/flash.c **** 					UsbPrintf("[%.1f, %.2f] ", result.testDotTemp[i], result.testDotCap[i]);
 464:Core/Src/flash.c **** 				}
 465:Core/Src/flash.c ****                 UsbPrintf("\n");
 466:Core/Src/flash.c **** 				UsbPrintf("[-10C error]%.2fppm, [60C error]%.2fppm \n", result.testCenter[0], result.testCenter
 467:Core/Src/flash.c **** 			break;
 468:Core/Src/flash.c **** 			case 3:
 469:Core/Src/flash.c **** 				UsbPrintf("aging data:\n");
 470:Core/Src/flash.c **** 				UsbPrintf("test temp:%d, config9:%d\n", result.setTemp, result.tempConfig);
 471:Core/Src/flash.c **** 				// UsbPrintf("start time cold:%dms, hot:%dms\n", result.startTimeCold, result.startTimeHot);
 472:Core/Src/flash.c **** 				// UsbPrintf("error time cold:%ds, hot:%ds\n", result.errorTimeCold, result.errorTimeHot);
 473:Core/Src/flash.c **** 			break;
 474:Core/Src/flash.c **** 			case 4:
 475:Core/Src/flash.c **** 				UsbPrintf("machine data:\n");
 476:Core/Src/flash.c **** 				UsbPrintf("Ivdd:%dnA, Ivbat:%dnA\n", result.machine.Ivdd, result.machine.Ivbat);
 477:Core/Src/flash.c **** 				UsbPrintf("config9:%02X, configC:%02X\n", result.machine.config9, result.machine.configC);
 478:Core/Src/flash.c **** 				UsbPrintf("temp system:%dC, rtc:%dC\n", result.machine.sysTemp, result.machine.rtcTemp);
 479:Core/Src/flash.c **** 				UsbPrintf("test frequency:%fkHz\n", result.machine.testFreq);
 480:Core/Src/flash.c **** 				UsbPrintf("vbat:%dmV, charge:%dmV\n", result.machine.vbat_2V5, result.machine.charge);
 481:Core/Src/flash.c **** 			break;
 482:Core/Src/flash.c **** 			case 5:
 483:Core/Src/flash.c **** 				UsbPrintf("cap calculate:");
 484:Core/Src/flash.c **** 				for (i = 0; i < 151; i++) {
 485:Core/Src/flash.c **** 					if (i % 20 == 0) { UsbPrintf("\n[%d]\t", i);}
 486:Core/Src/flash.c **** 					UsbPrintf("%02X ", result.capCalcul[i]);
 487:Core/Src/flash.c **** 				}
 488:Core/Src/flash.c **** 			break;
ARM GAS  C:\Users\84759\AppData\Local\Temp\ccDemNcb.s 			page 10


 489:Core/Src/flash.c **** 			default:
 490:Core/Src/flash.c **** 			break;
 491:Core/Src/flash.c **** 		}
 492:Core/Src/flash.c **** 
 493:Core/Src/flash.c **** }
 494:Core/Src/flash.c **** //---------------------------MCU flash start------------------------------------------
 495:Core/Src/flash.c **** 
 496:Core/Src/flash.c **** void SaveStringToFlash(char* s, uint32_t addr)
 497:Core/Src/flash.c **** {
 498:Core/Src/flash.c **** 	int length = strlen(s);
 499:Core/Src/flash.c **** 	uint16_t j;
 500:Core/Src/flash.c **** 	uint32_t data = 0;
 501:Core/Src/flash.c **** 	uint32_t address = addr;
 502:Core/Src/flash.c **** 	if (length <= 0) {return;}
 503:Core/Src/flash.c **** 
 504:Core/Src/flash.c **** 	HAL_FLASH_Unlock();
 505:Core/Src/flash.c **** 	for (j = 0; j < length; j += 4) {
 506:Core/Src/flash.c **** 		if (j + 4 <= length) {
 507:Core/Src/flash.c **** 			data = s[j] + ((uint32_t)s[j + 1] << 8) + ((uint32_t)s[j + 2] << 16)+ ((uint32_t)s[j + 3] << 24)
 508:Core/Src/flash.c **** 		} else {
 509:Core/Src/flash.c **** 			if (length == j + 1) { 
 510:Core/Src/flash.c **** 				data = s[j];
 511:Core/Src/flash.c **** 			} else if (length == j + 2) { 
 512:Core/Src/flash.c **** 				data =  s[j] + ((uint32_t)s[j + 1] << 8);
 513:Core/Src/flash.c **** 			} else if (length == j + 3) { 
 514:Core/Src/flash.c **** 				data =  s[j] + ((uint32_t)s[j + 1] << 8) + ((uint32_t)s[j + 2] << 16);
 515:Core/Src/flash.c **** 			} 
 516:Core/Src/flash.c **** 		}
 517:Core/Src/flash.c **** 		HAL_FLASH_Program(FLASH_TYPEPROGRAM_WORD, address, data);
 518:Core/Src/flash.c **** 		address += 4;
 519:Core/Src/flash.c **** 	}
 520:Core/Src/flash.c **** 	HAL_FLASH_Lock();
 521:Core/Src/flash.c **** }
 522:Core/Src/flash.c **** void GetStringFromFlash(char* target, uint16_t length, uint32_t addr)
 523:Core/Src/flash.c **** {
 524:Core/Src/flash.c **** 	uint16_t i;
 525:Core/Src/flash.c **** 	uint32_t value;
 526:Core/Src/flash.c **** 
 527:Core/Src/flash.c **** 	for (i = 0; i < length; i++) {
 528:Core/Src/flash.c **** 		value = *(uint8_t*)(addr + i);
 529:Core/Src/flash.c **** 		if (value == 0xff || value == 0) {
 530:Core/Src/flash.c **** 			target[i] = 0;
 531:Core/Src/flash.c **** 			break;
 532:Core/Src/flash.c **** 		}
 533:Core/Src/flash.c **** 		target[i] = value;
 534:Core/Src/flash.c **** 	}
 535:Core/Src/flash.c **** }
 536:Core/Src/flash.c **** 
 537:Core/Src/flash.c **** void ClearBsnFlash(void)
 538:Core/Src/flash.c **** {
 539:Core/Src/flash.c **** 	FLASH_EraseInitTypeDef EraseInitStruct = {0};
 540:Core/Src/flash.c **** 	uint32_t PageError = 0;
 541:Core/Src/flash.c **** 	HAL_FLASH_Unlock();
 542:Core/Src/flash.c **** 
 543:Core/Src/flash.c **** 	EraseInitStruct.TypeErase   = FLASH_TYPEERASE_PAGES;
 544:Core/Src/flash.c **** 	EraseInitStruct.NbPages   = 1;
 545:Core/Src/flash.c **** 	HAL_FLASHEx_Erase(&EraseInitStruct, &PageError);
ARM GAS  C:\Users\84759\AppData\Local\Temp\ccDemNcb.s 			page 11


 546:Core/Src/flash.c **** 
 547:Core/Src/flash.c **** 	HAL_FLASH_Lock();
 548:Core/Src/flash.c **** }
 549:Core/Src/flash.c **** 
 550:Core/Src/flash.c **** //---------------------------MCU flash end-----------------------------------------
 551:Core/Src/flash.c **** 
 552:Core/Src/flash.c **** */
 553:Core/Src/flash.c **** 
 554:Core/Src/flash.c **** //fatfs
 555:Core/Src/flash.c **** // W25Q64 核心指令集
 556:Core/Src/flash.c **** #define W25Q_WriteEnable        0x06
 557:Core/Src/flash.c **** #define W25Q_WriteDisable       0x04
 558:Core/Src/flash.c **** #define W25Q_ReadStatusReg1     0x05
 559:Core/Src/flash.c **** #define W25Q_ReadID             0x90
 560:Core/Src/flash.c **** #define W25Q_EraseSector        0x20  // 4KB扇区擦除（核心）
 561:Core/Src/flash.c **** #define W25Q_PageProgram        0x02  // 256字节页编程
 562:Core/Src/flash.c **** #define W25Q_ReadData           0x03
 563:Core/Src/flash.c **** 
 564:Core/Src/flash.c **** // SPI单字节读写（底层通信，对接HAL库）
 565:Core/Src/flash.c **** static uint8_t SPI1_ReadWriteByte(uint8_t TxData)
 566:Core/Src/flash.c **** {
  27              		.loc 1 566 1 view -0
  28              		.cfi_startproc
  29              		@ args = 0, pretend = 0, frame = 16
  30              		@ frame_needed = 0, uses_anonymous_args = 0
  31              		.loc 1 566 1 is_stmt 0 view .LVU1
  32 0000 00B5     		push	{lr}
  33              	.LCFI0:
  34              		.cfi_def_cfa_offset 4
  35              		.cfi_offset 14, -4
  36 0002 87B0     		sub	sp, sp, #28
  37              	.LCFI1:
  38              		.cfi_def_cfa_offset 32
  39 0004 8DF80F00 		strb	r0, [sp, #15]
 567:Core/Src/flash.c ****     uint8_t RxData = 0;
  40              		.loc 1 567 5 is_stmt 1 view .LVU2
  41              		.loc 1 567 13 is_stmt 0 view .LVU3
  42 0008 0023     		movs	r3, #0
  43 000a 8DF81730 		strb	r3, [sp, #23]
 568:Core/Src/flash.c ****     HAL_SPI_TransmitReceive(&hspi1, &TxData, &RxData, 1, 100);
  44              		.loc 1 568 5 is_stmt 1 view .LVU4
  45 000e 6423     		movs	r3, #100
  46 0010 0093     		str	r3, [sp]
  47 0012 0123     		movs	r3, #1
  48 0014 0DF11702 		add	r2, sp, #23
  49 0018 0DF10F01 		add	r1, sp, #15
  50 001c 0348     		ldr	r0, .L3
  51              	.LVL1:
  52              		.loc 1 568 5 is_stmt 0 view .LVU5
  53 001e FFF7FEFF 		bl	HAL_SPI_TransmitReceive
  54              	.LVL2:
 569:Core/Src/flash.c ****     return RxData;
  55              		.loc 1 569 5 is_stmt 1 view .LVU6
 570:Core/Src/flash.c **** }
  56              		.loc 1 570 1 is_stmt 0 view .LVU7
  57 0022 9DF81700 		ldrb	r0, [sp, #23]	@ zero_extendqisi2
  58 0026 07B0     		add	sp, sp, #28
ARM GAS  C:\Users\84759\AppData\Local\Temp\ccDemNcb.s 			page 12


  59              	.LCFI2:
  60              		.cfi_def_cfa_offset 4
  61              		@ sp needed
  62 0028 5DF804FB 		ldr	pc, [sp], #4
  63              	.L4:
  64              		.align	2
  65              	.L3:
  66 002c 00000000 		.word	hspi1
  67              		.cfi_endproc
  68              	.LFE68:
  70              		.section	.text.W25Qxx_WriteEnable,"ax",%progbits
  71              		.align	1
  72              		.syntax unified
  73              		.thumb
  74              		.thumb_func
  76              	W25Qxx_WriteEnable:
  77              	.LFB70:
 571:Core/Src/flash.c **** 
 572:Core/Src/flash.c **** // 等待Flash忙状态（WIP位清零，擦除/写入必须等待）
 573:Core/Src/flash.c **** void CheckBusy(void)
 574:Core/Src/flash.c **** {
 575:Core/Src/flash.c ****     uint8_t status = 0;
 576:Core/Src/flash.c ****     CS_LOW;  // 宏定义来自flash.h，CS拉低
 577:Core/Src/flash.c ****     SPI1_ReadWriteByte(W25Q_ReadStatusReg1);
 578:Core/Src/flash.c ****     do{
 579:Core/Src/flash.c ****         status = SPI1_ReadWriteByte(0xFF);
 580:Core/Src/flash.c ****     }while((status & 0x01) == 0x01); // WIP=1 忙，WIP=0 空闲
 581:Core/Src/flash.c ****     CS_HIGH; // CS拉高
 582:Core/Src/flash.c **** }
 583:Core/Src/flash.c **** 
 584:Core/Src/flash.c **** // 写使能（擦除/写入前必须执行）
 585:Core/Src/flash.c **** static void W25Qxx_WriteEnable(void)
 586:Core/Src/flash.c **** {
  78              		.loc 1 586 1 is_stmt 1 view -0
  79              		.cfi_startproc
  80              		@ args = 0, pretend = 0, frame = 0
  81              		@ frame_needed = 0, uses_anonymous_args = 0
  82 0000 10B5     		push	{r4, lr}
  83              	.LCFI3:
  84              		.cfi_def_cfa_offset 8
  85              		.cfi_offset 4, -8
  86              		.cfi_offset 14, -4
 587:Core/Src/flash.c ****     CS_LOW;
  87              		.loc 1 587 5 view .LVU9
  88 0002 094C     		ldr	r4, .L7
  89 0004 0022     		movs	r2, #0
  90 0006 1021     		movs	r1, #16
  91 0008 2046     		mov	r0, r4
  92 000a FFF7FEFF 		bl	HAL_GPIO_WritePin
  93              	.LVL3:
 588:Core/Src/flash.c ****     SPI1_ReadWriteByte(W25Q_WriteEnable);
  94              		.loc 1 588 5 view .LVU10
  95 000e 0620     		movs	r0, #6
  96 0010 FFF7FEFF 		bl	SPI1_ReadWriteByte
  97              	.LVL4:
 589:Core/Src/flash.c ****     CS_HIGH;
  98              		.loc 1 589 5 view .LVU11
ARM GAS  C:\Users\84759\AppData\Local\Temp\ccDemNcb.s 			page 13


  99 0014 0122     		movs	r2, #1
 100 0016 1021     		movs	r1, #16
 101 0018 2046     		mov	r0, r4
 102 001a FFF7FEFF 		bl	HAL_GPIO_WritePin
 103              	.LVL5:
 590:Core/Src/flash.c ****     HAL_Delay(1); // 短延时保证指令生效
 104              		.loc 1 590 5 view .LVU12
 105 001e 0120     		movs	r0, #1
 106 0020 FFF7FEFF 		bl	HAL_Delay
 107              	.LVL6:
 591:Core/Src/flash.c **** }
 108              		.loc 1 591 1 is_stmt 0 view .LVU13
 109 0024 10BD     		pop	{r4, pc}
 110              	.L8:
 111 0026 00BF     		.align	2
 112              	.L7:
 113 0028 00080140 		.word	1073809408
 114              		.cfi_endproc
 115              	.LFE70:
 117              		.section	.text.CheckBusy,"ax",%progbits
 118              		.align	1
 119              		.global	CheckBusy
 120              		.syntax unified
 121              		.thumb
 122              		.thumb_func
 124              	CheckBusy:
 125              	.LFB69:
 574:Core/Src/flash.c ****     uint8_t status = 0;
 126              		.loc 1 574 1 is_stmt 1 view -0
 127              		.cfi_startproc
 128              		@ args = 0, pretend = 0, frame = 0
 129              		@ frame_needed = 0, uses_anonymous_args = 0
 130 0000 08B5     		push	{r3, lr}
 131              	.LCFI4:
 132              		.cfi_def_cfa_offset 8
 133              		.cfi_offset 3, -8
 134              		.cfi_offset 14, -4
 575:Core/Src/flash.c ****     CS_LOW;  // 宏定义来自flash.h，CS拉低
 135              		.loc 1 575 5 view .LVU15
 136              	.LVL7:
 576:Core/Src/flash.c ****     SPI1_ReadWriteByte(W25Q_ReadStatusReg1);
 137              		.loc 1 576 5 view .LVU16
 138 0002 0022     		movs	r2, #0
 139 0004 1021     		movs	r1, #16
 140 0006 0948     		ldr	r0, .L12
 141 0008 FFF7FEFF 		bl	HAL_GPIO_WritePin
 142              	.LVL8:
 577:Core/Src/flash.c ****     do{
 143              		.loc 1 577 5 view .LVU17
 144 000c 0520     		movs	r0, #5
 145 000e FFF7FEFF 		bl	SPI1_ReadWriteByte
 146              	.LVL9:
 147              	.L10:
 578:Core/Src/flash.c ****         status = SPI1_ReadWriteByte(0xFF);
 148              		.loc 1 578 5 discriminator 1 view .LVU18
 579:Core/Src/flash.c ****     }while((status & 0x01) == 0x01); // WIP=1 忙，WIP=0 空闲
 149              		.loc 1 579 9 discriminator 1 view .LVU19
ARM GAS  C:\Users\84759\AppData\Local\Temp\ccDemNcb.s 			page 14


 579:Core/Src/flash.c ****     }while((status & 0x01) == 0x01); // WIP=1 忙，WIP=0 空闲
 150              		.loc 1 579 18 is_stmt 0 discriminator 1 view .LVU20
 151 0012 FF20     		movs	r0, #255
 152 0014 FFF7FEFF 		bl	SPI1_ReadWriteByte
 153              	.LVL10:
 580:Core/Src/flash.c ****     CS_HIGH; // CS拉高
 154              		.loc 1 580 11 is_stmt 1 discriminator 1 view .LVU21
 580:Core/Src/flash.c ****     CS_HIGH; // CS拉高
 155              		.loc 1 580 5 is_stmt 0 discriminator 1 view .LVU22
 156 0018 10F0010F 		tst	r0, #1
 157 001c F9D1     		bne	.L10
 581:Core/Src/flash.c **** }
 158              		.loc 1 581 5 is_stmt 1 view .LVU23
 159 001e 0122     		movs	r2, #1
 160 0020 1021     		movs	r1, #16
 161 0022 0248     		ldr	r0, .L12
 162              	.LVL11:
 581:Core/Src/flash.c **** }
 163              		.loc 1 581 5 is_stmt 0 view .LVU24
 164 0024 FFF7FEFF 		bl	HAL_GPIO_WritePin
 165              	.LVL12:
 582:Core/Src/flash.c **** 
 166              		.loc 1 582 1 view .LVU25
 167 0028 08BD     		pop	{r3, pc}
 168              	.L13:
 169 002a 00BF     		.align	2
 170              	.L12:
 171 002c 00080140 		.word	1073809408
 172              		.cfi_endproc
 173              	.LFE69:
 175              		.section	.text.W25Q_PageWrite,"ax",%progbits
 176              		.align	1
 177              		.syntax unified
 178              		.thumb
 179              		.thumb_func
 181              	W25Q_PageWrite:
 182              	.LVL13:
 183              	.LFB73:
 592:Core/Src/flash.c **** 
 593:Core/Src/flash.c **** // 读取W25Q64设备ID（返回0xEF17为正常，对接diskio.c校验）
 594:Core/Src/flash.c **** uint16_t flash_device_id(void)
 595:Core/Src/flash.c **** {
 596:Core/Src/flash.c ****     uint16_t id = 0;
 597:Core/Src/flash.c ****     CS_LOW;
 598:Core/Src/flash.c ****     SPI1_ReadWriteByte(W25Q_ReadID);    // 读ID指令
 599:Core/Src/flash.c ****     SPI1_ReadWriteByte(0x00);           // 地址位A23-A16
 600:Core/Src/flash.c ****     SPI1_ReadWriteByte(0x00);           // 地址位A15-A8
 601:Core/Src/flash.c ****     SPI1_ReadWriteByte(0x00);           // 地址位A7-A0
 602:Core/Src/flash.c ****     id |= (uint16_t)SPI1_ReadWriteByte(0xFF) << 8; // 厂家ID 0xEF
 603:Core/Src/flash.c ****     id |= SPI1_ReadWriteByte(0xFF);                // 设备ID 0x17
 604:Core/Src/flash.c ****     CS_HIGH;
 605:Core/Src/flash.c ****     return id;
 606:Core/Src/flash.c **** }
 607:Core/Src/flash.c **** 
 608:Core/Src/flash.c **** // 4KB扇区擦除（diskio.c专用，返回1=成功，0=失败）
 609:Core/Src/flash.c **** int flash_erase_sector(uint32_t address)
 610:Core/Src/flash.c **** {
ARM GAS  C:\Users\84759\AppData\Local\Temp\ccDemNcb.s 			page 15


 611:Core/Src/flash.c ****     // 地址必须4KB扇区对齐（W25Q64硬件要求）
 612:Core/Src/flash.c ****     if((address & (SECTOR_SIZE - 1)) != 0) return 0;
 613:Core/Src/flash.c ****     
 614:Core/Src/flash.c ****     W25Qxx_WriteEnable();  // 写使能
 615:Core/Src/flash.c ****     CheckBusy();         // 等待前序操作完成
 616:Core/Src/flash.c ****     CS_LOW;
 617:Core/Src/flash.c ****     SPI1_ReadWriteByte(W25Q_EraseSector); // 4KB扇区擦除指令
 618:Core/Src/flash.c ****     // 发送24位擦除地址
 619:Core/Src/flash.c ****     SPI1_ReadWriteByte((address >> 16) & 0xFF);
 620:Core/Src/flash.c ****     SPI1_ReadWriteByte((address >> 8) & 0xFF);
 621:Core/Src/flash.c ****     SPI1_ReadWriteByte(address & 0xFF);
 622:Core/Src/flash.c ****     CS_HIGH;
 623:Core/Src/flash.c ****     CheckBusy();         // 等待擦除完成（擦除耗时约100ms）
 624:Core/Src/flash.c ****     return 1;            // 1=成功，对接diskio.c返回值逻辑
 625:Core/Src/flash.c **** }
 626:Core/Src/flash.c **** 
 627:Core/Src/flash.c **** // 页编程（内部调用，256字节页对齐，返回1=成功，0=失败）
 628:Core/Src/flash.c **** static int W25Q_PageWrite(uint32_t address, uint8_t* buffer, uint16_t size)
 629:Core/Src/flash.c **** {
 184              		.loc 1 629 1 is_stmt 1 view -0
 185              		.cfi_startproc
 186              		@ args = 0, pretend = 0, frame = 0
 187              		@ frame_needed = 0, uses_anonymous_args = 0
 630:Core/Src/flash.c ****     if(size > PAGE_SIZE || (address & (PAGE_SIZE - 1)) != 0) return 0;
 188              		.loc 1 630 5 view .LVU27
 189              		.loc 1 630 7 is_stmt 0 view .LVU28
 190 0000 B2F5807F 		cmp	r2, #256
 191 0004 31D8     		bhi	.L18
 629:Core/Src/flash.c ****     if(size > PAGE_SIZE || (address & (PAGE_SIZE - 1)) != 0) return 0;
 192              		.loc 1 629 1 discriminator 2 view .LVU29
 193 0006 70B5     		push	{r4, r5, r6, lr}
 194              	.LCFI5:
 195              		.cfi_def_cfa_offset 16
 196              		.cfi_offset 4, -16
 197              		.cfi_offset 5, -12
 198              		.cfi_offset 6, -8
 199              		.cfi_offset 14, -4
 200 0008 0446     		mov	r4, r0
 201 000a 0E46     		mov	r6, r1
 202 000c 1546     		mov	r5, r2
 203              		.loc 1 630 25 discriminator 2 view .LVU30
 204 000e 10F0FF0F 		tst	r0, #255
 205 0012 01D0     		beq	.L24
 206              		.loc 1 630 69 view .LVU31
 207 0014 0020     		movs	r0, #0
 208              	.LVL14:
 209              	.L14:
 631:Core/Src/flash.c ****     
 632:Core/Src/flash.c ****     W25Qxx_WriteEnable();
 633:Core/Src/flash.c ****     CheckBusy();
 634:Core/Src/flash.c ****     CS_LOW;
 635:Core/Src/flash.c ****     SPI1_ReadWriteByte(W25Q_PageProgram); // 页编程指令
 636:Core/Src/flash.c ****     // 发送24位写入地址
 637:Core/Src/flash.c ****     SPI1_ReadWriteByte((address >> 16) & 0xFF);
 638:Core/Src/flash.c ****     SPI1_ReadWriteByte((address >> 8) & 0xFF);
 639:Core/Src/flash.c ****     SPI1_ReadWriteByte(address & 0xFF);
 640:Core/Src/flash.c ****     // 写入数据
ARM GAS  C:\Users\84759\AppData\Local\Temp\ccDemNcb.s 			page 16


 641:Core/Src/flash.c ****     for(uint16_t i=0; i<size; i++)
 642:Core/Src/flash.c ****     {
 643:Core/Src/flash.c ****         SPI1_ReadWriteByte(buffer[i]);
 644:Core/Src/flash.c ****     }
 645:Core/Src/flash.c ****     CS_HIGH;
 646:Core/Src/flash.c ****     CheckBusy();
 647:Core/Src/flash.c ****     return 1;
 648:Core/Src/flash.c **** }
 210              		.loc 1 648 1 view .LVU32
 211 0016 70BD     		pop	{r4, r5, r6, pc}
 212              	.LVL15:
 213              	.L24:
 632:Core/Src/flash.c ****     CheckBusy();
 214              		.loc 1 632 5 is_stmt 1 view .LVU33
 215 0018 FFF7FEFF 		bl	W25Qxx_WriteEnable
 216              	.LVL16:
 633:Core/Src/flash.c ****     CS_LOW;
 217              		.loc 1 633 5 view .LVU34
 218 001c FFF7FEFF 		bl	CheckBusy
 219              	.LVL17:
 634:Core/Src/flash.c ****     SPI1_ReadWriteByte(W25Q_PageProgram); // 页编程指令
 220              		.loc 1 634 5 view .LVU35
 221 0020 0022     		movs	r2, #0
 222 0022 1021     		movs	r1, #16
 223 0024 1248     		ldr	r0, .L25
 224 0026 FFF7FEFF 		bl	HAL_GPIO_WritePin
 225              	.LVL18:
 635:Core/Src/flash.c ****     // 发送24位写入地址
 226              		.loc 1 635 5 view .LVU36
 227 002a 0220     		movs	r0, #2
 228 002c FFF7FEFF 		bl	SPI1_ReadWriteByte
 229              	.LVL19:
 637:Core/Src/flash.c ****     SPI1_ReadWriteByte((address >> 8) & 0xFF);
 230              		.loc 1 637 5 view .LVU37
 231 0030 C4F30740 		ubfx	r0, r4, #16, #8
 232 0034 FFF7FEFF 		bl	SPI1_ReadWriteByte
 233              	.LVL20:
 638:Core/Src/flash.c ****     SPI1_ReadWriteByte(address & 0xFF);
 234              		.loc 1 638 5 view .LVU38
 235 0038 C4F30720 		ubfx	r0, r4, #8, #8
 236 003c FFF7FEFF 		bl	SPI1_ReadWriteByte
 237              	.LVL21:
 639:Core/Src/flash.c ****     // 写入数据
 238              		.loc 1 639 5 view .LVU39
 239 0040 E0B2     		uxtb	r0, r4
 240 0042 FFF7FEFF 		bl	SPI1_ReadWriteByte
 241              	.LVL22:
 641:Core/Src/flash.c ****     {
 242              		.loc 1 641 5 view .LVU40
 243              	.LBB2:
 641:Core/Src/flash.c ****     {
 244              		.loc 1 641 9 view .LVU41
 641:Core/Src/flash.c ****     {
 245              		.loc 1 641 18 is_stmt 0 view .LVU42
 246 0046 0024     		movs	r4, #0
 247              	.LVL23:
 641:Core/Src/flash.c ****     {
ARM GAS  C:\Users\84759\AppData\Local\Temp\ccDemNcb.s 			page 17


 248              		.loc 1 641 5 view .LVU43
 249 0048 04E0     		b	.L16
 250              	.LVL24:
 251              	.L17:
 643:Core/Src/flash.c ****     }
 252              		.loc 1 643 9 is_stmt 1 discriminator 3 view .LVU44
 253 004a 305D     		ldrb	r0, [r6, r4]	@ zero_extendqisi2
 254 004c FFF7FEFF 		bl	SPI1_ReadWriteByte
 255              	.LVL25:
 641:Core/Src/flash.c ****     {
 256              		.loc 1 641 31 discriminator 3 view .LVU45
 641:Core/Src/flash.c ****     {
 257              		.loc 1 641 32 is_stmt 0 discriminator 3 view .LVU46
 258 0050 0134     		adds	r4, r4, #1
 259              	.LVL26:
 641:Core/Src/flash.c ****     {
 260              		.loc 1 641 32 discriminator 3 view .LVU47
 261 0052 A4B2     		uxth	r4, r4
 262              	.LVL27:
 263              	.L16:
 641:Core/Src/flash.c ****     {
 264              		.loc 1 641 23 is_stmt 1 discriminator 1 view .LVU48
 641:Core/Src/flash.c ****     {
 265              		.loc 1 641 5 is_stmt 0 discriminator 1 view .LVU49
 266 0054 AC42     		cmp	r4, r5
 267 0056 F8D3     		bcc	.L17
 268              	.LBE2:
 645:Core/Src/flash.c ****     CheckBusy();
 269              		.loc 1 645 5 is_stmt 1 view .LVU50
 270 0058 0122     		movs	r2, #1
 271 005a 1021     		movs	r1, #16
 272 005c 0448     		ldr	r0, .L25
 273 005e FFF7FEFF 		bl	HAL_GPIO_WritePin
 274              	.LVL28:
 646:Core/Src/flash.c ****     return 1;
 275              		.loc 1 646 5 view .LVU51
 276 0062 FFF7FEFF 		bl	CheckBusy
 277              	.LVL29:
 647:Core/Src/flash.c **** }
 278              		.loc 1 647 5 view .LVU52
 647:Core/Src/flash.c **** }
 279              		.loc 1 647 12 is_stmt 0 view .LVU53
 280 0066 0120     		movs	r0, #1
 281 0068 D5E7     		b	.L14
 282              	.LVL30:
 283              	.L18:
 284              	.LCFI6:
 285              		.cfi_def_cfa_offset 0
 286              		.cfi_restore 4
 287              		.cfi_restore 5
 288              		.cfi_restore 6
 289              		.cfi_restore 14
 630:Core/Src/flash.c ****     
 290              		.loc 1 630 69 view .LVU54
 291 006a 0020     		movs	r0, #0
 292              	.LVL31:
 293              		.loc 1 648 1 view .LVU55
ARM GAS  C:\Users\84759\AppData\Local\Temp\ccDemNcb.s 			page 18


 294 006c 7047     		bx	lr
 295              	.L26:
 296 006e 00BF     		.align	2
 297              	.L25:
 298 0070 00080140 		.word	1073809408
 299              		.cfi_endproc
 300              	.LFE73:
 302              		.section	.text.flash_device_id,"ax",%progbits
 303              		.align	1
 304              		.global	flash_device_id
 305              		.syntax unified
 306              		.thumb
 307              		.thumb_func
 309              	flash_device_id:
 310              	.LFB71:
 595:Core/Src/flash.c ****     uint16_t id = 0;
 311              		.loc 1 595 1 is_stmt 1 view -0
 312              		.cfi_startproc
 313              		@ args = 0, pretend = 0, frame = 0
 314              		@ frame_needed = 0, uses_anonymous_args = 0
 315 0000 70B5     		push	{r4, r5, r6, lr}
 316              	.LCFI7:
 317              		.cfi_def_cfa_offset 16
 318              		.cfi_offset 4, -16
 319              		.cfi_offset 5, -12
 320              		.cfi_offset 6, -8
 321              		.cfi_offset 14, -4
 596:Core/Src/flash.c ****     CS_LOW;
 322              		.loc 1 596 5 view .LVU57
 323              	.LVL32:
 597:Core/Src/flash.c ****     SPI1_ReadWriteByte(W25Q_ReadID);    // 读ID指令
 324              		.loc 1 597 5 view .LVU58
 325 0002 114E     		ldr	r6, .L29
 326 0004 0022     		movs	r2, #0
 327 0006 1021     		movs	r1, #16
 328 0008 3046     		mov	r0, r6
 329 000a FFF7FEFF 		bl	HAL_GPIO_WritePin
 330              	.LVL33:
 598:Core/Src/flash.c ****     SPI1_ReadWriteByte(0x00);           // 地址位A23-A16
 331              		.loc 1 598 5 view .LVU59
 332 000e 9020     		movs	r0, #144
 333 0010 FFF7FEFF 		bl	SPI1_ReadWriteByte
 334              	.LVL34:
 599:Core/Src/flash.c ****     SPI1_ReadWriteByte(0x00);           // 地址位A15-A8
 335              		.loc 1 599 5 view .LVU60
 336 0014 0020     		movs	r0, #0
 337 0016 FFF7FEFF 		bl	SPI1_ReadWriteByte
 338              	.LVL35:
 600:Core/Src/flash.c ****     SPI1_ReadWriteByte(0x00);           // 地址位A7-A0
 339              		.loc 1 600 5 view .LVU61
 340 001a 0020     		movs	r0, #0
 341 001c FFF7FEFF 		bl	SPI1_ReadWriteByte
 342              	.LVL36:
 601:Core/Src/flash.c ****     id |= (uint16_t)SPI1_ReadWriteByte(0xFF) << 8; // 厂家ID 0xEF
 343              		.loc 1 601 5 view .LVU62
 344 0020 0020     		movs	r0, #0
 345 0022 FFF7FEFF 		bl	SPI1_ReadWriteByte
ARM GAS  C:\Users\84759\AppData\Local\Temp\ccDemNcb.s 			page 19


 346              	.LVL37:
 602:Core/Src/flash.c ****     id |= SPI1_ReadWriteByte(0xFF);                // 设备ID 0x17
 347              		.loc 1 602 5 view .LVU63
 602:Core/Src/flash.c ****     id |= SPI1_ReadWriteByte(0xFF);                // 设备ID 0x17
 348              		.loc 1 602 21 is_stmt 0 view .LVU64
 349 0026 FF20     		movs	r0, #255
 350 0028 FFF7FEFF 		bl	SPI1_ReadWriteByte
 351              	.LVL38:
 602:Core/Src/flash.c ****     id |= SPI1_ReadWriteByte(0xFF);                // 设备ID 0x17
 352              		.loc 1 602 46 view .LVU65
 353 002c 0402     		lsls	r4, r0, #8
 602:Core/Src/flash.c ****     id |= SPI1_ReadWriteByte(0xFF);                // 设备ID 0x17
 354              		.loc 1 602 8 view .LVU66
 355 002e A5B2     		uxth	r5, r4
 356              	.LVL39:
 603:Core/Src/flash.c ****     CS_HIGH;
 357              		.loc 1 603 5 is_stmt 1 view .LVU67
 603:Core/Src/flash.c ****     CS_HIGH;
 358              		.loc 1 603 11 is_stmt 0 view .LVU68
 359 0030 FF20     		movs	r0, #255
 360 0032 FFF7FEFF 		bl	SPI1_ReadWriteByte
 361              	.LVL40:
 362 0036 84B2     		uxth	r4, r0
 603:Core/Src/flash.c ****     CS_HIGH;
 363              		.loc 1 603 8 view .LVU69
 364 0038 2C43     		orrs	r4, r4, r5
 365              	.LVL41:
 604:Core/Src/flash.c ****     return id;
 366              		.loc 1 604 5 is_stmt 1 view .LVU70
 367 003a 0122     		movs	r2, #1
 368 003c 1021     		movs	r1, #16
 369 003e 3046     		mov	r0, r6
 370 0040 FFF7FEFF 		bl	HAL_GPIO_WritePin
 371              	.LVL42:
 605:Core/Src/flash.c **** }
 372              		.loc 1 605 5 view .LVU71
 606:Core/Src/flash.c **** 
 373              		.loc 1 606 1 is_stmt 0 view .LVU72
 374 0044 2046     		mov	r0, r4
 375 0046 70BD     		pop	{r4, r5, r6, pc}
 376              	.LVL43:
 377              	.L30:
 606:Core/Src/flash.c **** 
 378              		.loc 1 606 1 view .LVU73
 379              		.align	2
 380              	.L29:
 381 0048 00080140 		.word	1073809408
 382              		.cfi_endproc
 383              	.LFE71:
 385              		.section	.text.flash_erase_sector,"ax",%progbits
 386              		.align	1
 387              		.global	flash_erase_sector
 388              		.syntax unified
 389              		.thumb
 390              		.thumb_func
 392              	flash_erase_sector:
 393              	.LVL44:
ARM GAS  C:\Users\84759\AppData\Local\Temp\ccDemNcb.s 			page 20


 394              	.LFB72:
 610:Core/Src/flash.c ****     // 地址必须4KB扇区对齐（W25Q64硬件要求）
 395              		.loc 1 610 1 is_stmt 1 view -0
 396              		.cfi_startproc
 397              		@ args = 0, pretend = 0, frame = 0
 398              		@ frame_needed = 0, uses_anonymous_args = 0
 610:Core/Src/flash.c ****     // 地址必须4KB扇区对齐（W25Q64硬件要求）
 399              		.loc 1 610 1 is_stmt 0 view .LVU75
 400 0000 38B5     		push	{r3, r4, r5, lr}
 401              	.LCFI8:
 402              		.cfi_def_cfa_offset 16
 403              		.cfi_offset 3, -16
 404              		.cfi_offset 4, -12
 405              		.cfi_offset 5, -8
 406              		.cfi_offset 14, -4
 612:Core/Src/flash.c ****     
 407              		.loc 1 612 5 is_stmt 1 view .LVU76
 612:Core/Src/flash.c ****     
 408              		.loc 1 612 17 is_stmt 0 view .LVU77
 409 0002 C0F30B03 		ubfx	r3, r0, #0, #12
 612:Core/Src/flash.c ****     
 410              		.loc 1 612 7 view .LVU78
 411 0006 0BB1     		cbz	r3, .L35
 612:Core/Src/flash.c ****     
 412              		.loc 1 612 51 view .LVU79
 413 0008 0020     		movs	r0, #0
 414              	.LVL45:
 415              	.L31:
 625:Core/Src/flash.c **** 
 416              		.loc 1 625 1 view .LVU80
 417 000a 38BD     		pop	{r3, r4, r5, pc}
 418              	.LVL46:
 419              	.L35:
 625:Core/Src/flash.c **** 
 420              		.loc 1 625 1 view .LVU81
 421 000c 0446     		mov	r4, r0
 614:Core/Src/flash.c ****     CheckBusy();         // 等待前序操作完成
 422              		.loc 1 614 5 is_stmt 1 view .LVU82
 423 000e FFF7FEFF 		bl	W25Qxx_WriteEnable
 424              	.LVL47:
 615:Core/Src/flash.c ****     CS_LOW;
 425              		.loc 1 615 5 view .LVU83
 426 0012 FFF7FEFF 		bl	CheckBusy
 427              	.LVL48:
 616:Core/Src/flash.c ****     SPI1_ReadWriteByte(W25Q_EraseSector); // 4KB扇区擦除指令
 428              		.loc 1 616 5 view .LVU84
 429 0016 0E4D     		ldr	r5, .L36
 430 0018 0022     		movs	r2, #0
 431 001a 1021     		movs	r1, #16
 432 001c 2846     		mov	r0, r5
 433 001e FFF7FEFF 		bl	HAL_GPIO_WritePin
 434              	.LVL49:
 617:Core/Src/flash.c ****     // 发送24位擦除地址
 435              		.loc 1 617 5 view .LVU85
 436 0022 2020     		movs	r0, #32
 437 0024 FFF7FEFF 		bl	SPI1_ReadWriteByte
 438              	.LVL50:
ARM GAS  C:\Users\84759\AppData\Local\Temp\ccDemNcb.s 			page 21


 619:Core/Src/flash.c ****     SPI1_ReadWriteByte((address >> 8) & 0xFF);
 439              		.loc 1 619 5 view .LVU86
 440 0028 C4F30740 		ubfx	r0, r4, #16, #8
 441 002c FFF7FEFF 		bl	SPI1_ReadWriteByte
 442              	.LVL51:
 620:Core/Src/flash.c ****     SPI1_ReadWriteByte(address & 0xFF);
 443              		.loc 1 620 5 view .LVU87
 444 0030 C4F30720 		ubfx	r0, r4, #8, #8
 445 0034 FFF7FEFF 		bl	SPI1_ReadWriteByte
 446              	.LVL52:
 621:Core/Src/flash.c ****     CS_HIGH;
 447              		.loc 1 621 5 view .LVU88
 448 0038 E0B2     		uxtb	r0, r4
 449 003a FFF7FEFF 		bl	SPI1_ReadWriteByte
 450              	.LVL53:
 622:Core/Src/flash.c ****     CheckBusy();         // 等待擦除完成（擦除耗时约100ms）
 451              		.loc 1 622 5 view .LVU89
 452 003e 0122     		movs	r2, #1
 453 0040 1021     		movs	r1, #16
 454 0042 2846     		mov	r0, r5
 455 0044 FFF7FEFF 		bl	HAL_GPIO_WritePin
 456              	.LVL54:
 623:Core/Src/flash.c ****     return 1;            // 1=成功，对接diskio.c返回值逻辑
 457              		.loc 1 623 5 view .LVU90
 458 0048 FFF7FEFF 		bl	CheckBusy
 459              	.LVL55:
 624:Core/Src/flash.c **** }
 460              		.loc 1 624 5 view .LVU91
 624:Core/Src/flash.c **** }
 461              		.loc 1 624 12 is_stmt 0 view .LVU92
 462 004c 0120     		movs	r0, #1
 463 004e DCE7     		b	.L31
 464              	.L37:
 465              		.align	2
 466              	.L36:
 467 0050 00080140 		.word	1073809408
 468              		.cfi_endproc
 469              	.LFE72:
 471              		.section	.text.flash_write_data,"ax",%progbits
 472              		.align	1
 473              		.global	flash_write_data
 474              		.syntax unified
 475              		.thumb
 476              		.thumb_func
 478              	flash_write_data:
 479              	.LVL56:
 480              	.LFB74:
 649:Core/Src/flash.c **** 
 650:Core/Src/flash.c **** // 通用写数据（支持任意长度，自动分包，对接diskio.c，返回1=成功，0=失败）
 651:Core/Src/flash.c **** int flash_write_data(uint32_t address, uint8_t* buffer, uint16_t length)
 652:Core/Src/flash.c **** {
 481              		.loc 1 652 1 is_stmt 1 view -0
 482              		.cfi_startproc
 483              		@ args = 0, pretend = 0, frame = 0
 484              		@ frame_needed = 0, uses_anonymous_args = 0
 653:Core/Src/flash.c ****     // 参数合法性校验
 654:Core/Src/flash.c ****     if(buffer == NULL || length == 0 || address > FLASH_END_ADDR) return 0;
ARM GAS  C:\Users\84759\AppData\Local\Temp\ccDemNcb.s 			page 22


 485              		.loc 1 654 5 view .LVU94
 486              		.loc 1 654 7 is_stmt 0 view .LVU95
 487 0000 09B3     		cbz	r1, .L42
 652:Core/Src/flash.c ****     // 参数合法性校验
 488              		.loc 1 652 1 discriminator 2 view .LVU96
 489 0002 F8B5     		push	{r3, r4, r5, r6, r7, lr}
 490              	.LCFI9:
 491              		.cfi_def_cfa_offset 24
 492              		.cfi_offset 3, -24
 493              		.cfi_offset 4, -20
 494              		.cfi_offset 5, -16
 495              		.cfi_offset 6, -12
 496              		.cfi_offset 7, -8
 497              		.cfi_offset 14, -4
 498 0004 0646     		mov	r6, r0
 499 0006 1546     		mov	r5, r2
 500 0008 0F46     		mov	r7, r1
 501              		.loc 1 654 23 discriminator 2 view .LVU97
 502 000a F2B1     		cbz	r2, .L43
 503              		.loc 1 654 38 discriminator 4 view .LVU98
 504 000c B0F5000F 		cmp	r0, #8388608
 505 0010 1DD2     		bcs	.L44
 655:Core/Src/flash.c ****     if((address + length) > (FLASH_END_ADDR + 1)) return 0; // 地址越界
 506              		.loc 1 655 5 is_stmt 1 view .LVU99
 507              		.loc 1 655 17 is_stmt 0 view .LVU100
 508 0012 1318     		adds	r3, r2, r0
 509              		.loc 1 655 7 view .LVU101
 510 0014 B3F5000F 		cmp	r3, #8388608
 511 0018 1BD8     		bhi	.L51
 512              	.LVL57:
 513              	.L40:
 656:Core/Src/flash.c ****     
 657:Core/Src/flash.c ****     uint16_t remain_size = length;
 658:Core/Src/flash.c ****     uint16_t write_size = 0;
 659:Core/Src/flash.c ****     uint32_t curr_addr = address;
 660:Core/Src/flash.c ****     uint8_t* curr_buff = buffer;
 661:Core/Src/flash.c **** 
 662:Core/Src/flash.c ****     // 循环分包写入（按256字节页拆分）
 663:Core/Src/flash.c ****     while(remain_size > 0)
 514              		.loc 1 663 10 is_stmt 1 view .LVU102
 515 001a 95B1     		cbz	r5, .L52
 664:Core/Src/flash.c ****     {
 665:Core/Src/flash.c ****         write_size = PAGE_SIZE - (curr_addr & (PAGE_SIZE - 1)); // 计算当前页剩余可写字节
 516              		.loc 1 665 9 view .LVU103
 517              		.loc 1 665 45 is_stmt 0 view .LVU104
 518 001c F4B2     		uxtb	r4, r6
 519              		.loc 1 665 20 view .LVU105
 520 001e C4F58074 		rsb	r4, r4, #256
 521 0022 A4B2     		uxth	r4, r4
 522              	.LVL58:
 666:Core/Src/flash.c ****         write_size = (write_size > remain_size) ? remain_size : write_size;
 523              		.loc 1 666 9 is_stmt 1 view .LVU106
 524              		.loc 1 666 20 is_stmt 0 view .LVU107
 525 0024 AC42     		cmp	r4, r5
 526 0026 28BF     		it	cs
 527 0028 2C46     		movcs	r4, r5
 528              	.LVL59:
ARM GAS  C:\Users\84759\AppData\Local\Temp\ccDemNcb.s 			page 23


 667:Core/Src/flash.c ****         // 页写入失败则整体返回失败
 668:Core/Src/flash.c ****         if(W25Q_PageWrite(curr_addr, curr_buff, write_size) != 1)
 529              		.loc 1 668 9 is_stmt 1 view .LVU108
 530              		.loc 1 668 12 is_stmt 0 view .LVU109
 531 002a 2246     		mov	r2, r4
 532 002c 3946     		mov	r1, r7
 533 002e 3046     		mov	r0, r6
 534 0030 FFF7FEFF 		bl	W25Q_PageWrite
 535              	.LVL60:
 536              		.loc 1 668 11 view .LVU110
 537 0034 0128     		cmp	r0, #1
 538 0036 0ED1     		bne	.L46
 669:Core/Src/flash.c ****         {
 670:Core/Src/flash.c ****             return 0;
 671:Core/Src/flash.c ****         }
 672:Core/Src/flash.c ****         // 更新地址和缓冲区
 673:Core/Src/flash.c ****         curr_addr += write_size;
 539              		.loc 1 673 9 is_stmt 1 view .LVU111
 540              		.loc 1 673 19 is_stmt 0 view .LVU112
 541 0038 2644     		add	r6, r6, r4
 542              	.LVL61:
 674:Core/Src/flash.c ****         curr_buff += write_size;
 543              		.loc 1 674 9 is_stmt 1 view .LVU113
 544              		.loc 1 674 19 is_stmt 0 view .LVU114
 545 003a 2744     		add	r7, r7, r4
 546              	.LVL62:
 675:Core/Src/flash.c ****         remain_size -= write_size;
 547              		.loc 1 675 9 is_stmt 1 view .LVU115
 548              		.loc 1 675 21 is_stmt 0 view .LVU116
 549 003c 2C1B     		subs	r4, r5, r4
 550              	.LVL63:
 551              		.loc 1 675 21 view .LVU117
 552 003e A5B2     		uxth	r5, r4
 553              	.LVL64:
 554              		.loc 1 675 21 view .LVU118
 555 0040 EBE7     		b	.L40
 556              	.L52:
 676:Core/Src/flash.c ****     }
 677:Core/Src/flash.c ****     return 1; // 全部写入成功
 557              		.loc 1 677 12 view .LVU119
 558 0042 0120     		movs	r0, #1
 559 0044 02E0     		b	.L38
 560              	.LVL65:
 561              	.L42:
 562              	.LCFI10:
 563              		.cfi_def_cfa_offset 0
 564              		.cfi_restore 3
 565              		.cfi_restore 4
 566              		.cfi_restore 5
 567              		.cfi_restore 6
 568              		.cfi_restore 7
 569              		.cfi_restore 14
 654:Core/Src/flash.c ****     if((address + length) > (FLASH_END_ADDR + 1)) return 0; // 地址越界
 570              		.loc 1 654 74 view .LVU120
 571 0046 0020     		movs	r0, #0
 572              	.LVL66:
 678:Core/Src/flash.c **** }
ARM GAS  C:\Users\84759\AppData\Local\Temp\ccDemNcb.s 			page 24


 573              		.loc 1 678 1 view .LVU121
 574 0048 7047     		bx	lr
 575              	.LVL67:
 576              	.L43:
 577              	.LCFI11:
 578              		.cfi_def_cfa_offset 24
 579              		.cfi_offset 3, -24
 580              		.cfi_offset 4, -20
 581              		.cfi_offset 5, -16
 582              		.cfi_offset 6, -12
 583              		.cfi_offset 7, -8
 584              		.cfi_offset 14, -4
 654:Core/Src/flash.c ****     if((address + length) > (FLASH_END_ADDR + 1)) return 0; // 地址越界
 585              		.loc 1 654 74 view .LVU122
 586 004a 0020     		movs	r0, #0
 587              	.LVL68:
 588              	.L38:
 589              		.loc 1 678 1 view .LVU123
 590 004c F8BD     		pop	{r3, r4, r5, r6, r7, pc}
 591              	.LVL69:
 592              	.L44:
 654:Core/Src/flash.c ****     if((address + length) > (FLASH_END_ADDR + 1)) return 0; // 地址越界
 593              		.loc 1 654 74 view .LVU124
 594 004e 0020     		movs	r0, #0
 595              	.LVL70:
 654:Core/Src/flash.c ****     if((address + length) > (FLASH_END_ADDR + 1)) return 0; // 地址越界
 596              		.loc 1 654 74 view .LVU125
 597 0050 FCE7     		b	.L38
 598              	.LVL71:
 599              	.L51:
 655:Core/Src/flash.c ****     
 600              		.loc 1 655 58 view .LVU126
 601 0052 0020     		movs	r0, #0
 602              	.LVL72:
 655:Core/Src/flash.c ****     
 603              		.loc 1 655 58 view .LVU127
 604 0054 FAE7     		b	.L38
 605              	.LVL73:
 606              	.L46:
 670:Core/Src/flash.c ****         }
 607              		.loc 1 670 20 view .LVU128
 608 0056 0020     		movs	r0, #0
 609 0058 F8E7     		b	.L38
 610              		.cfi_endproc
 611              	.LFE74:
 613              		.section	.text.flash_read_data,"ax",%progbits
 614              		.align	1
 615              		.global	flash_read_data
 616              		.syntax unified
 617              		.thumb
 618              		.thumb_func
 620              	flash_read_data:
 621              	.LVL74:
 622              	.LFB75:
 679:Core/Src/flash.c **** 
 680:Core/Src/flash.c **** // 通用读数据（支持任意长度，对接diskio.c，返回1=成功，0=失败）
 681:Core/Src/flash.c **** int flash_read_data(uint32_t address, uint8_t* buffer, uint16_t length)
ARM GAS  C:\Users\84759\AppData\Local\Temp\ccDemNcb.s 			page 25


 682:Core/Src/flash.c **** {
 623              		.loc 1 682 1 is_stmt 1 view -0
 624              		.cfi_startproc
 625              		@ args = 0, pretend = 0, frame = 0
 626              		@ frame_needed = 0, uses_anonymous_args = 0
 683:Core/Src/flash.c ****     // 参数合法性校验
 684:Core/Src/flash.c ****     if(buffer == NULL || length == 0 || address > FLASH_END_ADDR) return 0;
 627              		.loc 1 684 5 view .LVU130
 628              		.loc 1 684 7 is_stmt 0 view .LVU131
 629 0000 99B3     		cbz	r1, .L57
 682:Core/Src/flash.c ****     // 参数合法性校验
 630              		.loc 1 682 1 discriminator 2 view .LVU132
 631 0002 70B5     		push	{r4, r5, r6, lr}
 632              	.LCFI12:
 633              		.cfi_def_cfa_offset 16
 634              		.cfi_offset 4, -16
 635              		.cfi_offset 5, -12
 636              		.cfi_offset 6, -8
 637              		.cfi_offset 14, -4
 638 0004 0446     		mov	r4, r0
 639 0006 1546     		mov	r5, r2
 640 0008 0E46     		mov	r6, r1
 641              		.loc 1 684 23 discriminator 2 view .LVU133
 642 000a 82B3     		cbz	r2, .L58
 643              		.loc 1 684 38 discriminator 4 view .LVU134
 644 000c B0F5000F 		cmp	r0, #8388608
 645 0010 2FD2     		bcs	.L59
 685:Core/Src/flash.c ****     if((address + length) > (FLASH_END_ADDR + 1)) return 0;
 646              		.loc 1 685 5 is_stmt 1 view .LVU135
 647              		.loc 1 685 17 is_stmt 0 view .LVU136
 648 0012 1318     		adds	r3, r2, r0
 649              		.loc 1 685 7 view .LVU137
 650 0014 B3F5000F 		cmp	r3, #8388608
 651 0018 01D9     		bls	.L65
 652              		.loc 1 685 58 view .LVU138
 653 001a 0020     		movs	r0, #0
 654              	.LVL75:
 655              		.loc 1 685 58 view .LVU139
 656 001c 28E0     		b	.L53
 657              	.LVL76:
 658              	.L65:
 686:Core/Src/flash.c **** 
 687:Core/Src/flash.c ****     CheckBusy();
 659              		.loc 1 687 5 is_stmt 1 view .LVU140
 660 001e FFF7FEFF 		bl	CheckBusy
 661              	.LVL77:
 688:Core/Src/flash.c ****     CS_LOW;
 662              		.loc 1 688 5 view .LVU141
 663 0022 0022     		movs	r2, #0
 664 0024 1021     		movs	r1, #16
 665 0026 1448     		ldr	r0, .L66
 666 0028 FFF7FEFF 		bl	HAL_GPIO_WritePin
 667              	.LVL78:
 689:Core/Src/flash.c ****     SPI1_ReadWriteByte(W25Q_ReadData); // 读数据指令
 668              		.loc 1 689 5 view .LVU142
 669 002c 0320     		movs	r0, #3
 670 002e FFF7FEFF 		bl	SPI1_ReadWriteByte
ARM GAS  C:\Users\84759\AppData\Local\Temp\ccDemNcb.s 			page 26


 671              	.LVL79:
 690:Core/Src/flash.c ****     // 发送24位读取地址
 691:Core/Src/flash.c ****     SPI1_ReadWriteByte((address >> 16) & 0xFF);
 672              		.loc 1 691 5 view .LVU143
 673 0032 C4F30740 		ubfx	r0, r4, #16, #8
 674 0036 FFF7FEFF 		bl	SPI1_ReadWriteByte
 675              	.LVL80:
 692:Core/Src/flash.c ****     SPI1_ReadWriteByte((address >> 8) & 0xFF);
 676              		.loc 1 692 5 view .LVU144
 677 003a C4F30720 		ubfx	r0, r4, #8, #8
 678 003e FFF7FEFF 		bl	SPI1_ReadWriteByte
 679              	.LVL81:
 693:Core/Src/flash.c ****     SPI1_ReadWriteByte(address & 0xFF);
 680              		.loc 1 693 5 view .LVU145
 681 0042 E0B2     		uxtb	r0, r4
 682 0044 FFF7FEFF 		bl	SPI1_ReadWriteByte
 683              	.LVL82:
 694:Core/Src/flash.c ****     // 读取数据到缓冲区
 695:Core/Src/flash.c ****     for(uint16_t i=0; i<length; i++)
 684              		.loc 1 695 5 view .LVU146
 685              	.LBB3:
 686              		.loc 1 695 9 view .LVU147
 687              		.loc 1 695 18 is_stmt 0 view .LVU148
 688 0048 0024     		movs	r4, #0
 689              	.LVL83:
 690              		.loc 1 695 5 view .LVU149
 691 004a 05E0     		b	.L55
 692              	.LVL84:
 693              	.L56:
 696:Core/Src/flash.c ****     {
 697:Core/Src/flash.c ****         buffer[i] = SPI1_ReadWriteByte(0xFF);
 694              		.loc 1 697 9 is_stmt 1 discriminator 3 view .LVU150
 695              		.loc 1 697 21 is_stmt 0 discriminator 3 view .LVU151
 696 004c FF20     		movs	r0, #255
 697 004e FFF7FEFF 		bl	SPI1_ReadWriteByte
 698              	.LVL85:
 699              		.loc 1 697 19 discriminator 3 view .LVU152
 700 0052 3055     		strb	r0, [r6, r4]
 695:Core/Src/flash.c ****     {
 701              		.loc 1 695 33 is_stmt 1 discriminator 3 view .LVU153
 695:Core/Src/flash.c ****     {
 702              		.loc 1 695 34 is_stmt 0 discriminator 3 view .LVU154
 703 0054 0134     		adds	r4, r4, #1
 704              	.LVL86:
 695:Core/Src/flash.c ****     {
 705              		.loc 1 695 34 discriminator 3 view .LVU155
 706 0056 A4B2     		uxth	r4, r4
 707              	.LVL87:
 708              	.L55:
 695:Core/Src/flash.c ****     {
 709              		.loc 1 695 23 is_stmt 1 discriminator 1 view .LVU156
 695:Core/Src/flash.c ****     {
 710              		.loc 1 695 5 is_stmt 0 discriminator 1 view .LVU157
 711 0058 AC42     		cmp	r4, r5
 712 005a F7D3     		bcc	.L56
 713              	.LBE3:
 698:Core/Src/flash.c ****     }
ARM GAS  C:\Users\84759\AppData\Local\Temp\ccDemNcb.s 			page 27


 699:Core/Src/flash.c ****     CS_HIGH;
 714              		.loc 1 699 5 is_stmt 1 view .LVU158
 715 005c 0122     		movs	r2, #1
 716 005e 1021     		movs	r1, #16
 717 0060 0548     		ldr	r0, .L66
 718 0062 FFF7FEFF 		bl	HAL_GPIO_WritePin
 719              	.LVL88:
 700:Core/Src/flash.c ****     return 1; // 1=成功，对接diskio.c返回值逻辑
 720              		.loc 1 700 5 view .LVU159
 721              		.loc 1 700 12 is_stmt 0 view .LVU160
 722 0066 0120     		movs	r0, #1
 723 0068 02E0     		b	.L53
 724              	.LVL89:
 725              	.L57:
 726              	.LCFI13:
 727              		.cfi_def_cfa_offset 0
 728              		.cfi_restore 4
 729              		.cfi_restore 5
 730              		.cfi_restore 6
 731              		.cfi_restore 14
 684:Core/Src/flash.c ****     if((address + length) > (FLASH_END_ADDR + 1)) return 0;
 732              		.loc 1 684 74 view .LVU161
 733 006a 0020     		movs	r0, #0
 734              	.LVL90:
 701:Core/Src/flash.c **** }
 735              		.loc 1 701 1 view .LVU162
 736 006c 7047     		bx	lr
 737              	.LVL91:
 738              	.L58:
 739              	.LCFI14:
 740              		.cfi_def_cfa_offset 16
 741              		.cfi_offset 4, -16
 742              		.cfi_offset 5, -12
 743              		.cfi_offset 6, -8
 744              		.cfi_offset 14, -4
 684:Core/Src/flash.c ****     if((address + length) > (FLASH_END_ADDR + 1)) return 0;
 745              		.loc 1 684 74 view .LVU163
 746 006e 0020     		movs	r0, #0
 747              	.LVL92:
 748              	.L53:
 749              		.loc 1 701 1 view .LVU164
 750 0070 70BD     		pop	{r4, r5, r6, pc}
 751              	.LVL93:
 752              	.L59:
 684:Core/Src/flash.c ****     if((address + length) > (FLASH_END_ADDR + 1)) return 0;
 753              		.loc 1 684 74 view .LVU165
 754 0072 0020     		movs	r0, #0
 755              	.LVL94:
 684:Core/Src/flash.c ****     if((address + length) > (FLASH_END_ADDR + 1)) return 0;
 756              		.loc 1 684 74 view .LVU166
 757 0074 FCE7     		b	.L53
 758              	.L67:
 759 0076 00BF     		.align	2
 760              	.L66:
 761 0078 00080140 		.word	1073809408
 762              		.cfi_endproc
 763              	.LFE75:
ARM GAS  C:\Users\84759\AppData\Local\Temp\ccDemNcb.s 			page 28


 765              		.text
 766              	.Letext0:
 767              		.file 2 "d:\\mingw\\gcc-arm-none-eabi-10.3-2021.10-win32\\gcc-arm-none-eabi-10.3-2021.10\\arm-none
 768              		.file 3 "d:\\mingw\\gcc-arm-none-eabi-10.3-2021.10-win32\\gcc-arm-none-eabi-10.3-2021.10\\arm-none
 769              		.file 4 "Drivers/CMSIS/Device/ST/STM32F1xx/Include/stm32f103xe.h"
 770              		.file 5 "Drivers/STM32F1xx_HAL_Driver/Inc/stm32f1xx_hal_def.h"
 771              		.file 6 "Drivers/STM32F1xx_HAL_Driver/Inc/stm32f1xx_hal_gpio.h"
 772              		.file 7 "Drivers/STM32F1xx_HAL_Driver/Inc/stm32f1xx_hal_dma.h"
 773              		.file 8 "Drivers/STM32F1xx_HAL_Driver/Inc/stm32f1xx_hal_spi.h"
 774              		.file 9 "Core/Inc/spi.h"
 775              		.file 10 "Drivers/STM32F1xx_HAL_Driver/Inc/stm32f1xx_hal.h"
ARM GAS  C:\Users\84759\AppData\Local\Temp\ccDemNcb.s 			page 29


DEFINED SYMBOLS
                            *ABS*:00000000 flash.c
C:\Users\84759\AppData\Local\Temp\ccDemNcb.s:18     .text.SPI1_ReadWriteByte:00000000 $t
C:\Users\84759\AppData\Local\Temp\ccDemNcb.s:23     .text.SPI1_ReadWriteByte:00000000 SPI1_ReadWriteByte
C:\Users\84759\AppData\Local\Temp\ccDemNcb.s:66     .text.SPI1_ReadWriteByte:0000002c $d
C:\Users\84759\AppData\Local\Temp\ccDemNcb.s:71     .text.W25Qxx_WriteEnable:00000000 $t
C:\Users\84759\AppData\Local\Temp\ccDemNcb.s:76     .text.W25Qxx_WriteEnable:00000000 W25Qxx_WriteEnable
C:\Users\84759\AppData\Local\Temp\ccDemNcb.s:113    .text.W25Qxx_WriteEnable:00000028 $d
C:\Users\84759\AppData\Local\Temp\ccDemNcb.s:118    .text.CheckBusy:00000000 $t
C:\Users\84759\AppData\Local\Temp\ccDemNcb.s:124    .text.CheckBusy:00000000 CheckBusy
C:\Users\84759\AppData\Local\Temp\ccDemNcb.s:171    .text.CheckBusy:0000002c $d
C:\Users\84759\AppData\Local\Temp\ccDemNcb.s:176    .text.W25Q_PageWrite:00000000 $t
C:\Users\84759\AppData\Local\Temp\ccDemNcb.s:181    .text.W25Q_PageWrite:00000000 W25Q_PageWrite
C:\Users\84759\AppData\Local\Temp\ccDemNcb.s:298    .text.W25Q_PageWrite:00000070 $d
C:\Users\84759\AppData\Local\Temp\ccDemNcb.s:303    .text.flash_device_id:00000000 $t
C:\Users\84759\AppData\Local\Temp\ccDemNcb.s:309    .text.flash_device_id:00000000 flash_device_id
C:\Users\84759\AppData\Local\Temp\ccDemNcb.s:381    .text.flash_device_id:00000048 $d
C:\Users\84759\AppData\Local\Temp\ccDemNcb.s:386    .text.flash_erase_sector:00000000 $t
C:\Users\84759\AppData\Local\Temp\ccDemNcb.s:392    .text.flash_erase_sector:00000000 flash_erase_sector
C:\Users\84759\AppData\Local\Temp\ccDemNcb.s:467    .text.flash_erase_sector:00000050 $d
C:\Users\84759\AppData\Local\Temp\ccDemNcb.s:472    .text.flash_write_data:00000000 $t
C:\Users\84759\AppData\Local\Temp\ccDemNcb.s:478    .text.flash_write_data:00000000 flash_write_data
C:\Users\84759\AppData\Local\Temp\ccDemNcb.s:614    .text.flash_read_data:00000000 $t
C:\Users\84759\AppData\Local\Temp\ccDemNcb.s:620    .text.flash_read_data:00000000 flash_read_data
C:\Users\84759\AppData\Local\Temp\ccDemNcb.s:761    .text.flash_read_data:00000078 $d

UNDEFINED SYMBOLS
HAL_SPI_TransmitReceive
hspi1
HAL_GPIO_WritePin
HAL_Delay
