ARM GAS  C:\Users\86134\AppData\Local\Temp\ccn6JGM0.s 			page 1


   1              		.cpu cortex-m3
   2              		.eabi_attribute 20, 1
   3              		.eabi_attribute 21, 1
   4              		.eabi_attribute 23, 3
   5              		.eabi_attribute 24, 1
   6              		.eabi_attribute 25, 1
   7              		.eabi_attribute 26, 1
   8              		.eabi_attribute 30, 6
   9              		.eabi_attribute 34, 1
  10              		.eabi_attribute 18, 4
  11              		.file	"key.c"
  12              		.text
  13              	.Ltext0:
  14              		.cfi_sections	.debug_frame
  15              		.section	.text.Key_Init,"ax",%progbits
  16              		.align	1
  17              		.global	Key_Init
  18              		.arch armv7-m
  19              		.syntax unified
  20              		.thumb
  21              		.thumb_func
  22              		.fpu softvfp
  24              	Key_Init:
  25              	.LFB32:
  26              		.file 1 "./Hardware/hardware/key.c"
   1:./Hardware/hardware/key.c **** #include "key.h"
   2:./Hardware/hardware/key.c **** 
   3:./Hardware/hardware/key.c **** 
   4:./Hardware/hardware/key.c **** void Key_Init(void)
   5:./Hardware/hardware/key.c **** {
  27              		.loc 1 5 1
  28              		.cfi_startproc
  29              		@ args = 0, pretend = 0, frame = 8
  30              		@ frame_needed = 1, uses_anonymous_args = 0
  31 0000 80B5     		push	{r7, lr}
  32              	.LCFI0:
  33              		.cfi_def_cfa_offset 8
  34              		.cfi_offset 7, -8
  35              		.cfi_offset 14, -4
  36 0002 82B0     		sub	sp, sp, #8
  37              	.LCFI1:
  38              		.cfi_def_cfa_offset 16
  39 0004 00AF     		add	r7, sp, #0
  40              	.LCFI2:
  41              		.cfi_def_cfa_register 7
   6:./Hardware/hardware/key.c **** 	RCC_APB2PeriphClockCmd(RCC_APB2Periph_GPIOB, ENABLE);
  42              		.loc 1 6 2
  43 0006 0121     		movs	r1, #1
  44 0008 0820     		movs	r0, #8
  45 000a FFF7FEFF 		bl	RCC_APB2PeriphClockCmd
   7:./Hardware/hardware/key.c **** 	RCC_APB2PeriphClockCmd(RCC_APB2Periph_AFIO, ENABLE);
  46              		.loc 1 7 2
  47 000e 0121     		movs	r1, #1
  48 0010 0120     		movs	r0, #1
  49 0012 FFF7FEFF 		bl	RCC_APB2PeriphClockCmd
   8:./Hardware/hardware/key.c **** 
   9:./Hardware/hardware/key.c **** 	GPIO_InitTypeDef GPIO_InitStructure;
ARM GAS  C:\Users\86134\AppData\Local\Temp\ccn6JGM0.s 			page 2


  10:./Hardware/hardware/key.c **** 
  11:./Hardware/hardware/key.c **** 	GPIO_InitStructure.GPIO_Mode = GPIO_Mode_IPU;
  50              		.loc 1 11 31
  51 0016 4823     		movs	r3, #72
  52 0018 FB71     		strb	r3, [r7, #7]
  12:./Hardware/hardware/key.c **** 	GPIO_InitStructure.GPIO_Pin = GPIO_Pin_14 | GPIO_Pin_12 | GPIO_Pin_13 | GPIO_Pin_15;
  53              		.loc 1 12 30
  54 001a 4FF47043 		mov	r3, #61440
  55 001e BB80     		strh	r3, [r7, #4]	@ movhi
  13:./Hardware/hardware/key.c **** 	GPIO_InitStructure.GPIO_Speed = GPIO_Speed_50MHz;
  56              		.loc 1 13 32
  57 0020 0323     		movs	r3, #3
  58 0022 BB71     		strb	r3, [r7, #6]
  14:./Hardware/hardware/key.c **** 	GPIO_Init(GPIOB, &GPIO_InitStructure);
  59              		.loc 1 14 2
  60 0024 3B1D     		adds	r3, r7, #4
  61 0026 1946     		mov	r1, r3
  62 0028 0348     		ldr	r0, .L2
  63 002a FFF7FEFF 		bl	GPIO_Init
  15:./Hardware/hardware/key.c **** 	
  16:./Hardware/hardware/key.c **** 	
  17:./Hardware/hardware/key.c **** //	GPIO_EXTILineConfig(GPIO_PortSourceGPIOB, GPIO_PinSource12);
  18:./Hardware/hardware/key.c **** //	GPIO_EXTILineConfig(GPIO_PortSourceGPIOB, GPIO_PinSource13);
  19:./Hardware/hardware/key.c **** //	GPIO_EXTILineConfig(GPIO_PortSourceGPIOB, GPIO_PinSource14);
  20:./Hardware/hardware/key.c **** //	GPIO_EXTILineConfig(GPIO_PortSourceGPIOB, GPIO_PinSource15);
  21:./Hardware/hardware/key.c **** //	
  22:./Hardware/hardware/key.c **** //	EXTI_InitTypeDef EXTI_InitStructure;
  23:./Hardware/hardware/key.c **** //	EXTI_InitStructure.EXTI_Line = EXTI_Line12 | EXTI_Line13 | EXTI_Line14 | EXTI_Line15;
  24:./Hardware/hardware/key.c **** //	EXTI_InitStructure.EXTI_LineCmd = ENABLE;
  25:./Hardware/hardware/key.c **** //	EXTI_InitStructure.EXTI_Mode = EXTI_Mode_Interrupt;
  26:./Hardware/hardware/key.c **** //	EXTI_InitStructure.EXTI_Trigger = EXTI_Trigger_Rising;		//Rising_Falling;
  27:./Hardware/hardware/key.c **** //	EXTI_Init(&EXTI_InitStructure);
  28:./Hardware/hardware/key.c **** //	
  29:./Hardware/hardware/key.c **** //	NVIC_PriorityGroupConfig(NVIC_PriorityGroup_0);
  30:./Hardware/hardware/key.c **** //	
  31:./Hardware/hardware/key.c **** //	NVIC_InitTypeDef NVIC_InitStructure;
  32:./Hardware/hardware/key.c **** //	NVIC_InitStructure.NVIC_IRQChannel = EXTI15_10_IRQn;
  33:./Hardware/hardware/key.c **** //	NVIC_InitStructure.NVIC_IRQChannelCmd = ENABLE;
  34:./Hardware/hardware/key.c **** //	NVIC_InitStructure.NVIC_IRQChannelPreemptionPriority = 0;
  35:./Hardware/hardware/key.c **** //	NVIC_InitStructure.NVIC_IRQChannelSubPriority = 0;
  36:./Hardware/hardware/key.c **** //	NVIC_Init(&NVIC_InitStructure);
  37:./Hardware/hardware/key.c **** 	
  38:./Hardware/hardware/key.c **** }
  64              		.loc 1 38 1
  65 002e 00BF     		nop
  66 0030 0837     		adds	r7, r7, #8
  67              	.LCFI3:
  68              		.cfi_def_cfa_offset 8
  69 0032 BD46     		mov	sp, r7
  70              	.LCFI4:
  71              		.cfi_def_cfa_register 13
  72              		@ sp needed
  73 0034 80BD     		pop	{r7, pc}
  74              	.L3:
  75 0036 00BF     		.align	2
  76              	.L2:
  77 0038 000C0140 		.word	1073810432
ARM GAS  C:\Users\86134\AppData\Local\Temp\ccn6JGM0.s 			page 3


  78              		.cfi_endproc
  79              	.LFE32:
  81              		.text
  82              	.Letext0:
  83              		.file 2 "c:\\stm32soft\\gcc\\gcc-arm-none-eabi-10-2020-q4-major-win32\\gcc-arm-none-eabi-10-2020-q
  84              		.file 3 "c:\\stm32soft\\gcc\\gcc-arm-none-eabi-10-2020-q4-major-win32\\gcc-arm-none-eabi-10-2020-q
  85              		.file 4 "./Libraries/CMSIS/stm32f10x.h"
  86              		.file 5 "./Libraries/STM32F10x_StdPeriph_Driver/inc/stm32f10x_gpio.h"
ARM GAS  C:\Users\86134\AppData\Local\Temp\ccn6JGM0.s 			page 4


DEFINED SYMBOLS
                            *ABS*:00000000 key.c
C:\Users\86134\AppData\Local\Temp\ccn6JGM0.s:16     .text.Key_Init:00000000 $t
C:\Users\86134\AppData\Local\Temp\ccn6JGM0.s:24     .text.Key_Init:00000000 Key_Init
C:\Users\86134\AppData\Local\Temp\ccn6JGM0.s:77     .text.Key_Init:00000038 $d

UNDEFINED SYMBOLS
RCC_APB2PeriphClockCmd
GPIO_Init
