ARM GAS  C:\Users\86134\AppData\Local\Temp\cc4onGyW.s 			page 1


   1              		.cpu cortex-m3
   2              		.eabi_attribute 20, 1
   3              		.eabi_attribute 21, 1
   4              		.eabi_attribute 23, 3
   5              		.eabi_attribute 24, 1
   6              		.eabi_attribute 25, 1
   7              		.eabi_attribute 26, 1
   8              		.eabi_attribute 30, 6
   9              		.eabi_attribute 34, 1
  10              		.eabi_attribute 18, 4
  11              		.file	"led.c"
  12              		.text
  13              	.Ltext0:
  14              		.cfi_sections	.debug_frame
  15              		.section	.text.LED_GPIO_Config,"ax",%progbits
  16              		.align	1
  17              		.global	LED_GPIO_Config
  18              		.arch armv7-m
  19              		.syntax unified
  20              		.thumb
  21              		.thumb_func
  22              		.fpu softvfp
  24              	LED_GPIO_Config:
  25              	.LFB29:
  26              		.file 1 "./Hardware/hardware/led.c"
   1:./Hardware/hardware/led.c **** #include "led.h"
   2:./Hardware/hardware/led.c **** 
   3:./Hardware/hardware/led.c **** 
   4:./Hardware/hardware/led.c **** void LED_GPIO_Config(void)
   5:./Hardware/hardware/led.c **** {
  27              		.loc 1 5 1
  28              		.cfi_startproc
  29              		@ args = 0, pretend = 0, frame = 8
  30              		@ frame_needed = 1, uses_anonymous_args = 0
  31 0000 80B5     		push	{r7, lr}
  32              	.LCFI0:
  33              		.cfi_def_cfa_offset 8
  34              		.cfi_offset 7, -8
  35              		.cfi_offset 14, -4
  36 0002 82B0     		sub	sp, sp, #8
  37              	.LCFI1:
  38              		.cfi_def_cfa_offset 16
  39 0004 00AF     		add	r7, sp, #0
  40              	.LCFI2:
  41              		.cfi_def_cfa_register 7
   6:./Hardware/hardware/led.c **** 	GPIO_InitTypeDef  GPIO_InitStruct;
   7:./Hardware/hardware/led.c **** 	
   8:./Hardware/hardware/led.c **** 	RCC_APB2PeriphClockCmd(RCC_APB2Periph_GPIOB, ENABLE);
  42              		.loc 1 8 2
  43 0006 0121     		movs	r1, #1
  44 0008 0820     		movs	r0, #8
  45 000a FFF7FEFF 		bl	RCC_APB2PeriphClockCmd
   9:./Hardware/hardware/led.c **** 	
  10:./Hardware/hardware/led.c **** 	GPIO_InitStruct.GPIO_Pin = GPIO_Pin_8;
  46              		.loc 1 10 27
  47 000e 4FF48073 		mov	r3, #256
  48 0012 BB80     		strh	r3, [r7, #4]	@ movhi
ARM GAS  C:\Users\86134\AppData\Local\Temp\cc4onGyW.s 			page 2


  11:./Hardware/hardware/led.c **** 	GPIO_InitStruct.GPIO_Mode = GPIO_Mode_Out_PP;
  49              		.loc 1 11 28
  50 0014 1023     		movs	r3, #16
  51 0016 FB71     		strb	r3, [r7, #7]
  12:./Hardware/hardware/led.c **** 	GPIO_InitStruct.GPIO_Speed = GPIO_Speed_50MHz;
  52              		.loc 1 12 29
  53 0018 0323     		movs	r3, #3
  54 001a BB71     		strb	r3, [r7, #6]
  13:./Hardware/hardware/led.c **** 	
  14:./Hardware/hardware/led.c **** 	GPIO_Init(GPIOB, &GPIO_InitStruct);	
  55              		.loc 1 14 2
  56 001c 3B1D     		adds	r3, r7, #4
  57 001e 1946     		mov	r1, r3
  58 0020 0348     		ldr	r0, .L2
  59 0022 FFF7FEFF 		bl	GPIO_Init
  15:./Hardware/hardware/led.c **** 	
  16:./Hardware/hardware/led.c **** }
  60              		.loc 1 16 1
  61 0026 00BF     		nop
  62 0028 0837     		adds	r7, r7, #8
  63              	.LCFI3:
  64              		.cfi_def_cfa_offset 8
  65 002a BD46     		mov	sp, r7
  66              	.LCFI4:
  67              		.cfi_def_cfa_register 13
  68              		@ sp needed
  69 002c 80BD     		pop	{r7, pc}
  70              	.L3:
  71 002e 00BF     		.align	2
  72              	.L2:
  73 0030 000C0140 		.word	1073810432
  74              		.cfi_endproc
  75              	.LFE29:
  77              		.section	.text.LED_Control,"ax",%progbits
  78              		.align	1
  79              		.global	LED_Control
  80              		.syntax unified
  81              		.thumb
  82              		.thumb_func
  83              		.fpu softvfp
  85              	LED_Control:
  86              	.LFB30:
  17:./Hardware/hardware/led.c **** 
  18:./Hardware/hardware/led.c **** 
  19:./Hardware/hardware/led.c **** void LED_Control(uint8_t BitValue)
  20:./Hardware/hardware/led.c **** {
  87              		.loc 1 20 1
  88              		.cfi_startproc
  89              		@ args = 0, pretend = 0, frame = 8
  90              		@ frame_needed = 1, uses_anonymous_args = 0
  91 0000 80B5     		push	{r7, lr}
  92              	.LCFI5:
  93              		.cfi_def_cfa_offset 8
  94              		.cfi_offset 7, -8
  95              		.cfi_offset 14, -4
  96 0002 82B0     		sub	sp, sp, #8
  97              	.LCFI6:
ARM GAS  C:\Users\86134\AppData\Local\Temp\cc4onGyW.s 			page 3


  98              		.cfi_def_cfa_offset 16
  99 0004 00AF     		add	r7, sp, #0
 100              	.LCFI7:
 101              		.cfi_def_cfa_register 7
 102 0006 0346     		mov	r3, r0
 103 0008 FB71     		strb	r3, [r7, #7]
  21:./Hardware/hardware/led.c **** 	GPIO_WriteBit(GPIOB, GPIO_Pin_8, (BitAction)BitValue);
 104              		.loc 1 21 2
 105 000a FB79     		ldrb	r3, [r7, #7]	@ zero_extendqisi2
 106 000c 1A46     		mov	r2, r3
 107 000e 4FF48071 		mov	r1, #256
 108 0012 0348     		ldr	r0, .L5
 109 0014 FFF7FEFF 		bl	GPIO_WriteBit
  22:./Hardware/hardware/led.c **** }
 110              		.loc 1 22 1
 111 0018 00BF     		nop
 112 001a 0837     		adds	r7, r7, #8
 113              	.LCFI8:
 114              		.cfi_def_cfa_offset 8
 115 001c BD46     		mov	sp, r7
 116              	.LCFI9:
 117              		.cfi_def_cfa_register 13
 118              		@ sp needed
 119 001e 80BD     		pop	{r7, pc}
 120              	.L6:
 121              		.align	2
 122              	.L5:
 123 0020 000C0140 		.word	1073810432
 124              		.cfi_endproc
 125              	.LFE30:
 127              		.text
 128              	.Letext0:
 129              		.file 2 "c:\\stm32soft\\gcc\\gcc-arm-none-eabi-10-2020-q4-major-win32\\gcc-arm-none-eabi-10-2020-q
 130              		.file 3 "c:\\stm32soft\\gcc\\gcc-arm-none-eabi-10-2020-q4-major-win32\\gcc-arm-none-eabi-10-2020-q
 131              		.file 4 "./Libraries/CMSIS/stm32f10x.h"
 132              		.file 5 "./Libraries/STM32F10x_StdPeriph_Driver/inc/stm32f10x_gpio.h"
ARM GAS  C:\Users\86134\AppData\Local\Temp\cc4onGyW.s 			page 4


DEFINED SYMBOLS
                            *ABS*:00000000 led.c
C:\Users\86134\AppData\Local\Temp\cc4onGyW.s:16     .text.LED_GPIO_Config:00000000 $t
C:\Users\86134\AppData\Local\Temp\cc4onGyW.s:24     .text.LED_GPIO_Config:00000000 LED_GPIO_Config
C:\Users\86134\AppData\Local\Temp\cc4onGyW.s:73     .text.LED_GPIO_Config:00000030 $d
C:\Users\86134\AppData\Local\Temp\cc4onGyW.s:78     .text.LED_Control:00000000 $t
C:\Users\86134\AppData\Local\Temp\cc4onGyW.s:85     .text.LED_Control:00000000 LED_Control
C:\Users\86134\AppData\Local\Temp\cc4onGyW.s:123    .text.LED_Control:00000020 $d

UNDEFINED SYMBOLS
RCC_APB2PeriphClockCmd
GPIO_Init
GPIO_WriteBit
