ARM GAS  C:\Users\86134\AppData\Local\Temp\cci2CpFr.s 			page 1


   1              		.cpu cortex-m3
   2              		.eabi_attribute 20, 1
   3              		.eabi_attribute 21, 1
   4              		.eabi_attribute 23, 3
   5              		.eabi_attribute 24, 1
   6              		.eabi_attribute 25, 1
   7              		.eabi_attribute 26, 1
   8              		.eabi_attribute 30, 6
   9              		.eabi_attribute 34, 1
  10              		.eabi_attribute 18, 4
  11              		.file	"mprintf.c"
  12              		.text
  13              	.Ltext0:
  14              		.cfi_sections	.debug_frame
  15              		.section	.rodata
  16              		.align	2
  17              	.LC0:
  18 0000 68656C70 		.ascii	"help:....................Print command.(\312\271\323"
  18      3A2E2E2E 
  18      2E2E2E2E 
  18      2E2E2E2E 
  18      2E2E2E2E 
  19 002b C3B7BDB7 		.ascii	"\303\267\275\267\250:@+\326\270\301\356)\012\000"
  19      A83A402B 
  19      D6B8C1EE 
  19      290A00
  20 003a 0000     		.align	2
  21              	.LC1:
  22 003c 76657273 		.ascii	"version:.................Print current version.\012"
  22      696F6E3A 
  22      2E2E2E2E 
  22      2E2E2E2E 
  22      2E2E2E2E 
  23 006c 00       		.ascii	"\000"
  24 006d 000000   		.align	2
  25              	.LC2:
  26 0070 74696D65 		.ascii	"time:....................Print time and data.\012\000"
  26      3A2E2E2E 
  26      2E2E2E2E 
  26      2E2E2E2E 
  26      2E2E2E2E 
  27 009f 00       		.align	2
  28              	.LC3:
  29 00a0 6374723A 		.ascii	"ctr:.....................Print control register.\012"
  29      2E2E2E2E 
  29      2E2E2E2E 
  29      2E2E2E2E 
  29      2E2E2E2E 
  30 00d1 00       		.ascii	"\000"
  31 00d2 0000     		.align	2
  32              	.LC4:
  33 00d4 72616D3A 		.ascii	"ram:.....................Print RAM.\012\000"
  33      2E2E2E2E 
  33      2E2E2E2E 
  33      2E2E2E2E 
  33      2E2E2E2E 
  34 00f9 000000   		.align	2
ARM GAS  C:\Users\86134\AppData\Local\Temp\cci2CpFr.s 			page 2


  35              	.LC5:
  36 00fc 74657374 		.ascii	"testmode:................Print tes mode data.\012\000"
  36      6D6F6465 
  36      3A2E2E2E 
  36      2E2E2E2E 
  36      2E2E2E2E 
  37 012b 00       		.align	2
  38              	.LC6:
  39 012c 69643A2E 		.ascii	"id:......................Print id.\012\000"
  39      2E2E2E2E 
  39      2E2E2E2E 
  39      2E2E2E2E 
  39      2E2E2E2E 
  40              		.align	2
  41              	.LC7:
  42 0150 72657461 		.ascii	"retain:..................Print data reserve.\012\000"
  42      696E3A2E 
  42      2E2E2E2E 
  42      2E2E2E2E 
  42      2E2E2E2E 
  43 017e 0000     		.align	2
  44              	.LC8:
  45 0180 636F6E66 		.ascii	"config:..................Print config register.\012"
  45      69673A2E 
  45      2E2E2E2E 
  45      2E2E2E2E 
  45      2E2E2E2E 
  46 01b0 00       		.ascii	"\000"
  47 01b1 000000   		.align	2
  48              	.LC9:
  49 01b4 77656E62 		.ascii	"wenbu:...................Print digital compensation"
  49      753A2E2E 
  49      2E2E2E2E 
  49      2E2E2E2E 
  49      2E2E2E2E 
  50 01e7 2E0A00   		.ascii	".\012\000"
  51 01ea 0000     		.align	2
  52              	.LC10:
  53 01ec 63617069 		.ascii	"capin:...................Print input capacitance.\012"
  53      6E3A2E2E 
  53      2E2E2E2E 
  53      2E2E2E2E 
  53      2E2E2E2E 
  54 021e 00       		.ascii	"\000"
  55 021f 00       		.align	2
  56              	.LC11:
  57 0220 6361706F 		.ascii	"capout:..................Print output capacitance.\012"
  57      75743A2E 
  57      2E2E2E2E 
  57      2E2E2E2E 
  57      2E2E2E2E 
  58 0253 00       		.ascii	"\000"
  59              		.align	2
  60              	.LC12:
  61 0254 636F6E66 		.ascii	"configX:.................Print config register numb"
  61      6967583A 
  61      2E2E2E2E 
ARM GAS  C:\Users\86134\AppData\Local\Temp\cci2CpFr.s 			page 3


  61      2E2E2E2E 
  61      2E2E2E2E 
  62 0287 65722E0A 		.ascii	"er.\012\000"
  62      00
  63              		.align	2
  64              	.LC13:
  65 028c 77656E62 		.ascii	"wenbuOTP:................Print digital compensation"
  65      754F5450 
  65      3A2E2E2E 
  65      2E2E2E2E 
  65      2E2E2E2E 
  66 02bf 20616E64 		.ascii	" and OTP addr.\012\000"
  66      204F5450 
  66      20616464 
  66      722E0A00 
  67 02cf 00       		.align	2
  68              	.LC14:
  69 02d0 63617069 		.ascii	"capinOTP:................Print input capacitance an"
  69      6E4F5450 
  69      3A2E2E2E 
  69      2E2E2E2E 
  69      2E2E2E2E 
  70 0303 64204F54 		.ascii	"d OTP addr.\012\000"
  70      50206164 
  70      64722E0A 
  70      00
  71              		.align	2
  72              	.LC15:
  73 0310 6361706F 		.ascii	"capoutOTP:...............Print output capacitance a"
  73      75744F54 
  73      503A2E2E 
  73      2E2E2E2E 
  73      2E2E2E2E 
  74 0343 6E64204F 		.ascii	"nd OTP addr.\012\012\000"
  74      54502061 
  74      6464722E 
  74      0A0A00
  75              		.section	.text.MPrint_Help,"ax",%progbits
  76              		.align	1
  77              		.global	MPrint_Help
  78              		.arch armv7-m
  79              		.syntax unified
  80              		.thumb
  81              		.thumb_func
  82              		.fpu softvfp
  84              	MPrint_Help:
  85              	.LFB32:
  86              		.file 1 "./Hardware/app/mprintf.c"
   1:./Hardware/app/mprintf.c **** #include "mprintf.h"
   2:./Hardware/app/mprintf.c **** 
   3:./Hardware/app/mprintf.c **** 
   4:./Hardware/app/mprintf.c **** /* Function	- MPrint_Help
   5:./Hardware/app/mprintf.c ****  * Brief		- None
   6:./Hardware/app/mprintf.c ****  * Parameter- None
   7:./Hardware/app/mprintf.c ****  * Return		- None
   8:./Hardware/app/mprintf.c ****  * Editor		- 						
   9:./Hardware/app/mprintf.c ****  * Date			- 
ARM GAS  C:\Users\86134\AppData\Local\Temp\cci2CpFr.s 			page 4


  10:./Hardware/app/mprintf.c ****  */
  11:./Hardware/app/mprintf.c **** void MPrint_Help(void)
  12:./Hardware/app/mprintf.c **** {
  87              		.loc 1 12 1
  88              		.cfi_startproc
  89              		@ args = 0, pretend = 0, frame = 0
  90              		@ frame_needed = 1, uses_anonymous_args = 0
  91 0000 80B5     		push	{r7, lr}
  92              	.LCFI0:
  93              		.cfi_def_cfa_offset 8
  94              		.cfi_offset 7, -8
  95              		.cfi_offset 14, -4
  96 0002 00AF     		add	r7, sp, #0
  97              	.LCFI1:
  98              		.cfi_def_cfa_register 7
  13:./Hardware/app/mprintf.c **** 	Usart_Printf("help:....................Print command.(使用方法:@+指令)\n");
  99              		.loc 1 13 2
 100 0004 1848     		ldr	r0, .L2
 101 0006 FFF7FEFF 		bl	Usart_Printf
  14:./Hardware/app/mprintf.c **** 	Usart_Printf("version:.................Print current version.\n");
 102              		.loc 1 14 2
 103 000a 1848     		ldr	r0, .L2+4
 104 000c FFF7FEFF 		bl	Usart_Printf
  15:./Hardware/app/mprintf.c **** 	Usart_Printf("time:....................Print time and data.\n");
 105              		.loc 1 15 2
 106 0010 1748     		ldr	r0, .L2+8
 107 0012 FFF7FEFF 		bl	Usart_Printf
  16:./Hardware/app/mprintf.c **** 	Usart_Printf("ctr:.....................Print control register.\n");
 108              		.loc 1 16 2
 109 0016 1748     		ldr	r0, .L2+12
 110 0018 FFF7FEFF 		bl	Usart_Printf
  17:./Hardware/app/mprintf.c **** 	Usart_Printf("ram:.....................Print RAM.\n");
 111              		.loc 1 17 2
 112 001c 1648     		ldr	r0, .L2+16
 113 001e FFF7FEFF 		bl	Usart_Printf
  18:./Hardware/app/mprintf.c **** 	Usart_Printf("testmode:................Print tes mode data.\n");
 114              		.loc 1 18 2
 115 0022 1648     		ldr	r0, .L2+20
 116 0024 FFF7FEFF 		bl	Usart_Printf
  19:./Hardware/app/mprintf.c **** 	Usart_Printf("id:......................Print id.\n");
 117              		.loc 1 19 2
 118 0028 1548     		ldr	r0, .L2+24
 119 002a FFF7FEFF 		bl	Usart_Printf
  20:./Hardware/app/mprintf.c **** 	Usart_Printf("retain:..................Print data reserve.\n");
 120              		.loc 1 20 2
 121 002e 1548     		ldr	r0, .L2+28
 122 0030 FFF7FEFF 		bl	Usart_Printf
  21:./Hardware/app/mprintf.c **** 	Usart_Printf("config:..................Print config register.\n");
 123              		.loc 1 21 2
 124 0034 1448     		ldr	r0, .L2+32
 125 0036 FFF7FEFF 		bl	Usart_Printf
  22:./Hardware/app/mprintf.c **** 	Usart_Printf("wenbu:...................Print digital compensation.\n");
 126              		.loc 1 22 2
 127 003a 1448     		ldr	r0, .L2+36
 128 003c FFF7FEFF 		bl	Usart_Printf
  23:./Hardware/app/mprintf.c **** 	Usart_Printf("capin:...................Print input capacitance.\n");
 129              		.loc 1 23 2
ARM GAS  C:\Users\86134\AppData\Local\Temp\cci2CpFr.s 			page 5


 130 0040 1348     		ldr	r0, .L2+40
 131 0042 FFF7FEFF 		bl	Usart_Printf
  24:./Hardware/app/mprintf.c **** 	Usart_Printf("capout:..................Print output capacitance.\n");
 132              		.loc 1 24 2
 133 0046 1348     		ldr	r0, .L2+44
 134 0048 FFF7FEFF 		bl	Usart_Printf
  25:./Hardware/app/mprintf.c **** 	Usart_Printf("configX:.................Print config register number.\n");
 135              		.loc 1 25 2
 136 004c 1248     		ldr	r0, .L2+48
 137 004e FFF7FEFF 		bl	Usart_Printf
  26:./Hardware/app/mprintf.c **** 	Usart_Printf("wenbuOTP:................Print digital compensation and OTP addr.\n");
 138              		.loc 1 26 2
 139 0052 1248     		ldr	r0, .L2+52
 140 0054 FFF7FEFF 		bl	Usart_Printf
  27:./Hardware/app/mprintf.c **** 	Usart_Printf("capinOTP:................Print input capacitance and OTP addr.\n");
 141              		.loc 1 27 2
 142 0058 1148     		ldr	r0, .L2+56
 143 005a FFF7FEFF 		bl	Usart_Printf
  28:./Hardware/app/mprintf.c **** 	Usart_Printf("capoutOTP:...............Print output capacitance and OTP addr.\n\n");
 144              		.loc 1 28 2
 145 005e 1148     		ldr	r0, .L2+60
 146 0060 FFF7FEFF 		bl	Usart_Printf
  29:./Hardware/app/mprintf.c **** }
 147              		.loc 1 29 1
 148 0064 00BF     		nop
 149 0066 80BD     		pop	{r7, pc}
 150              	.L3:
 151              		.align	2
 152              	.L2:
 153 0068 00000000 		.word	.LC0
 154 006c 3C000000 		.word	.LC1
 155 0070 70000000 		.word	.LC2
 156 0074 A0000000 		.word	.LC3
 157 0078 D4000000 		.word	.LC4
 158 007c FC000000 		.word	.LC5
 159 0080 2C010000 		.word	.LC6
 160 0084 50010000 		.word	.LC7
 161 0088 80010000 		.word	.LC8
 162 008c B4010000 		.word	.LC9
 163 0090 EC010000 		.word	.LC10
 164 0094 20020000 		.word	.LC11
 165 0098 54020000 		.word	.LC12
 166 009c 8C020000 		.word	.LC13
 167 00a0 D0020000 		.word	.LC14
 168 00a4 10030000 		.word	.LC15
 169              		.cfi_endproc
 170              	.LFE32:
 172              		.section	.rodata
 173 0352 0000     		.align	2
 174              	.LC16:
 175 0354 43757272 		.ascii	"Current version:V6.4\012\000"
 175      656E7420 
 175      76657273 
 175      696F6E3A 
 175      56362E34 
 176 036a 0000     		.align	2
 177              	.LC17:
ARM GAS  C:\Users\86134\AppData\Local\Temp\cci2CpFr.s 			page 6


 178 036c 4C617374 		.ascii	"Last edit time: 2024.04.08 19:00\012\000"
 178      20656469 
 178      74207469 
 178      6D653A20 
 178      32303234 
 179 038e 0000     		.align	2
 180              	.LC18:
 181 0390 31323A31 		.ascii	"12:13:12\000"
 181      333A3132 
 181      00
 182 0399 000000   		.align	2
 183              	.LC19:
 184 039c 41756720 		.ascii	"Aug 26 2024\000"
 184      32362032 
 184      30323400 
 185              		.align	2
 186              	.LC20:
 187 03a8 4C617374 		.ascii	"Last compile time: %s %s\012\012\000"
 187      20636F6D 
 187      70696C65 
 187      2074696D 
 187      653A2025 
 188              		.section	.text.MPrint_Version,"ax",%progbits
 189              		.align	1
 190              		.global	MPrint_Version
 191              		.syntax unified
 192              		.thumb
 193              		.thumb_func
 194              		.fpu softvfp
 196              	MPrint_Version:
 197              	.LFB33:
  30:./Hardware/app/mprintf.c **** 
  31:./Hardware/app/mprintf.c **** /* Function	- MPrint_Version
  32:./Hardware/app/mprintf.c ****  * Brief		- None
  33:./Hardware/app/mprintf.c ****  * Parameter- None
  34:./Hardware/app/mprintf.c ****  * Return		- None
  35:./Hardware/app/mprintf.c ****  * Editor		- 						
  36:./Hardware/app/mprintf.c ****  * Date			- 
  37:./Hardware/app/mprintf.c ****  */
  38:./Hardware/app/mprintf.c **** void MPrint_Version(void)
  39:./Hardware/app/mprintf.c **** {
 198              		.loc 1 39 1
 199              		.cfi_startproc
 200              		@ args = 0, pretend = 0, frame = 0
 201              		@ frame_needed = 1, uses_anonymous_args = 0
 202 0000 80B5     		push	{r7, lr}
 203              	.LCFI2:
 204              		.cfi_def_cfa_offset 8
 205              		.cfi_offset 7, -8
 206              		.cfi_offset 14, -4
 207 0002 00AF     		add	r7, sp, #0
 208              	.LCFI3:
 209              		.cfi_def_cfa_register 7
  40:./Hardware/app/mprintf.c **** 	Usart_Printf("Current version:V6.4\n");
 210              		.loc 1 40 2
 211 0004 0648     		ldr	r0, .L5
 212 0006 FFF7FEFF 		bl	Usart_Printf
ARM GAS  C:\Users\86134\AppData\Local\Temp\cci2CpFr.s 			page 7


  41:./Hardware/app/mprintf.c **** 	Usart_Printf("Last edit time: 2024.04.08 19:00\n");
 213              		.loc 1 41 2
 214 000a 0648     		ldr	r0, .L5+4
 215 000c FFF7FEFF 		bl	Usart_Printf
  42:./Hardware/app/mprintf.c **** 	Usart_Printf("Last compile time: %s %s\n\n",__DATE__,__TIME__);
 216              		.loc 1 42 2
 217 0010 054A     		ldr	r2, .L5+8
 218 0012 0649     		ldr	r1, .L5+12
 219 0014 0648     		ldr	r0, .L5+16
 220 0016 FFF7FEFF 		bl	Usart_Printf
  43:./Hardware/app/mprintf.c **** }
 221              		.loc 1 43 1
 222 001a 00BF     		nop
 223 001c 80BD     		pop	{r7, pc}
 224              	.L6:
 225 001e 00BF     		.align	2
 226              	.L5:
 227 0020 54030000 		.word	.LC16
 228 0024 6C030000 		.word	.LC17
 229 0028 90030000 		.word	.LC18
 230 002c 9C030000 		.word	.LC19
 231 0030 A8030000 		.word	.LC20
 232              		.cfi_endproc
 233              	.LFE33:
 235              		.section	.rodata
 236 03c3 00       		.align	2
 237              	.LC21:
 238 03c4 B5B1C7B0 		.ascii	"\265\261\307\260\312\261\274\344: 20%02u/%02u/%02u "
 238      CAB1BCE4 
 238      3A203230 
 238      25303275 
 238      2F253032 
 239 03df 25752000 		.ascii	"%u \000"
 240 03e3 00       		.align	2
 241              	.LC22:
 242 03e4 25303275 		.ascii	"%02u:%02u:%02u\012\012\000"
 242      3A253032 
 242      753A2530 
 242      32750A0A 
 242      00
 243              		.section	.text.MPrint_TimeDate,"ax",%progbits
 244              		.align	1
 245              		.global	MPrint_TimeDate
 246              		.syntax unified
 247              		.thumb
 248              		.thumb_func
 249              		.fpu softvfp
 251              	MPrint_TimeDate:
 252              	.LFB34:
  44:./Hardware/app/mprintf.c **** 
  45:./Hardware/app/mprintf.c **** /* Function	- MPrint_TimeDate
  46:./Hardware/app/mprintf.c ****  * Brief		- None
  47:./Hardware/app/mprintf.c ****  * Parameter- None
  48:./Hardware/app/mprintf.c ****  * Return		- None
  49:./Hardware/app/mprintf.c ****  * Editor		- 						
  50:./Hardware/app/mprintf.c ****  * Date			- 
  51:./Hardware/app/mprintf.c ****  */
ARM GAS  C:\Users\86134\AppData\Local\Temp\cci2CpFr.s 			page 8


  52:./Hardware/app/mprintf.c **** void MPrint_TimeDate(uint8_t *p_dat)
  53:./Hardware/app/mprintf.c **** {
 253              		.loc 1 53 1
 254              		.cfi_startproc
 255              		@ args = 0, pretend = 0, frame = 8
 256              		@ frame_needed = 1, uses_anonymous_args = 0
 257 0000 B0B5     		push	{r4, r5, r7, lr}
 258              	.LCFI4:
 259              		.cfi_def_cfa_offset 16
 260              		.cfi_offset 4, -16
 261              		.cfi_offset 5, -12
 262              		.cfi_offset 7, -8
 263              		.cfi_offset 14, -4
 264 0002 84B0     		sub	sp, sp, #16
 265              	.LCFI5:
 266              		.cfi_def_cfa_offset 32
 267 0004 02AF     		add	r7, sp, #8
 268              	.LCFI6:
 269              		.cfi_def_cfa 7, 24
 270 0006 7860     		str	r0, [r7, #4]
  54:./Hardware/app/mprintf.c **** 	Usart_Printf("当前时间: 20%02u/%02u/%02u %u ",p_dat[6]%100,p_dat[5],p_dat[4],p_dat[3]%7);
 271              		.loc 1 54 53
 272 0008 7B68     		ldr	r3, [r7, #4]
 273 000a 0633     		adds	r3, r3, #6
 274 000c 1B78     		ldrb	r3, [r3]	@ zero_extendqisi2
 275              		.loc 1 54 2
 276 000e 1C4A     		ldr	r2, .L8
 277 0010 A2FB0312 		umull	r1, r2, r2, r3
 278 0014 5209     		lsrs	r2, r2, #5
 279 0016 6421     		movs	r1, #100
 280 0018 01FB02F2 		mul	r2, r1, r2
 281 001c 9B1A     		subs	r3, r3, r2
 282 001e DBB2     		uxtb	r3, r3
 283 0020 1846     		mov	r0, r3
 284              		.loc 1 54 66
 285 0022 7B68     		ldr	r3, [r7, #4]
 286 0024 0533     		adds	r3, r3, #5
 287 0026 1B78     		ldrb	r3, [r3]	@ zero_extendqisi2
 288              		.loc 1 54 2
 289 0028 1C46     		mov	r4, r3
 290              		.loc 1 54 75
 291 002a 7B68     		ldr	r3, [r7, #4]
 292 002c 0433     		adds	r3, r3, #4
 293 002e 1B78     		ldrb	r3, [r3]	@ zero_extendqisi2
 294              		.loc 1 54 2
 295 0030 1D46     		mov	r5, r3
 296              		.loc 1 54 84
 297 0032 7B68     		ldr	r3, [r7, #4]
 298 0034 0333     		adds	r3, r3, #3
 299 0036 1A78     		ldrb	r2, [r3]	@ zero_extendqisi2
 300              		.loc 1 54 2
 301 0038 124B     		ldr	r3, .L8+4
 302 003a A3FB0213 		umull	r1, r3, r3, r2
 303 003e D11A     		subs	r1, r2, r3
 304 0040 4908     		lsrs	r1, r1, #1
 305 0042 0B44     		add	r3, r3, r1
 306 0044 9908     		lsrs	r1, r3, #2
ARM GAS  C:\Users\86134\AppData\Local\Temp\cci2CpFr.s 			page 9


 307 0046 0B46     		mov	r3, r1
 308 0048 DB00     		lsls	r3, r3, #3
 309 004a 5B1A     		subs	r3, r3, r1
 310 004c D31A     		subs	r3, r2, r3
 311 004e DBB2     		uxtb	r3, r3
 312 0050 0093     		str	r3, [sp]
 313 0052 2B46     		mov	r3, r5
 314 0054 2246     		mov	r2, r4
 315 0056 0146     		mov	r1, r0
 316 0058 0B48     		ldr	r0, .L8+8
 317 005a FFF7FEFF 		bl	Usart_Printf
  55:./Hardware/app/mprintf.c **** 	
  56:./Hardware/app/mprintf.c **** 	Usart_Printf("%02u:%02u:%02u\n\n",p_dat[2],p_dat[1],p_dat[0]);
 318              		.loc 1 56 41
 319 005e 7B68     		ldr	r3, [r7, #4]
 320 0060 0233     		adds	r3, r3, #2
 321 0062 1B78     		ldrb	r3, [r3]	@ zero_extendqisi2
 322              		.loc 1 56 2
 323 0064 1946     		mov	r1, r3
 324              		.loc 1 56 50
 325 0066 7B68     		ldr	r3, [r7, #4]
 326 0068 0133     		adds	r3, r3, #1
 327 006a 1B78     		ldrb	r3, [r3]	@ zero_extendqisi2
 328              		.loc 1 56 2
 329 006c 1A46     		mov	r2, r3
 330              		.loc 1 56 59
 331 006e 7B68     		ldr	r3, [r7, #4]
 332 0070 1B78     		ldrb	r3, [r3]	@ zero_extendqisi2
 333              		.loc 1 56 2
 334 0072 0648     		ldr	r0, .L8+12
 335 0074 FFF7FEFF 		bl	Usart_Printf
  57:./Hardware/app/mprintf.c **** }
 336              		.loc 1 57 1
 337 0078 00BF     		nop
 338 007a 0837     		adds	r7, r7, #8
 339              	.LCFI7:
 340              		.cfi_def_cfa_offset 16
 341 007c BD46     		mov	sp, r7
 342              	.LCFI8:
 343              		.cfi_def_cfa_register 13
 344              		@ sp needed
 345 007e B0BD     		pop	{r4, r5, r7, pc}
 346              	.L9:
 347              		.align	2
 348              	.L8:
 349 0080 1F85EB51 		.word	1374389535
 350 0084 25499224 		.word	613566757
 351 0088 C4030000 		.word	.LC21
 352 008c E4030000 		.word	.LC22
 353              		.cfi_endproc
 354              	.LFE34:
 356              		.section	.rodata
 357 03f5 000000   		.align	2
 358              	.LC23:
 359 03f8 4572726F 		.ascii	"Error:Search command fail!\012\012\000"
 359      723A5365 
 359      61726368 
ARM GAS  C:\Users\86134\AppData\Local\Temp\cci2CpFr.s 			page 10


 359      20636F6D 
 359      6D616E64 
 360              		.section	.text.MPrint_CmdFail,"ax",%progbits
 361              		.align	1
 362              		.global	MPrint_CmdFail
 363              		.syntax unified
 364              		.thumb
 365              		.thumb_func
 366              		.fpu softvfp
 368              	MPrint_CmdFail:
 369              	.LFB35:
  58:./Hardware/app/mprintf.c **** 
  59:./Hardware/app/mprintf.c **** /* Function	- MPrint_CmdFail
  60:./Hardware/app/mprintf.c ****  * Brief		- None
  61:./Hardware/app/mprintf.c ****  * Parameter- None
  62:./Hardware/app/mprintf.c ****  * Return		- None
  63:./Hardware/app/mprintf.c ****  * Editor		- 						
  64:./Hardware/app/mprintf.c ****  * Date			- 
  65:./Hardware/app/mprintf.c ****  */
  66:./Hardware/app/mprintf.c **** void MPrint_CmdFail(void)
  67:./Hardware/app/mprintf.c **** {
 370              		.loc 1 67 1
 371              		.cfi_startproc
 372              		@ args = 0, pretend = 0, frame = 0
 373              		@ frame_needed = 1, uses_anonymous_args = 0
 374 0000 80B5     		push	{r7, lr}
 375              	.LCFI9:
 376              		.cfi_def_cfa_offset 8
 377              		.cfi_offset 7, -8
 378              		.cfi_offset 14, -4
 379 0002 00AF     		add	r7, sp, #0
 380              	.LCFI10:
 381              		.cfi_def_cfa_register 7
  68:./Hardware/app/mprintf.c **** 	Usart_Printf("Error:Search command fail!\n\n");
 382              		.loc 1 68 2
 383 0004 0248     		ldr	r0, .L11
 384 0006 FFF7FEFF 		bl	Usart_Printf
  69:./Hardware/app/mprintf.c **** }
 385              		.loc 1 69 1
 386 000a 00BF     		nop
 387 000c 80BD     		pop	{r7, pc}
 388              	.L12:
 389 000e 00BF     		.align	2
 390              	.L11:
 391 0010 F8030000 		.word	.LC23
 392              		.cfi_endproc
 393              	.LFE35:
 395              		.section	.rodata
 396 0415 000000   		.align	2
 397              	.LC24:
 398 0418 4572726F 		.ascii	"Error:Wait ack fail!\012\012\000"
 398      723A5761 
 398      69742061 
 398      636B2066 
 398      61696C21 
 399              		.section	.text.MPrint_AckFail,"ax",%progbits
 400              		.align	1
ARM GAS  C:\Users\86134\AppData\Local\Temp\cci2CpFr.s 			page 11


 401              		.global	MPrint_AckFail
 402              		.syntax unified
 403              		.thumb
 404              		.thumb_func
 405              		.fpu softvfp
 407              	MPrint_AckFail:
 408              	.LFB36:
  70:./Hardware/app/mprintf.c **** 
  71:./Hardware/app/mprintf.c **** /* Function	- MPrint_AckFail
  72:./Hardware/app/mprintf.c ****  * Brief		- None
  73:./Hardware/app/mprintf.c ****  * Parameter- None
  74:./Hardware/app/mprintf.c ****  * Return		- None
  75:./Hardware/app/mprintf.c ****  * Editor		- 						
  76:./Hardware/app/mprintf.c ****  * Date			- 
  77:./Hardware/app/mprintf.c ****  */
  78:./Hardware/app/mprintf.c **** void MPrint_AckFail(void)
  79:./Hardware/app/mprintf.c **** {
 409              		.loc 1 79 1
 410              		.cfi_startproc
 411              		@ args = 0, pretend = 0, frame = 0
 412              		@ frame_needed = 1, uses_anonymous_args = 0
 413 0000 80B5     		push	{r7, lr}
 414              	.LCFI11:
 415              		.cfi_def_cfa_offset 8
 416              		.cfi_offset 7, -8
 417              		.cfi_offset 14, -4
 418 0002 00AF     		add	r7, sp, #0
 419              	.LCFI12:
 420              		.cfi_def_cfa_register 7
  80:./Hardware/app/mprintf.c **** 	Usart_Printf("Error:Wait ack fail!\n\n");
 421              		.loc 1 80 2
 422 0004 0248     		ldr	r0, .L14
 423 0006 FFF7FEFF 		bl	Usart_Printf
  81:./Hardware/app/mprintf.c **** }
 424              		.loc 1 81 1
 425 000a 00BF     		nop
 426 000c 80BD     		pop	{r7, pc}
 427              	.L15:
 428 000e 00BF     		.align	2
 429              	.L14:
 430 0010 18040000 		.word	.LC24
 431              		.cfi_endproc
 432              	.LFE36:
 434              		.text
 435              	.Letext0:
 436              		.file 2 "c:\\stm32soft\\gcc\\gcc-arm-none-eabi-10-2020-q4-major-win32\\gcc-arm-none-eabi-10-2020-q
 437              		.file 3 "c:\\stm32soft\\gcc\\gcc-arm-none-eabi-10-2020-q4-major-win32\\gcc-arm-none-eabi-10-2020-q
ARM GAS  C:\Users\86134\AppData\Local\Temp\cci2CpFr.s 			page 12


DEFINED SYMBOLS
                            *ABS*:00000000 mprintf.c
C:\Users\86134\AppData\Local\Temp\cci2CpFr.s:16     .rodata:00000000 $d
C:\Users\86134\AppData\Local\Temp\cci2CpFr.s:76     .text.MPrint_Help:00000000 $t
C:\Users\86134\AppData\Local\Temp\cci2CpFr.s:84     .text.MPrint_Help:00000000 MPrint_Help
C:\Users\86134\AppData\Local\Temp\cci2CpFr.s:153    .text.MPrint_Help:00000068 $d
C:\Users\86134\AppData\Local\Temp\cci2CpFr.s:189    .text.MPrint_Version:00000000 $t
C:\Users\86134\AppData\Local\Temp\cci2CpFr.s:196    .text.MPrint_Version:00000000 MPrint_Version
C:\Users\86134\AppData\Local\Temp\cci2CpFr.s:227    .text.MPrint_Version:00000020 $d
C:\Users\86134\AppData\Local\Temp\cci2CpFr.s:244    .text.MPrint_TimeDate:00000000 $t
C:\Users\86134\AppData\Local\Temp\cci2CpFr.s:251    .text.MPrint_TimeDate:00000000 MPrint_TimeDate
C:\Users\86134\AppData\Local\Temp\cci2CpFr.s:349    .text.MPrint_TimeDate:00000080 $d
C:\Users\86134\AppData\Local\Temp\cci2CpFr.s:361    .text.MPrint_CmdFail:00000000 $t
C:\Users\86134\AppData\Local\Temp\cci2CpFr.s:368    .text.MPrint_CmdFail:00000000 MPrint_CmdFail
C:\Users\86134\AppData\Local\Temp\cci2CpFr.s:391    .text.MPrint_CmdFail:00000010 $d
C:\Users\86134\AppData\Local\Temp\cci2CpFr.s:400    .text.MPrint_AckFail:00000000 $t
C:\Users\86134\AppData\Local\Temp\cci2CpFr.s:407    .text.MPrint_AckFail:00000000 MPrint_AckFail
C:\Users\86134\AppData\Local\Temp\cci2CpFr.s:430    .text.MPrint_AckFail:00000010 $d

UNDEFINED SYMBOLS
Usart_Printf
