ARM GAS  C:\Users\86134\AppData\Local\Temp\ccmZMV8k.s 			page 1


   1              		.cpu cortex-m3
   2              		.eabi_attribute 20, 1
   3              		.eabi_attribute 21, 1
   4              		.eabi_attribute 23, 3
   5              		.eabi_attribute 24, 1
   6              		.eabi_attribute 25, 1
   7              		.eabi_attribute 26, 1
   8              		.eabi_attribute 30, 6
   9              		.eabi_attribute 34, 1
  10              		.eabi_attribute 18, 4
  11              		.file	"oled_data_chinese.c"
  12              		.text
  13              	.Ltext0:
  14              		.cfi_sections	.debug_frame
  15              		.global	OLED_CF16x16
  16              		.section	.rodata.OLED_CF16x16,"a"
  17              		.align	2
  20              	OLED_CF16x16:
  21 0000 404042CC 		.ascii	"@@B\314\000PN\310H\177\310HH@\000\000\000@ \037 PLC"
  21      00504EC8 
  21      487FC848 
  21      48400000 
  21      0040201F 
  22 0018 40404F50 		.ascii	"@@OPP\\@\000"
  22      505C4000 
  23 0020 D1A100   		.ascii	"\321\241\000"
  24 0023 1010FF10 		.ascii	"\020\020\377\020\000\202\206JR\242RJ\206\200\200\000"
  24      0082864A 
  24      52A2524A 
  24      86808000 
  25 0033 42827F01 		.ascii	"B\202\177\001\000\020\022\022\022\377\022\022\022\020"
  25      00101212 
  25      12FF1212 
  25      1210
  26 0041 0000     		.ascii	"\000\000"
  27 0043 D4F100   		.ascii	"\324\361\000"
  28 0046 080808F8 		.ascii	"\010\010\010\370\010\010\010\020\020\377\020\020\020"
  28      08080810 
  28      10FF1010 
  28      10
  29 0053 F0000010 		.ascii	"\360\000\000\0200\020\037\010\210H0\016\001@\200@?\000"
  29      30101F08 
  29      8848300E 
  29      01408040 
  29      3F00
  30 0065 00       		.ascii	"\000"
  31 0066 B9A600   		.ascii	"\271\246\000"
  32 0069 08CC4A49 		.ascii	"\010\314JIHJ\314\030\000\177\210\210\204\202\340\000"
  32      484ACC18 
  32      007F8888 
  32      8482E000 
  33 0079 00FF1212 		.ascii	"\000\377\022\022R\222\177\000\000~\210\210\204\202\340"
  33      52927F00 
  33      007E8888 
  33      8482E0
  34 0088 00       		.ascii	"\000"
  35 0089 C4DC00   		.ascii	"\304\334\000"
ARM GAS  C:\Users\86134\AppData\Local\Temp\ccmZMV8k.s 			page 2


  36 008c 40404848 		.ascii	"@@HHHHH\377HHHHH@@\000\200@ \036 @@\177DDDDD@@\000"
  36      484848FF 
  36      48484848 
  36      48404000 
  36      8040201E 
  37 00ac D7DF00   		.ascii	"\327\337\000"
  38 00af 00FC8484 		.ascii	"\000\374\204\204\204\374\000\020\020\020\020\020\377"
  38      84FC0010 
  38      10101010 
  38      FF
  39 00bc 10100000 		.ascii	"\020\020\000\000?\020\020\020?\000\000\001\006@\200"
  39      3F101010 
  39      3F000001 
  39      064080
  40 00cb 7F000000 		.ascii	"\177\000\000\000"
  41 00cf CAB100   		.ascii	"\312\261\000"
  42 00d2 1060028C 		.ascii	"\020`\002\214\000\376\002\362\002\376\000\370\000\377"
  42      00FE02F2 
  42      02FE00F8 
  42      00FF
  43 00e0 00000404 		.ascii	"\000\000\004\004~\001\200G0\017\020'\000G\200\177\000"
  43      7E018047 
  43      300F1027 
  43      0047807F 
  43      00
  44 00f1 00       		.ascii	"\000"
  45 00f2 B2E200   		.ascii	"\262\342\000"
  46 00f5 404042CC 		.ascii	"@@B\314\000\220\220\220\220\220\377\020\021\026\020"
  46      00909090 
  46      9090FF10 
  46      111610
  47 0104 00000000 		.ascii	"\000\000\000\000?\020(`?\020\020\001\0160@\360\000"
  47      3F102860 
  47      3F101001 
  47      0E3040F0 
  47      00
  48 0115 CAD400   		.ascii	"\312\324\000"
  49 0118 101010FF 		.ascii	"\020\020\020\377\020\220\000\376\202\202\202\222\242"
  49      109000FE 
  49      82828292 
  49      A2
  50 0125 9E000004 		.ascii	"\236\000\000\004D\202\177\001\000\000\377\200C,\020"
  50      44827F01 
  50      0000FF80 
  50      432C10
  51 0134 2C438000 		.ascii	",C\200\000"
  52 0138 B1A800   		.ascii	"\261\250\000"
  53 013b 12EAAFAA 		.ascii	"\022\352\257\252\352\017\372\002\210\214W$T\214\204"
  53      EA0FFA02 
  53      888C5724 
  53      548C84
  54 014a 000202EA 		.ascii	"\000\002\002\352\252\252\253\252\253\252\252\252\252"
  54      AAAAABAA 
  54      ABAAAAAA 
  54      AA
  55 0157 EA020200 		.ascii	"\352\002\002\000"
  56 015b BEAF00   		.ascii	"\276\257\000"
ARM GAS  C:\Users\86134\AppData\Local\Temp\ccmZMV8k.s 			page 3


  57 015e 1060028C 		.ascii	"\020`\002\214\000\376\002\362\002\376\000\370\000\377"
  57      00FE02F2 
  57      02FE00F8 
  57      00FF
  58 016c 00000404 		.ascii	"\000\000\004\004~\001\200G0\017\020'\000G\200\177\000"
  58      7E018047 
  58      300F1027 
  58      0047807F 
  58      00
  59 017d 00       		.ascii	"\000"
  60 017e B2E200   		.ascii	"\262\342\000"
  61 0181 404042CC 		.ascii	"@@B\314\000\220\220\220\220\220\377\020\021\026\020"
  61      00909090 
  61      9090FF10 
  61      111610
  62 0190 00000000 		.ascii	"\000\000\000\000?\020(`?\020\020\001\0160@\360\000"
  62      3F102860 
  62      3F101001 
  62      0E3040F0 
  62      00
  63 01a1 CAD400   		.ascii	"\312\324\000"
  64 01a4 8060F807 		.ascii	"\200`\370\007\004d\\\304dD\000\370\000\377\000\000\000"
  64      04645CC4 
  64      644400F8 
  64      00FF0000 
  64      00
  65 01b5 00FF0020 		.ascii	"\000\377\000 b\"\037\022\022\000O\200\177\000\000"
  65      62221F12 
  65      12004F80 
  65      7F0000
  66 01c4 B5B900   		.ascii	"\265\271\000"
  67 01c7 404042CC 		.ascii	"@@B\314\000@@@@\377@@@@@\000\000\000\000\177 \020\000"
  67      00404040 
  67      40FF4040 
  67      40404000 
  67      0000007F 
  68 01de 0000FF00 		.ascii	"\000\000\377\000\000\000\000\000\000"
  68      00000000 
  68      00
  69 01e7 BCC600   		.ascii	"\274\306\000"
  70 01ea 00FC8484 		.ascii	"\000\374\204\204\204\374\000\020\020\020\020\020\377"
  70      84FC0010 
  70      10101010 
  70      FF
  71 01f7 10100000 		.ascii	"\020\020\000\000?\020\020\020?\000\000\001\006@\200"
  71      3F101010 
  71      3F000001 
  71      064080
  72 0206 7F000000 		.ascii	"\177\000\000\000"
  73 020a CAB100   		.ascii	"\312\261\000"
  74 020d 1060028C 		.ascii	"\020`\002\214\000\376\002\362\002\376\000\370\000\377"
  74      00FE02F2 
  74      02FE00F8 
  74      00FF
  75 021b 00000404 		.ascii	"\000\000\004\004~\001\200G0\017\020'\000G\200\177\000"
  75      7E018047 
  75      300F1027 
ARM GAS  C:\Users\86134\AppData\Local\Temp\ccmZMV8k.s 			page 4


  75      0047807F 
  75      00
  76 022c 00       		.ascii	"\000"
  77 022d B2E200   		.ascii	"\262\342\000"
  78 0230 404042CC 		.ascii	"@@B\314\000\220\220\220\220\220\377\020\021\026\020"
  78      00909090 
  78      9090FF10 
  78      111610
  79 023f 00000000 		.ascii	"\000\000\000\000?\020(`?\020\020\001\0160@\360\000"
  79      3F102860 
  79      3F101001 
  79      0E3040F0 
  79      00
  80 0250 CAD400   		.ascii	"\312\324\000"
  81 0253 407C407F 		.ascii	"@|@\177HH@\362\022\032\326\022\022\362\002\000\220\216"
  81      484840F2 
  81      121AD612 
  81      12F20200 
  81      908E
  82 0265 404F201E 		.ascii	"@O \036\200O \030\007\020 O\200\000"
  82      804F2018 
  82      0710204F 
  82      8000
  83 0273 C6B500   		.ascii	"\306\265\000"
  84 0276 0014A444 		.ascii	"\000\024\244D$4\255f$\224\004D\244\024\000\000\010\011"
  84      2434AD66 
  84      24940444 
  84      A4140000 
  84      0809
  85 0288 08080909 		.ascii	"\010\010\011\011\011\375\011\011\013\010\010\011\010"
  85      09FD0909 
  85      0B080809 
  85      08
  86 0295 00       		.ascii	"\000"
  87 0296 C2CA00   		.ascii	"\302\312\000"
  88 0299 0000F010 		.ascii	"\000\000\360\020\020\020\020\377\020\020\020\020\360"
  88      101010FF 
  88      10101010 
  88      F0
  89 02a6 00000000 		.ascii	"\000\000\000\000\000\017\004\004\004\004\377\004\004"
  89      000F0404 
  89      0404FF04 
  89      04
  90 02b3 04040F00 		.ascii	"\004\004\017\000\000\000"
  90      0000
  91 02b9 D6D000   		.ascii	"\326\320\000"
  92 02bc 00FC2024 		.ascii	"\000\374 $\250\377\250$\000\374DD\304B@\000\000?\"!"
  92      A8FFA824 
  92      00FC4444 
  92      C4424000 
  92      003F2221 
  93 02d0 202F20A3 		.ascii	" / \243`\037\000\000\377\000\000\000"
  93      601F0000 
  93      FF000000 
  94 02dc B6CF00   		.ascii	"\266\317\000"
  95 02df 1060028C 		.ascii	"\020`\002\214\000\376\002\362\002\376\000\370\000\377"
  95      00FE02F2 
ARM GAS  C:\Users\86134\AppData\Local\Temp\ccmZMV8k.s 			page 5


  95      02FE00F8 
  95      00FF
  96 02ed 00000404 		.ascii	"\000\000\004\004~\001\200G0\017\020'\000G\200\177\000"
  96      7E018047 
  96      300F1027 
  96      0047807F 
  96      00
  97 02fe 00       		.ascii	"\000"
  98 02ff B2E200   		.ascii	"\262\342\000"
  99 0302 404042CC 		.ascii	"@@B\314\000\220\220\220\220\220\377\020\021\026\020"
  99      00909090 
  99      9090FF10 
  99      111610
 100 0311 00000000 		.ascii	"\000\000\000\000?\020(`?\020\020\001\0160@\360\000"
 100      3F102860 
 100      3F101001 
 100      0E3040F0 
 100      00
 101 0322 CAD400   		.ascii	"\312\324\000"
 102 0325 FF010101 		.ascii	"\377\001\001\0011\011\011\011\011\211q\001\001\001\001"
 102      31090909 
 102      09897101 
 102      010101
 103 0334 FFFF8080 		.ascii	"\377\377\200\200\200\200\200\200\226\201\200\200\200"
 103      80808080 
 103      96818080 
 103      80
 104 0341 808080FF 		.ascii	"\200\200\200\377"
 105 0345 00       		.ascii	"\000"
 106 0346 0000     		.space	2
 107              		.global	OLED_CF12x12
 108              		.section	.rodata.OLED_CF12x12,"a"
 109              		.align	2
 112              	OLED_CF12x12:
 113 0000 1011F200 		.ascii	"\020\021\362\000(&\344?\344$ \000\010\004\003\004\012"
 113      2826E43F 
 113      E4242000 
 113      08040304 
 113      0A
 114 0011 09080809 		.ascii	"\011\010\010\011\012\013\000"
 114      0A0B00
 115 0018 D1A100   		.ascii	"\321\241\000"
 116 001b 8888FF48 		.ascii	"\210\210\377H!\243\225\351\225\243 \000\000\010\017"
 116      21A395E9 
 116      95A32000 
 116      00080F
 117 002a 00020202 		.ascii	"\000\002\002\002\017\002\002\002\000"
 117      0F020202 
 117      00
 118 0033 D4F100   		.ascii	"\324\361\000"
 119 0036 0404FC04 		.ascii	"\004\004\374\004\004\010\377\010\010\010\370\000\002"
 119      0408FF08 
 119      0808F800 
 119      02
 120 0043 02010905 		.ascii	"\002\001\011\005\003\000\000\010\010\007\000"
 120      03000008 
 120      080700
ARM GAS  C:\Users\86134\AppData\Local\Temp\ccmZMV8k.s 			page 6


 121 004e B9A600   		.ascii	"\271\246\000"
 122 0051 04F65554 		.ascii	"\004\366UT\366\000\317\024\022\221\030\000\000\017\001"
 122      F600CF14 
 122      12911800 
 122      000F01
 123 0060 090F0007 		.ascii	"\011\017\000\007\012\011\010\016\000"
 123      0A09080E 
 123      00
 124 0069 C4DC00   		.ascii	"\304\334\000"
 125 006c 2024A424 		.ascii	" $\244$$\377$$$$ \000\010\004\003\004\010\017\011\011"
 125      24FF2424 
 125      24242000 
 125      08040304 
 125      080F0909 
 126 0080 09090800 		.ascii	"\011\011\010\000"
 127 0084 D7DF00   		.ascii	"\327\337\000"
 128 0087 FE2222FE 		.ascii	"\376\"\"\376\000\010H\210\010\377\010\000\007\002\002"
 128      00084888 
 128      08FF0800 
 128      070202
 129 0096 07000000 		.ascii	"\007\000\000\000\011\010\017\000\000"
 129      09080F00 
 129      00
 130 009f CAB100   		.ascii	"\312\261\000"
 131 00a2 2244FE02 		.ascii	"\"D\376\002\372\002\376\000\374\000\377\000\004\002"
 131      FA02FE00 
 131      FC00FF00 
 131      0402
 132 00b0 09040304 		.ascii	"\011\004\003\004\011\000\001\010\017\000"
 132      09000108 
 132      0F00
 133 00ba B2E200   		.ascii	"\262\342\000"
 134 00bd 11F20000 		.ascii	"\021\362\000\000$\344$\004\377\004\005\000\000\017\004"
 134      24E42404 
 134      FF040500 
 134      000F04
 135 00cc 00040702 		.ascii	"\000\004\007\002\000\003\004\016\000"
 135      0003040E 
 135      00
 136 00d5 CAD400   		.ascii	"\312\324\000"
 137 00d8 10DE10FF 		.ascii	"\020\336\020\377\022\222\371\015\353\011\371\000\011"
 137      1292F90D 
 137      EB09F900 
 137      09
 138 00e5 08040201 		.ascii	"\010\004\002\001\000\011\004\003\004\011\000"
 138      00090403 
 138      040900
 139 00f0 C6B500   		.ascii	"\306\265\000"
 140 00f3 028A529A 		.ascii	"\002\212R\232\326\263\322\212R\212\002\000\002\002\002"
 140      D6B3D28A 
 140      528A0200 
 140      020202
 141 0102 02020F02 		.ascii	"\002\002\017\002\002\002\002\002\000"
 141      02020202 
 141      00
 142 010b C2CA00   		.ascii	"\302\312\000"
 143 010e 00F88888 		.ascii	"\000\370\210\210\210\377\210\210\210\370\000\000\000"
ARM GAS  C:\Users\86134\AppData\Local\Temp\ccmZMV8k.s 			page 7


 143      88FF8888 
 143      88F80000 
 143      00
 144 011b 01000000 		.ascii	"\001\000\000\000\017\000\000\000\001\000\000"
 144      0F000000 
 144      010000
 145 0126 D6D000   		.ascii	"\326\320\000"
 146 0129 FC9254FF 		.ascii	"\374\222T\377T\222\000\376\022\362\021\000\007\004\004"
 146      549200FE 
 146      12F21100 
 146      070404
 147 0138 07040408 		.ascii	"\007\004\004\010\007\000\017\000\000"
 147      07000F00 
 147      00
 148 0141 B6CF00   		.ascii	"\266\317\000"
 149 0144 2244FE02 		.ascii	"\"D\376\002\372\002\376\000\374\000\377\000\004\002"
 149      FA02FE00 
 149      FC00FF00 
 149      0402
 150 0152 09040304 		.ascii	"\011\004\003\004\011\000\001\010\017\000"
 150      09000108 
 150      0F00
 151 015c B2E200   		.ascii	"\262\342\000"
 152 015f 11F20000 		.ascii	"\021\362\000\000$\344$\004\377\004\005\000\000\017\004"
 152      24E42404 
 152      FF040500 
 152      000F04
 153 016e 00040702 		.ascii	"\000\004\007\002\000\003\004\016\000"
 153      0003040E 
 153      00
 154 0177 CAD400   		.ascii	"\312\324\000"
 155 017a 8888FF48 		.ascii	"\210\210\377H\000\376B\302RR\316\000\000\010\017\000"
 155      00FE42C2 
 155      5252CE00 
 155      00080F00 
 156 018a 000F0805 		.ascii	"\000\017\010\005\002\005\010\000"
 156      02050800 
 157 0192 B1A800   		.ascii	"\261\250\000"
 158 0195 92BFAABA 		.ascii	"\222\277\252\272\317\272\304\253\222\256\302\000\000"
 158      CFBAC4AB 
 158      92AEC200 
 158      00
 159 01a2 020E0A0A 		.ascii	"\002\016\012\012\012\012\012\016\002\000\000"
 159      0A0A0A0E 
 159      020000
 160 01ad BEAF00   		.ascii	"\276\257\000"
 161 01b0 2244FE02 		.ascii	"\"D\376\002\372\002\376\000\374\000\377\000\004\002"
 161      FA02FE00 
 161      FC00FF00 
 161      0402
 162 01be 09040304 		.ascii	"\011\004\003\004\011\000\001\010\017\000"
 162      09000108 
 162      0F00
 163 01c8 B2E200   		.ascii	"\262\342\000"
 164 01cb 11F20000 		.ascii	"\021\362\000\000$\344$\004\377\004\005\000\000\017\004"
 164      24E42404 
 164      FF040500 
ARM GAS  C:\Users\86134\AppData\Local\Temp\ccmZMV8k.s 			page 8


 164      000F04
 165 01da 00040702 		.ascii	"\000\004\007\002\000\003\004\016\000"
 165      0003040E 
 165      00
 166 01e3 CAD400   		.ascii	"\312\324\000"
 167 01e6 10FC039A 		.ascii	"\020\374\003\232\366\222\272\000\374\000\377\000\000"
 167      F692BA00 
 167      FC00FF00 
 167      00
 168 01f3 0F000407 		.ascii	"\017\000\004\007\002\002\000\001\010\017\000"
 168      02020001 
 168      080F00
 169 01fe B5B900   		.ascii	"\265\271\000"
 170 0201 1011F200 		.ascii	"\020\021\362\000   \377   \000\000\000\007\002\001\000"
 170      202020FF 
 170      20202000 
 170      00000702 
 170      0100
 171 0213 000F0000 		.ascii	"\000\017\000\000\000\000"
 171      0000
 172 0219 BCC600   		.ascii	"\274\306\000"
 173 021c FE2222FE 		.ascii	"\376\"\"\376\000\010H\210\010\377\010\000\007\002\002"
 173      00084888 
 173      08FF0800 
 173      070202
 174 022b 07000000 		.ascii	"\007\000\000\000\011\010\017\000\000"
 174      09080F00 
 174      00
 175 0234 CAB100   		.ascii	"\312\261\000"
 176 0237 2244FE02 		.ascii	"\"D\376\002\372\002\376\000\374\000\377\000\004\002"
 176      FA02FE00 
 176      FC00FF00 
 176      0402
 177 0245 09040304 		.ascii	"\011\004\003\004\011\000\001\010\017\000"
 177      09000108 
 177      0F00
 178 024f B2E200   		.ascii	"\262\342\000"
 179 0252 11F20000 		.ascii	"\021\362\000\000$\344$\004\377\004\005\000\000\017\004"
 179      24E42404 
 179      FF040500 
 179      000F04
 180 0261 00040702 		.ascii	"\000\004\007\002\000\003\004\016\000"
 180      0003040E 
 180      00
 181 026a CAD400   		.ascii	"\312\324\000"
 182 026d 1011F200 		.ascii	"\020\021\362\000\376\012*J\211I9\000\010\004\003\006"
 182      FE0A2A4A 
 182      89493900 
 182      08040306 
 183 027d 09080A09 		.ascii	"\011\010\012\011\010\011\012\000"
 183      08090A00 
 184 0285 B7B500   		.ascii	"\267\265\000"
 185 0288 00FE0202 		.ascii	"\000\376\002\002\362\222\222\362\002\002\376\000\000"
 185      F29292F2 
 185      0202FE00 
 185      00
 186 0295 0F040404 		.ascii	"\017\004\004\004\004\004\004\004\004\017\000"
ARM GAS  C:\Users\86134\AppData\Local\Temp\ccmZMV8k.s 			page 9


 186      04040404 
 186      040F00
 187 02a0 BBD800   		.ascii	"\273\330\000"
 188 02a3 42F22EE2 		.ascii	"B\362.\342\000\364S\362ZV\360\000\000\007\002\007\010"
 188      00F453F2 
 188      5A56F000 
 188      00070207 
 188      08
 189 02b4 07010701 		.ascii	"\007\001\007\001\011\017\000"
 189      090F00
 190 02bb C8B700   		.ascii	"\310\267\000"
 191 02be 2C24A424 		.ascii	",$\244$%\346$$$$,\000\010\004\003\004\010\017\011\011"
 191      25E62424 
 191      24242C00 
 191      08040304 
 191      080F0909 
 192 02d2 09090800 		.ascii	"\011\011\010\000"
 193 02d6 B6A800   		.ascii	"\266\250\000"
 194 02d9 8868FF48 		.ascii	"\210h\377H\020\222\022\362\022\222\020\000\000\000\017"
 194      109212F2 
 194      12921000 
 194      00000F
 195 02e8 00020108 		.ascii	"\000\002\001\010\017\000\000\003\000"
 195      0F000003 
 195      00
 196 02f1 B1EA00   		.ascii	"\261\352\000"
 197 02f4 04082010 		.ascii	"\004\010 \020\374'$\375&$\004\000\004\002\001\000\017"
 197      FC2724FD 
 197      26240400 
 197      04020100 
 197      0F
 198 0305 09090F09 		.ascii	"\011\011\017\011\011\010\000"
 198      090800
 199 030c D7BC00   		.ascii	"\327\274\000"
 200 030f 8868FF48 		.ascii	"\210h\377H\002\372\257\252\257\372\002\000\000\000\017"
 200      02FAAFAA 
 200      AFFA0200 
 200      00000F
 201 031e 000A0A06 		.ascii	"\000\012\012\006\003\006\012\012\000"
 201      03060A0A 
 201      00
 202 0327 C4A300   		.ascii	"\304\243\000"
 203 032a 08FF0840 		.ascii	"\010\377\010@DD\377DD|@\000\002\003\001\010\004\003"
 203      4444FF44 
 203      447C4000 
 203      02030108 
 203      0403
 204 033c 00030408 		.ascii	"\000\003\004\010\010\000"
 204      0800
 205 0342 BFE900   		.ascii	"\277\351\000"
 206 0345 10FC0304 		.ascii	"\020\374\003\004TTUVTT\004\000\000\017\000\000\017\005"
 206      54545556 
 206      54540400 
 206      000F0000 
 206      0F05
 207 0357 0505050F 		.ascii	"\005\005\005\017\000\000"
 207      0000
ARM GAS  C:\Users\86134\AppData\Local\Temp\ccmZMV8k.s 			page 10


 208 035d D0C500   		.ascii	"\320\305\000"
 209 0360 00FEAAAA 		.ascii	"\000\376\252\252\253\252\252\252\252\376\000\000\010"
 209      ABAAAAAA 
 209      AAFE0000 
 209      08
 210 036d 06000608 		.ascii	"\006\000\006\010\011\012\010\014\002\014\000"
 210      090A080C 
 210      020C00
 211 0378 CFA200   		.ascii	"\317\242\000"
 212 037b 4824F209 		.ascii	"H$\362\011PTT_\364TP\000\000\000\017\000\000\001\012"
 212      5054545F 
 212      F4545000 
 212      00000F00 
 212      00010A
 213 038e 080F0000 		.ascii	"\010\017\000\000\000"
 213      00
 214 0393 B4FD00   		.ascii	"\264\375\000"
 215 0396 2244FE02 		.ascii	"\"D\376\002\372\002\376\000\374\000\377\000\004\002"
 215      FA02FE00 
 215      FC00FF00 
 215      0402
 216 03a4 09040304 		.ascii	"\011\004\003\004\011\000\001\010\017\000"
 216      09000108 
 216      0F00
 217 03ae B2E200   		.ascii	"\262\342\000"
 218 03b1 048404CF 		.ascii	"\004\204\004\317\004$\304\017\004\204\004\000\004\003"
 218      0424C40F 
 218      04840400 
 218      0403
 219 03bf 00070808 		.ascii	"\000\007\010\010\010\010\016\000\007\000"
 219      08080E00 
 219      0700
 220 03c9 D0BE00   		.ascii	"\320\276\000"
 221 03cc 0000FE90 		.ascii	"\000\000\376\220\220\220\220\237\220\020\020\000\010"
 221      9090909F 
 221      90101000 
 221      08
 222 03d9 06010000 		.ascii	"\006\001\000\000\000\000\000\017\000\000\000"
 222      0000000F 
 222      000000
 223 03e4 C6AC00   		.ascii	"\306\254\000"
 224 03e7 10FC0304 		.ascii	"\020\374\003\004TTUVTT\004\000\000\017\000\000\017\005"
 224      54545556 
 224      54540400 
 224      000F0000 
 224      0F05
 225 03f9 0505050F 		.ascii	"\005\005\005\017\000\000"
 225      0000
 226 03ff D0C500   		.ascii	"\320\305\000"
 227 0402 00FEAAAA 		.ascii	"\000\376\252\252\253\252\252\252\252\376\000\000\010"
 227      ABAAAAAA 
 227      AAFE0000 
 227      08
 228 040f 06000608 		.ascii	"\006\000\006\010\011\012\010\014\002\014\000"
 228      090A080C 
 228      020C00
 229 041a CFA200   		.ascii	"\317\242\000"
ARM GAS  C:\Users\86134\AppData\Local\Temp\ccmZMV8k.s 			page 11


 230 041d FE2222FE 		.ascii	"\376\"\"\376\000\010H\210\010\377\010\000\007\002\002"
 230      00084888 
 230      08FF0800 
 230      070202
 231 042c 07000000 		.ascii	"\007\000\000\000\011\010\017\000\000"
 231      09080F00 
 231      00
 232 0435 CAB100   		.ascii	"\312\261\000"
 233 0438 00F902F8 		.ascii	"\000\371\002\370IIII\371\001\377\000\000\017\000\003"
 233      49494949 
 233      F901FF00 
 233      000F0003 
 234 0448 02020202 		.ascii	"\002\002\002\002\013\010\017\000"
 234      0B080F00 
 235 0450 BCE400   		.ascii	"\274\344\000"
 236 0453 04027DD5 		.ascii	"\004\002}\325UUUUU}\001\000\000\012\011\013\005\005"
 236      55555555 
 236      557D0100 
 236      000A090B 
 236      0505
 237 0465 05050B09 		.ascii	"\005\005\013\011\010\000"
 237      0800
 238 046b B8B400   		.ascii	"\270\264\000"
 239 046e 18D654FF 		.ascii	"\030\326T\377T\324\020\374\000\000\377\000\000\007\000"
 239      54D410FC 
 239      0000FF00 
 239      000700
 240 047d 0F040700 		.ascii	"\017\004\007\000\001\010\010\017\000"
 240      0108080F 
 240      00
 241 0486 D6C600   		.ascii	"\326\306\000"
 242 0489 1212EAA6 		.ascii	"\022\022\352\246\242\277\242\246\352\022\022\000\010"
 242      A2BFA2A6 
 242      EA121200 
 242      08
 243 0496 080B0A0A 		.ascii	"\010\013\012\012\012\012\012\013\010\010\000"
 243      0A0A0A0B 
 243      080800
 244 04a1 B2E900   		.ascii	"\262\351\000"
 245 04a4 20AAEAAA 		.ascii	" \252\352\252\272\256\251\251\251\351 \000\001\000\017"
 245      BAAEA9A9 
 245      A9E92000 
 245      01000F
 246 04b3 0A0A0A0A 		.ascii	"\012\012\012\012\012\012\017\000\000"
 246      0A0A0F00 
 246      00
 247 04bc BFB400   		.ascii	"\277\264\000"
 248 04bf 42F22EE2 		.ascii	"B\362.\342\001=!!!?\340\000\000\007\002\007\001\001"
 248      013D2121 
 248      213FE000 
 248      00070207 
 248      0101
 249 04d1 01010908 		.ascii	"\001\001\011\010\007\000"
 249      0700
 250 04d7 C2EB00   		.ascii	"\302\353\000"
 251 04da FE2222FE 		.ascii	"\376\"\"\376\000\010H\210\010\377\010\000\007\002\002"
 251      00084888 
ARM GAS  C:\Users\86134\AppData\Local\Temp\ccmZMV8k.s 			page 12


 251      08FF0800 
 251      070202
 252 04e9 07000000 		.ascii	"\007\000\000\000\011\010\017\000\000"
 252      09080F00 
 252      00
 253 04f2 CAB100   		.ascii	"\312\261\000"
 254 04f5 00F902F8 		.ascii	"\000\371\002\370IIII\371\001\377\000\000\017\000\003"
 254      49494949 
 254      F901FF00 
 254      000F0003 
 255 0505 02020202 		.ascii	"\002\002\002\002\013\010\017\000"
 255      0B080F00 
 256 050d BCE400   		.ascii	"\274\344\000"
 257 0510 8888FF48 		.ascii	"\210\210\377H\010_U\325U_@\000\000\010\017\000\010\007"
 257      085F55D5 
 257      555F4000 
 257      00080F00 
 257      0807
 258 0522 080F0909 		.ascii	"\010\017\011\011\010\000"
 258      0800
 259 0528 CCE100   		.ascii	"\314\341\000"
 260 052b 10109212 		.ascii	"\020\020\222\022\022\362\022\022\222\020\020\000\004"
 260      12F21212 
 260      92101000 
 260      04
 261 0538 02010008 		.ascii	"\002\001\000\010\017\000\000\000\001\006\000"
 261      0F000000 
 261      010600
 262 0543 CABE00   		.ascii	"\312\276\000"
 263 0546 11F20022 		.ascii	"\021\362\000\"\352\252\277\252\252\352\"\000\000\017"
 263      EAAABFAA 
 263      AAEA2200 
 263      000F
 264 0554 04000F02 		.ascii	"\004\000\017\002\002\002\012\017\000\000"
 264      02020A0F 
 264      0000
 265 055e C7EB00   		.ascii	"\307\353\000"
 266 0561 FA4A3E0A 		.ascii	"\372J>\012>J\372\000\342\">\000\017\005\005\005\005"
 266      3E4AFA00 
 266      E2223E00 
 266      0F050505 
 266      05
 267 0572 050F0007 		.ascii	"\005\017\000\007\010\016\000"
 267      080E00
 268 0579 C5E400   		.ascii	"\305\344\000"
 269 057c 1090A8A4 		.ascii	"\020\220\250\244\242\241\242\244\250\220\020\000\000"
 269      A2A1A2A4 
 269      A8901000 
 269      00
 270 0589 0F040404 		.ascii	"\017\004\004\004\004\004\004\004\017\000\000"
 270      04040404 
 270      0F0000
 271 0594 BACF00   		.ascii	"\272\317\000"
 272 0597 FE2222FE 		.ascii	"\376\"\"\376\000\010H\210\010\377\010\000\007\002\002"
 272      00084888 
 272      08FF0800 
 272      070202
ARM GAS  C:\Users\86134\AppData\Local\Temp\ccmZMV8k.s 			page 13


 273 05a6 07000000 		.ascii	"\007\000\000\000\011\010\017\000\000"
 273      09080F00 
 273      00
 274 05af CAB100   		.ascii	"\312\261\000"
 275 05b2 8897F494 		.ascii	"\210\227\364\224\224\000\370\210\377\210\370\000\000"
 275      9400F888 
 275      FF88F800 
 275      00
 276 05bf 000F0402 		.ascii	"\000\017\004\002\000\001\000\017\000\001\000"
 276      0001000F 
 276      000100
 277 05ca D6D300   		.ascii	"\326\323\000"
 278 05cd 11F20000 		.ascii	"\021\362\000\000\377!\251\275\251!\377\000\000\007\002"
 278      FF21A9BD 
 278      A921FF00 
 278      000702
 279 05dc 08070003 		.ascii	"\010\007\000\003\002\013\010\017\000"
 279      020B080F 
 279      00
 280 05e5 B5F700   		.ascii	"\265\367\000"
 281 05e8 11F20000 		.ascii	"\021\362\000\000$\344$\004\377\004\005\000\000\017\004"
 281      24E42404 
 281      FF040500 
 281      000F04
 282 05f7 00040702 		.ascii	"\000\004\007\002\000\003\004\016\000"
 282      0003040E 
 282      00
 283 0600 CAD400   		.ascii	"\312\324\000"
 284 0603 00000000 		.ascii	"\000\000\000\000\377\020\020\020\020\020\000\000\010"
 284      FF101010 
 284      10100000 
 284      08
 285 0610 0808080F 		.ascii	"\010\010\010\017\010\010\010\010\010\010\000"
 285      08080808 
 285      080800
 286 061b C9CF00   		.ascii	"\311\317\000"
 287 061e 10FC0308 		.ascii	"\020\374\003\010h\210\011\012\010\350\010\000\000\017"
 287      6888090A 
 287      08E80800 
 287      000F
 288 062c 0008080B 		.ascii	"\000\010\010\013\010\014\013\010\010\000"
 288      080C0B08 
 288      0800
 289 0636 CEBB00   		.ascii	"\316\273\000"
 290 0639 8868FF28 		.ascii	"\210h\377(@\376\002\002\376\000\000\000\000\000\017"
 290      40FE0202 
 290      FE000000 
 290      00000F
 291 0648 08040300 		.ascii	"\010\004\003\000\000\007\010\016\000"
 291      0007080E 
 291      00
 292 0651 BBFA00   		.ascii	"\273\372\000"
 293 0654 2010FC03 		.ascii	" \020\374\003\364TT\377TTt\000\000\000\017\000\010\005"
 293      F45454FF 
 293      54547400 
 293      00000F00 
 293      0805
ARM GAS  C:\Users\86134\AppData\Local\Temp\ccmZMV8k.s 			page 14


 294 0666 02050408 		.ascii	"\002\005\004\010\010\000"
 294      0800
 295 066c CAB900   		.ascii	"\312\271\000"
 296 066f 00FE9292 		.ascii	"\000\376\222\222\222\376\222\222\222\376\000\000\010"
 296      92FE9292 
 296      92FE0000 
 296      08
 297 067c 07000000 		.ascii	"\007\000\000\000\007\000\010\010\017\000\000"
 297      07000808 
 297      0F0000
 298 0687 D3C300   		.ascii	"\323\303\000"
 299 068a 7848FF48 		.ascii	"xH\377Hx\000TW\352JV\000\004\004\003\002\007\000\005"
 299      78005457 
 299      EA4A5600 
 299      04040302 
 299      070005
 300 069d 050F0505 		.ascii	"\005\017\005\005\000"
 300      00
 301 06a2 B7E400   		.ascii	"\267\344\000"
 302 06a5 FE0202FE 		.ascii	"\376\002\002\376\000~CJR^\300\000\003\001\001\003\002"
 302      007E434A 
 302      525EC000 
 302      03010103 
 302      02
 303 06b6 0202020A 		.ascii	"\002\002\002\012\010\007\000"
 303      080700
 304 06bd C3F900   		.ascii	"\303\371\000"
 305 06c0 2027A5A5 		.ascii	" '\245\245g8g\245\2557 \000\001\017\012\012\016\000"
 305      673867A5 
 305      AD372000 
 305      010F0A0A 
 305      0E00
 306 06d2 0E0A0A0F 		.ascii	"\016\012\012\017\001\000"
 306      0100
 307 06d8 C6F700   		.ascii	"\306\367\000"
 308 06db 1011F200 		.ascii	"\020\021\362\000P\317AAO\320\020\000\000\000\007\002"
 308      50CF4141 
 308      4FD01000 
 308      00000702 
 309 06eb 08080502 		.ascii	"\010\010\005\002\005\010\010\000"
 309      05080800 
 310 06f3 C9E800   		.ascii	"\311\350\000"
 311 06f6 1017D555 		.ascii	"\020\027\325UW}WU\325\027\020\000\010\010\017\010\010"
 311      577D5755 
 311      D5171000 
 311      08080F08 
 311      08
 312 0707 0E08080F 		.ascii	"\016\010\010\017\010\010\000"
 312      080800
 313 070e D6C300   		.ascii	"\326\303\000"
 314 0711 404242FE 		.ascii	"@BB\376BBB\376BB@\000\000\010\006\001\000\000\000\017"
 314      424242FE 
 314      42424000 
 314      00080601 
 314      0000000F 
 315 0725 00000000 		.ascii	"\000\000\000\000"
 316 0729 BFAA00   		.ascii	"\277\252\000"
ARM GAS  C:\Users\86134\AppData\Local\Temp\ccmZMV8k.s 			page 15


 317 072c 4048494A 		.ascii	"@HIJH\370HJIH@\000\010\010\004\002\001\000\001\002\004"
 317      48F8484A 
 317      49484000 
 317      08080402 
 317      01000102 
 318 0741 080800   		.ascii	"\010\010\000"
 319 0744 B9D800   		.ascii	"\271\330\000"
 320 0747 FE2222FE 		.ascii	"\376\"\"\376\000\010H\210\010\377\010\000\007\002\002"
 320      00084888 
 320      08FF0800 
 320      070202
 321 0756 07000000 		.ascii	"\007\000\000\000\011\010\017\000\000"
 321      09080F00 
 321      00
 322 075f CAB100   		.ascii	"\312\261\000"
 323 0762 8897F494 		.ascii	"\210\227\364\224\224\000\370\210\377\210\370\000\000"
 323      9400F888 
 323      FF88F800 
 323      00
 324 076f 000F0402 		.ascii	"\000\017\004\002\000\001\000\017\000\001\000"
 324      0001000F 
 324      000100
 325 077a D6D300   		.ascii	"\326\323\000"
 326 077d 1011F200 		.ascii	"\020\021\362\000\210\262\202\376\202\242\230\000\000"
 326      88B282FE 
 326      82A29800 
 326      00
 327 078a 00070200 		.ascii	"\000\007\002\000\000\000\017\000\000\000\000"
 327      00000F00 
 327      000000
 328 0795 C6C000   		.ascii	"\306\300\000"
 329 0798 10FC0BC8 		.ascii	"\020\374\013\310HH\177HH\310\010\000\000\017\000\017"
 329      48487F48 
 329      48C80800 
 329      000F000F 
 330 07a8 04040404 		.ascii	"\004\004\004\004\004\017\000\000"
 330      040F0000 
 331 07b0 B9C000   		.ascii	"\271\300\000"
 332 07b3 8868FF28 		.ascii	"\210h\377(@\376\022\362\022\221q\000\000\000\017\010"
 332      40FE12F2 
 332      12917100 
 332      00000F08 
 333 07c3 04030805 		.ascii	"\004\003\010\005\002\005\010\000"
 333      02050800 
 334 07cb B0E500   		.ascii	"\260\345\000"
 335 07ce 109252FE 		.ascii	"\020\222R\376Q\220\374\004\004\004\374\000\001\000\000"
 335      5190FC04 
 335      0404FC00 
 335      010000
 336 07dd 0F000007 		.ascii	"\017\000\000\007\002\002\002\007\000"
 336      02020207 
 336      00
 337 07e6 BACD00   		.ascii	"\272\315\000"
 338 07e9 00020202 		.ascii	"\000\002\002\002\376\002\202\202\202~\000\000\010\010"
 338      FE028282 
 338      827E0000 
 338      0808
ARM GAS  C:\Users\86134\AppData\Local\Temp\ccmZMV8k.s 			page 16


 339 07f7 08080F08 		.ascii	"\010\010\017\010\010\010\010\010\010\000"
 339      08080808 
 339      0800
 340 0801 CEC000   		.ascii	"\316\300\000"
 341 0804 00DF9595 		.ascii	"\000\337\225\225\225\365\225\225\225\237\000\000\011"
 341      95F59595 
 341      959F0000 
 341      09
 342 0811 080A0A0A 		.ascii	"\010\012\012\012\017\012\012\012\010\010\000"
 342      0F0A0A0A 
 342      080800
 343 081c D0C700   		.ascii	"\320\307\000"
 344 081f 8868FF28 		.ascii	"\210h\377(D$\325\006\324$D\000\000\000\017\000\010\010"
 344      4424D506 
 344      D4244400 
 344      00000F00 
 344      0808
 345 0831 05020508 		.ascii	"\005\002\005\010\010\000"
 345      0800
 346 0837 D0A300   		.ascii	"\320\243\000"
 347 083a FE2222FE 		.ascii	"\376\"\"\376\000\010H\210\010\377\010\000\007\002\002"
 347      00084888 
 347      08FF0800 
 347      070202
 348 0849 07000000 		.ascii	"\007\000\000\000\011\010\017\000\000"
 348      09080F00 
 348      00
 349 0852 CAB100   		.ascii	"\312\261\000"
 350 0855 8868FF48 		.ascii	"\210h\377H\002\372\257\252\257\372\002\000\000\000\017"
 350      02FAAFAA 
 350      AFFA0200 
 350      00000F
 351 0864 000A0A06 		.ascii	"\000\012\012\006\003\006\012\012\000"
 351      03060A0A 
 351      00
 352 086d C4A300   		.ascii	"\304\243\000"
 353 0870 08FF0840 		.ascii	"\010\377\010@DD\377DD|@\000\002\003\001\010\004\003"
 353      4444FF44 
 353      447C4000 
 353      02030108 
 353      0403
 354 0882 00030408 		.ascii	"\000\003\004\010\010\000"
 354      0800
 355 0888 BFE900   		.ascii	"\277\351\000"
 356 088b 8868FF48 		.ascii	"\210h\377H\020\222\022\362\022\222\020\000\000\000\017"
 356      109212F2 
 356      12921000 
 356      00000F
 357 089a 00020108 		.ascii	"\000\002\001\010\017\000\000\003\000"
 357      0F000003 
 357      00
 358 08a3 B1EA00   		.ascii	"\261\352\000"
 359 08a6 04082010 		.ascii	"\004\010 \020\374'$\375&$\004\000\004\002\001\000\017"
 359      FC2724FD 
 359      26240400 
 359      04020100 
 359      0F
ARM GAS  C:\Users\86134\AppData\Local\Temp\ccmZMV8k.s 			page 17


 360 08b7 09090F09 		.ascii	"\011\011\017\011\011\010\000"
 360      090800
 361 08be D7BC00   		.ascii	"\327\274\000"
 362 08c1 007C5556 		.ascii	"\000|UVT\374TVU|\000\000\001\001\001\001\001\017\001"
 362      54FC5456 
 362      557C0000 
 362      01010101 
 362      010F01
 363 08d4 01010101 		.ascii	"\001\001\001\001\000"
 363      00
 364 08d9 B5A500   		.ascii	"\265\245\000"
 365 08dc 8A44FB00 		.ascii	"\212D\373\000\370\210\210\377\210\210\370\000\010\010"
 365      F88888FF 
 365      8888F800 
 365      0808
 366 08ea 07000808 		.ascii	"\007\000\010\010\010\017\004\004\016\000"
 366      080F0404 
 366      0E00
 367 08f4 B6C000   		.ascii	"\266\300\000"
 368 08f7 24C404C4 		.ascii	"$\304\004\304<\000H\210\010\377\010\000\010\006\001"
 368      3C004888 
 368      08FF0800 
 368      080601
 369 0906 020C0000 		.ascii	"\002\014\000\000\011\010\017\000\000"
 369      09080F00 
 369      00
 370 090f B6D400   		.ascii	"\266\324\000"
 371 0912 00FF1010 		.ascii	"\000\377\020\020\020\000\377 \020\010\004\000\000\017"
 371      1000FF20 
 371      10080400 
 371      000F
 372 0920 04020100 		.ascii	"\004\002\001\000\007\010\010\010\016\000"
 372      07080808 
 372      0E00
 373 092a B1C800   		.ascii	"\261\310\000"
 374 092d 342CF7A4 		.ascii	"4,\367\244\350\244\352\011\312\004\350\000\001\001\017"
 374      E8A4EA09 
 374      CA04E800 
 374      01010F
 375 093c 000F020F 		.ascii	"\000\017\002\017\000\003\010\017\000"
 375      0003080F 
 375      00
 376 0945 CAE400   		.ascii	"\312\344\000"
 377 0948 801E1010 		.ascii	"\200\036\020\020\020\377\020\020\020\036\200\000\007"
 377      10FF1010 
 377      101E8000 
 377      07
 378 0955 04040404 		.ascii	"\004\004\004\004\007\004\004\004\004\017\000"
 378      07040404 
 378      040F00
 379 0960 B3F600   		.ascii	"\263\366\000"
 380 0963 FF010101 		.ascii	"\377\001\001\0011\011\011\011\011\211q\001\377\200\200"
 380      31090909 
 380      09897101 
 380      FF8080
 381 0972 80808080 		.ascii	"\200\200\200\200\226\201\200\200\200"
 381      96818080 
ARM GAS  C:\Users\86134\AppData\Local\Temp\ccmZMV8k.s 			page 18


 381      80
 382 097b 00       		.ascii	"\000"
 383 097c 0000     		.space	2
 384              		.global	OLED_CF10x10
 385              		.section	.rodata.OLED_CF10x10,"a"
 386              		.align	2
 389              	OLED_CF10x10:
 390 0000 0010F4C0 		.ascii	"\000\020\364\300<\252Jr\200\000\000\002\001\002\003"
 390      3CAA4A72 
 390      80000002 
 390      010203
 391 000f 02020202 		.ascii	"\002\002\002\002\000"
 391      00
 392 0014 B7B500   		.ascii	"\267\265\000"
 393 0017 00FE0272 		.ascii	"\000\376\002r**z\002\376\000\000\003\001\001\001\001"
 393      2A2A7A02 
 393      FE000003 
 393      01010101 
 394 0027 01010300 		.ascii	"\001\001\003\000"
 395 002b BBD800   		.ascii	"\273\330\000"
 396 002e 00F098F4 		.ascii	"\000\360\230\364\310v\372l\360\000\000\001\000\002\001"
 396      C876FA6C 
 396      F0000001 
 396      000201
 397 003d 00010203 		.ascii	"\000\001\002\003\000"
 397      00
 398 0042 C8B700   		.ascii	"\310\267\000"
 399 0045 0008D414 		.ascii	"\000\010\324\024\026\344TT\014\000\000\002\001\001\001"
 399      16E45454 
 399      0C000002 
 399      010101
 400 0054 03020202 		.ascii	"\003\002\002\002\000"
 400      00
 401 0059 B6A800   		.ascii	"\266\250\000"
 402 005c 00F894F8 		.ascii	"\000\370\224\370(H\010\376\010\000\000\000\000\001\000"
 402      284808FE 
 402      08000000 
 402      000100
 403 006b 00020100 		.ascii	"\000\002\001\000\000"
 403      00
 404 0070 CAB100   		.ascii	"\312\261\000"
 405 0073 102CF6A8 		.ascii	"\020,\366\2500(\376(p\000\000\000\001\000\000\000\003"
 405      3028FE28 
 405      70000000 
 405      01000000 
 405      03
 406 0084 000000   		.ascii	"\000\000\000"
 407 0087 D6D300   		.ascii	"\326\323\000"
 408 008a 0012E020 		.ascii	"\000\022\340 \250\"\3742.\000\000\000\003\001\000\000"
 408      A822FC32 
 408      2E000000 
 408      03010000 
 409 009a 03000000 		.ascii	"\003\000\000\000"
 410 009e C6C000   		.ascii	"\306\300\000"
 411 00a1 2010FC08 		.ascii	" \020\374\010\310(>(\310\000\000\000\003\000\003\001"
 411      C8283E28 
 411      C8000000 
ARM GAS  C:\Users\86134\AppData\Local\Temp\ccmZMV8k.s 			page 19


 411      03000301 
 412 00b1 01010300 		.ascii	"\001\001\003\000"
 413 00b5 B9C000   		.ascii	"\271\300\000"
 414 00b8 8048FE68 		.ascii	"\200H\376h\3744\3142\000\000\000\000\003\003\002\001"
 414      FC34CC32 
 414      00000000 
 414      03030201 
 415 00c8 00010200 		.ascii	"\000\001\002\000"
 416 00cc B0E500   		.ascii	"\260\345\000"
 417 00cf FF010101 		.ascii	"\377\001\001\0011\011\011\011\011\211\377\200\200\200"
 417      31090909 
 417      0989FF80 
 417      8080
 418 00dd 80808096 		.ascii	"\200\200\200\226\201\200"
 418      8180
 419 00e3 00       		.ascii	"\000"
 420 00e4 0000     		.space	2
 421              		.text
 422              	.Letext0:
 423              		.file 1 "c:\\stm32soft\\gcc\\gcc-arm-none-eabi-10-2020-q4-major-win32\\gcc-arm-none-eabi-10-2020-q
 424              		.file 2 "c:\\stm32soft\\gcc\\gcc-arm-none-eabi-10-2020-q4-major-win32\\gcc-arm-none-eabi-10-2020-q
 425              		.file 3 "./Hardware/hardware/oled_data.h"
 426              		.file 4 "./Hardware/hardware/oled_data_chinese.c"
ARM GAS  C:\Users\86134\AppData\Local\Temp\ccmZMV8k.s 			page 20


DEFINED SYMBOLS
                            *ABS*:00000000 oled_data_chinese.c
C:\Users\86134\AppData\Local\Temp\ccmZMV8k.s:20     .rodata.OLED_CF16x16:00000000 OLED_CF16x16
C:\Users\86134\AppData\Local\Temp\ccmZMV8k.s:17     .rodata.OLED_CF16x16:00000000 $d
C:\Users\86134\AppData\Local\Temp\ccmZMV8k.s:112    .rodata.OLED_CF12x12:00000000 OLED_CF12x12
C:\Users\86134\AppData\Local\Temp\ccmZMV8k.s:109    .rodata.OLED_CF12x12:00000000 $d
C:\Users\86134\AppData\Local\Temp\ccmZMV8k.s:389    .rodata.OLED_CF10x10:00000000 OLED_CF10x10
C:\Users\86134\AppData\Local\Temp\ccmZMV8k.s:386    .rodata.OLED_CF10x10:00000000 $d

NO UNDEFINED SYMBOLS
