ARM GAS  C:\Users\86134\AppData\Local\Temp\ccLPDGpA.s 			page 1


   1              		.cpu cortex-m3
   2              		.eabi_attribute 20, 1
   3              		.eabi_attribute 21, 1
   4              		.eabi_attribute 23, 3
   5              		.eabi_attribute 24, 1
   6              		.eabi_attribute 25, 1
   7              		.eabi_attribute 26, 1
   8              		.eabi_attribute 30, 6
   9              		.eabi_attribute 34, 1
  10              		.eabi_attribute 18, 4
  11              		.file	"oled_data_image.c"
  12              		.text
  13              	.Ltext0:
  14              		.cfi_sections	.debug_frame
  15              		.global	wave_logoo
  16              		.section	.rodata.wave_logoo,"a"
  17              		.align	2
  20              	wave_logoo:
  21 0000 00000000 		.ascii	"\000\000\000\000\000\000\000\000\000\370\370\370\330"
  21      00000000 
  21      00F8F8F8 
  21      D8
  22 000d 98181818 		.ascii	"\230\030\030\030\030\030\030\030\030\030\030\030\030"
  22      18181818 
  22      18181818 
  22      18
  23 001a 98D8F8F8 		.ascii	"\230\330\370\370\370\000\000\000\000\000\000\000\000"
  23      F8000000 
  23      00000000 
  23      00
  24 0027 00000000 		.ascii	"\000\000\000\000\000\000\000\000\000\000\377\377\377"
  24      00000000 
  24      0000FFFF 
  24      FF
  25 0034 FFFF01FF 		.ascii	"\377\377\001\377\373\363\343\303\303\343\373\377\377"
  25      FBF3E3C3 
  25      C3E3FBFF 
  25      FF
  26 0041 01FFFFFF 		.ascii	"\001\377\377\377\377\377\000\000\000\000\000\000\000"
  26      FFFF0000 
  26      00000000 
  26      00
  27 004e 00000000 		.ascii	"\000\000\000\000\000\000\000\000\000\000\000\377\377"
  27      00000000 
  27      000000FF 
  27      FF
  28 005b FFFFFF40 		.ascii	"\377\377\377@\177?730137?\177@\377\377\377\377\377\000"
  28      7F3F3733 
  28      30313337 
  28      3F7F40FF 
  28      FFFFFFFF 
  29 0070 00000000 		.ascii	"\000\000\000\000\000\000\000\000\000\000\000\000\000"
  29      00000000 
  29      00000000 
  29      00
  30 007d C0C00000 		.ascii	"\300\300\000\000\317\317\217\015\314\314\014\014\314"
  30      CFCF8F0D 
ARM GAS  C:\Users\86134\AppData\Local\Temp\ccLPDGpA.s 			page 2


  30      CCCC0C0C 
  30      CC
  31 008a CC8C0CCC 		.ascii	"\314\214\014\314\314\014\014\014\314\315\017\317\317"
  31      CC0C0C0C 
  31      CCCD0FCF 
  31      CF
  32 0097 C0C0C000 		.ascii	"\300\300\300\000\000\000\000\000\000\000\000\000\000"
  32      00000000 
  32      00000000 
  32      00
  33 00a4 00000F7F 		.ascii	"\000\000\017\177|\037\007\177|?\003x?\037\037?x@\007"
  33      7C1F077F 
  33      7C3F0378 
  33      3F1F1F3F 
  33      784007
  34 00b7 3F7C7E0F 		.ascii	"?|~\017\001\000\177\177fff\000\000\000\000\000\000"
  34      01007F7F 
  34      66666600 
  34      00000000 
  34      00
  35              		.global	wave_logo
  36              		.section	.rodata.wave_logo,"a"
  37              		.align	2
  40              	wave_logo:
  41 0000 00000000 		.ascii	"\000\000\000\000\000\000\000\000\000\360\360\360\260"
  41      00000000 
  41      00F0F0F0 
  41      B0
  42 000d B0303030 		.ascii	"\26000000000000000000000000000000000\260\360\360\360"
  42      30303030 
  42      30303030 
  42      30303030 
  42      30303030 
  43 0032 F0000000 		.ascii	"\360\000\000\000\000\000\000\000\000\000\000\000\000"
  43      00000000 
  43      00000000 
  43      00
  44 003f 00000000 		.ascii	"\000\000\000\000\000\000\000\000\000\000\000\000\000"
  44      00000000 
  44      00000000 
  44      00
  45 004c 00000000 		.ascii	"\000\000\000\000\000\000\000\000\000\000\000\000\000"
  45      00000000 
  45      00000000 
  45      00
  46 0059 FFFFFFFF 		.ascii	"\377\377\377\377\377\377\376\374\010\010\360\360\360"
  46      FFFFFEFC 
  46      0808F0F0 
  46      F0
  47 0066 B0303030 		.ascii	"\26000000000000000\260\360\360\360\010\010\374\376\377"
  47      30303030 
  47      30303030 
  47      303030B0 
  47      F0F0F008 
  48 007e FFFFFFFF 		.ascii	"\377\377\377\377\377\000\000\000\000\000\000\000\000"
  48      FF000000 
  48      00000000 
ARM GAS  C:\Users\86134\AppData\Local\Temp\ccLPDGpA.s 			page 3


  48      00
  49 008b 00000000 		.ascii	"\000\000\000\000\000\000\000\000\000\000\000\000\000"
  49      00000000 
  49      00000000 
  49      00
  50 0098 00000000 		.ascii	"\000\000\000\000\000\000\000\000\000\000\000\000\000"
  50      00000000 
  50      00000000 
  50      00
  51 00a5 00000000 		.ascii	"\000\000\000\000\377\377\377\377\377\377\377\377\000"
  51      FFFFFFFF 
  51      FFFFFFFF 
  51      00
  52 00b2 00FFFFFF 		.ascii	"\000\377\377\377\377\377\376\374\370\370p``\360\370"
  52      FFFFFEFC 
  52      F8F87060 
  52      60F0F8
  53 00c1 FCFCFEFF 		.ascii	"\374\374\376\377\377\377\377\377\000\000\377\377\377"
  53      FFFFFFFF 
  53      0000FFFF 
  53      FF
  54 00ce FFFFFFFF 		.ascii	"\377\377\377\377\377\000\000\000\000\000\000\000\000"
  54      FF000000 
  54      00000000 
  54      00
  55 00db 00000000 		.ascii	"\000\000\000\000\000\000\000\000\000\000\000\000\000"
  55      00000000 
  55      00000000 
  55      00
  56 00e8 00000000 		.ascii	"\000\000\000\000\000\000\000\000\000\000\000\000\000"
  56      00000000 
  56      00000000 
  56      00
  57 00f5 00000000 		.ascii	"\000\000\000\000\377\377\377\377\377\377\377\377\200"
  57      FFFFFFFF 
  57      FFFFFFFF 
  57      80
  58 0102 80FFFFFF 		.ascii	"\200\377\377\377\337\317\307\303\301\300\300\300\300"
  58      DFCFC7C3 
  58      C1C0C0C0 
  58      C0
  59 010f C0C0C3C3 		.ascii	"\300\300\303\303\307\317\337\377\377\377\200\200\377"
  59      C7CFDFFF 
  59      FFFF8080 
  59      FF
  60 011c FFFFFFFF 		.ascii	"\377\377\377\377\377\377\377\000\000\000\000\000\000"
  60      FFFFFF00 
  60      00000000 
  60      00
  61 0129 00000000 		.ascii	"\000\000\000\000\000\000\000\000\000\000\000\000\000"
  61      00000000 
  61      00000000 
  61      00
  62 0136 00000000 		.ascii	"\000\000\000\000\000\000\000\000\000\000\000\000\000"
  62      00000000 
  62      00000000 
  62      00
ARM GAS  C:\Users\86134\AppData\Local\Temp\ccLPDGpA.s 			page 4


  63 0143 00000000 		.ascii	"\000\000\000\000\000\000\377\377\377\337\337\317\307"
  63      0000FFFF 
  63      FFDFDFCF 
  63      C7
  64 0150 C3C1C0C0 		.ascii	"\303\301\300\300\300\300\300\300\300\300\300\300\300"
  64      C0C0C0C0 
  64      C0C0C0C0 
  64      C0
  65 015d C0C0C0C0 		.ascii	"\300\300\300\300\300\300\300\300\300\300\300\300\300"
  65      C0C0C0C0 
  65      C0C0C0C0 
  65      C0
  66 016a C1C3C7CF 		.ascii	"\301\303\307\317\337\377\377\377\377\000\000\000\000"
  66      DFFFFFFF 
  66      FF000000 
  66      00
  67 0177 00000000 		.ascii	"\000\000\000\000\000\000\000\000\000\000\000\000\000"
  67      00000000 
  67      00000000 
  67      00
  68 0184 00000000 		.ascii	"\000\000\000\000\000\000\000\000\000\000\000\000\000"
  68      00000000 
  68      00000000 
  68      00
  69 0191 30F0F0C0 		.ascii	"0\360\360\300\000\000\000\000\340\360\360\340\200\000"
  69      00000000 
  69      E0F0F0E0 
  69      8000
  70 019f 0000C0F0 		.ascii	"\000\000\300\360\360\020\000\000\000\300\360p\360\300"
  70      F0100000 
  70      00C0F070 
  70      F0C0
  71 01ad 80000000 		.ascii	"\200\000\000\0000p\360\300\200\000\000\000\000\000\340"
  71      3070F0C0 
  71      80000000 
  71      0000E0
  72 01bc F0700000 		.ascii	"\360p\000\000\000\360\3600000000\000\000\000\000\000"
  72      00F0F030 
  72      30303030 
  72      30300000 
  72      000000
  73 01cf 00000000 		.ascii	"\000\000\000\000\000\000\000\000\000\000\000\000\000"
  73      00000000 
  73      00000000 
  73      00
  74 01dc 00000000 		.ascii	"\000\000\000\000\000\000\000\007\037\377\370\374\177"
  74      00000007 
  74      1FFFF8FC 
  74      7F
  75 01e9 1F01030F 		.ascii	"\037\001\003\017\377\370\370\376?\007\000\200\360\374"
  75      FFF8F8FE 
  75      3F070080 
  75      F0FC
  76 01f7 3F1F1B18 		.ascii	"?\037\033\030\033\037?\374\360\200\000\000\003\017?"
  76      1B1F3FFC 
  76      F0800000 
  76      030F3F
ARM GAS  C:\Users\86134\AppData\Local\Temp\ccLPDGpA.s 			page 5


  77 0206 FCF0F0FE 		.ascii	"\374\360\360\376\037\017\001\000\000\000\000\377\377"
  77      1F0F0100 
  77      000000FF 
  77      FF
  78 0213 86868686 		.ascii	"\206\206\206\206\206\206\206\000\000\000\000\000\000"
  78      86868600 
  78      00000000 
  78      00
  79 0220 00000000 		.ascii	"\000\000\000\000\000\000\000\000\000\000\000\000\000"
  79      00000000 
  79      00000000 
  79      00
  80 022d 00000000 		.ascii	"\000\000\000\000\000\000\000\000\001\001\001\000\000"
  80      00000000 
  80      01010100 
  80      00
  81 023a 00000000 		.ascii	"\000\000\000\000\001\001\000\000\000\000\001\001\001"
  81      01010000 
  81      00000101 
  81      01
  82 0247 00000000 		.ascii	"\000\000\000\000\000\000\000\001\001\001\000\000\000"
  82      00000001 
  82      01010000 
  82      00
  83 0254 00000001 		.ascii	"\000\000\000\001\001\000\000\000\000\000\000\000\000"
  83      01000000 
  83      00000000 
  83      00
  84 0261 01010101 		.ascii	"\001\001\001\001\001\001\001\001\001\000\000\000\000"
  84      01010101 
  84      01000000 
  84      00
  85 026e 00000000 		.ascii	"\000\000\000\000\000\000\000\000\000\000\000\000\000"
  85      00000000 
  85      00000000 
  85      00
  86 027b 00000000 		.ascii	"\000\000\000\000\000"
  86      00
  87              		.global	Charge
  88              		.section	.rodata.Charge,"a"
  89              		.align	2
  92              	Charge:
  93 0000 F8F8181F 		.ascii	"\370\370\030\037\037\237\037\037\037\030\370\370\377"
  93      1F9F1F1F 
  93      1F18F8F8 
  93      FF
  94 000d FF00181F 		.ascii	"\377\000\030\037\377|\034\004\000\377\377\017\017\014"
  94      FF7C1C04 
  94      00FFFF0F 
  94      0F0C
  95 001b 0C0C0C0C 		.ascii	"\014\014\014\014\014\014\014\017\017"
  95      0C0C0C0F 
  95      0F
  96              		.text
  97              	.Letext0:
  98              		.file 1 "c:\\stm32soft\\gcc\\gcc-arm-none-eabi-10-2020-q4-major-win32\\gcc-arm-none-eabi-10-2020-q
  99              		.file 2 "c:\\stm32soft\\gcc\\gcc-arm-none-eabi-10-2020-q4-major-win32\\gcc-arm-none-eabi-10-2020-q
ARM GAS  C:\Users\86134\AppData\Local\Temp\ccLPDGpA.s 			page 6


 100              		.file 3 "./Hardware/hardware/oled_data.h"
 101              		.file 4 "./Hardware/hardware/oled_data_image.c"
ARM GAS  C:\Users\86134\AppData\Local\Temp\ccLPDGpA.s 			page 7


DEFINED SYMBOLS
                            *ABS*:00000000 oled_data_image.c
C:\Users\86134\AppData\Local\Temp\ccLPDGpA.s:20     .rodata.wave_logoo:00000000 wave_logoo
C:\Users\86134\AppData\Local\Temp\ccLPDGpA.s:17     .rodata.wave_logoo:00000000 $d
C:\Users\86134\AppData\Local\Temp\ccLPDGpA.s:40     .rodata.wave_logo:00000000 wave_logo
C:\Users\86134\AppData\Local\Temp\ccLPDGpA.s:37     .rodata.wave_logo:00000000 $d
C:\Users\86134\AppData\Local\Temp\ccLPDGpA.s:92     .rodata.Charge:00000000 Charge
C:\Users\86134\AppData\Local\Temp\ccLPDGpA.s:89     .rodata.Charge:00000000 $d

NO UNDEFINED SYMBOLS
