ARM GAS  C:\Users\86134\AppData\Local\Temp\ccDt5udV.s 			page 1


   1              		.cpu cortex-m3
   2              		.eabi_attribute 20, 1
   3              		.eabi_attribute 21, 1
   4              		.eabi_attribute 23, 3
   5              		.eabi_attribute 24, 1
   6              		.eabi_attribute 25, 1
   7              		.eabi_attribute 26, 1
   8              		.eabi_attribute 30, 6
   9              		.eabi_attribute 34, 1
  10              		.eabi_attribute 18, 4
  11              		.file	"OLED_Data.c"
  12              		.text
  13              	.Ltext0:
  14              		.cfi_sections	.debug_frame
  15              		.global	OLED_F8x16
  16              		.section	.rodata.OLED_F8x16,"a"
  17              		.align	2
  20              	OLED_F8x16:
  21 0000 00000000 		.ascii	"\000\000\000\000\000\000\000\000\000\000\000\000\000"
  21      00000000 
  21      00000000 
  21      00
  22 000d 000000   		.ascii	"\000\000\000"
  23 0010 000000F8 		.ascii	"\000\000\000\370\000\000\000\000\000\000\00030\000\000"
  23      00000000 
  23      00000033 
  23      300000
  24 001f 00       		.ascii	"\000"
  25 0020 00160E00 		.ascii	"\000\026\016\000\026\016\000\000\000\000\000\000\000"
  25      160E0000 
  25      00000000 
  25      00
  26 002d 000000   		.ascii	"\000\000\000"
  27 0030 40C07840 		.ascii	"@\300x@\300x@\000\004?\004\004?\004\004\000"
  27      C0784000 
  27      043F0404 
  27      3F040400 
  28 0040 007088FC 		.ascii	"\000p\210\374\0100\000\000\000\030 \377!\036\000\000"
  28      08300000 
  28      001820FF 
  28      211E0000 
  29 0050 F008F000 		.ascii	"\360\010\360\000\340\030\000\000\000!\034\003\036!\036"
  29      E0180000 
  29      00211C03 
  29      1E211E
  30 005f 00       		.ascii	"\000"
  31 0060 00F00888 		.ascii	"\000\360\010\210p\000\000\000\036!#$\031'!\020"
  31      70000000 
  31      1E212324 
  31      19272110 
  32 0070 00000016 		.ascii	"\000\000\000\026\016\000\000\000\000\000\000\000\000"
  32      0E000000 
  32      00000000 
  32      00
  33 007d 000000   		.ascii	"\000\000\000"
  34 0080 000000E0 		.ascii	"\000\000\000\340\030\004\002\000\000\000\000\007\030"
  34      18040200 
ARM GAS  C:\Users\86134\AppData\Local\Temp\ccDt5udV.s 			page 2


  34      00000007 
  34      18
  35 008d 204000   		.ascii	" @\000"
  36 0090 00020418 		.ascii	"\000\002\004\030\340\000\000\000\000@ \030\007\000\000"
  36      E0000000 
  36      00402018 
  36      070000
  37 009f 00       		.ascii	"\000"
  38 00a0 404080F0 		.ascii	"@@\200\360\200@@\000\002\002\001\017\001\002\002\000"
  38      80404000 
  38      0202010F 
  38      01020200 
  39 00b0 000000F0 		.ascii	"\000\000\000\360\000\000\000\000\001\001\001\037\001"
  39      00000000 
  39      0101011F 
  39      01
  40 00bd 010100   		.ascii	"\001\001\000"
  41 00c0 00000000 		.ascii	"\000\000\000\000\000\000\000\000\000\260p\000\000\000"
  41      00000000 
  41      00B07000 
  41      0000
  42 00ce 0000     		.ascii	"\000\000"
  43 00d0 00000000 		.ascii	"\000\000\000\000\000\000\000\000\000\001\001\001\001"
  43      00000000 
  43      00010101 
  43      01
  44 00dd 010101   		.ascii	"\001\001\001"
  45 00e0 00000000 		.ascii	"\000\000\000\000\000\000\000\000\00000\000\000\000\000"
  45      00000000 
  45      00303000 
  45      000000
  46 00ef 00       		.ascii	"\000"
  47 00f0 00000000 		.ascii	"\000\000\000\000\200`\030\004\000`\030\006\001\000\000"
  47      80601804 
  47      00601806 
  47      010000
  48 00ff 00       		.ascii	"\000"
  49 0100 00E01008 		.ascii	"\000\340\020\010\010\020\340\000\000\017\020  \020\017"
  49      0810E000 
  49      000F1020 
  49      20100F
  50 010f 00       		.ascii	"\000"
  51 0110 001010F8 		.ascii	"\000\020\020\370\000\000\000\000\000  ?  \000\000"
  51      00000000 
  51      0020203F 
  51      20200000 
  52 0120 00700808 		.ascii	"\000p\010\010\010\210p\000\0000($\"!0\000"
  52      08887000 
  52      00302824 
  52      22213000 
  53 0130 00300888 		.ascii	"\0000\010\210\210H0\000\000\030   \021\016\000"
  53      88483000 
  53      00182020 
  53      20110E00 
  54 0140 0000C020 		.ascii	"\000\000\300 \020\370\000\000\000\007\004$$?$\000"
  54      10F80000 
  54      00070424 
ARM GAS  C:\Users\86134\AppData\Local\Temp\ccDt5udV.s 			page 3


  54      243F2400 
  55 0150 00F80888 		.ascii	"\000\370\010\210\210\010\010\000\000\031!  \021\016"
  55      88080800 
  55      00192120 
  55      20110E
  56 015f 00       		.ascii	"\000"
  57 0160 00E01088 		.ascii	"\000\340\020\210\210\030\000\000\000\017\021  \021\016"
  57      88180000 
  57      000F1120 
  57      20110E
  58 016f 00       		.ascii	"\000"
  59 0170 00380808 		.ascii	"\0008\010\010\3108\010\000\000\000\000?\000\000\000"
  59      C8380800 
  59      0000003F 
  59      000000
  60 017f 00       		.ascii	"\000"
  61 0180 00708808 		.ascii	"\000p\210\010\010\210p\000\000\034\"!!\"\034\000"
  61      08887000 
  61      001C2221 
  61      21221C00 
  62 0190 00E01008 		.ascii	"\000\340\020\010\010\020\340\000\000\0001\"\"\021\017"
  62      0810E000 
  62      00003122 
  62      22110F
  63 019f 00       		.ascii	"\000"
  64 01a0 000000C0 		.ascii	"\000\000\000\300\300\000\000\000\000\000\00000\000\000"
  64      C0000000 
  64      00000030 
  64      300000
  65 01af 00       		.ascii	"\000"
  66 01b0 000000C0 		.ascii	"\000\000\000\300\300\000\000\000\000\000\200\260p\000"
  66      C0000000 
  66      000080B0 
  66      7000
  67 01be 0000     		.ascii	"\000\000"
  68 01c0 00008040 		.ascii	"\000\000\200@ \020\010\000\000\001\002\004\010\020 "
  68      20100800 
  68      00010204 
  68      081020
  69 01cf 00       		.ascii	"\000"
  70 01d0 40404040 		.ascii	"@@@@@@@\000\004\004\004\004\004\004\004\000"
  70      40404000 
  70      04040404 
  70      04040400 
  71 01e0 00081020 		.ascii	"\000\010\020 @\200\000\000\000 \020\010\004\002\001"
  71      40800000 
  71      00201008 
  71      040201
  72 01ef 00       		.ascii	"\000"
  73 01f0 00704808 		.ascii	"\000pH\010\010\010\360\000\000\000\00006\001\000\000"
  73      0808F000 
  73      00000030 
  73      36010000 
  74 0200 C030C828 		.ascii	"\3000\310(\350\020\340\000\007\030'$#\024\013\000"
  74      E810E000 
  74      07182724 
  74      23140B00 
ARM GAS  C:\Users\86134\AppData\Local\Temp\ccDt5udV.s 			page 4


  75 0210 0000C038 		.ascii	"\000\000\3008\340\000\000\000 <#\002\002'8 "
  75      E0000000 
  75      203C2302 
  75      02273820 
  76 0220 08F88888 		.ascii	"\010\370\210\210\210p\000\000 ?   \021\016\000"
  76      88700000 
  76      203F2020 
  76      20110E00 
  77 0230 C0300808 		.ascii	"\3000\010\010\010\0108\000\007\030   \020\010\000"
  77      08083800 
  77      07182020 
  77      20100800 
  78 0240 08F80808 		.ascii	"\010\370\010\010\010\020\340\000 ?   \020\017\000"
  78      0810E000 
  78      203F2020 
  78      20100F00 
  79 0250 08F88888 		.ascii	"\010\370\210\210\350\010\020\000 ?  # \030\000"
  79      E8081000 
  79      203F2020 
  79      23201800 
  80 0260 08F88888 		.ascii	"\010\370\210\210\350\010\020\000 ? \000\003\000\000"
  80      E8081000 
  80      203F2000 
  80      030000
  81 026f 00       		.ascii	"\000"
  82 0270 C0300808 		.ascii	"\3000\010\010\0108\000\000\007\030  \"\036\002\000"
  82      08380000 
  82      07182020 
  82      221E0200 
  83 0280 08F80800 		.ascii	"\010\370\010\000\000\010\370\010 ?!\001\001!? "
  83      0008F808 
  83      203F2101 
  83      01213F20 
  84 0290 000808F8 		.ascii	"\000\010\010\370\010\010\000\000\000  ?  \000\000"
  84      08080000 
  84      0020203F 
  84      20200000 
  85 02a0 00000808 		.ascii	"\000\000\010\010\370\010\010\000\300\200\200\200\177"
  85      F8080800 
  85      C0808080 
  85      7F
  86 02ad 000000   		.ascii	"\000\000\000"
  87 02b0 08F888C0 		.ascii	"\010\370\210\300(\030\010\000 ? \001&8 \000"
  87      28180800 
  87      203F2001 
  87      26382000 
  88 02c0 08F80800 		.ascii	"\010\370\010\000\000\000\000\000 ?    0\000"
  88      00000000 
  88      203F2020 
  88      20203000 
  89 02d0 08F8F800 		.ascii	"\010\370\370\000\370\370\010\000 ?\000?\000? \000"
  89      F8F80800 
  89      203F003F 
  89      003F2000 
  90 02e0 08F830C0 		.ascii	"\010\3700\300\000\010\370\010 ? \000\007\030?\000"
  90      0008F808 
  90      203F2000 
ARM GAS  C:\Users\86134\AppData\Local\Temp\ccDt5udV.s 			page 5


  90      07183F00 
  91 02f0 E0100808 		.ascii	"\340\020\010\010\010\020\340\000\017\020   \020\017"
  91      0810E000 
  91      0F102020 
  91      20100F
  92 02ff 00       		.ascii	"\000"
  93 0300 08F80808 		.ascii	"\010\370\010\010\010\010\360\000 ?!\001\001\001\000"
  93      0808F000 
  93      203F2101 
  93      010100
  94 030f 00       		.ascii	"\000"
  95 0310 E0100808 		.ascii	"\340\020\010\010\010\020\340\000\017\030$$8PO\000"
  95      0810E000 
  95      0F182424 
  95      38504F00 
  96 0320 08F88888 		.ascii	"\010\370\210\210\210\210p\000 ? \000\003\0140 "
  96      88887000 
  96      203F2000 
  96      030C3020 
  97 0330 00708808 		.ascii	"\000p\210\010\010\0108\000\0008 !!\"\034\000"
  97      08083800 
  97      00382021 
  97      21221C00 
  98 0340 180808F8 		.ascii	"\030\010\010\370\010\010\030\000\000\000 ? \000\000"
  98      08081800 
  98      0000203F 
  98      200000
  99 034f 00       		.ascii	"\000"
 100 0350 08F80800 		.ascii	"\010\370\010\000\000\010\370\010\000\037    \037\000"
 100      0008F808 
 100      001F2020 
 100      20201F00 
 101 0360 08788800 		.ascii	"\010x\210\000\000\3108\010\000\000\0078\016\001\000"
 101      00C83808 
 101      00000738 
 101      0E0100
 102 036f 00       		.ascii	"\000"
 103 0370 F80800F8 		.ascii	"\370\010\000\370\000\010\370\000\003<\007\000\007<\003"
 103      0008F800 
 103      033C0700 
 103      073C03
 104 037f 00       		.ascii	"\000"
 105 0380 08186880 		.ascii	"\010\030h\200\200h\030\010 0,\003\003,0 "
 105      80681808 
 105      20302C03 
 105      032C3020 
 106 0390 0838C800 		.ascii	"\0108\310\000\3108\010\000\000\000 ? \000\000\000"
 106      C8380800 
 106      0000203F 
 106      20000000 
 107 03a0 10080808 		.ascii	"\020\010\010\010\3108\010\000 8&!  \030\000"
 107      C8380800 
 107      20382621 
 107      20201800 
 108 03b0 000000FE 		.ascii	"\000\000\000\376\002\002\002\000\000\000\000\177@@@"
 108      02020200 
 108      0000007F 
ARM GAS  C:\Users\86134\AppData\Local\Temp\ccDt5udV.s 			page 6


 108      404040
 109 03bf 00       		.ascii	"\000"
 110 03c0 000C30C0 		.ascii	"\000\0140\300\000\000\000\000\000\000\000\001\0068\300"
 110      00000000 
 110      00000001 
 110      0638C0
 111 03cf 00       		.ascii	"\000"
 112 03d0 00020202 		.ascii	"\000\002\002\002\376\000\000\000\000@@@\177\000\000"
 112      FE000000 
 112      00404040 
 112      7F0000
 113 03df 00       		.ascii	"\000"
 114 03e0 00201008 		.ascii	"\000 \020\010\004\010\020 \000\000\000\000\000\000\000"
 114      04081020 
 114      00000000 
 114      000000
 115 03ef 00       		.ascii	"\000"
 116 03f0 00000000 		.ascii	"\000\000\000\000\000\000\000\000\200\200\200\200\200"
 116      00000000 
 116      80808080 
 116      80
 117 03fd 808080   		.ascii	"\200\200\200"
 118 0400 00020408 		.ascii	"\000\002\004\010\000\000\000\000\000\000\000\000\000"
 118      00000000 
 118      00000000 
 118      00
 119 040d 000000   		.ascii	"\000\000\000"
 120 0410 00008080 		.ascii	"\000\000\200\200\200\200\000\000\000\031$\"\"\"? "
 120      80800000 
 120      00192422 
 120      22223F20 
 121 0420 08F80080 		.ascii	"\010\370\000\200\200\000\000\000\000?\021  \021\016"
 121      80000000 
 121      003F1120 
 121      20110E
 122 042f 00       		.ascii	"\000"
 123 0430 00000080 		.ascii	"\000\000\000\200\200\200\000\000\000\016\021   \021"
 123      80800000 
 123      000E1120 
 123      202011
 124 043f 00       		.ascii	"\000"
 125 0440 00000080 		.ascii	"\000\000\000\200\200\210\370\000\000\016\021  \020?"
 125      8088F800 
 125      000E1120 
 125      20103F
 126 044f 20       		.ascii	" "
 127 0450 00008080 		.ascii	"\000\000\200\200\200\200\000\000\000\037\"\"\"\"\023"
 127      80800000 
 127      001F2222 
 127      222213
 128 045f 00       		.ascii	"\000"
 129 0460 008080F0 		.ascii	"\000\200\200\360\210\210\210\030\000  ?  \000\000"
 129      88888818 
 129      0020203F 
 129      20200000 
 130 0470 00008080 		.ascii	"\000\000\200\200\200\200\200\000\000k\224\224\224\223"
 130      80808000 
ARM GAS  C:\Users\86134\AppData\Local\Temp\ccDt5udV.s 			page 7


 130      006B9494 
 130      9493
 131 047e 6000     		.ascii	"`\000"
 132 0480 08F80080 		.ascii	"\010\370\000\200\200\200\000\000 ?!\000\000 ? "
 132      80800000 
 132      203F2100 
 132      00203F20 
 133 0490 00809898 		.ascii	"\000\200\230\230\000\000\000\000\000  ?  \000\000"
 133      00000000 
 133      0020203F 
 133      20200000 
 134 04a0 00000080 		.ascii	"\000\000\000\200\230\230\000\000\000\300\200\200\200"
 134      98980000 
 134      00C08080 
 134      80
 135 04ad 7F0000   		.ascii	"\177\000\000"
 136 04b0 08F80000 		.ascii	"\010\370\000\000\200\200\200\000 ?$\002-0 \000"
 136      80808000 
 136      203F2402 
 136      2D302000 
 137 04c0 000808F8 		.ascii	"\000\010\010\370\000\000\000\000\000  ?  \000\000"
 137      00000000 
 137      0020203F 
 137      20200000 
 138 04d0 80808080 		.ascii	"\200\200\200\200\200\200\200\000 ? \000? \000?"
 138      80808000 
 138      203F2000 
 138      3F20003F 
 139 04e0 00808000 		.ascii	"\000\200\200\000\200\200\000\000\000 ?!\000 ? "
 139      80800000 
 139      00203F21 
 139      00203F20 
 140 04f0 00008080 		.ascii	"\000\000\200\200\200\200\000\000\000\037    \037\000"
 140      80800000 
 140      001F2020 
 140      20201F00 
 141 0500 80800080 		.ascii	"\200\200\000\200\200\000\000\000\200\377\241  \021\016"
 141      80000000 
 141      80FFA120 
 141      20110E
 142 050f 00       		.ascii	"\000"
 143 0510 00000080 		.ascii	"\000\000\000\200\200\200\200\000\000\016\021  \240\377"
 143      80808000 
 143      000E1120 
 143      20A0FF
 144 051f 80       		.ascii	"\200"
 145 0520 80808000 		.ascii	"\200\200\200\000\200\200\200\000  ?! \000\001\000"
 145      80808000 
 145      20203F21 
 145      20000100 
 146 0530 00008080 		.ascii	"\000\000\200\200\200\200\200\000\0003$$$$\031\000"
 146      80808000 
 146      00332424 
 146      24241900 
 147 0540 008080E0 		.ascii	"\000\200\200\340\200\200\000\000\000\000\000\037  \000"
 147      80800000 
 147      0000001F 
ARM GAS  C:\Users\86134\AppData\Local\Temp\ccDt5udV.s 			page 8


 147      202000
 148 054f 00       		.ascii	"\000"
 149 0550 80800000 		.ascii	"\200\200\000\000\000\200\200\000\000\037   \020? "
 149      00808000 
 149      001F2020 
 149      20103F20 
 150 0560 80808000 		.ascii	"\200\200\200\000\000\200\200\200\000\001\0160\010\006"
 150      00808080 
 150      00010E30 
 150      0806
 151 056e 0100     		.ascii	"\001\000"
 152 0570 80800080 		.ascii	"\200\200\000\200\000\200\200\200\0170\014\003\0140\017"
 152      00808080 
 152      0F300C03 
 152      0C300F
 153 057f 00       		.ascii	"\000"
 154 0580 00808000 		.ascii	"\000\200\200\000\200\200\200\000\000 1.\0161 \000"
 154      80808000 
 154      0020312E 
 154      0E312000 
 155 0590 80808000 		.ascii	"\200\200\200\000\000\200\200\200\200\201\216p\030\006"
 155      00808080 
 155      80818E70 
 155      1806
 156 059e 0100     		.ascii	"\001\000"
 157 05a0 00808080 		.ascii	"\000\200\200\200\200\200\200\000\000!0,\"!0\000"
 157      80808000 
 157      0021302C 
 157      22213000 
 158 05b0 00000000 		.ascii	"\000\000\000\000\200|\002\002\000\000\000\000\000?@"
 158      807C0202 
 158      00000000 
 158      003F40
 159 05bf 40       		.ascii	"@"
 160 05c0 00000000 		.ascii	"\000\000\000\000\377\000\000\000\000\000\000\000\377"
 160      FF000000 
 160      00000000 
 160      FF
 161 05cd 000000   		.ascii	"\000\000\000"
 162 05d0 0002027C 		.ascii	"\000\002\002|\200\000\000\000\000@@?\000\000\000\000"
 162      80000000 
 162      0040403F 
 162      00000000 
 163 05e0 00804040 		.ascii	"\000\200@@\200\000\000\200\000\000\000\000\000\001\001"
 163      80000080 
 163      00000000 
 163      000101
 164 05ef 00       		.ascii	"\000"
 165              		.global	OLED_F6x8
 166              		.section	.rodata.OLED_F6x8,"a"
 167              		.align	2
 170              	OLED_F6x8:
 171 0000 00000000 		.ascii	"\000\000\000\000\000\000"
 171      0000
 172 0006 0000002F 		.ascii	"\000\000\000/\000\000"
 172      0000
 173 000c 00000700 		.ascii	"\000\000\007\000\007\000"
ARM GAS  C:\Users\86134\AppData\Local\Temp\ccDt5udV.s 			page 9


 173      0700
 174 0012 00147F14 		.ascii	"\000\024\177\024\177\024"
 174      7F14
 175 0018 00242A7F 		.ascii	"\000$*\177*\022"
 175      2A12
 176 001e 00231308 		.ascii	"\000#\023\010db"
 176      6462
 177 0024 00364955 		.ascii	"\0006IU\"P"
 177      2250
 178 002a 00000007 		.ascii	"\000\000\000\007\000\000"
 178      0000
 179 0030 00001C22 		.ascii	"\000\000\034\"A\000"
 179      4100
 180 0036 00004122 		.ascii	"\000\000A\"\034\000"
 180      1C00
 181 003c 0014083E 		.ascii	"\000\024\010>\010\024"
 181      0814
 182 0042 0008083E 		.ascii	"\000\010\010>\010\010"
 182      0808
 183 0048 000000A0 		.ascii	"\000\000\000\240`\000"
 183      6000
 184 004e 00080808 		.ascii	"\000\010\010\010\010\010"
 184      0808
 185 0054 00006060 		.ascii	"\000\000``\000\000"
 185      0000
 186 005a 00201008 		.ascii	"\000 \020\010\004\002"
 186      0402
 187 0060 003E5149 		.ascii	"\000>QIE>"
 187      453E
 188 0066 0000427F 		.ascii	"\000\000B\177@\000"
 188      4000
 189 006c 00426151 		.ascii	"\000BaQIF"
 189      4946
 190 0072 00214145 		.ascii	"\000!AEK1"
 190      4B31
 191 0078 00181412 		.ascii	"\000\030\024\022\177\020"
 191      7F10
 192 007e 00274545 		.ascii	"\000'EEE9"
 192      4539
 193 0084 003C4A49 		.ascii	"\000<JII0"
 193      4930
 194 008a 00017109 		.ascii	"\000\001q\011\005\003"
 194      0503
 195 0090 00364949 		.ascii	"\0006III6"
 195      4936
 196 0096 00064949 		.ascii	"\000\006II)\036"
 196      291E
 197 009c 00003636 		.ascii	"\000\00066\000\000"
 197      0000
 198 00a2 00005636 		.ascii	"\000\000V6\000\000"
 198      0000
 199 00a8 00081422 		.ascii	"\000\010\024\"A\000"
 199      4100
 200 00ae 00141414 		.ascii	"\000\024\024\024\024\024"
 200      1414
 201 00b4 00004122 		.ascii	"\000\000A\"\024\010"
 201      1408
ARM GAS  C:\Users\86134\AppData\Local\Temp\ccDt5udV.s 			page 10


 202 00ba 00020151 		.ascii	"\000\002\001Q\011\006"
 202      0906
 203 00c0 003E4955 		.ascii	"\000>IUY."
 203      592E
 204 00c6 007C1211 		.ascii	"\000|\022\021\022|"
 204      127C
 205 00cc 007F4949 		.ascii	"\000\177III6"
 205      4936
 206 00d2 003E4141 		.ascii	"\000>AAA\""
 206      4122
 207 00d8 007F4141 		.ascii	"\000\177AA\"\034"
 207      221C
 208 00de 007F4949 		.ascii	"\000\177IIIA"
 208      4941
 209 00e4 007F0909 		.ascii	"\000\177\011\011\011\001"
 209      0901
 210 00ea 003E4149 		.ascii	"\000>AIIz"
 210      497A
 211 00f0 007F0808 		.ascii	"\000\177\010\010\010\177"
 211      087F
 212 00f6 0000417F 		.ascii	"\000\000A\177A\000"
 212      4100
 213 00fc 00204041 		.ascii	"\000 @A?\001"
 213      3F01
 214 0102 007F0814 		.ascii	"\000\177\010\024\"A"
 214      2241
 215 0108 007F4040 		.ascii	"\000\177@@@@"
 215      4040
 216 010e 007F020C 		.ascii	"\000\177\002\014\002\177"
 216      027F
 217 0114 007F0408 		.ascii	"\000\177\004\010\020\177"
 217      107F
 218 011a 003E4141 		.ascii	"\000>AAA>"
 218      413E
 219 0120 007F0909 		.ascii	"\000\177\011\011\011\006"
 219      0906
 220 0126 003E4151 		.ascii	"\000>AQ!^"
 220      215E
 221 012c 007F0919 		.ascii	"\000\177\011\031)F"
 221      2946
 222 0132 00464949 		.ascii	"\000FIII1"
 222      4931
 223 0138 0001017F 		.ascii	"\000\001\001\177\001\001"
 223      0101
 224 013e 003F4040 		.ascii	"\000?@@@?"
 224      403F
 225 0144 001F2040 		.ascii	"\000\037 @ \037"
 225      201F
 226 014a 003F4038 		.ascii	"\000?@8@?"
 226      403F
 227 0150 00631408 		.ascii	"\000c\024\010\024c"
 227      1463
 228 0156 00070870 		.ascii	"\000\007\010p\010\007"
 228      0807
 229 015c 00615149 		.ascii	"\000aQIEC"
 229      4543
 230 0162 00007F41 		.ascii	"\000\000\177AA\000"
ARM GAS  C:\Users\86134\AppData\Local\Temp\ccDt5udV.s 			page 11


 230      4100
 231 0168 00020408 		.ascii	"\000\002\004\010\020 "
 231      1020
 232 016e 00004141 		.ascii	"\000\000AA\177\000"
 232      7F00
 233 0174 00040201 		.ascii	"\000\004\002\001\002\004"
 233      0204
 234 017a 00404040 		.ascii	"\000@@@@@"
 234      4040
 235 0180 00000102 		.ascii	"\000\000\001\002\004\000"
 235      0400
 236 0186 00205454 		.ascii	"\000 TTTx"
 236      5478
 237 018c 007F4844 		.ascii	"\000\177HDD8"
 237      4438
 238 0192 00384444 		.ascii	"\0008DDD "
 238      4420
 239 0198 00384444 		.ascii	"\0008DDH\177"
 239      487F
 240 019e 00385454 		.ascii	"\0008TTT\030"
 240      5418
 241 01a4 00087E09 		.ascii	"\000\010~\011\001\002"
 241      0102
 242 01aa 0018A4A4 		.ascii	"\000\030\244\244\244|"
 242      A47C
 243 01b0 007F0804 		.ascii	"\000\177\010\004\004x"
 243      0478
 244 01b6 0000447D 		.ascii	"\000\000D}@\000"
 244      4000
 245 01bc 00408084 		.ascii	"\000@\200\204}\000"
 245      7D00
 246 01c2 007F1028 		.ascii	"\000\177\020(D\000"
 246      4400
 247 01c8 0000417F 		.ascii	"\000\000A\177@\000"
 247      4000
 248 01ce 007C0418 		.ascii	"\000|\004\030\004x"
 248      0478
 249 01d4 007C0804 		.ascii	"\000|\010\004\004x"
 249      0478
 250 01da 00384444 		.ascii	"\0008DDD8"
 250      4438
 251 01e0 00FC2424 		.ascii	"\000\374$$$\030"
 251      2418
 252 01e6 00182424 		.ascii	"\000\030$$\030\374"
 252      18FC
 253 01ec 007C0804 		.ascii	"\000|\010\004\004\010"
 253      0408
 254 01f2 00485454 		.ascii	"\000HTTT "
 254      5420
 255 01f8 00043F44 		.ascii	"\000\004?D@ "
 255      4020
 256 01fe 003C4040 		.ascii	"\000<@@ |"
 256      207C
 257 0204 001C2040 		.ascii	"\000\034 @ \034"
 257      201C
 258 020a 003C4030 		.ascii	"\000<@0@<"
 258      403C
ARM GAS  C:\Users\86134\AppData\Local\Temp\ccDt5udV.s 			page 12


 259 0210 00442810 		.ascii	"\000D(\020(D"
 259      2844
 260 0216 001CA0A0 		.ascii	"\000\034\240\240\240|"
 260      A07C
 261 021c 00446454 		.ascii	"\000DdTLD"
 261      4C44
 262 0222 0000087F 		.ascii	"\000\000\010\177A\000"
 262      4100
 263 0228 0000007F 		.ascii	"\000\000\000\177\000\000"
 263      0000
 264 022e 0000417F 		.ascii	"\000\000A\177\010\000"
 264      0800
 265 0234 00080408 		.ascii	"\000\010\004\010\020\010"
 265      1008
 266              		.text
 267              	.Letext0:
 268              		.file 1 "c:\\stm32soft\\gcc\\gcc-arm-none-eabi-10-2020-q4-major-win32\\gcc-arm-none-eabi-10-2020-q
 269              		.file 2 "c:\\stm32soft\\gcc\\gcc-arm-none-eabi-10-2020-q4-major-win32\\gcc-arm-none-eabi-10-2020-q
 270              		.file 3 "./Hardware/hardware/OLED_Data.h"
 271              		.file 4 "./Hardware/hardware/OLED_Data.c"
ARM GAS  C:\Users\86134\AppData\Local\Temp\ccDt5udV.s 			page 13


DEFINED SYMBOLS
                            *ABS*:00000000 OLED_Data.c
C:\Users\86134\AppData\Local\Temp\ccDt5udV.s:20     .rodata.OLED_F8x16:00000000 OLED_F8x16
C:\Users\86134\AppData\Local\Temp\ccDt5udV.s:17     .rodata.OLED_F8x16:00000000 $d
C:\Users\86134\AppData\Local\Temp\ccDt5udV.s:170    .rodata.OLED_F6x8:00000000 OLED_F6x8
C:\Users\86134\AppData\Local\Temp\ccDt5udV.s:167    .rodata.OLED_F6x8:00000000 $d

NO UNDEFINED SYMBOLS
