ARM GAS  C:\Users\86134\AppData\Local\Temp\ccHSP8IH.s 			page 1


   1              		.cpu cortex-m3
   2              		.eabi_attribute 20, 1
   3              		.eabi_attribute 21, 1
   4              		.eabi_attribute 23, 3
   5              		.eabi_attribute 24, 1
   6              		.eabi_attribute 25, 1
   7              		.eabi_attribute 26, 1
   8              		.eabi_attribute 30, 6
   9              		.eabi_attribute 34, 1
  10              		.eabi_attribute 18, 4
  11              		.file	"tool.c"
  12              		.text
  13              	.Ltext0:
  14              		.cfi_sections	.debug_frame
  15              		.section	.text.Data_DecodeBCD,"ax",%progbits
  16              		.align	1
  17              		.global	Data_DecodeBCD
  18              		.arch armv7-m
  19              		.syntax unified
  20              		.thumb
  21              		.thumb_func
  22              		.fpu softvfp
  24              	Data_DecodeBCD:
  25              	.LFB29:
  26              		.file 1 "./Hardware/device/tool.c"
   1:./Hardware/device/tool.c **** #include "tool.h"
   2:./Hardware/device/tool.c **** 
   3:./Hardware/device/tool.c **** void Data_DecodeBCD(uint8_t *p_dat)
   4:./Hardware/device/tool.c **** {
  27              		.loc 1 4 1
  28              		.cfi_startproc
  29              		@ args = 0, pretend = 0, frame = 16
  30              		@ frame_needed = 1, uses_anonymous_args = 0
  31              		@ link register save eliminated.
  32 0000 80B4     		push	{r7}
  33              	.LCFI0:
  34              		.cfi_def_cfa_offset 4
  35              		.cfi_offset 7, -4
  36 0002 85B0     		sub	sp, sp, #20
  37              	.LCFI1:
  38              		.cfi_def_cfa_offset 24
  39 0004 00AF     		add	r7, sp, #0
  40              	.LCFI2:
  41              		.cfi_def_cfa_register 7
  42 0006 7860     		str	r0, [r7, #4]
   5:./Hardware/device/tool.c **** 	uint8_t i;
   6:./Hardware/device/tool.c **** 	for (i = 0; i < 7; i ++)
  43              		.loc 1 6 9
  44 0008 0023     		movs	r3, #0
  45 000a FB73     		strb	r3, [r7, #15]
  46              		.loc 1 6 2
  47 000c 1AE0     		b	.L2
  48              	.L3:
   7:./Hardware/device/tool.c **** 		p_dat[i] = p_dat[i]/16*10 + p_dat[i]%16;
  49              		.loc 1 7 19 discriminator 3
  50 000e FB7B     		ldrb	r3, [r7, #15]	@ zero_extendqisi2
  51 0010 7A68     		ldr	r2, [r7, #4]
ARM GAS  C:\Users\86134\AppData\Local\Temp\ccHSP8IH.s 			page 2


  52 0012 1344     		add	r3, r3, r2
  53 0014 1B78     		ldrb	r3, [r3]	@ zero_extendqisi2
  54              		.loc 1 7 29 discriminator 3
  55 0016 1B09     		lsrs	r3, r3, #4
  56 0018 DBB2     		uxtb	r3, r3
  57 001a 1A46     		mov	r2, r3
  58 001c 9200     		lsls	r2, r2, #2
  59 001e 1344     		add	r3, r3, r2
  60 0020 5B00     		lsls	r3, r3, #1
  61 0022 D9B2     		uxtb	r1, r3
  62              		.loc 1 7 36 discriminator 3
  63 0024 FB7B     		ldrb	r3, [r7, #15]	@ zero_extendqisi2
  64 0026 7A68     		ldr	r2, [r7, #4]
  65 0028 1344     		add	r3, r3, r2
  66 002a 1B78     		ldrb	r3, [r3]	@ zero_extendqisi2
  67              		.loc 1 7 39 discriminator 3
  68 002c 03F00F03 		and	r3, r3, #15
  69 0030 DAB2     		uxtb	r2, r3
  70              		.loc 1 7 8 discriminator 3
  71 0032 FB7B     		ldrb	r3, [r7, #15]	@ zero_extendqisi2
  72 0034 7868     		ldr	r0, [r7, #4]
  73 0036 0344     		add	r3, r3, r0
  74              		.loc 1 7 29 discriminator 3
  75 0038 0A44     		add	r2, r2, r1
  76 003a D2B2     		uxtb	r2, r2
  77              		.loc 1 7 12 discriminator 3
  78 003c 1A70     		strb	r2, [r3]
   6:./Hardware/device/tool.c **** 		p_dat[i] = p_dat[i]/16*10 + p_dat[i]%16;
  79              		.loc 1 6 23 discriminator 3
  80 003e FB7B     		ldrb	r3, [r7, #15]	@ zero_extendqisi2
  81 0040 0133     		adds	r3, r3, #1
  82 0042 FB73     		strb	r3, [r7, #15]
  83              	.L2:
   6:./Hardware/device/tool.c **** 		p_dat[i] = p_dat[i]/16*10 + p_dat[i]%16;
  84              		.loc 1 6 2 discriminator 1
  85 0044 FB7B     		ldrb	r3, [r7, #15]	@ zero_extendqisi2
  86 0046 062B     		cmp	r3, #6
  87 0048 E1D9     		bls	.L3
   8:./Hardware/device/tool.c **** }
  88              		.loc 1 8 1
  89 004a 00BF     		nop
  90 004c 00BF     		nop
  91 004e 1437     		adds	r7, r7, #20
  92              	.LCFI3:
  93              		.cfi_def_cfa_offset 4
  94 0050 BD46     		mov	sp, r7
  95              	.LCFI4:
  96              		.cfi_def_cfa_register 13
  97              		@ sp needed
  98 0052 80BC     		pop	{r7}
  99              	.LCFI5:
 100              		.cfi_restore 7
 101              		.cfi_def_cfa_offset 0
 102 0054 7047     		bx	lr
 103              		.cfi_endproc
 104              	.LFE29:
 106              		.section	.text.CheckSum_uint,"ax",%progbits
ARM GAS  C:\Users\86134\AppData\Local\Temp\ccHSP8IH.s 			page 3


 107              		.align	1
 108              		.global	CheckSum_uint
 109              		.syntax unified
 110              		.thumb
 111              		.thumb_func
 112              		.fpu softvfp
 114              	CheckSum_uint:
 115              	.LFB30:
   9:./Hardware/device/tool.c **** 
  10:./Hardware/device/tool.c **** uint16_t CheckSum_uint(uint8_t *p_dat,uint8_t leng)
  11:./Hardware/device/tool.c **** {
 116              		.loc 1 11 1
 117              		.cfi_startproc
 118              		@ args = 0, pretend = 0, frame = 16
 119              		@ frame_needed = 1, uses_anonymous_args = 0
 120              		@ link register save eliminated.
 121 0000 80B4     		push	{r7}
 122              	.LCFI6:
 123              		.cfi_def_cfa_offset 4
 124              		.cfi_offset 7, -4
 125 0002 85B0     		sub	sp, sp, #20
 126              	.LCFI7:
 127              		.cfi_def_cfa_offset 24
 128 0004 00AF     		add	r7, sp, #0
 129              	.LCFI8:
 130              		.cfi_def_cfa_register 7
 131 0006 7860     		str	r0, [r7, #4]
 132 0008 0B46     		mov	r3, r1
 133 000a FB70     		strb	r3, [r7, #3]
  12:./Hardware/device/tool.c **** 	uint16_t  sum = 0;
 134              		.loc 1 12 12
 135 000c 0023     		movs	r3, #0
 136 000e FB81     		strh	r3, [r7, #14]	@ movhi
 137              	.L5:
  13:./Hardware/device/tool.c **** 	do
  14:./Hardware/device/tool.c **** 	{
  15:./Hardware/device/tool.c **** 		leng --;
 138              		.loc 1 15 8 discriminator 1
 139 0010 FB78     		ldrb	r3, [r7, #3]	@ zero_extendqisi2
 140 0012 013B     		subs	r3, r3, #1
 141 0014 FB70     		strb	r3, [r7, #3]
  16:./Hardware/device/tool.c **** 		sum += p_dat[leng];
 142              		.loc 1 16 15 discriminator 1
 143 0016 FB78     		ldrb	r3, [r7, #3]	@ zero_extendqisi2
 144 0018 7A68     		ldr	r2, [r7, #4]
 145 001a 1344     		add	r3, r3, r2
 146 001c 1B78     		ldrb	r3, [r3]	@ zero_extendqisi2
 147 001e 9AB2     		uxth	r2, r3
 148              		.loc 1 16 7 discriminator 1
 149 0020 FB89     		ldrh	r3, [r7, #14]	@ movhi
 150 0022 1344     		add	r3, r3, r2
 151 0024 FB81     		strh	r3, [r7, #14]	@ movhi
  17:./Hardware/device/tool.c **** 	}while(leng);
 152              		.loc 1 17 2 discriminator 1
 153 0026 FB78     		ldrb	r3, [r7, #3]	@ zero_extendqisi2
 154 0028 002B     		cmp	r3, #0
 155 002a F1D1     		bne	.L5
ARM GAS  C:\Users\86134\AppData\Local\Temp\ccHSP8IH.s 			page 4


  18:./Hardware/device/tool.c **** 	return sum;
 156              		.loc 1 18 9
 157 002c FB89     		ldrh	r3, [r7, #14]
  19:./Hardware/device/tool.c **** }
 158              		.loc 1 19 1
 159 002e 1846     		mov	r0, r3
 160 0030 1437     		adds	r7, r7, #20
 161              	.LCFI9:
 162              		.cfi_def_cfa_offset 4
 163 0032 BD46     		mov	sp, r7
 164              	.LCFI10:
 165              		.cfi_def_cfa_register 13
 166              		@ sp needed
 167 0034 80BC     		pop	{r7}
 168              	.LCFI11:
 169              		.cfi_restore 7
 170              		.cfi_def_cfa_offset 0
 171 0036 7047     		bx	lr
 172              		.cfi_endproc
 173              	.LFE30:
 175              		.text
 176              	.Letext0:
 177              		.file 2 "c:\\stm32soft\\gcc\\gcc-arm-none-eabi-10-2020-q4-major-win32\\gcc-arm-none-eabi-10-2020-q
 178              		.file 3 "c:\\stm32soft\\gcc\\gcc-arm-none-eabi-10-2020-q4-major-win32\\gcc-arm-none-eabi-10-2020-q
ARM GAS  C:\Users\86134\AppData\Local\Temp\ccHSP8IH.s 			page 5


DEFINED SYMBOLS
                            *ABS*:00000000 tool.c
C:\Users\86134\AppData\Local\Temp\ccHSP8IH.s:16     .text.Data_DecodeBCD:00000000 $t
C:\Users\86134\AppData\Local\Temp\ccHSP8IH.s:24     .text.Data_DecodeBCD:00000000 Data_DecodeBCD
C:\Users\86134\AppData\Local\Temp\ccHSP8IH.s:107    .text.CheckSum_uint:00000000 $t
C:\Users\86134\AppData\Local\Temp\ccHSP8IH.s:114    .text.CheckSum_uint:00000000 CheckSum_uint

NO UNDEFINED SYMBOLS
